[2026-04-01 16:18:34] [INFO] Experiment folder: /finance_ML/zhanghaohan/stock_language_model/saved_LOB_stream/fixed_start_617_blank_generate_lobster_20260401_161834
[2026-04-01 16:18:34] [INFO] Loading LOB snapshot file...
[2026-04-01 16:24:20] [INFO] LOB_info rows after cleaning: 14371387
[2026-04-01 16:24:20] [INFO] Loading processed LOB data...
[2026-04-01 16:25:22] [INFO] processed_LOB_data filtered rows: 669394
[2026-04-01 16:25:23] [INFO] Loading bin record...
[2026-04-01 16:25:23] [INFO] Building model...
[2026-04-01 16:25:27] [INFO] Starting fixed-start generation...
[2026-04-01 16:25:27] [INFO] stock=000617_XSHE start_time=10:00:00 lookahead_min=10
[2026-04-01 16:25:29] [PROGRESS] step=200 sim_t_ms=3850/600000 progress=0.64% messages=263
[2026-04-01 16:25:30] [PROGRESS] step=400 sim_t_ms=7230/600000 progress=1.21% messages=520
[2026-04-01 16:25:32] [PROGRESS] step=600 sim_t_ms=11050/600000 progress=1.84% messages=772
[2026-04-01 16:25:33] [PROGRESS] step=800 sim_t_ms=19340/600000 progress=3.22% messages=1016
[2026-04-01 16:25:35] [PROGRESS] step=1000 sim_t_ms=24380/600000 progress=4.06% messages=1257
[2026-04-01 16:25:36] [PROGRESS] step=1200 sim_t_ms=27110/600000 progress=4.52% messages=1500
[2026-04-01 16:25:38] [PROGRESS] step=1400 sim_t_ms=33070/600000 progress=5.51% messages=1740
[2026-04-01 16:25:39] [PROGRESS] step=1600 sim_t_ms=42080/600000 progress=7.01% messages=1998
[2026-04-01 16:25:40] [PROGRESS] step=1800 sim_t_ms=47930/600000 progress=7.99% messages=2265
[2026-04-01 16:25:42] [PROGRESS] step=2000 sim_t_ms=57700/600000 progress=9.62% messages=2517
[2026-04-01 16:25:43] [PROGRESS] step=2200 sim_t_ms=67810/600000 progress=11.30% messages=2755
[2026-04-01 16:25:45] [PROGRESS] step=2400 sim_t_ms=72320/600000 progress=12.05% messages=3017
[2026-04-01 16:25:46] [PROGRESS] step=2600 sim_t_ms=76940/600000 progress=12.82% messages=3279
[2026-04-01 16:25:47] [PROGRESS] step=2800 sim_t_ms=82450/600000 progress=13.74% messages=3533
[2026-04-01 16:25:49] [PROGRESS] step=3000 sim_t_ms=94780/600000 progress=15.80% messages=3791
[2026-04-01 16:25:51] [PROGRESS] step=3200 sim_t_ms=105450/600000 progress=17.57% messages=4031
[2026-04-01 16:25:52] [PROGRESS] step=3400 sim_t_ms=116190/600000 progress=19.36% messages=4275
[2026-04-01 16:25:54] [PROGRESS] step=3600 sim_t_ms=131840/600000 progress=21.97% messages=4530
[2026-04-01 16:25:55] [PROGRESS] step=3800 sim_t_ms=145220/600000 progress=24.20% messages=4782
[2026-04-01 16:25:57] [PROGRESS] step=4000 sim_t_ms=154610/600000 progress=25.77% messages=5061
[2026-04-01 16:25:58] [PROGRESS] step=4200 sim_t_ms=163600/600000 progress=27.27% messages=5291
[2026-04-01 16:26:00] [PROGRESS] step=4400 sim_t_ms=176970/600000 progress=29.50% messages=5549
[2026-04-01 16:26:01] [PROGRESS] step=4600 sim_t_ms=187200/600000 progress=31.20% messages=5811
[2026-04-01 16:26:03] [PROGRESS] step=4800 sim_t_ms=199260/600000 progress=33.21% messages=6044
[2026-04-01 16:26:04] [PROGRESS] step=5000 sim_t_ms=219990/600000 progress=36.66% messages=6296
[2026-04-01 16:26:05] [PROGRESS] step=5200 sim_t_ms=233110/600000 progress=38.85% messages=6557
[2026-04-01 16:26:07] [PROGRESS] step=5400 sim_t_ms=238040/600000 progress=39.67% messages=6821
[2026-04-01 16:26:09] [PROGRESS] step=5600 sim_t_ms=245220/600000 progress=40.87% messages=7071
[2026-04-01 16:26:10] [PROGRESS] step=5800 sim_t_ms=257110/600000 progress=42.85% messages=7322
[2026-04-01 16:26:12] [PROGRESS] step=6000 sim_t_ms=260680/600000 progress=43.45% messages=7596
[2026-04-01 16:26:13] [PROGRESS] step=6200 sim_t_ms=271520/600000 progress=45.25% messages=7838
[2026-04-01 16:26:14] [PROGRESS] step=6400 sim_t_ms=279200/600000 progress=46.53% messages=8105
[2026-04-01 16:26:16] [PROGRESS] step=6600 sim_t_ms=284220/600000 progress=47.37% messages=8364
[2026-04-01 16:26:18] [PROGRESS] step=6800 sim_t_ms=290350/600000 progress=48.39% messages=8626
[2026-04-01 16:26:20] [PROGRESS] step=7000 sim_t_ms=293800/600000 progress=48.97% messages=8886
[2026-04-01 16:26:21] [PROGRESS] step=7200 sim_t_ms=297470/600000 progress=49.58% messages=9147
[2026-04-01 16:26:23] [PROGRESS] step=7400 sim_t_ms=302050/600000 progress=50.34% messages=9394
[2026-04-01 16:26:24] [PROGRESS] step=7600 sim_t_ms=309130/600000 progress=51.52% messages=9657
[2026-04-01 16:26:26] [PROGRESS] step=7800 sim_t_ms=321990/600000 progress=53.66% messages=9900
[2026-04-01 16:26:27] [PROGRESS] step=8000 sim_t_ms=334610/600000 progress=55.77% messages=10148
[2026-04-01 16:26:29] [PROGRESS] step=8200 sim_t_ms=346720/600000 progress=57.79% messages=10398
[2026-04-01 16:26:30] [PROGRESS] step=8400 sim_t_ms=359280/600000 progress=59.88% messages=10644
[2026-04-01 16:26:32] [PROGRESS] step=8600 sim_t_ms=366810/600000 progress=61.13% messages=10903
[2026-04-01 16:26:34] [PROGRESS] step=8800 sim_t_ms=371360/600000 progress=61.89% messages=11166
[2026-04-01 16:26:36] [PROGRESS] step=9000 sim_t_ms=378040/600000 progress=63.01% messages=11426
[2026-04-01 16:26:38] [PROGRESS] step=9200 sim_t_ms=383450/600000 progress=63.91% messages=11680
[2026-04-01 16:26:39] [PROGRESS] step=9400 sim_t_ms=389120/600000 progress=64.85% messages=11935
[2026-04-01 16:26:41] [PROGRESS] step=9600 sim_t_ms=393570/600000 progress=65.59% messages=12200
[2026-04-01 16:26:42] [PROGRESS] step=9800 sim_t_ms=400910/600000 progress=66.82% messages=12453
[2026-04-01 16:26:44] [PROGRESS] step=10000 sim_t_ms=410550/600000 progress=68.42% messages=12691
[2026-04-01 16:26:45] [PROGRESS] step=10200 sim_t_ms=424950/600000 progress=70.83% messages=12931
[2026-04-01 16:26:47] [PROGRESS] step=10400 sim_t_ms=431480/600000 progress=71.91% messages=13177
[2026-04-01 16:26:48] [PROGRESS] step=10600 sim_t_ms=444770/600000 progress=74.13% messages=13420
[2026-04-01 16:26:50] [PROGRESS] step=10800 sim_t_ms=461140/600000 progress=76.86% messages=13659
[2026-04-01 16:26:51] [PROGRESS] step=11000 sim_t_ms=474260/600000 progress=79.04% messages=13901
[2026-04-01 16:26:53] [PROGRESS] step=11200 sim_t_ms=489660/600000 progress=81.61% messages=14151
[2026-04-01 16:26:54] [PROGRESS] step=11400 sim_t_ms=497970/600000 progress=83.00% messages=14421
[2026-04-01 16:26:56] [PROGRESS] step=11600 sim_t_ms=504540/600000 progress=84.09% messages=14695
[2026-04-01 16:26:57] [PROGRESS] step=11800 sim_t_ms=511480/600000 progress=85.25% messages=14930
[2026-04-01 16:26:59] [PROGRESS] step=12000 sim_t_ms=521720/600000 progress=86.95% messages=15181
[2026-04-01 16:27:01] [PROGRESS] step=12200 sim_t_ms=539160/600000 progress=89.86% messages=15427
[2026-04-01 16:27:03] [PROGRESS] step=12400 sim_t_ms=555950/600000 progress=92.66% messages=15671
[2026-04-01 16:27:04] [PROGRESS] step=12600 sim_t_ms=568400/600000 progress=94.73% messages=15917
[2026-04-01 16:27:06] [PROGRESS] step=12800 sim_t_ms=577360/600000 progress=96.23% messages=16166
[2026-04-01 16:27:07] [PROGRESS] step=13000 sim_t_ms=590660/600000 progress=98.44% messages=16423
[2026-04-01 16:27:09] [PROGRESS] step=13200 sim_t_ms=598940/600000 progress=99.82% messages=16674
[2026-04-01 16:27:09] [INFO] Saving outputs...
[2026-04-01 16:27:10] [DONE] Fixed-start generation complete.
[2026-04-01 16:27:10] [DONE] Raw generation log: /finance_ML/zhanghaohan/stock_language_model/saved_LOB_stream/fixed_start_617_blank_generate_lobster_20260401_161834/raw_generation_log.csv
[2026-04-01 16:27:10] [DONE] LOBSTER message CSV: /finance_ML/zhanghaohan/stock_language_model/saved_LOB_stream/fixed_start_617_blank_generate_lobster_20260401_161834/000617XSHE_2025-07-10_36000000_36600000_message_10.csv
[2026-04-01 16:27:10] [DONE] LOBSTER orderbook CSV: /finance_ML/zhanghaohan/stock_language_model/saved_LOB_stream/fixed_start_617_blank_generate_lobster_20260401_161834/000617XSHE_2025-07-10_36000000_36600000_orderbook_10.csv
[2026-04-01 16:27:10] [DONE] Notes JSON: /finance_ML/zhanghaohan/stock_language_model/saved_LOB_stream/fixed_start_617_blank_generate_lobster_20260401_161834/generation_notes.json
