
================ merge-only | 20250709 | 000617_XSHE | openbidanchor_txncomplete ================
Reading Order Post data...
/finance_ML/zhanghaohan/stock_language_model/utility/sim_helper_unified.py:1042: DtypeWarning: Columns (0,1,2,3,4,5,6,7,9,11) have mixed types. Specify dtype option on import or set low_memory=False.
  order_post = pd.read_csv(order_post_dir, header=None, names=col_names)
Cleaning Order Post data...
Reading Liquidity Mask data...
Unpivoting Liquidity Mask data...
Merging DataFrames...
Merge complete!
Filtering merged data for high liquidity...
Filtering out pre-market data (before 09:30:00)...
Filtering for specific OrdType...
Looking up fixed L1 bid anchors at 09:31:00...
/finance_ML/zhanghaohan/stock_language_model/utility/sim_helper_unified.py:60: DtypeWarning: Columns (2,27,47) have mixed types. Specify dtype option on import or set low_memory=False.
  lob_info = pd.read_csv(
Reading Order Transaction data...
/finance_ML/zhanghaohan/stock_language_model/utility/sim_helper_unified.py:1122: DtypeWarning: Columns (0,1,2,3,4,5,6,7,8,9,12) have mixed types. Specify dtype option on import or set low_memory=False.
  order_transac = pd.read_csv(order_transac_dir, header=None, names=order_transac_col_names)
Expanding transaction rows for bid/offer order matches...
Matching transaction rows back to posted orders...
Real-flow open-anchor txn-complete processing complete!

================ merge-only | 20250710 | 000617_XSHE | openbidanchor_txncomplete ================
Reading Order Post data...
/finance_ML/zhanghaohan/stock_language_model/utility/sim_helper_unified.py:1042: DtypeWarning: Columns (0,1,2,3,4,5,6,7,9,11) have mixed types. Specify dtype option on import or set low_memory=False.
  order_post = pd.read_csv(order_post_dir, header=None, names=col_names)
Cleaning Order Post data...
Reading Liquidity Mask data...
Unpivoting Liquidity Mask data...
Merging DataFrames...
Merge complete!
Filtering merged data for high liquidity...
Filtering out pre-market data (before 09:30:00)...
Filtering for specific OrdType...
Looking up fixed L1 bid anchors at 09:31:00...
/finance_ML/zhanghaohan/stock_language_model/utility/sim_helper_unified.py:60: DtypeWarning: Columns (2,27,47) have mixed types. Specify dtype option on import or set low_memory=False.
  lob_info = pd.read_csv(
Reading Order Transaction data...
/finance_ML/zhanghaohan/stock_language_model/utility/sim_helper_unified.py:1122: DtypeWarning: Columns (0,1,2,3,4,5,6,7,8,9,12) have mixed types. Specify dtype option on import or set low_memory=False.
  order_transac = pd.read_csv(order_transac_dir, header=None, names=order_transac_col_names)
Expanding transaction rows for bid/offer order matches...
Matching transaction rows back to posted orders...
Real-flow open-anchor txn-complete processing complete!

[Pooled fit] rows day_a=1178715 day_b=1402133 fit_pool_rows=2580848 (sides [49, 50, 99, 129, 130])

================ binned | 20250709 | 000617_XSHE | openbidanchor_txncomplete ================
Reading Order Post data...
/finance_ML/zhanghaohan/stock_language_model/utility/sim_helper_unified.py:1042: DtypeWarning: Columns (0,1,2,3,4,5,6,7,9,11) have mixed types. Specify dtype option on import or set low_memory=False.
  order_post = pd.read_csv(order_post_dir, header=None, names=col_names)
Cleaning Order Post data...
Reading Liquidity Mask data...
Unpivoting Liquidity Mask data...
Merging DataFrames...
Merge complete!
Filtering merged data for high liquidity...
Filtering out pre-market data (before 09:30:00)...
Filtering for specific OrdType...
Looking up fixed L1 bid anchors at 09:31:00...
/finance_ML/zhanghaohan/stock_language_model/utility/sim_helper_unified.py:60: DtypeWarning: Columns (2,27,47) have mixed types. Specify dtype option on import or set low_memory=False.
  lob_info = pd.read_csv(
Reading Order Transaction data...
/finance_ML/zhanghaohan/stock_language_model/utility/sim_helper_unified.py:1122: DtypeWarning: Columns (0,1,2,3,4,5,6,7,8,9,12) have mixed types. Specify dtype option on import or set low_memory=False.
  order_transac = pd.read_csv(order_transac_dir, header=None, names=order_transac_col_names)
Expanding transaction rows for bid/offer order matches...
Matching transaction rows back to posted orders...
Real-flow open-anchor txn-complete processing complete!

================ binned | 20250710 | 000617_XSHE | openbidanchor_txncomplete ================
Reading Order Post data...
/finance_ML/zhanghaohan/stock_language_model/utility/sim_helper_unified.py:1042: DtypeWarning: Columns (0,1,2,3,4,5,6,7,9,11) have mixed types. Specify dtype option on import or set low_memory=False.
  order_post = pd.read_csv(order_post_dir, header=None, names=col_names)
Cleaning Order Post data...
Reading Liquidity Mask data...
Unpivoting Liquidity Mask data...
Merging DataFrames...
Merge complete!
Filtering merged data for high liquidity...
Filtering out pre-market data (before 09:30:00)...
Filtering for specific OrdType...
Looking up fixed L1 bid anchors at 09:31:00...
/finance_ML/zhanghaohan/stock_language_model/utility/sim_helper_unified.py:60: DtypeWarning: Columns (2,27,47) have mixed types. Specify dtype option on import or set low_memory=False.
  lob_info = pd.read_csv(
Reading Order Transaction data...
/finance_ML/zhanghaohan/stock_language_model/utility/sim_helper_unified.py:1122: DtypeWarning: Columns (0,1,2,3,4,5,6,7,8,9,12) have mixed types. Specify dtype option on import or set low_memory=False.
  order_transac = pd.read_csv(order_transac_dir, header=None, names=order_transac_col_names)
Expanding transaction rows for bid/offer order matches...
Matching transaction rows back to posted orders...
Real-flow open-anchor txn-complete processing complete!
[20250709] rows=1178715 joblib=/finance_ML/zhanghaohan/stock_language_model/saved_LOB_stream/processed_real_flow/pool_0709_0710_openbidanchor_txncomplete/final_result_for_merge_realflow_openbidanchor_txncomplete_20250709_000617XSHE_20260406_1233.joblib
[20250709] bin_record=/finance_ML/zhanghaohan/stock_language_model/saved_LOB_stream/processed_real_flow/pool_0709_0710_openbidanchor_txncomplete/bin_record_realflow_openbidanchor_txncomplete_20250709_000617XSHE_20260406_1233.json
[20250710] rows=1402133 joblib=/finance_ML/zhanghaohan/stock_language_model/saved_LOB_stream/processed_real_flow/pool_0709_0710_openbidanchor_txncomplete/final_result_for_merge_realflow_openbidanchor_txncomplete_20250710_000617XSHE_20260406_1233.joblib
[20250710] bin_record=/finance_ML/zhanghaohan/stock_language_model/saved_LOB_stream/processed_real_flow/pool_0709_0710_openbidanchor_txncomplete/bin_record_realflow_openbidanchor_txncomplete_20250710_000617XSHE_20260406_1233.json

Done two-day pooled preprocess.
