[2026-04-11 14:02:21] [INFO] Experiment folder: /finance_ML/zhanghaohan/stock_language_model/saved_LOB_stream/pool_0709_0710_eval_0710_model_variants/sentence_preset_s2ip_k3_lowalign1e2/sentence_s2ip_k3_lowalign1e2_T10_k0_win50/fixed_start_model_blankgpt2_tokens_dynamic_anchor_txncomplete_002263XSHE_20260411_140221
[2026-04-11 14:02:21] [INFO] checkpoint: /finance_ML/zhanghaohan/stock_language_model/training_runs/pool_0709_0710_train0709_sentence_preset_s2ip_win50_k3_lowalign_1e-2_diag/002263XSHE/model_cache/preGPT2sentS2IP_20250709_txncomplete_002263XSHE_win50_k3_20260411_012700_best.pt
[2026-04-11 14:02:21] [INFO] device: cuda greedy=False
/finance_ML/zhanghaohan/stock_language_model/scripts/hist_script/replay_decoded_real_tokens_openbidanchor_txncomplete_fixed_start.py:117: DtypeWarning: Columns (1,2,3,5,6,7,8,9,10,11,12,13,14,15,16,17,18,19,20,21,22,23,24,25,26,27,28,29,30,31,32,33,34,35,36,37,38,39,40,41,42,43,44,45,46,47,48,49,50,51,52,53,54,55,56,57,58,59,60,61,62,63,64,65,66,67,68,69,70,71,72,73,74,75,76,77,78,79,80,81,82,83,84,85,86,88) have mixed types. Specify dtype option on import or set low_memory=False.
  lob_info = pd.read_csv(lob_snap_path, header=None, names=columns)
[2026-04-11 14:13:00] [INFO] tokenizable_rows=36305 token_exact_match_rate_all=0.001405 tail_after_seed=0.000028
[2026-04-11 14:13:07] [INFO] Running eval vs clean reference...
2026-04-11 14:13:07 [INFO] ======================================================================
2026-04-11 14:13:07 [INFO] decoded real-token open-anchor txn-complete evaluation
2026-04-11 14:13:07 [INFO] ======================================================================
2026-04-11 14:13:07 [INFO] Evaluating: /finance_ML/zhanghaohan/stock_language_model/saved_LOB_stream/pool_0709_0710_eval_0710_model_variants/sentence_preset_s2ip_k3_lowalign1e2/sentence_s2ip_k3_lowalign1e2_T10_k0_win50/fixed_start_model_blankgpt2_tokens_dynamic_anchor_txncomplete_002263XSHE_20260411_140221
2026-04-11 14:13:07 [INFO] 
── loading data ───────────────────────────────────────
2026-04-11 14:13:07 [INFO] Loading LOBSTER data from /finance_ML/zhanghaohan/stock_language_model/saved_LOB_stream/pool_0709_0710_eval_0710_model_variants/sentence_preset_s2ip_k3_lowalign1e2/sentence_s2ip_k3_lowalign1e2_T10_k0_win50/fixed_start_model_blankgpt2_tokens_dynamic_anchor_txncomplete_002263XSHE_20260411_140221
2026-04-11 14:13:07 [INFO] Loaded 10,982 rows | 10 book levels | date 2025-07-10
2026-04-11 14:13:07 [INFO] Loading real reference LOBSTER data from /finance_ML/zhanghaohan/stock_language_model/saved_LOB_stream/fixed_start_realflow_generate_lobster_openbidanchor_txncomplete_002263XSHE_20260405_132652
2026-04-11 14:13:07 [INFO] Loading LOBSTER data from /finance_ML/zhanghaohan/stock_language_model/saved_LOB_stream/fixed_start_realflow_generate_lobster_openbidanchor_txncomplete_002263XSHE_20260405_132652
2026-04-11 14:13:08 [INFO] Loaded 16,122 rows | 10 book levels | date 2025-07-10
2026-04-11 14:13:08 [INFO] 
── computing metrics ──────────────────────────────────
/finance_ML/zhanghaohan/mycondaenv/lib/python3.8/site-packages/statsmodels/tsa/stattools.py:693: RuntimeWarning: invalid value encountered in divide
  acf = avf[: nlags + 1] / avf[0]
2026-04-11 14:13:08 [WARNING] Reference metric log_time_to_cancel skipped: <lambda>() got an unexpected keyword argument 'include_groups'
2026-04-11 14:13:09 [WARNING] Reference metric ofi_up skipped: empty real or generated sample after cleaning
2026-04-11 14:13:09 [WARNING] Reference metric ofi_down skipped: empty real or generated sample after cleaning
2026-04-11 14:13:09 [WARNING] Reference conditional metric spread | volatility skipped: Invalid frequency: 0.1s
2026-04-11 14:13:09 [INFO] Computed now (generated-only): 15 metric groups
2026-04-11 14:13:09 [INFO] Computed (with real reference LOB data): 20 benchmark metric configs
2026-04-11 14:13:09 [INFO] Failed (with real reference LOB data): 4 benchmark metric configs
2026-04-11 14:13:09 [INFO] Skipped (needs true order-ID linkage): 2 metrics
2026-04-11 14:13:09 [INFO] 
── LOB-Bench-style overall aggregates (reference_comparison) ──
2026-04-11 14:13:09 [INFO]   Wasserstein aggregate: n=19  mean=0.754677  median=0.468552  iqm=0.522603  (lower is better)
2026-04-11 14:13:09 [INFO]   L1_by_group aggregate: n=18  mean=0.552374  median=0.542952  iqm=0.569131  (lower is better)
2026-04-11 14:13:09 [INFO] 
── generating plots ───────────────────────────────────
2026-04-11 14:13:09 [INFO] saved mid_price.png
2026-04-11 14:13:10 [INFO] saved spread.png
2026-04-11 14:13:11 [INFO] saved returns_dist.png
2026-04-11 14:13:11 [INFO] saved inter_arrival_time.png
2026-04-11 14:13:11 [INFO] saved l1_volume.png
2026-04-11 14:13:12 [INFO] saved volume_per_minute.png
2026-04-11 14:13:13 [INFO] saved orderbook_imbalance.png
2026-04-11 14:13:13 [INFO] saved orderflow_imbalance.png
2026-04-11 14:13:13 [INFO] saved event_type_counts.png
2026-04-11 14:13:13 [INFO] Skipped time-to-fill/time-to-cancel plots: requires true order-ID linkage (not available in synthetic IDs).
2026-04-11 14:13:14 [INFO] saved overview_panel.png
2026-04-11 14:13:14 [INFO] Wrote metrics summary: /finance_ML/zhanghaohan/stock_language_model/saved_LOB_stream/pool_0709_0710_eval_0710_model_variants/sentence_preset_s2ip_k3_lowalign1e2/sentence_s2ip_k3_lowalign1e2_T10_k0_win50/fixed_start_model_blankgpt2_tokens_dynamic_anchor_txncomplete_002263XSHE_20260411_140221/metrics_summary.json
2026-04-11 14:13:14 [INFO] 
── all computed metrics summary ─────────────────────
2026-04-11 14:13:14 [INFO]   acf_returns_1min: [NaN, NaN, NaN]
2026-04-11 14:13:14 [INFO]   direction_counts: {"-1": 5283, "1": 5699}
2026-04-11 14:13:14 [INFO]   direction_fractions: {"-1": 0.4811, "1": 0.5189}
2026-04-11 14:13:14 [INFO]   event_type_counts: {"1": 4116, "2": 162, "3": 1178, "4": 5526}
2026-04-11 14:13:14 [INFO]   event_type_fractions: {"1": 0.3748, "2": 0.0148, "3": 0.1073, "4": 0.5032}
2026-04-11 14:13:14 [INFO]   iat_ms: {"mean": 50.795600366636116, "median": 30.0, "n": 5455, "n_exec_excluded": 5526, "p95": 180.0, "std": 71.17813521956687}
2026-04-11 14:13:14 [INFO]   l1_volume: {"ask_mean": 76200.0, "ask_median": 76200.0, "bid_mean": 42631.24203241668, "bid_median": 40100.0}
2026-04-11 14:13:14 [INFO]   mid_price: {"end_cny": 4.345, "end_price_int": 43450.0, "mean_cny": 4.345, "mean_price_int": 43450.0, "mean_ticks_0p01": 434.5, "start_cny": 4.345, "start_price_int": 43450.0, "std_cny": 0.0, "std_price_int": 0.0, "std_ticks_0p01": 0.0, "total_return_bps": 0.0}
2026-04-11 14:13:14 [INFO]   ob_imbalance: {"mean": -0.2847302273463835, "median": -0.3104041272570937, "std": 0.05338867824993313}
2026-04-11 14:13:14 [INFO]   orderflow_imbalance: {"mean": -0.4216136739569932, "n": 10882, "std": 16.706447249347722}
2026-04-11 14:13:14 [INFO]   returns_1min: {"kurtosis": 0.0, "mean": 0.0, "n": 4, "skew": 0.0, "std": 0.0}
2026-04-11 14:13:14 [INFO]   spread_ticks: {"mean": 1.0, "median": 1.0, "n": 10982, "pct_zero_spread": 0.0, "std": 0.0, "tick_size_cny": 0.01, "tick_size_price_int": 100}
2026-04-11 14:13:14 [INFO]   total_volume_5lvl: {"ask_mean": 780060.9324348934, "bid_mean": 6691621.990529958}
2026-04-11 14:13:14 [INFO]   volatility_1min: 0.0
2026-04-11 14:13:14 [INFO]   volume_per_minute: {"mean": 2109595.0611570245, "n": 275, "total": 580138641.8181818}
2026-04-11 14:13:14 [INFO]   [real-vs-generated comparative metrics]
2026-04-11 14:13:14 [INFO]   ask_cancellation_depth: {"l1_by_group": 0.6199353332995502, "n_generated": 1272, "n_real": 1117, "wasserstein": 0.902507398376173}
2026-04-11 14:13:14 [INFO]   ask_cancellation_levels: {"l1_by_group": 0.33490384615384616, "n_generated": 195, "n_real": 800, "wasserstein": 0.7238533607336936}
2026-04-11 14:13:14 [INFO]   ask_volume: {"l1_by_group": 0.6877519756872965, "n_generated": 10982, "n_real": 16122, "wasserstein": 0.6294237587204503}
2026-04-11 14:13:14 [INFO]   ask_volume | spread: {"n_generated": 10982, "n_real": 16122, "num_condition_groups": 2, "per_group": {"1": {"n": 27091, "wasserstein": 0.03056561643549961}, "2": {"n": 13, "wasserstein": null}}, "weighted_wasserstein": null}
2026-04-11 14:13:14 [INFO]   ask_volume_touch: {"l1_by_group": 0.0005582433941198211, "n_generated": 10982, "n_real": 16122, "wasserstein": 0.03054829453259767}
2026-04-11 14:13:14 [INFO]   bid_cancellation_depth: {"l1_by_group": 0.33916019237883827, "n_generated": 68, "n_real": 1908, "wasserstein": 0.20828208820550936}
2026-04-11 14:13:14 [INFO]   bid_cancellation_levels: {"l1_by_group": 0.3552508751458576, "n_generated": 60, "n_real": 1714, "wasserstein": 0.26029381799423296}
2026-04-11 14:13:14 [INFO]   bid_volume: {"l1_by_group": 0.9488897159161395, "n_generated": 10982, "n_real": 16122, "wasserstein": 0.7296992282605174}
2026-04-11 14:13:14 [INFO]   bid_volume_touch: {"l1_by_group": 0.9814539139064631, "n_generated": 10982, "n_real": 16122, "wasserstein": 1.6359187017762657}
2026-04-11 14:13:14 [INFO]   limit_ask_order_depth: {"l1_by_group": 0.8242392873174736, "n_generated": 3997, "n_real": 4432, "wasserstein": 1.1247485927668819}
2026-04-11 14:13:14 [INFO]   limit_ask_order_levels: {"l1_by_group": 0.8380566801619433, "n_generated": 104, "n_real": 3724, "wasserstein": 3.524017175044021}
2026-04-11 14:13:14 [INFO]   limit_bid_order_depth: {"l1_by_group": 0.4226814013276543, "n_generated": 119, "n_real": 2628, "wasserstein": 0.3772306383374131}
2026-04-11 14:13:14 [INFO]   limit_bid_order_levels: {"l1_by_group": 0.4659696044994914, "n_generated": 108, "n_real": 2476, "wasserstein": 0.6219103277018103}
2026-04-11 14:13:14 [INFO]   log_inter_arrival_time: {"l1_by_group": 0.11372087559690326, "n_generated": 10981, "n_real": 16121, "wasserstein": 0.1807652482196446}
2026-04-11 14:13:14 [INFO]   ofi: {"l1_by_group": 0.859866089750559, "n_generated": 10882, "n_real": 16022, "wasserstein": 0.46855235156127995}
2026-04-11 14:13:14 [INFO]   ofi_stay: {"l1_by_group": 0.8493023942447092, "n_generated": 10881, "n_real": 16013, "wasserstein": 0.46797903173465105}
2026-04-11 14:13:14 [INFO]   orderbook_imbalance: {"l1_by_group": 0.9959062151097879, "n_generated": 10982, "n_real": 16122, "wasserstein": 1.954988842321597}
2026-04-11 14:13:14 [INFO]   spread: {"l1_by_group": 0.0008063515692842109, "n_generated": 10982, "n_real": 16122, "wasserstein": 0.03682693862863262}
2026-04-11 14:13:14 [INFO]   spread | time: {"n_generated": 10982, "n_real": 16122, "num_condition_groups": 1, "per_group": {"10": {"n": 27104, "wasserstein": 0.03682693862863262}}, "weighted_wasserstein": 0.03682693862863262}
2026-04-11 14:13:14 [INFO]   vol_per_min: {"l1_by_group": 0.3042869057547956, "n_generated": 275, "n_real": 545, "wasserstein": 0.4244815666894871}
[2026-04-11 14:13:16] [DONE] metrics_summary: /finance_ML/zhanghaohan/stock_language_model/saved_LOB_stream/pool_0709_0710_eval_0710_model_variants/sentence_preset_s2ip_k3_lowalign1e2/sentence_s2ip_k3_lowalign1e2_T10_k0_win50/fixed_start_model_blankgpt2_tokens_dynamic_anchor_txncomplete_002263XSHE_20260411_140221/metrics_summary.json
