[2026-04-11 14:02:21] [INFO] Experiment folder: /finance_ML/zhanghaohan/stock_language_model/saved_LOB_stream/pool_0709_0710_eval_0710_model_variants/sentence_preset_s2ip_k3_lowalign1e2/sentence_s2ip_k3_lowalign1e2_T10_k0_win50/fixed_start_model_blankgpt2_tokens_dynamic_anchor_txncomplete_002721XSHE_20260411_140221
[2026-04-11 14:02:21] [INFO] checkpoint: /finance_ML/zhanghaohan/stock_language_model/training_runs/pool_0709_0710_train0709_sentence_preset_s2ip_win50_k3_lowalign_1e-2_diag/002721XSHE/model_cache/preGPT2sentS2IP_20250709_txncomplete_002721XSHE_win50_k3_20260411_012700_best.pt
[2026-04-11 14:02:21] [INFO] device: cuda greedy=False
/finance_ML/zhanghaohan/stock_language_model/scripts/hist_script/replay_decoded_real_tokens_openbidanchor_txncomplete_fixed_start.py:117: DtypeWarning: Columns (1,2,3,5,6,7,8,9,10,11,12,13,14,15,16,17,18,19,20,21,22,23,24,25,26,27,28,29,30,31,32,33,34,35,36,37,38,39,40,41,42,43,44,45,46,47,48,49,50,51,52,53,54,55,56,57,58,59,60,61,62,63,64,65,66,67,68,69,70,71,72,73,74,75,76,77,78,79,80,81,82,83,84,85,86,88) have mixed types. Specify dtype option on import or set low_memory=False.
  lob_info = pd.read_csv(lob_snap_path, header=None, names=columns)
[2026-04-11 14:22:06] [INFO] tokenizable_rows=129693 token_exact_match_rate_all=0.001002 tail_after_seed=0.000617
[2026-04-11 14:22:31] [INFO] Running eval vs clean reference...
2026-04-11 14:22:31 [INFO] ======================================================================
2026-04-11 14:22:31 [INFO] decoded real-token open-anchor txn-complete evaluation
2026-04-11 14:22:31 [INFO] ======================================================================
2026-04-11 14:22:31 [INFO] Evaluating: /finance_ML/zhanghaohan/stock_language_model/saved_LOB_stream/pool_0709_0710_eval_0710_model_variants/sentence_preset_s2ip_k3_lowalign1e2/sentence_s2ip_k3_lowalign1e2_T10_k0_win50/fixed_start_model_blankgpt2_tokens_dynamic_anchor_txncomplete_002721XSHE_20260411_140221
2026-04-11 14:22:31 [INFO] 
── loading data ───────────────────────────────────────
2026-04-11 14:22:31 [INFO] Loading LOBSTER data from /finance_ML/zhanghaohan/stock_language_model/saved_LOB_stream/pool_0709_0710_eval_0710_model_variants/sentence_preset_s2ip_k3_lowalign1e2/sentence_s2ip_k3_lowalign1e2_T10_k0_win50/fixed_start_model_blankgpt2_tokens_dynamic_anchor_txncomplete_002721XSHE_20260411_140221
2026-04-11 14:22:32 [INFO] Loaded 43,759 rows | 10 book levels | date 2025-07-10
2026-04-11 14:22:32 [INFO] Loading real reference LOBSTER data from /finance_ML/zhanghaohan/stock_language_model/saved_LOB_stream/fixed_start_realflow_generate_lobster_openbidanchor_txncomplete_002721XSHE_20260410_192312
2026-04-11 14:22:32 [INFO] Loading LOBSTER data from /finance_ML/zhanghaohan/stock_language_model/saved_LOB_stream/fixed_start_realflow_generate_lobster_openbidanchor_txncomplete_002721XSHE_20260410_192312
2026-04-11 14:22:32 [INFO] Loaded 49,846 rows | 10 book levels | date 2025-07-10
2026-04-11 14:22:32 [INFO] 
── computing metrics ──────────────────────────────────
/finance_ML/zhanghaohan/stock_language_model/scripts/hist_script/eval_generated_stream.py:233: RuntimeWarning: invalid value encountered in log
  'gen_fn': lambda m, b: np.log(ev.inter_arrival_time(m).replace({0: 1e-9}).values.astype(float)),
2026-04-11 14:22:34 [WARNING] Reference metric log_time_to_cancel skipped: <lambda>() got an unexpected keyword argument 'include_groups'
2026-04-11 14:22:37 [WARNING] Reference conditional metric spread | volatility skipped: Invalid frequency: 0.1s
2026-04-11 14:22:37 [INFO] Computed now (generated-only): 15 metric groups
2026-04-11 14:22:37 [INFO] Computed (with real reference LOB data): 22 benchmark metric configs
2026-04-11 14:22:37 [INFO] Failed (with real reference LOB data): 2 benchmark metric configs
2026-04-11 14:22:37 [INFO] Skipped (needs true order-ID linkage): 2 metrics
2026-04-11 14:22:37 [INFO] 
── LOB-Bench-style overall aggregates (reference_comparison) ──
2026-04-11 14:22:37 [INFO]   Wasserstein aggregate: n=20  mean=0.520823  median=0.46739  iqm=0.493005  (lower is better)
2026-04-11 14:22:37 [INFO]   L1_by_group aggregate: n=20  mean=0.405726  median=0.406816  iqm=0.395088  (lower is better)
2026-04-11 14:22:37 [INFO] 
── generating plots ───────────────────────────────────
2026-04-11 14:22:38 [INFO] saved mid_price.png
2026-04-11 14:22:39 [INFO] saved spread.png
2026-04-11 14:22:40 [INFO] saved returns_dist.png
2026-04-11 14:22:40 [INFO] saved autocorr.png
2026-04-11 14:22:40 [INFO] saved inter_arrival_time.png
2026-04-11 14:22:41 [INFO] saved l1_volume.png
2026-04-11 14:22:42 [INFO] saved volume_per_minute.png
2026-04-11 14:22:43 [INFO] saved orderbook_imbalance.png
2026-04-11 14:22:44 [INFO] saved orderflow_imbalance.png
2026-04-11 14:22:44 [INFO] saved event_type_counts.png
2026-04-11 14:22:44 [INFO] Skipped time-to-fill/time-to-cancel plots: requires true order-ID linkage (not available in synthetic IDs).
2026-04-11 14:22:45 [INFO] saved overview_panel.png
2026-04-11 14:22:45 [INFO] Wrote metrics summary: /finance_ML/zhanghaohan/stock_language_model/saved_LOB_stream/pool_0709_0710_eval_0710_model_variants/sentence_preset_s2ip_k3_lowalign1e2/sentence_s2ip_k3_lowalign1e2_T10_k0_win50/fixed_start_model_blankgpt2_tokens_dynamic_anchor_txncomplete_002721XSHE_20260411_140221/metrics_summary.json
2026-04-11 14:22:45 [INFO] 
── all computed metrics summary ─────────────────────
2026-04-11 14:22:45 [INFO]   acf_returns_1min: [1.0, -0.22359247848327962, -0.051984074474387604, -0.026316101363630363, -0.10419383515197121, -0.06761097549994667, -0.07281099310866541, 0.0050170525339208565, -0.04160014086974998, 0.24492917924029758, -0.07288643531464142]
2026-04-11 14:22:45 [INFO]   direction_counts: {"-1": 21852, "1": 21907}
2026-04-11 14:22:45 [INFO]   direction_fractions: {"-1": 0.4994, "1": 0.5006}
2026-04-11 14:22:45 [INFO]   event_type_counts: {"1": 14265, "2": 883, "3": 5272, "4": 23339}
2026-04-11 14:22:45 [INFO]   event_type_fractions: {"1": 0.326, "2": 0.0202, "3": 0.1205, "4": 0.5334}
2026-04-11 14:22:45 [INFO]   iat_ms: {"mean": 22264.37025424974, "median": 20.0, "n": 20413, "n_exec_excluded": 23339, "p95": 150.0, "std": 345697.72005953646}
2026-04-11 14:22:45 [INFO]   l1_volume: {"ask_mean": 337031.227861697, "ask_median": 417000.0, "bid_mean": 31404.526565963573, "bid_median": 23500.0}
2026-04-11 14:22:45 [INFO]   mid_price: {"end_cny": 4.84, "end_price_int": 48400.0, "mean_cny": 4.830014625562741, "mean_price_int": 48300.14625562741, "mean_ticks_0p01": 483.00146255627413, "start_cny": 4.835, "start_price_int": 48350.0, "std_cny": 0.012293302833920309, "std_price_int": 122.93302833920416, "std_ticks_0p01": 1.2293302833920416, "total_return_bps": 10.341261633919352}
2026-04-11 14:22:45 [INFO]   ob_imbalance: {"mean": -0.4170041052843956, "median": -0.7753809279233008, "std": 0.7008455818858178}
2026-04-11 14:22:45 [INFO]   orderflow_imbalance: {"mean": 18.288165097688907, "n": 43659, "std": 275.56189522937945}
2026-04-11 14:22:45 [INFO]   returns_1min: {"kurtosis": 1.1079017423090907, "mean": 0.0005180016412555943, "n": 16, "skew": 0.7167220591116381, "std": 0.0018547402600563913}
2026-04-11 14:22:45 [INFO]   spread_ticks: {"mean": 1.2456248081056187, "median": 1.0, "n": 39084, "pct_zero_spread": 0.1068351653374163, "std": 0.5066404436223348, "tick_size_cny": 0.01, "tick_size_price_int": 100}
2026-04-11 14:22:45 [INFO]   total_volume_5lvl: {"ask_mean": 1367797.6277794281, "bid_mean": 560922.3170547773}
2026-04-11 14:22:45 [INFO]   volatility_1min: 0.0018547402600563913
2026-04-11 14:22:45 [INFO]   volume_per_minute: {"mean": 2782750.911725298, "n": 958, "total": 2665875373.4328356}
2026-04-11 14:22:45 [INFO]   [real-vs-generated comparative metrics]
2026-04-11 14:22:45 [INFO]   ask_cancellation_depth: {"l1_by_group": 0.38554879292243033, "n_generated": 3809, "n_real": 5465, "wasserstein": 0.25123426431038764}
2026-04-11 14:22:45 [INFO]   ask_cancellation_levels: {"l1_by_group": 0.18801078401415874, "n_generated": 1419, "n_real": 3418, "wasserstein": 0.25810829516854417}
2026-04-11 14:22:45 [INFO]   ask_volume: {"l1_by_group": 0.5775302811885453, "n_generated": 43759, "n_real": 49846, "wasserstein": 0.5055133429263765}
2026-04-11 14:22:45 [INFO]   ask_volume | spread: {"n_generated": 43759, "n_real": 49846, "num_condition_groups": 5, "per_group": {"1": {"n": 5048, "wasserstein": 0.7122766125804498}, "2": {"n": 79620, "wasserstein": 1.0578276127399089}, "3": {"n": 7769, "wasserstein": 0.5689183668841737}, "4": {"n": 1049, "wasserstein": 0.8365337758804685}, "5": {"n": 119, "wasserstein": null}}, "weighted_wasserstein": null}
2026-04-11 14:22:45 [INFO]   ask_volume_touch: {"l1_by_group": 0.6462373549963489, "n_generated": 43759, "n_real": 49846, "wasserstein": 1.0405681487873772}
2026-04-11 14:22:45 [INFO]   bid_cancellation_depth: {"l1_by_group": 0.32760120243865365, "n_generated": 2307, "n_real": 2156, "wasserstein": 0.34770225522225406}
2026-04-11 14:22:45 [INFO]   bid_cancellation_levels: {"l1_by_group": 0.20514731417475926, "n_generated": 1538, "n_real": 1026, "wasserstein": 0.19009363427396228}
2026-04-11 14:22:45 [INFO]   bid_volume: {"l1_by_group": 0.8089701201660024, "n_generated": 43759, "n_real": 49846, "wasserstein": 1.01103558286}
2026-04-11 14:22:45 [INFO]   bid_volume_touch: {"l1_by_group": 0.806136125803731, "n_generated": 43759, "n_real": 49846, "wasserstein": 0.7093287943080512}
2026-04-11 14:22:45 [INFO]   limit_ask_order_depth: {"l1_by_group": 0.4154635056983073, "n_generated": 8287, "n_real": 18265, "wasserstein": 0.2587220005490717}
2026-04-11 14:22:45 [INFO]   limit_ask_order_levels: {"l1_by_group": 0.5531110277177644, "n_generated": 3615, "n_real": 12793, "wasserstein": 1.0944006104350448}
2026-04-11 14:22:45 [INFO]   limit_bid_order_depth: {"l1_by_group": 0.4604839097973251, "n_generated": 5934, "n_real": 2604, "wasserstein": 0.42926666229437216}
2026-04-11 14:22:45 [INFO]   limit_bid_order_levels: {"l1_by_group": 0.3981683108994759, "n_generated": 4314, "n_real": 1888, "wasserstein": 0.7850177785472112}
2026-04-11 14:22:45 [INFO]   log_inter_arrival_time: {"l1_by_group": 0.11895380616829337, "n_generated": 43752, "n_real": 49845, "wasserstein": 0.053145408185594545}
2026-04-11 14:22:45 [INFO]   ofi: {"l1_by_group": 0.00038938134176227284, "n_generated": 43659, "n_real": 49746, "wasserstein": 0.13571906265545022}
2026-04-11 14:22:45 [INFO]   ofi_down: {"l1_by_group": 0.46114599686028257, "n_generated": 98, "n_real": 52, "wasserstein": 0.7031104516895003}
2026-04-11 14:22:45 [INFO]   ofi_stay: {"l1_by_group": 0.0003911192913838922, "n_generated": 43465, "n_real": 49640, "wasserstein": 0.13498440570031023}
2026-04-11 14:22:45 [INFO]   ofi_up: {"l1_by_group": 0.4669314796425025, "n_generated": 95, "n_real": 53, "wasserstein": 0.5924922149402412}
2026-04-11 14:22:45 [INFO]   orderbook_imbalance: {"l1_by_group": 0.8234362875156338, "n_generated": 43759, "n_real": 49846, "wasserstein": 0.7902053507049929}
2026-04-11 14:22:45 [INFO]   spread: {"l1_by_group": 0.27727796549270656, "n_generated": 43759, "n_real": 49846, "wasserstein": 0.7022528366031715}
2026-04-11 14:22:45 [INFO]   spread | time: {"n_generated": 43759, "n_real": 49846, "num_condition_groups": 19, "per_group": {"1": {"n": 492, "wasserstein": null}, "10": {"n": 53393, "wasserstein": 0.0964510066019983}, "12": {"n": 3020, "wasserstein": null}, "13": {"n": 2063, "wasserstein": null}, "14": {"n": 1114, "wasserstein": null}, "15": {"n": 1018, "wasserstein": null}, "16": {"n": 1686, "wasserstein": null}, "17": {"n": 2427, "wasserstein": null}, "19": {"n": 2696, "wasserstein": null}, "2": {"n": 1730, "wasserstein": null}, "20": {"n": 3807, "wasserstein": null}, "22": {"n": 3417, "wasserstein": null}, "23": {"n": 1691, "wasserstein": null}, "3": {"n": 4321, "wasserstein": null}, "4": {"n": 1874, "wasserstein": null}, "5": {"n": 46, "wasserstein": null}, "6": {"n": 4823, "wasserstein": null}, "7": {"n": 1395, "wasserstein": null}, "9": {"n": 2592, "wasserstein": null}}, "weighted_wasserstein": null}
2026-04-11 14:22:45 [INFO]   vol_per_min: {"l1_by_group": 0.19359446498257904, "n_generated": 958, "n_real": 589, "wasserstein": 0.42355164128325373}
[2026-04-11 14:22:45] [DONE] metrics_summary: /finance_ML/zhanghaohan/stock_language_model/saved_LOB_stream/pool_0709_0710_eval_0710_model_variants/sentence_preset_s2ip_k3_lowalign1e2/sentence_s2ip_k3_lowalign1e2_T10_k0_win50/fixed_start_model_blankgpt2_tokens_dynamic_anchor_txncomplete_002721XSHE_20260411_140221/metrics_summary.json
