[2026-04-16 22:43:30] [INFO] Experiment folder: /finance_ML/zhanghaohan/stock_language_model/saved_LOB_stream/pool_0709_0710_eval_0710_model_variants/sentence_preset_s2ip_gca_trackA_clustered_topk1_routerdiag/sentence_s2ip_gca_T10_k0_win50/fixed_start_model_blankgpt2_tokens_dynamic_anchor_txncomplete_000617XSHE_20260416_224330
[2026-04-16 22:43:30] [INFO] checkpoint: /finance_ML/zhanghaohan/stock_language_model/training_runs/pool_0709_0710_train0709_sentence_preset_s2ip_gated_crossattn_trackA_clustered_topk1_routerdiag/000617XSHE/model_cache/preGPT2sentS2IPgca_20250709_txncomplete_000617XSHE_win50_k1_mh12_20260416_182917_best.pt
[2026-04-16 22:43:30] [INFO] device: cuda greedy=False
/finance_ML/zhanghaohan/stock_language_model/scripts/hist_script/replay_decoded_real_tokens_openbidanchor_txncomplete_fixed_start.py:117: DtypeWarning: Columns (1,2,3,5,6,7,8,9,10,11,12,13,14,15,16,17,18,19,20,21,22,23,24,25,26,27,28,29,30,31,32,33,34,35,36,37,38,39,40,41,42,43,44,45,46,47,48,49,50,51,52,53,54,55,56,57,58,59,60,61,62,63,64,65,66,67,68,69,70,71,72,73,74,75,76,77,78,79,80,81,82,83,84,85,86,88) have mixed types. Specify dtype option on import or set low_memory=False.
  lob_info = pd.read_csv(lob_snap_path, header=None, names=columns)
[2026-04-16 22:56:29] [INFO] tokenizable_rows=66758 token_exact_match_rate_all=0.001678 tail_after_seed=0.000929
[2026-04-16 22:56:42] [INFO] Running eval vs clean reference...
2026-04-16 22:56:42 [INFO] ======================================================================
2026-04-16 22:56:42 [INFO] decoded real-token open-anchor txn-complete evaluation
2026-04-16 22:56:42 [INFO] ======================================================================
2026-04-16 22:56:42 [INFO] Evaluating: /finance_ML/zhanghaohan/stock_language_model/saved_LOB_stream/pool_0709_0710_eval_0710_model_variants/sentence_preset_s2ip_gca_trackA_clustered_topk1_routerdiag/sentence_s2ip_gca_T10_k0_win50/fixed_start_model_blankgpt2_tokens_dynamic_anchor_txncomplete_000617XSHE_20260416_224330
2026-04-16 22:56:42 [INFO] 
── loading data ───────────────────────────────────────
2026-04-16 22:56:42 [INFO] Loading LOBSTER data from /finance_ML/zhanghaohan/stock_language_model/saved_LOB_stream/pool_0709_0710_eval_0710_model_variants/sentence_preset_s2ip_gca_trackA_clustered_topk1_routerdiag/sentence_s2ip_gca_T10_k0_win50/fixed_start_model_blankgpt2_tokens_dynamic_anchor_txncomplete_000617XSHE_20260416_224330
2026-04-16 22:56:43 [INFO] Loaded 21,797 rows | 10 book levels | date 2025-07-10
2026-04-16 22:56:43 [INFO] Loading real reference LOBSTER data from /finance_ML/zhanghaohan/stock_language_model/saved_LOB_stream/fixed_start_realflow_generate_lobster_openbidanchor_txncomplete_000617XSHE_20260405_132652
2026-04-16 22:56:43 [INFO] Loading LOBSTER data from /finance_ML/zhanghaohan/stock_language_model/saved_LOB_stream/fixed_start_realflow_generate_lobster_openbidanchor_txncomplete_000617XSHE_20260405_132652
2026-04-16 22:56:43 [INFO] Loaded 30,961 rows | 10 book levels | date 2025-07-10
2026-04-16 22:56:43 [INFO] 
── computing metrics ──────────────────────────────────
2026-04-16 22:56:44 [WARNING] Reference metric log_time_to_cancel skipped: <lambda>() got an unexpected keyword argument 'include_groups'
2026-04-16 22:56:46 [WARNING] Reference conditional metric spread | volatility skipped: Invalid frequency: 0.1s
2026-04-16 22:56:46 [INFO] Computed now (generated-only): 15 metric groups
2026-04-16 22:56:46 [INFO] Computed (with real reference LOB data): 22 benchmark metric configs
2026-04-16 22:56:46 [INFO] Failed (with real reference LOB data): 2 benchmark metric configs
2026-04-16 22:56:46 [INFO] Skipped (needs true order-ID linkage): 2 metrics
2026-04-16 22:56:46 [INFO] 
── LOB-Bench-style overall aggregates (reference_comparison) ──
2026-04-16 22:56:46 [INFO]   Wasserstein aggregate: n=21  mean=0.465339  median=0.487489  iqm=0.445509  (lower is better)
2026-04-16 22:56:46 [INFO]   L1_by_group aggregate: n=20  mean=0.396354  median=0.352258  iqm=0.356173  (lower is better)
2026-04-16 22:56:46 [INFO] 
── generating plots ───────────────────────────────────
2026-04-16 22:56:46 [INFO] saved mid_price.png
2026-04-16 22:56:47 [INFO] saved spread.png
2026-04-16 22:56:48 [INFO] saved returns_dist.png
2026-04-16 22:56:48 [INFO] saved inter_arrival_time.png
2026-04-16 22:56:49 [INFO] saved l1_volume.png
2026-04-16 22:56:49 [INFO] saved volume_per_minute.png
2026-04-16 22:56:50 [INFO] saved orderbook_imbalance.png
2026-04-16 22:56:50 [INFO] saved orderflow_imbalance.png
2026-04-16 22:56:50 [INFO] saved event_type_counts.png
2026-04-16 22:56:50 [INFO] Skipped time-to-fill/time-to-cancel plots: requires true order-ID linkage (not available in synthetic IDs).
2026-04-16 22:56:51 [INFO] saved overview_panel.png
2026-04-16 22:56:51 [INFO] Wrote metrics summary: /finance_ML/zhanghaohan/stock_language_model/saved_LOB_stream/pool_0709_0710_eval_0710_model_variants/sentence_preset_s2ip_gca_trackA_clustered_topk1_routerdiag/sentence_s2ip_gca_T10_k0_win50/fixed_start_model_blankgpt2_tokens_dynamic_anchor_txncomplete_000617XSHE_20260416_224330/metrics_summary.json
2026-04-16 22:56:51 [INFO] 
── all computed metrics summary ─────────────────────
2026-04-16 22:56:51 [INFO]   acf_returns_1min: [1.0, -0.44559325922541126, -0.10928450822405307]
2026-04-16 22:56:51 [INFO]   direction_counts: {"-1": 8774, "1": 13023}
2026-04-16 22:56:51 [INFO]   direction_fractions: {"-1": 0.4025, "1": 0.5975}
2026-04-16 22:56:51 [INFO]   event_type_counts: {"1": 7472, "2": 91, "3": 1242, "4": 12992}
2026-04-16 22:56:51 [INFO]   event_type_fractions: {"1": 0.3428, "2": 0.0042, "3": 0.057, "4": 0.596}
2026-04-16 22:56:51 [INFO]   iat_ms: {"mean": 29.792139936392548, "median": 10.0, "n": 8804, "n_exec_excluded": 12992, "p95": 140.0, "std": 55.68154002326076}
2026-04-16 22:56:51 [INFO]   l1_volume: {"ask_mean": 338237.8820938661, "ask_median": 41300.0, "bid_mean": 246172.03179336607, "bid_median": 49400.0}
2026-04-16 22:56:51 [INFO]   mid_price: {"end_cny": 9.34, "end_price_int": 93400.0, "mean_cny": 9.309285681515805, "mean_price_int": 93092.85681515805, "mean_ticks_0p01": 930.9285681515805, "start_cny": 9.345, "start_price_int": 93450.0, "std_cny": 0.018099480992673132, "std_price_int": 180.99480992672798, "std_ticks_0p01": 1.8099480992672794, "total_return_bps": -5.350454788657366}
2026-04-16 22:56:51 [INFO]   ob_imbalance: {"mean": -0.06515805838625564, "median": -0.1829937251106419, "std": 0.8196224348573947}
2026-04-16 22:56:51 [INFO]   orderflow_imbalance: {"mean": 41.951384984099185, "n": 21697, "std": 470.7640090210374}
2026-04-16 22:56:51 [INFO]   returns_1min: {"kurtosis": 3.708497328786123, "mean": 0.0013419248537513973, "n": 4, "skew": 1.9001013767361268, "std": 0.001984353483576691}
2026-04-16 22:56:51 [INFO]   spread_ticks: {"mean": 1.2899717661821604, "median": 1.0, "n": 19126, "pct_zero_spread": 0.12253979905491581, "std": 0.6834673836857813, "tick_size_cny": 0.01, "tick_size_price_int": 100}
2026-04-16 22:56:51 [INFO]   total_volume_5lvl: {"ask_mean": 876134.4000550534, "bid_mean": 1574513.4133137588}
2026-04-16 22:56:51 [INFO]   volatility_1min: 0.001984353483576691
2026-04-16 22:56:51 [INFO]   volume_per_minute: {"mean": 3527328.735632184, "n": 261, "total": 920632800.0}
2026-04-16 22:56:51 [INFO]   [real-vs-generated comparative metrics]
2026-04-16 22:56:51 [INFO]   ask_cancellation_depth: {"l1_by_group": 0.5513013711372813, "n_generated": 437, "n_real": 2829, "wasserstein": 0.6578985200006403}
2026-04-16 22:56:51 [INFO]   ask_cancellation_levels: {"l1_by_group": 0.3393555990212045, "n_generated": 355, "n_real": 1721, "wasserstein": 0.690875356945897}
2026-04-16 22:56:51 [INFO]   ask_volume: {"l1_by_group": 0.5979507697629481, "n_generated": 21797, "n_real": 30961, "wasserstein": 0.5565778103151406}
2026-04-16 22:56:51 [INFO]   ask_volume | spread: {"n_generated": 21797, "n_real": 30961, "num_condition_groups": 8, "per_group": {"1": {"n": 2671, "wasserstein": null}, "2": {"n": 44365, "wasserstein": 1.0104213236918802}, "3": {"n": 3858, "wasserstein": 1.2537835429484527}, "4": {"n": 1035, "wasserstein": 0.4253444204695234}, "5": {"n": 767, "wasserstein": 0.6717913454087113}, "6": {"n": 29, "wasserstein": 0.4352962323074727}, "7": {"n": 27, "wasserstein": null}, "8": {"n": 6, "wasserstein": null}}, "weighted_wasserstein": null}
2026-04-16 22:56:51 [INFO]   ask_volume_touch: {"l1_by_group": 0.7833929914361387, "n_generated": 21797, "n_real": 30961, "wasserstein": 0.8928595453475435}
2026-04-16 22:56:51 [INFO]   bid_cancellation_depth: {"l1_by_group": 0.2530956303905581, "n_generated": 879, "n_real": 1624, "wasserstein": 0.26666615172102137}
2026-04-16 22:56:51 [INFO]   bid_cancellation_levels: {"l1_by_group": 0.1988482384823848, "n_generated": 738, "n_real": 984, "wasserstein": 0.19963903973948194}
2026-04-16 22:56:51 [INFO]   bid_volume: {"l1_by_group": 0.6705607982973374, "n_generated": 21797, "n_real": 30961, "wasserstein": 1.0408600927605476}
2026-04-16 22:56:51 [INFO]   bid_volume_touch: {"l1_by_group": 0.6714411908443105, "n_generated": 21797, "n_real": 30961, "wasserstein": 0.6670297637791801}
2026-04-16 22:56:51 [INFO]   limit_ask_order_depth: {"l1_by_group": 0.37515852607395445, "n_generated": 2108, "n_real": 9528, "wasserstein": 0.37940385232469087}
2026-04-16 22:56:51 [INFO]   limit_ask_order_levels: {"l1_by_group": 0.25698462921703735, "n_generated": 1728, "n_real": 8079, "wasserstein": 0.2713012047150334}
2026-04-16 22:56:51 [INFO]   limit_bid_order_depth: {"l1_by_group": 0.31094521351055865, "n_generated": 5302, "n_real": 3699, "wasserstein": 0.24037553653107332}
2026-04-16 22:56:51 [INFO]   limit_bid_order_levels: {"l1_by_group": 0.2839930173944255, "n_generated": 5114, "n_real": 3162, "wasserstein": 0.3973531643269306}
2026-04-16 22:56:51 [INFO]   log_inter_arrival_time: {"l1_by_group": 0.25668752249541554, "n_generated": 21796, "n_real": 30960, "wasserstein": 0.5135360467023139}
2026-04-16 22:56:51 [INFO]   ofi: {"l1_by_group": 0.365160030938702, "n_generated": 21697, "n_real": 30861, "wasserstein": 0.12658014203746348}
2026-04-16 22:56:51 [INFO]   ofi_down: {"l1_by_group": 0.3283912082195344, "n_generated": 132, "n_real": 233, "wasserstein": 0.3788757995202566}
2026-04-16 22:56:51 [INFO]   ofi_stay: {"l1_by_group": 0.36999348260519066, "n_generated": 21432, "n_real": 30389, "wasserstein": 0.13179211653680617}
2026-04-16 22:56:51 [INFO]   ofi_up: {"l1_by_group": 0.3804430863254392, "n_generated": 132, "n_real": 238, "wasserstein": 0.5040073927909203}
2026-04-16 22:56:51 [INFO]   orderbook_imbalance: {"l1_by_group": 0.5694740371165227, "n_generated": 21797, "n_real": 30961, "wasserstein": 0.6998533540399678}
2026-04-16 22:56:51 [INFO]   spread: {"l1_by_group": 0.2230410613098895, "n_generated": 21797, "n_real": 30961, "wasserstein": 0.4874894910701092}
2026-04-16 22:56:51 [INFO]   spread | time: {"n_generated": 21797, "n_real": 30961, "num_condition_groups": 1, "per_group": {"10": {"n": 52758, "wasserstein": 0.4874894910701092}}, "weighted_wasserstein": 0.4874894910701092}
2026-04-16 22:56:51 [INFO]   vol_per_min: {"l1_by_group": 0.14086911639171767, "n_generated": 261, "n_real": 579, "wasserstein": 0.1816646366346536}
[2026-04-16 22:56:51] [DONE] metrics_summary: /finance_ML/zhanghaohan/stock_language_model/saved_LOB_stream/pool_0709_0710_eval_0710_model_variants/sentence_preset_s2ip_gca_trackA_clustered_topk1_routerdiag/sentence_s2ip_gca_T10_k0_win50/fixed_start_model_blankgpt2_tokens_dynamic_anchor_txncomplete_000617XSHE_20260416_224330/metrics_summary.json
