[2026-04-11 18:41:56] [INFO] Experiment folder: /finance_ML/zhanghaohan/stock_language_model/saved_LOB_stream/pool_0709_0710_eval_0710_model_variants/sentence_preset_s2ip_k3_marginsep_sepproj/sentence_s2ip_k3_marginsep_sepproj_T10_k0_win50/fixed_start_model_blankgpt2_tokens_dynamic_anchor_txncomplete_002263XSHE_20260411_184156
[2026-04-11 18:41:56] [INFO] checkpoint: /finance_ML/zhanghaohan/stock_language_model/training_runs/pool_0709_0710_train0709_sentence_preset_s2ip_win50_k3_margin_sep_sepproj_diag/002263XSHE/model_cache/preGPT2sentS2IP_20250709_txncomplete_002263XSHE_win50_k3_20260411_163501_best.pt
[2026-04-11 18:41:56] [INFO] device: cuda greedy=False
/finance_ML/zhanghaohan/stock_language_model/scripts/hist_script/replay_decoded_real_tokens_openbidanchor_txncomplete_fixed_start.py:117: DtypeWarning: Columns (1,2,3,5,6,7,8,9,10,11,12,13,14,15,16,17,18,19,20,21,22,23,24,25,26,27,28,29,30,31,32,33,34,35,36,37,38,39,40,41,42,43,44,45,46,47,48,49,50,51,52,53,54,55,56,57,58,59,60,61,62,63,64,65,66,67,68,69,70,71,72,73,74,75,76,77,78,79,80,81,82,83,84,85,86,88) have mixed types. Specify dtype option on import or set low_memory=False.
  lob_info = pd.read_csv(lob_snap_path, header=None, names=columns)
[2026-04-11 18:52:01] [INFO] tokenizable_rows=36305 token_exact_match_rate_all=0.001432 tail_after_seed=0.000055
[2026-04-11 18:52:08] [INFO] Running eval vs clean reference...
2026-04-11 18:52:08 [INFO] ======================================================================
2026-04-11 18:52:08 [INFO] decoded real-token open-anchor txn-complete evaluation
2026-04-11 18:52:08 [INFO] ======================================================================
2026-04-11 18:52:08 [INFO] Evaluating: /finance_ML/zhanghaohan/stock_language_model/saved_LOB_stream/pool_0709_0710_eval_0710_model_variants/sentence_preset_s2ip_k3_marginsep_sepproj/sentence_s2ip_k3_marginsep_sepproj_T10_k0_win50/fixed_start_model_blankgpt2_tokens_dynamic_anchor_txncomplete_002263XSHE_20260411_184156
2026-04-11 18:52:08 [INFO] 
── loading data ───────────────────────────────────────
2026-04-11 18:52:08 [INFO] Loading LOBSTER data from /finance_ML/zhanghaohan/stock_language_model/saved_LOB_stream/pool_0709_0710_eval_0710_model_variants/sentence_preset_s2ip_k3_marginsep_sepproj/sentence_s2ip_k3_marginsep_sepproj_T10_k0_win50/fixed_start_model_blankgpt2_tokens_dynamic_anchor_txncomplete_002263XSHE_20260411_184156
2026-04-11 18:52:08 [INFO] Loaded 10,775 rows | 10 book levels | date 2025-07-10
2026-04-11 18:52:08 [INFO] Loading real reference LOBSTER data from /finance_ML/zhanghaohan/stock_language_model/saved_LOB_stream/fixed_start_realflow_generate_lobster_openbidanchor_txncomplete_002263XSHE_20260405_132652
2026-04-11 18:52:08 [INFO] Loading LOBSTER data from /finance_ML/zhanghaohan/stock_language_model/saved_LOB_stream/fixed_start_realflow_generate_lobster_openbidanchor_txncomplete_002263XSHE_20260405_132652
2026-04-11 18:52:09 [INFO] Loaded 16,122 rows | 10 book levels | date 2025-07-10
2026-04-11 18:52:09 [INFO] 
── computing metrics ──────────────────────────────────
/finance_ML/zhanghaohan/mycondaenv/lib/python3.8/site-packages/statsmodels/tsa/stattools.py:693: RuntimeWarning: invalid value encountered in divide
  acf = avf[: nlags + 1] / avf[0]
2026-04-11 18:52:09 [WARNING] Reference metric log_time_to_cancel skipped: <lambda>() got an unexpected keyword argument 'include_groups'
2026-04-11 18:52:10 [WARNING] Reference metric ofi_up skipped: empty real or generated sample after cleaning
2026-04-11 18:52:10 [WARNING] Reference metric ofi_down skipped: empty real or generated sample after cleaning
2026-04-11 18:52:10 [WARNING] Reference conditional metric spread | volatility skipped: Invalid frequency: 0.1s
2026-04-11 18:52:10 [INFO] Computed now (generated-only): 15 metric groups
2026-04-11 18:52:10 [INFO] Computed (with real reference LOB data): 20 benchmark metric configs
2026-04-11 18:52:10 [INFO] Failed (with real reference LOB data): 4 benchmark metric configs
2026-04-11 18:52:10 [INFO] Skipped (needs true order-ID linkage): 2 metrics
2026-04-11 18:52:10 [INFO] 
── LOB-Bench-style overall aggregates (reference_comparison) ──
2026-04-11 18:52:10 [INFO]   Wasserstein aggregate: n=19  mean=0.654313  median=0.46584  iqm=0.505575  (lower is better)
2026-04-11 18:52:10 [INFO]   L1_by_group aggregate: n=18  mean=0.535098  median=0.495903  iqm=0.549097  (lower is better)
2026-04-11 18:52:10 [INFO] 
── generating plots ───────────────────────────────────
2026-04-11 18:52:11 [INFO] saved mid_price.png
2026-04-11 18:52:11 [INFO] saved spread.png
2026-04-11 18:52:12 [INFO] saved returns_dist.png
/finance_ML/zhanghaohan/mycondaenv/lib/python3.8/site-packages/statsmodels/tsa/stattools.py:693: RuntimeWarning: invalid value encountered in divide
  acf = avf[: nlags + 1] / avf[0]
2026-04-11 18:52:12 [INFO] saved autocorr.png
2026-04-11 18:52:12 [INFO] saved inter_arrival_time.png
2026-04-11 18:52:13 [INFO] saved l1_volume.png
2026-04-11 18:52:13 [INFO] saved volume_per_minute.png
2026-04-11 18:52:14 [INFO] saved orderbook_imbalance.png
2026-04-11 18:52:15 [INFO] saved orderflow_imbalance.png
2026-04-11 18:52:15 [INFO] saved event_type_counts.png
2026-04-11 18:52:15 [INFO] Skipped time-to-fill/time-to-cancel plots: requires true order-ID linkage (not available in synthetic IDs).
2026-04-11 18:52:16 [INFO] saved overview_panel.png
2026-04-11 18:52:16 [INFO] Wrote metrics summary: /finance_ML/zhanghaohan/stock_language_model/saved_LOB_stream/pool_0709_0710_eval_0710_model_variants/sentence_preset_s2ip_k3_marginsep_sepproj/sentence_s2ip_k3_marginsep_sepproj_T10_k0_win50/fixed_start_model_blankgpt2_tokens_dynamic_anchor_txncomplete_002263XSHE_20260411_184156/metrics_summary.json
2026-04-11 18:52:16 [INFO] 
── all computed metrics summary ─────────────────────
2026-04-11 18:52:16 [INFO]   acf_returns_1min: [NaN, NaN, NaN, NaN]
2026-04-11 18:52:16 [INFO]   direction_counts: {"-1": 5021, "1": 5754}
2026-04-11 18:52:16 [INFO]   direction_fractions: {"-1": 0.466, "1": 0.534}
2026-04-11 18:52:16 [INFO]   event_type_counts: {"1": 3763, "2": 191, "3": 1229, "4": 5592}
2026-04-11 18:52:16 [INFO]   event_type_fractions: {"1": 0.3492, "2": 0.0177, "3": 0.1141, "4": 0.519}
2026-04-11 18:52:16 [INFO]   iat_ms: {"mean": 63.34233886530297, "median": 40.0, "n": 5182, "n_exec_excluded": 5592, "p95": 210.0, "std": 79.38762764957785}
2026-04-11 18:52:16 [INFO]   l1_volume: {"ask_mean": 76200.0, "ask_median": 76200.0, "bid_mean": 44647.962877030164, "bid_median": 42600.0}
2026-04-11 18:52:16 [INFO]   mid_price: {"end_cny": 4.345, "end_price_int": 43450.0, "mean_cny": 4.345, "mean_price_int": 43450.0, "mean_ticks_0p01": 434.5, "start_cny": 4.345, "start_price_int": 43450.0, "std_cny": 0.0, "std_price_int": 0.0, "std_ticks_0p01": 0.0, "total_return_bps": 0.0}
2026-04-11 18:52:16 [INFO]   ob_imbalance: {"mean": -0.2643172854187036, "median": -0.2828282828282828, "std": 0.06388107609358695}
2026-04-11 18:52:16 [INFO]   orderflow_imbalance: {"mean": -0.3923185011709602, "n": 10675, "std": 17.076158284608898}
2026-04-11 18:52:16 [INFO]   returns_1min: {"kurtosis": 0.0, "mean": 0.0, "n": 5, "skew": 0.0, "std": 0.0}
2026-04-11 18:52:16 [INFO]   spread_ticks: {"mean": 1.0, "median": 1.0, "n": 10775, "pct_zero_spread": 0.0, "std": 0.0, "tick_size_cny": 0.01, "tick_size_price_int": 100}
2026-04-11 18:52:16 [INFO]   total_volume_5lvl: {"ask_mean": 821650.5949883991, "bid_mean": 4629672.658932715}
2026-04-11 18:52:16 [INFO]   volatility_1min: 0.0
2026-04-11 18:52:16 [INFO]   volume_per_minute: {"mean": 1819199.6844872916, "n": 326, "total": 593059097.1428571}
2026-04-11 18:52:16 [INFO]   [real-vs-generated comparative metrics]
2026-04-11 18:52:16 [INFO]   ask_cancellation_depth: {"l1_by_group": 0.6533920112538799, "n_generated": 1353, "n_real": 1117, "wasserstein": 1.0231158322266545}
2026-04-11 18:52:16 [INFO]   ask_cancellation_levels: {"l1_by_group": 0.3179166666666666, "n_generated": 150, "n_real": 800, "wasserstein": 0.6415390477933581}
2026-04-11 18:52:16 [INFO]   ask_volume: {"l1_by_group": 0.8110847364253599, "n_generated": 10775, "n_real": 16122, "wasserstein": 0.6633942448725725}
2026-04-11 18:52:16 [INFO]   ask_volume | spread: {"n_generated": 10775, "n_real": 16122, "num_condition_groups": 2, "per_group": {"1": {"n": 26884, "wasserstein": 0.030448652287553373}, "2": {"n": 13, "wasserstein": null}}, "weighted_wasserstein": null}
2026-04-11 18:52:16 [INFO]   ask_volume_touch: {"l1_by_group": 0.0005582433941198211, "n_generated": 10775, "n_real": 16122, "wasserstein": 0.03043145282898266}
2026-04-11 18:52:16 [INFO]   bid_cancellation_depth: {"l1_by_group": 0.3466472668106011, "n_generated": 67, "n_real": 1908, "wasserstein": 0.195901745664168}
2026-04-11 18:52:16 [INFO]   bid_cancellation_levels: {"l1_by_group": 0.3603342492565965, "n_generated": 62, "n_real": 1714, "wasserstein": 0.4021222340778886}
2026-04-11 18:52:16 [INFO]   bid_volume: {"l1_by_group": 0.9557747177769507, "n_generated": 10775, "n_real": 16122, "wasserstein": 0.6434365068170088}
2026-04-11 18:52:16 [INFO]   bid_volume_touch: {"l1_by_group": 0.9814539139064631, "n_generated": 10775, "n_real": 16122, "wasserstein": 1.6331969618524511}
2026-04-11 18:52:16 [INFO]   limit_ask_order_depth: {"l1_by_group": 0.8374733737222844, "n_generated": 3654, "n_real": 4432, "wasserstein": 1.1596822581345139}
2026-04-11 18:52:16 [INFO]   limit_ask_order_levels: {"l1_by_group": 0.5832438238453277, "n_generated": 19, "n_real": 3724, "wasserstein": 1.7536497645388407}
2026-04-11 18:52:16 [INFO]   limit_bid_order_depth: {"l1_by_group": 0.40340790080013406, "n_generated": 109, "n_real": 2628, "wasserstein": 0.31504627307467126}
2026-04-11 18:52:16 [INFO]   limit_bid_order_levels: {"l1_by_group": 0.40856219709208397, "n_generated": 100, "n_real": 2476, "wasserstein": 0.6785338045395966}
2026-04-11 18:52:16 [INFO]   log_inter_arrival_time: {"l1_by_group": 0.06530743975619589, "n_generated": 10774, "n_real": 16121, "wasserstein": 0.059920893647022286}
2026-04-11 18:52:16 [INFO]   ofi: {"l1_by_group": 0.8261858855081288, "n_generated": 10675, "n_real": 16022, "wasserstein": 0.46583993749692454}
2026-04-11 18:52:16 [INFO]   ofi_stay: {"l1_by_group": 0.8261054370277495, "n_generated": 10674, "n_real": 16013, "wasserstein": 0.46526767295439586}
2026-04-11 18:52:16 [INFO]   orderbook_imbalance: {"l1_by_group": 0.9937352685770995, "n_generated": 10775, "n_real": 16122, "wasserstein": 1.9525008790391072}
2026-04-11 18:52:16 [INFO]   spread: {"l1_by_group": 0.0008063515692842109, "n_generated": 10775, "n_real": 16122, "wasserstein": 0.03668610337615825}
2026-04-11 18:52:16 [INFO]   spread | time: {"n_generated": 10775, "n_real": 16122, "num_condition_groups": 1, "per_group": {"10": {"n": 26897, "wasserstein": 0.03668610337615825}}, "weighted_wasserstein": 0.03668610337615825}
2026-04-11 18:52:16 [INFO]   vol_per_min: {"l1_by_group": 0.2597737378285585, "n_generated": 326, "n_real": 545, "wasserstein": 0.2749961114417193}
[2026-04-11 18:52:16] [DONE] metrics_summary: /finance_ML/zhanghaohan/stock_language_model/saved_LOB_stream/pool_0709_0710_eval_0710_model_variants/sentence_preset_s2ip_k3_marginsep_sepproj/sentence_s2ip_k3_marginsep_sepproj_T10_k0_win50/fixed_start_model_blankgpt2_tokens_dynamic_anchor_txncomplete_002263XSHE_20260411_184156/metrics_summary.json
