[2026-04-10 22:06:03] [INFO] Experiment folder: /finance_ML/zhanghaohan/stock_language_model/saved_LOB_stream/pool_0709_0710_eval_0710_model_variants/pretrained_T10_k0_win50/fixed_start_model_blankgpt2_tokens_openbidanchor_txncomplete_002721XSHE_20260410_220603
[2026-04-10 22:06:03] [INFO] checkpoint: /finance_ML/zhanghaohan/stock_language_model/training_runs/pool_0709_0710_train0709_pretrained_gpt2_win50/002721XSHE/model_cache/blankGPT2_20250709_txncomplete_002721XSHE_win50_20260410_202518_best.pt
[2026-04-10 22:06:03] [INFO] device: cuda greedy=False
/finance_ML/zhanghaohan/stock_language_model/scripts/hist_script/replay_decoded_real_tokens_openbidanchor_txncomplete_fixed_start.py:117: DtypeWarning: Columns (1,2,3,5,6,7,8,9,10,11,12,13,14,15,16,17,18,19,20,21,22,23,24,25,26,27,28,29,30,31,32,33,34,35,36,37,38,39,40,41,42,43,44,45,46,47,48,49,50,51,52,53,54,55,56,57,58,59,60,61,62,63,64,65,66,67,68,69,70,71,72,73,74,75,76,77,78,79,80,81,82,83,84,85,86,88) have mixed types. Specify dtype option on import or set low_memory=False.
  lob_info = pd.read_csv(lob_snap_path, header=None, names=columns)
[2026-04-10 22:23:33] [INFO] tokenizable_rows=129693 token_exact_match_rate_all=0.000979 tail_after_seed=0.000594
[2026-04-10 22:23:58] [INFO] Running eval vs clean reference...
2026-04-10 22:23:58 [INFO] ======================================================================
2026-04-10 22:23:58 [INFO] decoded real-token open-anchor txn-complete evaluation
2026-04-10 22:23:58 [INFO] ======================================================================
2026-04-10 22:23:58 [INFO] Evaluating: /finance_ML/zhanghaohan/stock_language_model/saved_LOB_stream/pool_0709_0710_eval_0710_model_variants/pretrained_T10_k0_win50/fixed_start_model_blankgpt2_tokens_openbidanchor_txncomplete_002721XSHE_20260410_220603
2026-04-10 22:23:58 [INFO] 
── loading data ───────────────────────────────────────
2026-04-10 22:23:58 [INFO] Loading LOBSTER data from /finance_ML/zhanghaohan/stock_language_model/saved_LOB_stream/pool_0709_0710_eval_0710_model_variants/pretrained_T10_k0_win50/fixed_start_model_blankgpt2_tokens_openbidanchor_txncomplete_002721XSHE_20260410_220603
2026-04-10 22:23:58 [INFO] Loaded 38,514 rows | 10 book levels | date 2025-07-10
2026-04-10 22:23:58 [INFO] Loading real reference LOBSTER data from /finance_ML/zhanghaohan/stock_language_model/saved_LOB_stream/fixed_start_realflow_generate_lobster_openbidanchor_txncomplete_002721XSHE_20260410_192312
2026-04-10 22:23:58 [INFO] Loading LOBSTER data from /finance_ML/zhanghaohan/stock_language_model/saved_LOB_stream/fixed_start_realflow_generate_lobster_openbidanchor_txncomplete_002721XSHE_20260410_192312
2026-04-10 22:23:59 [INFO] Loaded 49,846 rows | 10 book levels | date 2025-07-10
2026-04-10 22:23:59 [INFO] 
── computing metrics ──────────────────────────────────
/finance_ML/zhanghaohan/stock_language_model/scripts/hist_script/eval_generated_stream.py:233: RuntimeWarning: invalid value encountered in log
  'gen_fn': lambda m, b: np.log(ev.inter_arrival_time(m).replace({0: 1e-9}).values.astype(float)),
2026-04-10 22:24:00 [WARNING] Reference metric log_time_to_cancel skipped: <lambda>() got an unexpected keyword argument 'include_groups'
2026-04-10 22:24:04 [WARNING] Reference conditional metric spread | volatility skipped: Invalid frequency: 0.1s
2026-04-10 22:24:04 [INFO] Computed now (generated-only): 15 metric groups
2026-04-10 22:24:04 [INFO] Computed (with real reference LOB data): 22 benchmark metric configs
2026-04-10 22:24:04 [INFO] Failed (with real reference LOB data): 2 benchmark metric configs
2026-04-10 22:24:04 [INFO] Skipped (needs true order-ID linkage): 2 metrics
2026-04-10 22:24:04 [INFO] 
── LOB-Bench-style overall aggregates (reference_comparison) ──
2026-04-10 22:24:04 [INFO]   Wasserstein aggregate: n=20  mean=0.61975  median=0.547501  iqm=0.582236  (lower is better)
2026-04-10 22:24:04 [INFO]   L1_by_group aggregate: n=20  mean=0.402331  median=0.418656  iqm=0.38708  (lower is better)
2026-04-10 22:24:04 [INFO] 
── generating plots ───────────────────────────────────
2026-04-10 22:24:04 [INFO] saved mid_price.png
2026-04-10 22:24:05 [INFO] saved spread.png
2026-04-10 22:24:05 [INFO] saved returns_dist.png
2026-04-10 22:24:06 [INFO] saved autocorr.png
2026-04-10 22:24:06 [INFO] saved inter_arrival_time.png
2026-04-10 22:24:07 [INFO] saved l1_volume.png
2026-04-10 22:24:08 [INFO] saved volume_per_minute.png
2026-04-10 22:24:09 [INFO] saved orderbook_imbalance.png
2026-04-10 22:24:09 [INFO] saved orderflow_imbalance.png
2026-04-10 22:24:10 [INFO] saved event_type_counts.png
2026-04-10 22:24:10 [INFO] Skipped time-to-fill/time-to-cancel plots: requires true order-ID linkage (not available in synthetic IDs).
2026-04-10 22:24:11 [INFO] saved overview_panel.png
2026-04-10 22:24:11 [INFO] Wrote metrics summary: /finance_ML/zhanghaohan/stock_language_model/saved_LOB_stream/pool_0709_0710_eval_0710_model_variants/pretrained_T10_k0_win50/fixed_start_model_blankgpt2_tokens_openbidanchor_txncomplete_002721XSHE_20260410_220603/metrics_summary.json
2026-04-10 22:24:11 [INFO] 
── all computed metrics summary ─────────────────────
2026-04-10 22:24:11 [INFO]   acf_returns_1min: [1.0, -0.23962170261775753, -0.05132764641706098, -0.006619787221582366, -0.008826382962109957, -0.01103297870263738, -0.01323957444316484, -0.01544617018369239, -0.017652765924219826, -0.019859361664747333, -0.022065957405274755]
2026-04-10 22:24:11 [INFO]   direction_counts: {"-1": 19417, "1": 19097}
2026-04-10 22:24:11 [INFO]   direction_fractions: {"-1": 0.5042, "1": 0.4958}
2026-04-10 22:24:11 [INFO]   event_type_counts: {"1": 12861, "2": 876, "3": 4280, "4": 20497}
2026-04-10 22:24:11 [INFO]   event_type_fractions: {"1": 0.3339, "2": 0.0227, "3": 0.1111, "4": 0.5322}
2026-04-10 22:24:11 [INFO]   iat_ms: {"mean": 23128.04841485759, "median": 20.0, "n": 18011, "n_exec_excluded": 20497, "p95": 150.0, "std": 352333.37249966135}
2026-04-10 22:24:11 [INFO]   l1_volume: {"ask_mean": 229872.9708677364, "ask_median": 46500.0, "bid_mean": 18040.00342732513, "bid_median": 17400.0}
2026-04-10 22:24:11 [INFO]   mid_price: {"end_cny": 4.835, "end_price_int": 48350.0, "mean_cny": 4.828921041699122, "mean_price_int": 48289.21041699123, "mean_ticks_0p01": 482.8921041699122, "start_cny": 4.835, "start_price_int": 48350.0, "std_cny": 0.013821031983365605, "std_price_int": 138.2103198336574, "std_ticks_0p01": 1.3821031983365744, "total_return_bps": 0.0}
2026-04-10 22:24:11 [INFO]   ob_imbalance: {"mean": -0.32168931726303585, "median": -0.7974583002382843, "std": 0.7429033389173811}
2026-04-10 22:24:11 [INFO]   orderflow_imbalance: {"mean": -3.7290050502420993, "n": 38414, "std": 200.9599236646129}
2026-04-10 22:24:11 [INFO]   returns_1min: {"kurtosis": 15.561396759380346, "mean": 0.0002433241501047773, "n": 17, "skew": 3.832802420548813, "std": 0.0012949823106793254}
2026-04-10 22:24:11 [INFO]   spread_ticks: {"mean": 1.2153736103245805, "median": 1.0, "n": 33551, "pct_zero_spread": 0.12886223191566704, "std": 0.5152144314134156, "tick_size_cny": 0.01, "tick_size_price_int": 100}
2026-04-10 22:24:11 [INFO]   total_volume_5lvl: {"ask_mean": 865455.0118917796, "bid_mean": 318562.5817884406}
2026-04-10 22:24:11 [INFO]   volatility_1min: 0.0012949823106793254
2026-04-10 22:24:11 [INFO]   volume_per_minute: {"mean": 2692959.615129396, "n": 822, "total": 2213612803.6363635}
2026-04-10 22:24:11 [INFO]   [real-vs-generated comparative metrics]
2026-04-10 22:24:11 [INFO]   ask_cancellation_depth: {"l1_by_group": 0.4076883886157174, "n_generated": 3403, "n_real": 5465, "wasserstein": 0.28512126760720047}
2026-04-10 22:24:11 [INFO]   ask_cancellation_levels: {"l1_by_group": 0.23487593285376462, "n_generated": 943, "n_real": 3418, "wasserstein": 0.28863950227919466}
2026-04-10 22:24:11 [INFO]   ask_volume: {"l1_by_group": 0.6172857527632635, "n_generated": 38514, "n_real": 49846, "wasserstein": 0.9586797497429321}
2026-04-10 22:24:11 [INFO]   ask_volume | spread: {"n_generated": 38514, "n_real": 49846, "num_condition_groups": 5, "per_group": {"1": {"n": 5336, "wasserstein": 0.6727887812839601}, "2": {"n": 76562, "wasserstein": 1.1762366859229898}, "3": {"n": 5315, "wasserstein": 0.4851770856871678}, "4": {"n": 906, "wasserstein": 0.71007040014743}, "5": {"n": 241, "wasserstein": null}}, "weighted_wasserstein": null}
2026-04-10 22:24:11 [INFO]   ask_volume_touch: {"l1_by_group": 0.5411547891543969, "n_generated": 38514, "n_real": 49846, "wasserstein": 1.1747811705416111}
2026-04-10 22:24:11 [INFO]   bid_cancellation_depth: {"l1_by_group": 0.28468357039785613, "n_generated": 1728, "n_real": 2156, "wasserstein": 0.32998767269520557}
2026-04-10 22:24:11 [INFO]   bid_cancellation_levels: {"l1_by_group": 0.19227361332624493, "n_generated": 1254, "n_real": 1026, "wasserstein": 0.15721520210406897}
2026-04-10 22:24:11 [INFO]   bid_volume: {"l1_by_group": 0.812785042780911, "n_generated": 38514, "n_real": 49846, "wasserstein": 1.5443599149991856}
2026-04-10 22:24:11 [INFO]   bid_volume_touch: {"l1_by_group": 0.868445934629409, "n_generated": 38514, "n_real": 49846, "wasserstein": 1.0934358017341925}
2026-04-10 22:24:11 [INFO]   limit_ask_order_depth: {"l1_by_group": 0.49572437510029543, "n_generated": 7424, "n_real": 18265, "wasserstein": 0.34930137211449863}
2026-04-10 22:24:11 [INFO]   limit_ask_order_levels: {"l1_by_group": 0.46938442519005, "n_generated": 2266, "n_real": 12793, "wasserstein": 0.9091807566246394}
2026-04-10 22:24:11 [INFO]   limit_bid_order_depth: {"l1_by_group": 0.42962263939941614, "n_generated": 5357, "n_real": 2604, "wasserstein": 0.40737380595992767}
2026-04-10 22:24:11 [INFO]   limit_bid_order_levels: {"l1_by_group": 0.3628585779054132, "n_generated": 4273, "n_real": 1888, "wasserstein": 0.666846022729412}
2026-04-10 22:24:11 [INFO]   log_inter_arrival_time: {"l1_by_group": 0.1276251205786864, "n_generated": 38508, "n_real": 49845, "wasserstein": 0.08606035181304926}
2026-04-10 22:24:11 [INFO]   ofi: {"l1_by_group": 2.010211876333599e-05, "n_generated": 38414, "n_real": 49746, "wasserstein": 0.18277921062758842}
2026-04-10 22:24:11 [INFO]   ofi_down: {"l1_by_group": 0.4507376185458377, "n_generated": 146, "n_real": 52, "wasserstein": 0.8651763421588975}
2026-04-10 22:24:11 [INFO]   ofi_stay: {"l1_by_group": 2.0145044319114196e-05, "n_generated": 38128, "n_real": 49640, "wasserstein": 0.1810214576206827}
2026-04-10 22:24:11 [INFO]   ofi_up: {"l1_by_group": 0.47427718202796243, "n_generated": 139, "n_real": 53, "wasserstein": 0.8946275688263343}
2026-04-10 22:24:11 [INFO]   orderbook_imbalance: {"l1_by_group": 0.8036526453806747, "n_generated": 38514, "n_real": 49846, "wasserstein": 0.9035002143008136}
2026-04-10 22:24:11 [INFO]   spread: {"l1_by_group": 0.2609481602775714, "n_generated": 38514, "n_real": 49846, "wasserstein": 0.6887549162495475}
2026-04-10 22:24:11 [INFO]   spread | time: {"n_generated": 38514, "n_real": 49846, "num_condition_groups": 19, "per_group": {"1": {"n": 629, "wasserstein": null}, "10": {"n": 53058, "wasserstein": 2.2337107985715514}, "12": {"n": 3445, "wasserstein": null}, "13": {"n": 1606, "wasserstein": null}, "14": {"n": 1347, "wasserstein": null}, "15": {"n": 1102, "wasserstein": null}, "16": {"n": 2303, "wasserstein": null}, "17": {"n": 2533, "wasserstein": null}, "19": {"n": 1769, "wasserstein": null}, "2": {"n": 1700, "wasserstein": null}, "20": {"n": 2327, "wasserstein": null}, "22": {"n": 1368, "wasserstein": null}, "23": {"n": 1554, "wasserstein": null}, "3": {"n": 1741, "wasserstein": null}, "4": {"n": 3387, "wasserstein": null}, "5": {"n": 910, "wasserstein": null}, "6": {"n": 2411, "wasserstein": null}, "7": {"n": 1873, "wasserstein": null}, "9": {"n": 3297, "wasserstein": null}}, "weighted_wasserstein": null}
2026-04-10 22:24:11 [INFO]   vol_per_min: {"l1_by_group": 0.21255457929023175, "n_generated": 822, "n_real": 589, "wasserstein": 0.4281565219914317}
[2026-04-10 22:24:11] [DONE] metrics_summary: /finance_ML/zhanghaohan/stock_language_model/saved_LOB_stream/pool_0709_0710_eval_0710_model_variants/pretrained_T10_k0_win50/fixed_start_model_blankgpt2_tokens_openbidanchor_txncomplete_002721XSHE_20260410_220603/metrics_summary.json
