[2026-04-11 14:02:21] [INFO] Experiment folder: /finance_ML/zhanghaohan/stock_language_model/saved_LOB_stream/pool_0709_0710_eval_0710_model_variants/sentence_preset_s2ip_k3_sepproj/sentence_s2ip_k3_sepproj_T10_k0_win50/fixed_start_model_blankgpt2_tokens_dynamic_anchor_txncomplete_002263XSHE_20260411_140221
[2026-04-11 14:02:21] [INFO] checkpoint: /finance_ML/zhanghaohan/stock_language_model/training_runs/pool_0709_0710_train0709_sentence_preset_s2ip_win50_k3_separate_proj_diag/002263XSHE/model_cache/preGPT2sentS2IP_20250709_txncomplete_002263XSHE_win50_k3_20260411_012701_best.pt
[2026-04-11 14:02:21] [INFO] device: cuda greedy=False
/finance_ML/zhanghaohan/stock_language_model/scripts/hist_script/replay_decoded_real_tokens_openbidanchor_txncomplete_fixed_start.py:117: DtypeWarning: Columns (1,2,3,5,6,7,8,9,10,11,12,13,14,15,16,17,18,19,20,21,22,23,24,25,26,27,28,29,30,31,32,33,34,35,36,37,38,39,40,41,42,43,44,45,46,47,48,49,50,51,52,53,54,55,56,57,58,59,60,61,62,63,64,65,66,67,68,69,70,71,72,73,74,75,76,77,78,79,80,81,82,83,84,85,86,88) have mixed types. Specify dtype option on import or set low_memory=False.
  lob_info = pd.read_csv(lob_snap_path, header=None, names=columns)
[2026-04-11 14:12:51] [INFO] tokenizable_rows=36305 token_exact_match_rate_all=0.001432 tail_after_seed=0.000055
[2026-04-11 14:12:59] [INFO] Running eval vs clean reference...
2026-04-11 14:12:59 [INFO] ======================================================================
2026-04-11 14:12:59 [INFO] decoded real-token open-anchor txn-complete evaluation
2026-04-11 14:12:59 [INFO] ======================================================================
2026-04-11 14:12:59 [INFO] Evaluating: /finance_ML/zhanghaohan/stock_language_model/saved_LOB_stream/pool_0709_0710_eval_0710_model_variants/sentence_preset_s2ip_k3_sepproj/sentence_s2ip_k3_sepproj_T10_k0_win50/fixed_start_model_blankgpt2_tokens_dynamic_anchor_txncomplete_002263XSHE_20260411_140221
2026-04-11 14:12:59 [INFO] 
── loading data ───────────────────────────────────────
2026-04-11 14:12:59 [INFO] Loading LOBSTER data from /finance_ML/zhanghaohan/stock_language_model/saved_LOB_stream/pool_0709_0710_eval_0710_model_variants/sentence_preset_s2ip_k3_sepproj/sentence_s2ip_k3_sepproj_T10_k0_win50/fixed_start_model_blankgpt2_tokens_dynamic_anchor_txncomplete_002263XSHE_20260411_140221
2026-04-11 14:13:00 [INFO] Loaded 10,914 rows | 10 book levels | date 2025-07-10
2026-04-11 14:13:00 [INFO] Loading real reference LOBSTER data from /finance_ML/zhanghaohan/stock_language_model/saved_LOB_stream/fixed_start_realflow_generate_lobster_openbidanchor_txncomplete_002263XSHE_20260405_132652
2026-04-11 14:13:00 [INFO] Loading LOBSTER data from /finance_ML/zhanghaohan/stock_language_model/saved_LOB_stream/fixed_start_realflow_generate_lobster_openbidanchor_txncomplete_002263XSHE_20260405_132652
2026-04-11 14:13:00 [INFO] Loaded 16,122 rows | 10 book levels | date 2025-07-10
2026-04-11 14:13:00 [INFO] 
── computing metrics ──────────────────────────────────
/finance_ML/zhanghaohan/mycondaenv/lib/python3.8/site-packages/statsmodels/tsa/stattools.py:693: RuntimeWarning: invalid value encountered in divide
  acf = avf[: nlags + 1] / avf[0]
2026-04-11 14:13:00 [WARNING] Reference metric log_time_to_cancel skipped: <lambda>() got an unexpected keyword argument 'include_groups'
2026-04-11 14:13:01 [WARNING] Reference metric ofi_up skipped: empty real or generated sample after cleaning
2026-04-11 14:13:01 [WARNING] Reference metric ofi_down skipped: empty real or generated sample after cleaning
2026-04-11 14:13:01 [WARNING] Reference conditional metric spread | volatility skipped: Invalid frequency: 0.1s
2026-04-11 14:13:01 [INFO] Computed now (generated-only): 15 metric groups
2026-04-11 14:13:01 [INFO] Computed (with real reference LOB data): 20 benchmark metric configs
2026-04-11 14:13:01 [INFO] Failed (with real reference LOB data): 4 benchmark metric configs
2026-04-11 14:13:01 [INFO] Skipped (needs true order-ID linkage): 2 metrics
2026-04-11 14:13:01 [INFO] 
── LOB-Bench-style overall aggregates (reference_comparison) ──
2026-04-11 14:13:01 [INFO]   Wasserstein aggregate: n=19  mean=0.747489  median=0.48521  iqm=0.545857  (lower is better)
2026-04-11 14:13:01 [INFO]   L1_by_group aggregate: n=18  mean=0.547406  median=0.533818  iqm=0.569017  (lower is better)
2026-04-11 14:13:01 [INFO] 
── generating plots ───────────────────────────────────
2026-04-11 14:13:02 [INFO] saved mid_price.png
2026-04-11 14:13:02 [INFO] saved spread.png
2026-04-11 14:13:03 [INFO] saved returns_dist.png
/finance_ML/zhanghaohan/mycondaenv/lib/python3.8/site-packages/statsmodels/tsa/stattools.py:693: RuntimeWarning: invalid value encountered in divide
  acf = avf[: nlags + 1] / avf[0]
2026-04-11 14:13:03 [INFO] saved autocorr.png
2026-04-11 14:13:04 [INFO] saved inter_arrival_time.png
2026-04-11 14:13:04 [INFO] saved l1_volume.png
2026-04-11 14:13:05 [INFO] saved volume_per_minute.png
2026-04-11 14:13:05 [INFO] saved orderbook_imbalance.png
2026-04-11 14:13:06 [INFO] saved orderflow_imbalance.png
2026-04-11 14:13:06 [INFO] saved event_type_counts.png
2026-04-11 14:13:06 [INFO] Skipped time-to-fill/time-to-cancel plots: requires true order-ID linkage (not available in synthetic IDs).
2026-04-11 14:13:07 [INFO] saved overview_panel.png
2026-04-11 14:13:07 [INFO] Wrote metrics summary: /finance_ML/zhanghaohan/stock_language_model/saved_LOB_stream/pool_0709_0710_eval_0710_model_variants/sentence_preset_s2ip_k3_sepproj/sentence_s2ip_k3_sepproj_T10_k0_win50/fixed_start_model_blankgpt2_tokens_dynamic_anchor_txncomplete_002263XSHE_20260411_140221/metrics_summary.json
2026-04-11 14:13:07 [INFO] 
── all computed metrics summary ─────────────────────
2026-04-11 14:13:07 [INFO]   acf_returns_1min: [NaN, NaN, NaN, NaN]
2026-04-11 14:13:07 [INFO]   direction_counts: {"-1": 5094, "1": 5820}
2026-04-11 14:13:07 [INFO]   direction_fractions: {"-1": 0.4667, "1": 0.5333}
2026-04-11 14:13:07 [INFO]   event_type_counts: {"1": 3826, "2": 189, "3": 1256, "4": 5643}
2026-04-11 14:13:07 [INFO]   event_type_fractions: {"1": 0.3506, "2": 0.0173, "3": 0.1151, "4": 0.517}
2026-04-11 14:13:07 [INFO]   iat_ms: {"mean": 62.1764705882353, "median": 40.0, "n": 5270, "n_exec_excluded": 5643, "p95": 210.0, "std": 77.69469313356232}
2026-04-11 14:13:07 [INFO]   l1_volume: {"ask_mean": 76200.0, "ask_median": 76200.0, "bid_mean": 37105.05772402419, "bid_median": 36500.0}
2026-04-11 14:13:07 [INFO]   mid_price: {"end_cny": 4.345, "end_price_int": 43450.0, "mean_cny": 4.345, "mean_price_int": 43450.0, "mean_ticks_0p01": 434.5, "start_cny": 4.345, "start_price_int": 43450.0, "std_cny": 0.0, "std_price_int": 0.0, "std_ticks_0p01": 0.0, "total_return_bps": 0.0}
2026-04-11 14:13:07 [INFO]   ob_imbalance: {"mean": -0.3455997321045356, "median": -0.35226264418811004, "std": 0.027238795644526487}
2026-04-11 14:13:07 [INFO]   orderflow_imbalance: {"mean": -0.3869058627704827, "n": 10814, "std": 6.364997703915296}
2026-04-11 14:13:07 [INFO]   returns_1min: {"kurtosis": 0.0, "mean": 0.0, "n": 5, "skew": 0.0, "std": 0.0}
2026-04-11 14:13:07 [INFO]   spread_ticks: {"mean": 1.0, "median": 1.0, "n": 10914, "pct_zero_spread": 0.0, "std": 0.0, "tick_size_cny": 0.01, "tick_size_price_int": 100}
2026-04-11 14:13:07 [INFO]   total_volume_5lvl: {"ask_mean": 903122.1660252886, "bid_mean": 4589965.294300898}
2026-04-11 14:13:07 [INFO]   volatility_1min: 0.0
2026-04-11 14:13:07 [INFO]   volume_per_minute: {"mean": 1908179.0201183432, "n": 325, "total": 620158181.5384616}
2026-04-11 14:13:07 [INFO]   [real-vs-generated comparative metrics]
2026-04-11 14:13:07 [INFO]   ask_cancellation_depth: {"l1_by_group": 0.6490332677855402, "n_generated": 1374, "n_real": 1117, "wasserstein": 1.0110681080487633}
2026-04-11 14:13:07 [INFO]   ask_cancellation_levels: {"l1_by_group": 0.42328947368421055, "n_generated": 190, "n_real": 800, "wasserstein": 1.004720383693634}
2026-04-11 14:13:07 [INFO]   ask_volume: {"l1_by_group": 0.6320433345002192, "n_generated": 10914, "n_real": 16122, "wasserstein": 0.6509539958008542}
2026-04-11 14:13:07 [INFO]   ask_volume | spread: {"n_generated": 10914, "n_real": 16122, "num_condition_groups": 2, "per_group": {"1": {"n": 27023, "wasserstein": 0.030527242858162253}, "2": {"n": 13, "wasserstein": null}}, "weighted_wasserstein": null}
2026-04-11 14:13:07 [INFO]   ask_volume_touch: {"l1_by_group": 0.0005582433941198211, "n_generated": 10914, "n_real": 16122, "wasserstein": 0.03050996110302452}
2026-04-11 14:13:07 [INFO]   bid_cancellation_depth: {"l1_by_group": 0.4281527740868692, "n_generated": 71, "n_real": 1908, "wasserstein": 0.34015155890687543}
2026-04-11 14:13:07 [INFO]   bid_cancellation_levels: {"l1_by_group": 0.43559233556469934, "n_generated": 76, "n_real": 1714, "wasserstein": 0.5632824834276242}
2026-04-11 14:13:07 [INFO]   bid_volume: {"l1_by_group": 0.9114253814663192, "n_generated": 10914, "n_real": 16122, "wasserstein": 0.5591348615826832}
2026-04-11 14:13:07 [INFO]   bid_volume_touch: {"l1_by_group": 0.9814539139064631, "n_generated": 10914, "n_real": 16122, "wasserstein": 1.6423024475227725}
2026-04-11 14:13:07 [INFO]   limit_ask_order_depth: {"l1_by_group": 0.8173703828896841, "n_generated": 3706, "n_real": 4432, "wasserstein": 1.1527167705997314}
2026-04-11 14:13:07 [INFO]   limit_ask_order_levels: {"l1_by_group": 0.8955424274973147, "n_generated": 238, "n_real": 3724, "wasserstein": 3.0414674145002287}
2026-04-11 14:13:07 [INFO]   limit_bid_order_depth: {"l1_by_group": 0.3348173515981735, "n_generated": 120, "n_real": 2628, "wasserstein": 0.35885568085460184}
2026-04-11 14:13:07 [INFO]   limit_bid_order_levels: {"l1_by_group": 0.33794907300561583, "n_generated": 105, "n_real": 2476, "wasserstein": 0.4852102214564286}
2026-04-11 14:13:07 [INFO]   log_inter_arrival_time: {"l1_by_group": 0.06637532174794693, "n_generated": 10913, "n_real": 16121, "wasserstein": 0.062369160524729496}
2026-04-11 14:13:07 [INFO]   ofi: {"l1_by_group": 0.8329301787441934, "n_generated": 10814, "n_real": 16022, "wasserstein": 0.4754853601491305}
2026-04-11 14:13:07 [INFO]   ofi_stay: {"l1_by_group": 0.8287039611629708, "n_generated": 10813, "n_real": 16013, "wasserstein": 0.47491792286557405}
2026-04-11 14:13:07 [INFO]   orderbook_imbalance: {"l1_by_group": 0.9946981028863273, "n_generated": 10914, "n_real": 16122, "wasserstein": 1.9675897034705105}
2026-04-11 14:13:07 [INFO]   spread: {"l1_by_group": 0.0008063515692842109, "n_generated": 10914, "n_real": 16122, "wasserstein": 0.03678073338587851}
2026-04-11 14:13:07 [INFO]   spread | time: {"n_generated": 10914, "n_real": 16122, "num_condition_groups": 1, "per_group": {"10": {"n": 27036, "wasserstein": 0.03678073338587851}}, "weighted_wasserstein": 0.03678073338587851}
2026-04-11 14:13:07 [INFO]   vol_per_min: {"l1_by_group": 0.2825688073394496, "n_generated": 325, "n_real": 545, "wasserstein": 0.30800041047536886}
[2026-04-11 14:13:07] [DONE] metrics_summary: /finance_ML/zhanghaohan/stock_language_model/saved_LOB_stream/pool_0709_0710_eval_0710_model_variants/sentence_preset_s2ip_k3_sepproj/sentence_s2ip_k3_sepproj_T10_k0_win50/fixed_start_model_blankgpt2_tokens_dynamic_anchor_txncomplete_002263XSHE_20260411_140221/metrics_summary.json
