[2026-04-11 18:41:56] [INFO] Experiment folder: /finance_ML/zhanghaohan/stock_language_model/saved_LOB_stream/pool_0709_0710_eval_0710_model_variants/sentence_preset_s2ip_k3_marginsep_sepproj/sentence_s2ip_k3_marginsep_sepproj_T10_k0_win50/fixed_start_model_blankgpt2_tokens_dynamic_anchor_txncomplete_002721XSHE_20260411_184156
[2026-04-11 18:41:56] [INFO] checkpoint: /finance_ML/zhanghaohan/stock_language_model/training_runs/pool_0709_0710_train0709_sentence_preset_s2ip_win50_k3_margin_sep_sepproj_diag/002721XSHE/model_cache/preGPT2sentS2IP_20250709_txncomplete_002721XSHE_win50_k3_20260411_163500_best.pt
[2026-04-11 18:41:56] [INFO] device: cuda greedy=False
/finance_ML/zhanghaohan/stock_language_model/scripts/hist_script/replay_decoded_real_tokens_openbidanchor_txncomplete_fixed_start.py:117: DtypeWarning: Columns (1,2,3,5,6,7,8,9,10,11,12,13,14,15,16,17,18,19,20,21,22,23,24,25,26,27,28,29,30,31,32,33,34,35,36,37,38,39,40,41,42,43,44,45,46,47,48,49,50,51,52,53,54,55,56,57,58,59,60,61,62,63,64,65,66,67,68,69,70,71,72,73,74,75,76,77,78,79,80,81,82,83,84,85,86,88) have mixed types. Specify dtype option on import or set low_memory=False.
  lob_info = pd.read_csv(lob_snap_path, header=None, names=columns)
[2026-04-11 19:01:04] [INFO] tokenizable_rows=129693 token_exact_match_rate_all=0.000802 tail_after_seed=0.000417
[2026-04-11 19:01:28] [INFO] Running eval vs clean reference...
2026-04-11 19:01:28 [INFO] ======================================================================
2026-04-11 19:01:28 [INFO] decoded real-token open-anchor txn-complete evaluation
2026-04-11 19:01:28 [INFO] ======================================================================
2026-04-11 19:01:28 [INFO] Evaluating: /finance_ML/zhanghaohan/stock_language_model/saved_LOB_stream/pool_0709_0710_eval_0710_model_variants/sentence_preset_s2ip_k3_marginsep_sepproj/sentence_s2ip_k3_marginsep_sepproj_T10_k0_win50/fixed_start_model_blankgpt2_tokens_dynamic_anchor_txncomplete_002721XSHE_20260411_184156
2026-04-11 19:01:28 [INFO] 
── loading data ───────────────────────────────────────
2026-04-11 19:01:28 [INFO] Loading LOBSTER data from /finance_ML/zhanghaohan/stock_language_model/saved_LOB_stream/pool_0709_0710_eval_0710_model_variants/sentence_preset_s2ip_k3_marginsep_sepproj/sentence_s2ip_k3_marginsep_sepproj_T10_k0_win50/fixed_start_model_blankgpt2_tokens_dynamic_anchor_txncomplete_002721XSHE_20260411_184156
2026-04-11 19:01:29 [INFO] Loaded 41,190 rows | 10 book levels | date 2025-07-10
2026-04-11 19:01:29 [INFO] Loading real reference LOBSTER data from /finance_ML/zhanghaohan/stock_language_model/saved_LOB_stream/fixed_start_realflow_generate_lobster_openbidanchor_txncomplete_002721XSHE_20260410_192312
2026-04-11 19:01:29 [INFO] Loading LOBSTER data from /finance_ML/zhanghaohan/stock_language_model/saved_LOB_stream/fixed_start_realflow_generate_lobster_openbidanchor_txncomplete_002721XSHE_20260410_192312
2026-04-11 19:01:29 [INFO] Loaded 49,846 rows | 10 book levels | date 2025-07-10
2026-04-11 19:01:29 [INFO] 
── computing metrics ──────────────────────────────────
/finance_ML/zhanghaohan/stock_language_model/scripts/hist_script/eval_generated_stream.py:233: RuntimeWarning: invalid value encountered in log
  'gen_fn': lambda m, b: np.log(ev.inter_arrival_time(m).replace({0: 1e-9}).values.astype(float)),
2026-04-11 19:01:31 [WARNING] Reference metric log_time_to_cancel skipped: <lambda>() got an unexpected keyword argument 'include_groups'
2026-04-11 19:01:34 [WARNING] Reference conditional metric spread | volatility skipped: Invalid frequency: 0.1s
2026-04-11 19:01:34 [INFO] Computed now (generated-only): 15 metric groups
2026-04-11 19:01:34 [INFO] Computed (with real reference LOB data): 22 benchmark metric configs
2026-04-11 19:01:34 [INFO] Failed (with real reference LOB data): 2 benchmark metric configs
2026-04-11 19:01:34 [INFO] Skipped (needs true order-ID linkage): 2 metrics
2026-04-11 19:01:34 [INFO] 
── LOB-Bench-style overall aggregates (reference_comparison) ──
2026-04-11 19:01:34 [INFO]   Wasserstein aggregate: n=20  mean=0.670312  median=0.555204  iqm=0.618256  (lower is better)
2026-04-11 19:01:34 [INFO]   L1_by_group aggregate: n=20  mean=0.49431  median=0.502811  iqm=0.481138  (lower is better)
2026-04-11 19:01:34 [INFO] 
── generating plots ───────────────────────────────────
2026-04-11 19:01:35 [INFO] saved mid_price.png
2026-04-11 19:01:36 [INFO] saved spread.png
2026-04-11 19:01:37 [INFO] saved returns_dist.png
2026-04-11 19:01:37 [INFO] saved autocorr.png
2026-04-11 19:01:37 [INFO] saved inter_arrival_time.png
2026-04-11 19:01:38 [INFO] saved l1_volume.png
2026-04-11 19:01:40 [INFO] saved volume_per_minute.png
2026-04-11 19:01:40 [INFO] saved orderbook_imbalance.png
2026-04-11 19:01:41 [INFO] saved orderflow_imbalance.png
2026-04-11 19:01:41 [INFO] saved event_type_counts.png
2026-04-11 19:01:41 [INFO] Skipped time-to-fill/time-to-cancel plots: requires true order-ID linkage (not available in synthetic IDs).
2026-04-11 19:01:42 [INFO] saved overview_panel.png
2026-04-11 19:01:42 [INFO] Wrote metrics summary: /finance_ML/zhanghaohan/stock_language_model/saved_LOB_stream/pool_0709_0710_eval_0710_model_variants/sentence_preset_s2ip_k3_marginsep_sepproj/sentence_s2ip_k3_marginsep_sepproj_T10_k0_win50/fixed_start_model_blankgpt2_tokens_dynamic_anchor_txncomplete_002721XSHE_20260411_184156/metrics_summary.json
2026-04-11 19:01:42 [INFO] 
── all computed metrics summary ─────────────────────
2026-04-11 19:01:42 [INFO]   acf_returns_1min: [1.0, -0.18898765717932348, -0.170294637323881, 0.13670787820355107, -0.14841863448824102, 0.03261436617434345, -0.16188774749036736, -0.08713447238578981, 0.1976392660201302, -0.09445382829181569, -0.09629153859085736]
2026-04-11 19:01:42 [INFO]   direction_counts: {"-1": 20483, "1": 20707}
2026-04-11 19:01:42 [INFO]   direction_fractions: {"-1": 0.4973, "1": 0.5027}
2026-04-11 19:01:42 [INFO]   event_type_counts: {"1": 13383, "2": 841, "3": 4587, "4": 22379}
2026-04-11 19:01:42 [INFO]   event_type_fractions: {"1": 0.3249, "2": 0.0204, "3": 0.1114, "4": 0.5433}
2026-04-11 19:01:42 [INFO]   iat_ms: {"mean": 24740.013826845352, "median": 20.0, "n": 18804, "n_exec_excluded": 22379, "p95": 160.0, "std": 368595.9388990125}
2026-04-11 19:01:42 [INFO]   l1_volume: {"ask_mean": 88477.43114833698, "ask_median": 47300.0, "bid_mean": 18022.090313182813, "bid_median": 20400.0}
2026-04-11 19:01:42 [INFO]   mid_price: {"end_cny": 4.815, "end_price_int": 48150.0, "mean_cny": 4.82256275795096, "mean_price_int": 48225.627579509586, "mean_ticks_0p01": 482.2562757950959, "start_cny": 4.835, "start_price_int": 48350.0, "std_cny": 0.011931276898996458, "std_price_int": 119.31276898996379, "std_ticks_0p01": 1.1931276898996381, "total_return_bps": -41.36504653567741}
2026-04-11 19:01:42 [INFO]   ob_imbalance: {"mean": -0.19625061855886428, "median": -0.44395924308588064, "std": 0.6810248678177311}
2026-04-11 19:01:42 [INFO]   orderflow_imbalance: {"mean": -1.5290581650036505, "n": 41090, "std": 150.35084569308785}
2026-04-11 19:01:42 [INFO]   returns_1min: {"kurtosis": 1.8373064794816165, "mean": -0.000545350629444853, "n": 19, "skew": -0.4827951780034237, "std": 0.0026380438356938623}
2026-04-11 19:01:42 [INFO]   spread_ticks: {"mean": 1.3559742750761594, "median": 1.0, "n": 26589, "pct_zero_spread": 0.3544792425345958, "std": 0.6461195078889477, "tick_size_cny": 0.01, "tick_size_price_int": 100}
2026-04-11 19:01:42 [INFO]   total_volume_5lvl: {"ask_mean": 949829.7341830542, "bid_mean": 455411.47628065065}
2026-04-11 19:01:42 [INFO]   volatility_1min: 0.002638043835693862
2026-04-11 19:01:42 [INFO]   volume_per_minute: {"mean": 2836876.396396396, "n": 888, "total": 2519146240.0}
2026-04-11 19:01:42 [INFO]   [real-vs-generated comparative metrics]
2026-04-11 19:01:42 [INFO]   ask_cancellation_depth: {"l1_by_group": 0.40726026698594114, "n_generated": 3211, "n_real": 5465, "wasserstein": 0.2528261411405926}
2026-04-11 19:01:42 [INFO]   ask_cancellation_levels: {"l1_by_group": 0.2416874495535049, "n_generated": 1049, "n_real": 3418, "wasserstein": 0.30603829367694246}
2026-04-11 19:01:42 [INFO]   ask_volume: {"l1_by_group": 0.554065016000678, "n_generated": 41190, "n_real": 49846, "wasserstein": 0.8611815093040797}
2026-04-11 19:01:42 [INFO]   ask_volume | spread: {"n_generated": 41190, "n_real": 49846, "num_condition_groups": 5, "per_group": {"1": {"n": 14974, "wasserstein": 0.5949552693588408}, "2": {"n": 68173, "wasserstein": 1.8991217046231617}, "3": {"n": 6002, "wasserstein": 0.39603403310732466}, "4": {"n": 1574, "wasserstein": 3.16628813997109}, "5": {"n": 313, "wasserstein": null}}, "weighted_wasserstein": null}
2026-04-11 19:01:42 [INFO]   ask_volume_touch: {"l1_by_group": 0.8595526652290559, "n_generated": 41190, "n_real": 49846, "wasserstein": 1.7000159649603206}
2026-04-11 19:01:42 [INFO]   bid_cancellation_depth: {"l1_by_group": 0.3201837023080546, "n_generated": 2123, "n_real": 2156, "wasserstein": 0.39013640753059886}
2026-04-11 19:01:42 [INFO]   bid_cancellation_levels: {"l1_by_group": 0.20038134467846277, "n_generated": 1556, "n_real": 1026, "wasserstein": 0.18463725886018395}
2026-04-11 19:01:42 [INFO]   bid_volume: {"l1_by_group": 0.8554137108889213, "n_generated": 41190, "n_real": 49846, "wasserstein": 1.3965001010261993}
2026-04-11 19:01:42 [INFO]   bid_volume_touch: {"l1_by_group": 0.9235401043955368, "n_generated": 41190, "n_real": 49846, "wasserstein": 1.110552112006639}
2026-04-11 19:01:42 [INFO]   limit_ask_order_depth: {"l1_by_group": 0.45866564385845215, "n_generated": 6968, "n_real": 18265, "wasserstein": 0.3073715495223973}
2026-04-11 19:01:42 [INFO]   limit_ask_order_levels: {"l1_by_group": 0.5150333073491308, "n_generated": 2398, "n_real": 12793, "wasserstein": 1.0017300148926718}
2026-04-11 19:01:42 [INFO]   limit_bid_order_depth: {"l1_by_group": 0.47087553191724035, "n_generated": 6267, "n_real": 2604, "wasserstein": 0.4333301907064228}
2026-04-11 19:01:42 [INFO]   limit_bid_order_levels: {"l1_by_group": 0.3501012655865004, "n_generated": 4994, "n_real": 1888, "wasserstein": 0.6770770841378984}
2026-04-11 19:01:42 [INFO]   log_inter_arrival_time: {"l1_by_group": 0.12407016445880609, "n_generated": 41183, "n_real": 49845, "wasserstein": 0.09278526985782481}
2026-04-11 19:01:42 [INFO]   ofi: {"l1_by_group": 0.528382555736512, "n_generated": 41090, "n_real": 49746, "wasserstein": 0.21724043776118804}
2026-04-11 19:01:42 [INFO]   ofi_down: {"l1_by_group": 0.49427844882390337, "n_generated": 121, "n_real": 52, "wasserstein": 0.9143899176329539}
2026-04-11 19:01:42 [INFO]   ofi_stay: {"l1_by_group": 0.5284294682984594, "n_generated": 40849, "n_real": 49640, "wasserstein": 0.21762358892722028}
2026-04-11 19:01:42 [INFO]   ofi_up: {"l1_by_group": 0.5470112573331218, "n_generated": 119, "n_real": 53, "wasserstein": 0.9002022405353329}
2026-04-11 19:01:42 [INFO]   orderbook_imbalance: {"l1_by_group": 0.798668683229708, "n_generated": 41190, "n_real": 49846, "wasserstein": 1.0497796215279385}
2026-04-11 19:01:42 [INFO]   spread: {"l1_by_group": 0.5113431339879098, "n_generated": 41190, "n_real": 49846, "wasserstein": 0.9857903466957513}
2026-04-11 19:01:42 [INFO]   spread | time: {"n_generated": 41190, "n_real": 49846, "num_condition_groups": 19, "per_group": {"1": {"n": 859, "wasserstein": null}, "10": {"n": 53843, "wasserstein": 1.6343021570761742}, "12": {"n": 2229, "wasserstein": null}, "13": {"n": 2667, "wasserstein": null}, "14": {"n": 1323, "wasserstein": null}, "15": {"n": 361, "wasserstein": null}, "16": {"n": 2465, "wasserstein": null}, "17": {"n": 2973, "wasserstein": null}, "19": {"n": 1723, "wasserstein": null}, "2": {"n": 2461, "wasserstein": null}, "20": {"n": 2660, "wasserstein": null}, "22": {"n": 3616, "wasserstein": null}, "23": {"n": 1873, "wasserstein": null}, "3": {"n": 2449, "wasserstein": null}, "4": {"n": 2432, "wasserstein": null}, "5": {"n": 2497, "wasserstein": null}, "6": {"n": 3283, "wasserstein": null}, "7": {"n": 871, "wasserstein": null}, "9": {"n": 451, "wasserstein": null}}, "weighted_wasserstein": null}
2026-04-11 19:01:42 [INFO]   vol_per_min: {"l1_by_group": 0.19726326496275562, "n_generated": 888, "n_real": 589, "wasserstein": 0.4070416718109363}
[2026-04-11 19:01:42] [DONE] metrics_summary: /finance_ML/zhanghaohan/stock_language_model/saved_LOB_stream/pool_0709_0710_eval_0710_model_variants/sentence_preset_s2ip_k3_marginsep_sepproj/sentence_s2ip_k3_marginsep_sepproj_T10_k0_win50/fixed_start_model_blankgpt2_tokens_dynamic_anchor_txncomplete_002721XSHE_20260411_184156/metrics_summary.json
