[2026-04-11 14:02:21] [INFO] Experiment folder: /finance_ML/zhanghaohan/stock_language_model/saved_LOB_stream/pool_0709_0710_eval_0710_model_variants/sentence_preset_s2ip_k3_sepproj/sentence_s2ip_k3_sepproj_T10_k0_win50/fixed_start_model_blankgpt2_tokens_dynamic_anchor_txncomplete_002721XSHE_20260411_140221
[2026-04-11 14:02:21] [INFO] checkpoint: /finance_ML/zhanghaohan/stock_language_model/training_runs/pool_0709_0710_train0709_sentence_preset_s2ip_win50_k3_separate_proj_diag/002721XSHE/model_cache/preGPT2sentS2IP_20250709_txncomplete_002721XSHE_win50_k3_20260411_012701_best.pt
[2026-04-11 14:02:21] [INFO] device: cuda greedy=False
/finance_ML/zhanghaohan/stock_language_model/scripts/hist_script/replay_decoded_real_tokens_openbidanchor_txncomplete_fixed_start.py:117: DtypeWarning: Columns (1,2,3,5,6,7,8,9,10,11,12,13,14,15,16,17,18,19,20,21,22,23,24,25,26,27,28,29,30,31,32,33,34,35,36,37,38,39,40,41,42,43,44,45,46,47,48,49,50,51,52,53,54,55,56,57,58,59,60,61,62,63,64,65,66,67,68,69,70,71,72,73,74,75,76,77,78,79,80,81,82,83,84,85,86,88) have mixed types. Specify dtype option on import or set low_memory=False.
  lob_info = pd.read_csv(lob_snap_path, header=None, names=columns)
[2026-04-11 14:21:35] [INFO] tokenizable_rows=129693 token_exact_match_rate_all=0.000948 tail_after_seed=0.000563
[2026-04-11 14:22:02] [INFO] Running eval vs clean reference...
2026-04-11 14:22:02 [INFO] ======================================================================
2026-04-11 14:22:02 [INFO] decoded real-token open-anchor txn-complete evaluation
2026-04-11 14:22:02 [INFO] ======================================================================
2026-04-11 14:22:02 [INFO] Evaluating: /finance_ML/zhanghaohan/stock_language_model/saved_LOB_stream/pool_0709_0710_eval_0710_model_variants/sentence_preset_s2ip_k3_sepproj/sentence_s2ip_k3_sepproj_T10_k0_win50/fixed_start_model_blankgpt2_tokens_dynamic_anchor_txncomplete_002721XSHE_20260411_140221
2026-04-11 14:22:02 [INFO] 
── loading data ───────────────────────────────────────
2026-04-11 14:22:02 [INFO] Loading LOBSTER data from /finance_ML/zhanghaohan/stock_language_model/saved_LOB_stream/pool_0709_0710_eval_0710_model_variants/sentence_preset_s2ip_k3_sepproj/sentence_s2ip_k3_sepproj_T10_k0_win50/fixed_start_model_blankgpt2_tokens_dynamic_anchor_txncomplete_002721XSHE_20260411_140221
2026-04-11 14:22:02 [INFO] Loaded 40,153 rows | 10 book levels | date 2025-07-10
2026-04-11 14:22:02 [INFO] Loading real reference LOBSTER data from /finance_ML/zhanghaohan/stock_language_model/saved_LOB_stream/fixed_start_realflow_generate_lobster_openbidanchor_txncomplete_002721XSHE_20260410_192312
2026-04-11 14:22:02 [INFO] Loading LOBSTER data from /finance_ML/zhanghaohan/stock_language_model/saved_LOB_stream/fixed_start_realflow_generate_lobster_openbidanchor_txncomplete_002721XSHE_20260410_192312
2026-04-11 14:22:03 [INFO] Loaded 49,846 rows | 10 book levels | date 2025-07-10
2026-04-11 14:22:03 [INFO] 
── computing metrics ──────────────────────────────────
/finance_ML/zhanghaohan/stock_language_model/scripts/hist_script/eval_generated_stream.py:233: RuntimeWarning: invalid value encountered in log
  'gen_fn': lambda m, b: np.log(ev.inter_arrival_time(m).replace({0: 1e-9}).values.astype(float)),
2026-04-11 14:22:04 [WARNING] Reference metric log_time_to_cancel skipped: <lambda>() got an unexpected keyword argument 'include_groups'
2026-04-11 14:22:08 [WARNING] Reference conditional metric spread | volatility skipped: Invalid frequency: 0.1s
2026-04-11 14:22:08 [INFO] Computed now (generated-only): 15 metric groups
2026-04-11 14:22:08 [INFO] Computed (with real reference LOB data): 22 benchmark metric configs
2026-04-11 14:22:08 [INFO] Failed (with real reference LOB data): 2 benchmark metric configs
2026-04-11 14:22:08 [INFO] Skipped (needs true order-ID linkage): 2 metrics
2026-04-11 14:22:08 [INFO] 
── LOB-Bench-style overall aggregates (reference_comparison) ──
2026-04-11 14:22:08 [INFO]   Wasserstein aggregate: n=20  mean=0.599962  median=0.558088  iqm=0.569367  (lower is better)
2026-04-11 14:22:08 [INFO]   L1_by_group aggregate: n=20  mean=0.407832  median=0.400794  iqm=0.386413  (lower is better)
2026-04-11 14:22:08 [INFO] 
── generating plots ───────────────────────────────────
2026-04-11 14:22:08 [INFO] saved mid_price.png
2026-04-11 14:22:09 [INFO] saved spread.png
2026-04-11 14:22:10 [INFO] saved returns_dist.png
2026-04-11 14:22:10 [INFO] saved autocorr.png
2026-04-11 14:22:11 [INFO] saved inter_arrival_time.png
2026-04-11 14:22:11 [INFO] saved l1_volume.png
2026-04-11 14:22:13 [INFO] saved volume_per_minute.png
2026-04-11 14:22:13 [INFO] saved orderbook_imbalance.png
2026-04-11 14:22:14 [INFO] saved orderflow_imbalance.png
2026-04-11 14:22:14 [INFO] saved event_type_counts.png
2026-04-11 14:22:14 [INFO] Skipped time-to-fill/time-to-cancel plots: requires true order-ID linkage (not available in synthetic IDs).
2026-04-11 14:22:15 [INFO] saved overview_panel.png
2026-04-11 14:22:15 [INFO] Wrote metrics summary: /finance_ML/zhanghaohan/stock_language_model/saved_LOB_stream/pool_0709_0710_eval_0710_model_variants/sentence_preset_s2ip_k3_sepproj/sentence_s2ip_k3_sepproj_T10_k0_win50/fixed_start_model_blankgpt2_tokens_dynamic_anchor_txncomplete_002721XSHE_20260411_140221/metrics_summary.json
2026-04-11 14:22:15 [INFO] 
── all computed metrics summary ─────────────────────
2026-04-11 14:22:15 [INFO]   acf_returns_1min: [1.0, 0.18969093533647244, 0.026400940156855075, -0.421365103499169, -0.11403784066753227, 0.12048852448782203, -0.00901873910340046, -0.010521862287300504, -0.33173773756520347, -0.09714436438144691, -0.04443841836365602]
2026-04-11 14:22:15 [INFO]   direction_counts: {"-1": 20901, "1": 19252}
2026-04-11 14:22:15 [INFO]   direction_fractions: {"-1": 0.5205, "1": 0.4795}
2026-04-11 14:22:15 [INFO]   event_type_counts: {"1": 13499, "2": 832, "3": 4638, "4": 21184}
2026-04-11 14:22:15 [INFO]   event_type_fractions: {"1": 0.3362, "2": 0.0207, "3": 0.1155, "4": 0.5276}
2026-04-11 14:22:15 [INFO]   iat_ms: {"mean": 16843.29782746256, "median": 20.0, "n": 18964, "n_exec_excluded": 21184, "p95": 150.0, "std": 300740.71688818303}
2026-04-11 14:22:15 [INFO]   l1_volume: {"ask_mean": 234537.27960550893, "ask_median": 22200.0, "bid_mean": 23868.052449381117, "bid_median": 20000.0}
2026-04-11 14:22:15 [INFO]   mid_price: {"end_cny": 4.81, "end_price_int": 48100.0, "mean_cny": 4.831873708066644, "mean_price_int": 48318.73708066645, "mean_ticks_0p01": 483.1873708066645, "start_cny": 4.835, "start_price_int": 48350.0, "std_cny": 0.01305402678875831, "std_price_int": 130.54026788758432, "std_ticks_0p01": 1.3054026788758433, "total_return_bps": -51.70630816959676}
2026-04-11 14:22:15 [INFO]   ob_imbalance: {"mean": -0.2753266491359568, "median": -0.8072289156626506, "std": 0.7482701397585283}
2026-04-11 14:22:15 [INFO]   orderflow_imbalance: {"mean": -3.86942301450578, "n": 40053, "std": 115.27012283404368}
2026-04-11 14:22:15 [INFO]   returns_1min: {"kurtosis": 3.304193699940725, "mean": -0.00015893203365171014, "n": 13, "skew": -0.8311231684329617, "std": 0.0011833781082841567}
2026-04-11 14:22:15 [INFO]   spread_ticks: {"mean": 1.2084145458595534, "median": 1.0, "n": 35914, "pct_zero_spread": 0.10557119019749459, "std": 0.5011338777506799, "tick_size_cny": 0.01, "tick_size_price_int": 100}
2026-04-11 14:22:15 [INFO]   total_volume_5lvl: {"ask_mean": 923083.0811147362, "bid_mean": 418044.67489353224}
2026-04-11 14:22:15 [INFO]   volatility_1min: 0.0011833781082841567
2026-04-11 14:22:15 [INFO]   volume_per_minute: {"mean": 2687928.5810911255, "n": 868, "total": 2333122008.387097}
2026-04-11 14:22:15 [INFO]   [real-vs-generated comparative metrics]
2026-04-11 14:22:15 [INFO]   ask_cancellation_depth: {"l1_by_group": 0.3715209356555171, "n_generated": 3324, "n_real": 5465, "wasserstein": 0.2407877059981744}
2026-04-11 14:22:15 [INFO]   ask_cancellation_levels: {"l1_by_group": 0.22865845089316508, "n_generated": 1374, "n_real": 3418, "wasserstein": 0.3364739387076941}
2026-04-11 14:22:15 [INFO]   ask_volume: {"l1_by_group": 0.6602722428463724, "n_generated": 40153, "n_real": 49846, "wasserstein": 1.1756745452061879}
2026-04-11 14:22:15 [INFO]   ask_volume | spread: {"n_generated": 40153, "n_real": 49846, "num_condition_groups": 5, "per_group": {"1": {"n": 4612, "wasserstein": 0.3288793779514295}, "2": {"n": 78751, "wasserstein": 1.039364020200571}, "3": {"n": 5248, "wasserstein": 0.5336210109814365}, "4": {"n": 1303, "wasserstein": 2.2995588333296397}, "5": {"n": 85, "wasserstein": null}}, "weighted_wasserstein": null}
2026-04-11 14:22:15 [INFO]   ask_volume_touch: {"l1_by_group": 0.5353000718166427, "n_generated": 40153, "n_real": 49846, "wasserstein": 1.1322621581639405}
2026-04-11 14:22:15 [INFO]   bid_cancellation_depth: {"l1_by_group": 0.31944766542980835, "n_generated": 2112, "n_real": 2156, "wasserstein": 0.35227611084488714}
2026-04-11 14:22:15 [INFO]   bid_cancellation_levels: {"l1_by_group": 0.21391356466703507, "n_generated": 1418, "n_real": 1026, "wasserstein": 0.23796688663806637}
2026-04-11 14:22:15 [INFO]   bid_volume: {"l1_by_group": 0.7682126558846649, "n_generated": 40153, "n_real": 49846, "wasserstein": 0.897046496897199}
2026-04-11 14:22:15 [INFO]   bid_volume_touch: {"l1_by_group": 0.8910082398294005, "n_generated": 40153, "n_real": 49846, "wasserstein": 0.9326733768628923}
2026-04-11 14:22:15 [INFO]   limit_ask_order_depth: {"l1_by_group": 0.4180824288801767, "n_generated": 7276, "n_real": 18265, "wasserstein": 0.2577250410485767}
2026-04-11 14:22:15 [INFO]   limit_ask_order_levels: {"l1_by_group": 0.5717291045714538, "n_generated": 3174, "n_real": 12793, "wasserstein": 1.112339042758794}
2026-04-11 14:22:15 [INFO]   limit_bid_order_depth: {"l1_by_group": 0.4622215899802965, "n_generated": 6155, "n_real": 2604, "wasserstein": 0.4650119471103527}
2026-04-11 14:22:15 [INFO]   limit_bid_order_levels: {"l1_by_group": 0.383504786927167, "n_generated": 4348, "n_real": 1888, "wasserstein": 0.7508898868173468}
2026-04-11 14:22:15 [INFO]   log_inter_arrival_time: {"l1_by_group": 0.12560878596119823, "n_generated": 40148, "n_real": 49845, "wasserstein": 0.062308907325345664}
2026-04-11 14:22:15 [INFO]   ofi: {"l1_by_group": 2.010211876333599e-05, "n_generated": 40053, "n_real": 49746, "wasserstein": 0.23146389840123793}
2026-04-11 14:22:15 [INFO]   ofi_down: {"l1_by_group": 0.4513574660633484, "n_generated": 102, "n_real": 52, "wasserstein": 0.7483019912085427}
2026-04-11 14:22:15 [INFO]   ofi_stay: {"l1_by_group": 2.0145044319114196e-05, "n_generated": 39856, "n_real": 49640, "wasserstein": 0.23108740913484205}
2026-04-11 14:22:15 [INFO]   ofi_up: {"l1_by_group": 0.45824969891609796, "n_generated": 94, "n_real": 53, "wasserstein": 0.789852686480351}
2026-04-11 14:22:15 [INFO]   orderbook_imbalance: {"l1_by_group": 0.8725890306435405, "n_generated": 40153, "n_real": 49846, "wasserstein": 0.9490068371782895}
2026-04-11 14:22:15 [INFO]   spread: {"l1_by_group": 0.2357915101846939, "n_generated": 40153, "n_real": 49846, "wasserstein": 0.6511642721842636}
2026-04-11 14:22:15 [INFO]   spread | time: {"n_generated": 40153, "n_real": 49846, "num_condition_groups": 19, "per_group": {"1": {"n": 1125, "wasserstein": null}, "10": {"n": 51420, "wasserstein": 2.190422072074543}, "12": {"n": 1123, "wasserstein": null}, "13": {"n": 533, "wasserstein": null}, "14": {"n": 982, "wasserstein": null}, "15": {"n": 1207, "wasserstein": null}, "16": {"n": 7527, "wasserstein": null}, "17": {"n": 2057, "wasserstein": null}, "19": {"n": 3112, "wasserstein": null}, "2": {"n": 1063, "wasserstein": null}, "20": {"n": 1913, "wasserstein": null}, "22": {"n": 1674, "wasserstein": null}, "23": {"n": 4624, "wasserstein": null}, "3": {"n": 3313, "wasserstein": null}, "4": {"n": 1069, "wasserstein": null}, "5": {"n": 326, "wasserstein": null}, "6": {"n": 1916, "wasserstein": null}, "7": {"n": 1130, "wasserstein": null}, "9": {"n": 3885, "wasserstein": null}}, "weighted_wasserstein": null}
2026-04-11 14:22:15 [INFO]   vol_per_min: {"l1_by_group": 0.18912199854474898, "n_generated": 868, "n_real": 589, "wasserstein": 0.44492334933694955}
[2026-04-11 14:22:15] [DONE] metrics_summary: /finance_ML/zhanghaohan/stock_language_model/saved_LOB_stream/pool_0709_0710_eval_0710_model_variants/sentence_preset_s2ip_k3_sepproj/sentence_s2ip_k3_sepproj_T10_k0_win50/fixed_start_model_blankgpt2_tokens_dynamic_anchor_txncomplete_002721XSHE_20260411_140221/metrics_summary.json
