[2026-04-11 18:41:57] [INFO] Experiment folder: /finance_ML/zhanghaohan/stock_language_model/saved_LOB_stream/pool_0709_0710_eval_0710_model_variants/sentence_preset_s2ip_k3_marginsep/sentence_s2ip_k3_marginsep_T10_k0_win50/fixed_start_model_blankgpt2_tokens_dynamic_anchor_txncomplete_002263XSHE_20260411_184157
[2026-04-11 18:41:57] [INFO] checkpoint: /finance_ML/zhanghaohan/stock_language_model/training_runs/pool_0709_0710_train0709_sentence_preset_s2ip_win50_k3_margin_sep_diag/002263XSHE/model_cache/preGPT2sentS2IP_20250709_txncomplete_002263XSHE_win50_k3_20260411_163226_best.pt
[2026-04-11 18:41:57] [INFO] device: cuda greedy=False
/finance_ML/zhanghaohan/stock_language_model/scripts/hist_script/replay_decoded_real_tokens_openbidanchor_txncomplete_fixed_start.py:117: DtypeWarning: Columns (1,2,3,5,6,7,8,9,10,11,12,13,14,15,16,17,18,19,20,21,22,23,24,25,26,27,28,29,30,31,32,33,34,35,36,37,38,39,40,41,42,43,44,45,46,47,48,49,50,51,52,53,54,55,56,57,58,59,60,61,62,63,64,65,66,67,68,69,70,71,72,73,74,75,76,77,78,79,80,81,82,83,84,85,86,88) have mixed types. Specify dtype option on import or set low_memory=False.
  lob_info = pd.read_csv(lob_snap_path, header=None, names=columns)
[2026-04-11 18:52:59] [INFO] tokenizable_rows=36305 token_exact_match_rate_all=0.001432 tail_after_seed=0.000055
[2026-04-11 18:53:06] [INFO] Running eval vs clean reference...
2026-04-11 18:53:06 [INFO] ======================================================================
2026-04-11 18:53:06 [INFO] decoded real-token open-anchor txn-complete evaluation
2026-04-11 18:53:06 [INFO] ======================================================================
2026-04-11 18:53:06 [INFO] Evaluating: /finance_ML/zhanghaohan/stock_language_model/saved_LOB_stream/pool_0709_0710_eval_0710_model_variants/sentence_preset_s2ip_k3_marginsep/sentence_s2ip_k3_marginsep_T10_k0_win50/fixed_start_model_blankgpt2_tokens_dynamic_anchor_txncomplete_002263XSHE_20260411_184157
2026-04-11 18:53:06 [INFO] 
── loading data ───────────────────────────────────────
2026-04-11 18:53:06 [INFO] Loading LOBSTER data from /finance_ML/zhanghaohan/stock_language_model/saved_LOB_stream/pool_0709_0710_eval_0710_model_variants/sentence_preset_s2ip_k3_marginsep/sentence_s2ip_k3_marginsep_T10_k0_win50/fixed_start_model_blankgpt2_tokens_dynamic_anchor_txncomplete_002263XSHE_20260411_184157
2026-04-11 18:53:06 [INFO] Loaded 11,215 rows | 10 book levels | date 2025-07-10
2026-04-11 18:53:06 [INFO] Loading real reference LOBSTER data from /finance_ML/zhanghaohan/stock_language_model/saved_LOB_stream/fixed_start_realflow_generate_lobster_openbidanchor_txncomplete_002263XSHE_20260405_132652
2026-04-11 18:53:06 [INFO] Loading LOBSTER data from /finance_ML/zhanghaohan/stock_language_model/saved_LOB_stream/fixed_start_realflow_generate_lobster_openbidanchor_txncomplete_002263XSHE_20260405_132652
2026-04-11 18:53:06 [INFO] Loaded 16,122 rows | 10 book levels | date 2025-07-10
2026-04-11 18:53:06 [INFO] 
── computing metrics ──────────────────────────────────
/finance_ML/zhanghaohan/mycondaenv/lib/python3.8/site-packages/statsmodels/tsa/stattools.py:693: RuntimeWarning: invalid value encountered in divide
  acf = avf[: nlags + 1] / avf[0]
2026-04-11 18:53:07 [WARNING] Reference metric log_time_to_cancel skipped: <lambda>() got an unexpected keyword argument 'include_groups'
2026-04-11 18:53:07 [WARNING] Reference metric ofi_up skipped: empty real or generated sample after cleaning
2026-04-11 18:53:07 [WARNING] Reference metric ofi_down skipped: empty real or generated sample after cleaning
2026-04-11 18:53:08 [WARNING] Reference conditional metric spread | volatility skipped: Invalid frequency: 0.1s
2026-04-11 18:53:08 [INFO] Computed now (generated-only): 15 metric groups
2026-04-11 18:53:08 [INFO] Computed (with real reference LOB data): 20 benchmark metric configs
2026-04-11 18:53:08 [INFO] Failed (with real reference LOB data): 4 benchmark metric configs
2026-04-11 18:53:08 [INFO] Skipped (needs true order-ID linkage): 2 metrics
2026-04-11 18:53:08 [INFO] 
── LOB-Bench-style overall aggregates (reference_comparison) ──
2026-04-11 18:53:08 [INFO]   Wasserstein aggregate: n=18  mean=0.831017  median=0.596353  iqm=0.615669  (lower is better)
2026-04-11 18:53:08 [INFO]   L1_by_group aggregate: n=18  mean=0.547741  median=0.5313  iqm=0.575878  (lower is better)
2026-04-11 18:53:08 [INFO] 
── generating plots ───────────────────────────────────
2026-04-11 18:53:09 [INFO] saved mid_price.png
2026-04-11 18:53:10 [INFO] saved spread.png
2026-04-11 18:53:10 [INFO] saved returns_dist.png
/finance_ML/zhanghaohan/mycondaenv/lib/python3.8/site-packages/statsmodels/tsa/stattools.py:693: RuntimeWarning: invalid value encountered in divide
  acf = avf[: nlags + 1] / avf[0]
2026-04-11 18:53:10 [INFO] saved autocorr.png
2026-04-11 18:53:11 [INFO] saved inter_arrival_time.png
2026-04-11 18:53:11 [INFO] saved l1_volume.png
2026-04-11 18:53:12 [INFO] saved volume_per_minute.png
2026-04-11 18:53:12 [INFO] saved orderbook_imbalance.png
2026-04-11 18:53:13 [INFO] saved orderflow_imbalance.png
2026-04-11 18:53:13 [INFO] saved event_type_counts.png
2026-04-11 18:53:13 [INFO] Skipped time-to-fill/time-to-cancel plots: requires true order-ID linkage (not available in synthetic IDs).
2026-04-11 18:53:14 [INFO] saved overview_panel.png
2026-04-11 18:53:14 [INFO] Wrote metrics summary: /finance_ML/zhanghaohan/stock_language_model/saved_LOB_stream/pool_0709_0710_eval_0710_model_variants/sentence_preset_s2ip_k3_marginsep/sentence_s2ip_k3_marginsep_T10_k0_win50/fixed_start_model_blankgpt2_tokens_dynamic_anchor_txncomplete_002263XSHE_20260411_184157/metrics_summary.json
2026-04-11 18:53:14 [INFO] 
── all computed metrics summary ─────────────────────
2026-04-11 18:53:14 [INFO]   acf_returns_1min: [NaN, NaN, NaN, NaN, NaN]
2026-04-11 18:53:14 [INFO]   direction_counts: {"-1": 5364, "1": 5851}
2026-04-11 18:53:14 [INFO]   direction_fractions: {"-1": 0.4783, "1": 0.5217}
2026-04-11 18:53:14 [INFO]   event_type_counts: {"1": 3939, "2": 226, "3": 1362, "4": 5688}
2026-04-11 18:53:14 [INFO]   event_type_fractions: {"1": 0.3512, "2": 0.0202, "3": 0.1214, "4": 0.5072}
2026-04-11 18:53:14 [INFO]   iat_ms: {"mean": 1044.509591024249, "median": 40.0, "n": 5526, "n_exec_excluded": 5688, "p95": 227.5, "std": 72649.03301623391}
2026-04-11 18:53:14 [INFO]   l1_volume: {"ask_mean": 76200.0, "ask_median": 76200.0, "bid_mean": 40034.35577351761, "bid_median": 40100.0}
2026-04-11 18:53:14 [INFO]   mid_price: {"end_cny": 4.345, "end_price_int": 43450.0, "mean_cny": 4.345, "mean_price_int": 43450.0, "mean_ticks_0p01": 434.5, "start_cny": 4.345, "start_price_int": 43450.0, "std_cny": 0.0, "std_price_int": 0.0, "std_ticks_0p01": 0.0, "total_return_bps": 0.0}
2026-04-11 18:53:14 [INFO]   ob_imbalance: {"mean": -0.31144444405227084, "median": -0.3104041272570937, "std": 0.02002632823569033}
2026-04-11 18:53:14 [INFO]   orderflow_imbalance: {"mean": -0.3497975708502024, "n": 11115, "std": 5.231890856727093}
2026-04-11 18:53:14 [INFO]   returns_1min: {"kurtosis": 0.0, "mean": 0.0, "n": 6, "skew": 0.0, "std": 0.0}
2026-04-11 18:53:14 [INFO]   spread_ticks: {"mean": 1.0, "median": 1.0, "n": 11215, "pct_zero_spread": 0.0, "std": 0.0, "tick_size_cny": 0.01, "tick_size_price_int": 100}
2026-04-11 18:53:14 [INFO]   total_volume_5lvl: {"ask_mean": 853544.9219794917, "bid_mean": 3724163.0494872937}
2026-04-11 18:53:14 [INFO]   volatility_1min: 0.0
2026-04-11 18:53:14 [INFO]   volume_per_minute: {"mean": 1537748.4848484849, "n": 369, "total": 567429190.9090909}
2026-04-11 18:53:14 [INFO]   [real-vs-generated comparative metrics]
2026-04-11 18:53:14 [INFO]   ask_cancellation_depth: {"l1_by_group": 0.6643660142745424, "n_generated": 1518, "n_real": 1117, "wasserstein": 1.1003930536114197}
2026-04-11 18:53:14 [INFO]   ask_cancellation_levels: {"l1_by_group": 0.3643181818181818, "n_generated": 176, "n_real": 800, "wasserstein": 0.8344896135382169}
2026-04-11 18:53:14 [INFO]   ask_volume: {"l1_by_group": 0.7592814331515773, "n_generated": 11215, "n_real": 16122, "wasserstein": 0.7803774644349921}
2026-04-11 18:53:14 [INFO]   ask_volume | spread: {"n_generated": 11215, "n_real": 16122, "num_condition_groups": 2, "per_group": {"1": {"n": 27324, "wasserstein": 0.030696738585108258}, "2": {"n": 13, "wasserstein": null}}, "weighted_wasserstein": null}
2026-04-11 18:53:14 [INFO]   ask_volume_touch: {"l1_by_group": 0.0005582433941198211, "n_generated": 11215, "n_real": 16122, "wasserstein": 0.03067927967129167}
2026-04-11 18:53:14 [INFO]   bid_cancellation_depth: {"l1_by_group": 0.39823300389338123, "n_generated": 70, "n_real": 1908, "wasserstein": 0.4046809262796732}
2026-04-11 18:53:14 [INFO]   bid_cancellation_levels: {"l1_by_group": 0.3631271878646441, "n_generated": 55, "n_real": 1714, "wasserstein": 0.7062321692796101}
2026-04-11 18:53:14 [INFO]   bid_volume: {"l1_by_group": 0.951867014018112, "n_generated": 11215, "n_real": 16122, "wasserstein": 0.7133100633039083}
2026-04-11 18:53:14 [INFO]   bid_volume_touch: {"l1_by_group": 0.9814539139064631, "n_generated": 11215, "n_real": 16122, "wasserstein": 1.6394615490345907}
2026-04-11 18:53:14 [INFO]   limit_ask_order_depth: {"l1_by_group": 0.8387618421350136, "n_generated": 3832, "n_real": 4432, "wasserstein": 1.245719536732588}
2026-04-11 18:53:14 [INFO]   limit_ask_order_levels: {"l1_by_group": 0.8438940758489631, "n_generated": 130, "n_real": 3724, "wasserstein": 3.4112178390094736}
2026-04-11 18:53:14 [INFO]   limit_bid_order_depth: {"l1_by_group": 0.37385666936940776, "n_generated": 107, "n_real": 2628, "wasserstein": 0.44470932031746646}
2026-04-11 18:53:14 [INFO]   limit_bid_order_levels: {"l1_by_group": 0.364310867473816, "n_generated": 89, "n_real": 2476, "wasserstein": 0.4864748212389814}
2026-04-11 18:53:14 [INFO]   log_inter_arrival_time: {"l1_by_group": 0.04377530072398026, "n_generated": 11214, "n_real": 16121, "wasserstein": 0.04053854834272946}
2026-04-11 18:53:14 [INFO]   ofi: {"l1_by_group": 0.8651884697676995, "n_generated": 11115, "n_real": 16022, "wasserstein": 0.480163663167145}
2026-04-11 18:53:14 [INFO]   ofi_stay: {"l1_by_group": 0.8654304249220938, "n_generated": 11114, "n_real": 16013, "wasserstein": 0.4795952591298469}
2026-04-11 18:53:14 [INFO]   orderbook_imbalance: {"l1_by_group": 0.9939562375009146, "n_generated": 11215, "n_real": 16122, "wasserstein": 1.9599808241273964}
2026-04-11 18:53:14 [INFO]   spread: {"l1_by_group": 0.0008063515692842109, "n_generated": 11215, "n_real": 16122, "wasserstein": 0.03698482177943011}
2026-04-11 18:53:14 [INFO]   spread | time: {"n_generated": 11215, "n_real": 16122, "num_condition_groups": 2, "per_group": {"10": {"n": 20317, "wasserstein": 0.03188679350466891}, "12": {"n": 7020, "wasserstein": null}}, "weighted_wasserstein": null}
2026-04-11 18:53:14 [INFO]   vol_per_min: {"l1_by_group": 0.18615151289127574, "n_generated": 369, "n_real": 545, "wasserstein": 0.16329138159749174}
[2026-04-11 18:53:14] [DONE] metrics_summary: /finance_ML/zhanghaohan/stock_language_model/saved_LOB_stream/pool_0709_0710_eval_0710_model_variants/sentence_preset_s2ip_k3_marginsep/sentence_s2ip_k3_marginsep_T10_k0_win50/fixed_start_model_blankgpt2_tokens_dynamic_anchor_txncomplete_002263XSHE_20260411_184157/metrics_summary.json
