[2026-04-16 22:43:29] [INFO] Experiment folder: /finance_ML/zhanghaohan/stock_language_model/saved_LOB_stream/pool_0709_0710_eval_0710_model_variants/sentence_preset_s2ip_trackA_clustered_topk1_routerdiag/sentence_s2ip_trackA_T10_k0_win50/fixed_start_model_blankgpt2_tokens_dynamic_anchor_txncomplete_002263XSHE_20260416_224329
[2026-04-16 22:43:29] [INFO] checkpoint: /finance_ML/zhanghaohan/stock_language_model/training_runs/pool_0709_0710_train0709_sentence_preset_s2ip_win50_trackA_clustered_topk1_routerdiag/002263XSHE/model_cache/preGPT2sentS2IP_20250709_txncomplete_002263XSHE_win50_k1_20260416_182750_best.pt
[2026-04-16 22:43:29] [INFO] device: cuda greedy=False
/finance_ML/zhanghaohan/stock_language_model/scripts/hist_script/replay_decoded_real_tokens_openbidanchor_txncomplete_fixed_start.py:117: DtypeWarning: Columns (1,2,3,5,6,7,8,9,10,11,12,13,14,15,16,17,18,19,20,21,22,23,24,25,26,27,28,29,30,31,32,33,34,35,36,37,38,39,40,41,42,43,44,45,46,47,48,49,50,51,52,53,54,55,56,57,58,59,60,61,62,63,64,65,66,67,68,69,70,71,72,73,74,75,76,77,78,79,80,81,82,83,84,85,86,88) have mixed types. Specify dtype option on import or set low_memory=False.
  lob_info = pd.read_csv(lob_snap_path, header=None, names=columns)
[2026-04-16 22:53:36] [INFO] tokenizable_rows=36305 token_exact_match_rate_all=0.001405 tail_after_seed=0.000028
[2026-04-16 22:53:43] [INFO] Running eval vs clean reference...
2026-04-16 22:53:43 [INFO] ======================================================================
2026-04-16 22:53:43 [INFO] decoded real-token open-anchor txn-complete evaluation
2026-04-16 22:53:43 [INFO] ======================================================================
2026-04-16 22:53:43 [INFO] Evaluating: /finance_ML/zhanghaohan/stock_language_model/saved_LOB_stream/pool_0709_0710_eval_0710_model_variants/sentence_preset_s2ip_trackA_clustered_topk1_routerdiag/sentence_s2ip_trackA_T10_k0_win50/fixed_start_model_blankgpt2_tokens_dynamic_anchor_txncomplete_002263XSHE_20260416_224329
2026-04-16 22:53:43 [INFO] 
── loading data ───────────────────────────────────────
2026-04-16 22:53:43 [INFO] Loading LOBSTER data from /finance_ML/zhanghaohan/stock_language_model/saved_LOB_stream/pool_0709_0710_eval_0710_model_variants/sentence_preset_s2ip_trackA_clustered_topk1_routerdiag/sentence_s2ip_trackA_T10_k0_win50/fixed_start_model_blankgpt2_tokens_dynamic_anchor_txncomplete_002263XSHE_20260416_224329
2026-04-16 22:53:43 [INFO] Loaded 11,385 rows | 10 book levels | date 2025-07-10
2026-04-16 22:53:43 [INFO] Loading real reference LOBSTER data from /finance_ML/zhanghaohan/stock_language_model/saved_LOB_stream/fixed_start_realflow_generate_lobster_openbidanchor_txncomplete_002263XSHE_20260405_132652
2026-04-16 22:53:43 [INFO] Loading LOBSTER data from /finance_ML/zhanghaohan/stock_language_model/saved_LOB_stream/fixed_start_realflow_generate_lobster_openbidanchor_txncomplete_002263XSHE_20260405_132652
2026-04-16 22:53:43 [INFO] Loaded 16,122 rows | 10 book levels | date 2025-07-10
2026-04-16 22:53:43 [INFO] 
── computing metrics ──────────────────────────────────
/finance_ML/zhanghaohan/mycondaenv/lib/python3.8/site-packages/statsmodels/tsa/stattools.py:693: RuntimeWarning: invalid value encountered in divide
  acf = avf[: nlags + 1] / avf[0]
2026-04-16 22:53:43 [WARNING] Reference metric log_time_to_cancel skipped: <lambda>() got an unexpected keyword argument 'include_groups'
2026-04-16 22:53:44 [WARNING] Reference metric ofi_up skipped: empty real or generated sample after cleaning
2026-04-16 22:53:44 [WARNING] Reference metric ofi_down skipped: empty real or generated sample after cleaning
2026-04-16 22:53:44 [WARNING] Reference conditional metric spread | volatility skipped: Invalid frequency: 0.1s
2026-04-16 22:53:44 [INFO] Computed now (generated-only): 15 metric groups
2026-04-16 22:53:44 [INFO] Computed (with real reference LOB data): 20 benchmark metric configs
2026-04-16 22:53:44 [INFO] Failed (with real reference LOB data): 4 benchmark metric configs
2026-04-16 22:53:44 [INFO] Skipped (needs true order-ID linkage): 2 metrics
2026-04-16 22:53:44 [INFO] 
── LOB-Bench-style overall aggregates (reference_comparison) ──
2026-04-16 22:53:44 [INFO]   Wasserstein aggregate: n=19  mean=0.689016  median=0.476132  iqm=0.476765  (lower is better)
2026-04-16 22:53:44 [INFO]   L1_by_group aggregate: n=18  mean=0.539459  median=0.561334  iqm=0.568886  (lower is better)
2026-04-16 22:53:44 [INFO] 
── generating plots ───────────────────────────────────
2026-04-16 22:53:45 [INFO] saved mid_price.png
2026-04-16 22:53:45 [INFO] saved spread.png
2026-04-16 22:53:46 [INFO] saved returns_dist.png
/finance_ML/zhanghaohan/mycondaenv/lib/python3.8/site-packages/statsmodels/tsa/stattools.py:693: RuntimeWarning: invalid value encountered in divide
  acf = avf[: nlags + 1] / avf[0]
2026-04-16 22:53:46 [INFO] saved autocorr.png
2026-04-16 22:53:46 [INFO] saved inter_arrival_time.png
2026-04-16 22:53:47 [INFO] saved l1_volume.png
2026-04-16 22:53:48 [INFO] saved volume_per_minute.png
2026-04-16 22:53:48 [INFO] saved orderbook_imbalance.png
2026-04-16 22:53:49 [INFO] saved orderflow_imbalance.png
2026-04-16 22:53:49 [INFO] saved event_type_counts.png
2026-04-16 22:53:49 [INFO] Skipped time-to-fill/time-to-cancel plots: requires true order-ID linkage (not available in synthetic IDs).
2026-04-16 22:53:50 [INFO] saved overview_panel.png
2026-04-16 22:53:50 [INFO] Wrote metrics summary: /finance_ML/zhanghaohan/stock_language_model/saved_LOB_stream/pool_0709_0710_eval_0710_model_variants/sentence_preset_s2ip_trackA_clustered_topk1_routerdiag/sentence_s2ip_trackA_T10_k0_win50/fixed_start_model_blankgpt2_tokens_dynamic_anchor_txncomplete_002263XSHE_20260416_224329/metrics_summary.json
2026-04-16 22:53:50 [INFO] 
── all computed metrics summary ─────────────────────
2026-04-16 22:53:50 [INFO]   acf_returns_1min: [NaN, NaN, NaN, NaN, NaN]
2026-04-16 22:53:50 [INFO]   direction_counts: {"-1": 5405, "1": 5980}
2026-04-16 22:53:50 [INFO]   direction_fractions: {"-1": 0.4747, "1": 0.5253}
2026-04-16 22:53:50 [INFO]   event_type_counts: {"1": 4064, "2": 228, "3": 1298, "4": 5795}
2026-04-16 22:53:50 [INFO]   event_type_fractions: {"1": 0.357, "2": 0.02, "3": 0.114, "4": 0.509}
2026-04-16 22:53:50 [INFO]   iat_ms: {"mean": 67.86544999105385, "median": 40.0, "n": 5589, "n_exec_excluded": 5795, "p95": 230.0, "std": 82.45629069054729}
2026-04-16 22:53:50 [INFO]   l1_volume: {"ask_mean": 76200.0, "ask_median": 76200.0, "bid_mean": 45588.32674571805, "bid_median": 45900.0}
2026-04-16 22:53:50 [INFO]   mid_price: {"end_cny": 4.345, "end_price_int": 43450.0, "mean_cny": 4.345, "mean_price_int": 43450.0, "mean_ticks_0p01": 434.5, "start_cny": 4.345, "start_price_int": 43450.0, "std_cny": 0.0, "std_price_int": 0.0, "std_ticks_0p01": 0.0, "total_return_bps": 0.0}
2026-04-16 22:53:50 [INFO]   ob_imbalance: {"mean": -0.2520491720473951, "median": -0.24815724815724816, "std": 0.029442267541904737}
2026-04-16 22:53:50 [INFO]   orderflow_imbalance: {"mean": 0.22188746123172354, "n": 11285, "std": 10.801651810367908}
2026-04-16 22:53:50 [INFO]   returns_1min: {"kurtosis": 0.0, "mean": 0.0, "n": 6, "skew": 0.0, "std": 0.0}
2026-04-16 22:53:50 [INFO]   spread_ticks: {"mean": 1.0, "median": 1.0, "n": 11385, "pct_zero_spread": 0.0, "std": 0.0, "tick_size_cny": 0.01, "tick_size_price_int": 100}
2026-04-16 22:53:50 [INFO]   total_volume_5lvl: {"ask_mean": 831536.9696969697, "bid_mean": 5405975.893631971}
2026-04-16 22:53:50 [INFO]   volatility_1min: 0.0
2026-04-16 22:53:50 [INFO]   volume_per_minute: {"mean": 1573547.7272727273, "n": 376, "total": 591653945.4545455}
2026-04-16 22:53:50 [INFO]   [real-vs-generated comparative metrics]
2026-04-16 22:53:50 [INFO]   ask_cancellation_depth: {"l1_by_group": 0.65127262024653, "n_generated": 1457, "n_real": 1117, "wasserstein": 1.0767390874117808}
2026-04-16 22:53:50 [INFO]   ask_cancellation_levels: {"l1_by_group": 0.35020270270270276, "n_generated": 148, "n_real": 800, "wasserstein": 0.6302462473811296}
2026-04-16 22:53:50 [INFO]   ask_volume: {"l1_by_group": 0.805679421682399, "n_generated": 11385, "n_real": 16122, "wasserstein": 0.573795312375656}
2026-04-16 22:53:50 [INFO]   ask_volume | spread: {"n_generated": 11385, "n_real": 16122, "num_condition_groups": 2, "per_group": {"1": {"n": 27494, "wasserstein": 0.030792054797937292}, "2": {"n": 13, "wasserstein": null}}, "weighted_wasserstein": null}
2026-04-16 22:53:50 [INFO]   ask_volume_touch: {"l1_by_group": 0.0005582433941198211, "n_generated": 11385, "n_real": 16122, "wasserstein": 0.03077449645436121}
2026-04-16 22:53:50 [INFO]   bid_cancellation_depth: {"l1_by_group": 0.43184304074377905, "n_generated": 69, "n_real": 1908, "wasserstein": 0.28698120610567307}
2026-04-16 22:53:50 [INFO]   bid_cancellation_levels: {"l1_by_group": 0.4713956955788928, "n_generated": 72, "n_real": 1714, "wasserstein": 0.531691000142145}
2026-04-16 22:53:50 [INFO]   bid_volume: {"l1_by_group": 0.9321424140925444, "n_generated": 11385, "n_real": 16122, "wasserstein": 0.47031395541039095}
2026-04-16 22:53:50 [INFO]   bid_volume_touch: {"l1_by_group": 0.9857392062728545, "n_generated": 11385, "n_real": 16122, "wasserstein": 1.6334665159557236}
2026-04-16 22:53:50 [INFO]   limit_ask_order_depth: {"l1_by_group": 0.8333493160615866, "n_generated": 3934, "n_real": 4432, "wasserstein": 1.2155878189635416}
2026-04-16 22:53:50 [INFO]   limit_ask_order_levels: {"l1_by_group": 0.6968520201602908, "n_generated": 52, "n_real": 3724, "wasserstein": 2.5990624714699373}
2026-04-16 22:53:50 [INFO]   limit_bid_order_depth: {"l1_by_group": 0.30727081138040035, "n_generated": 130, "n_real": 2628, "wasserstein": 0.412764385287169}
2026-04-16 22:53:50 [INFO]   limit_bid_order_levels: {"l1_by_group": 0.31049655641527085, "n_generated": 114, "n_real": 2476, "wasserstein": 0.43225925909789176}
2026-04-16 22:53:50 [INFO]   log_inter_arrival_time: {"l1_by_group": 0.045495484931397434, "n_generated": 11384, "n_real": 16121, "wasserstein": 0.03991101759452536}
2026-04-16 22:53:50 [INFO]   ofi: {"l1_by_group": 0.837577368557312, "n_generated": 11285, "n_real": 16022, "wasserstein": 0.4767048443006956}
2026-04-16 22:53:50 [INFO]   ofi_stay: {"l1_by_group": 0.8374974068946506, "n_generated": 11284, "n_real": 16013, "wasserstein": 0.47613183055482966}
2026-04-16 22:53:50 [INFO]   orderbook_imbalance: {"l1_by_group": 0.9959062151097879, "n_generated": 11385, "n_real": 16122, "wasserstein": 1.9491398067811219}
2026-04-16 22:53:50 [INFO]   spread: {"l1_by_group": 0.0008063515692842109, "n_generated": 11385, "n_real": 16122, "wasserstein": 0.037099591547447276}
2026-04-16 22:53:50 [INFO]   spread | time: {"n_generated": 11385, "n_real": 16122, "num_condition_groups": 1, "per_group": {"10": {"n": 27507, "wasserstein": 0.037099591547447276}}, "weighted_wasserstein": 0.037099591547447276}
2026-04-16 22:53:50 [INFO]   vol_per_min: {"l1_by_group": 0.21617704470037089, "n_generated": 376, "n_real": 545, "wasserstein": 0.18153566756116213}
[2026-04-16 22:53:50] [DONE] metrics_summary: /finance_ML/zhanghaohan/stock_language_model/saved_LOB_stream/pool_0709_0710_eval_0710_model_variants/sentence_preset_s2ip_trackA_clustered_topk1_routerdiag/sentence_s2ip_trackA_T10_k0_win50/fixed_start_model_blankgpt2_tokens_dynamic_anchor_txncomplete_002263XSHE_20260416_224329/metrics_summary.json
