[2026-04-16 17:42:44] [INFO] Experiment folder: /finance_ML/zhanghaohan/stock_language_model/saved_LOB_stream/pool_0709_0710_eval_0710_model_variants/sentence_preset_s2ip_trackA_clustered_ep3/sentence_s2ip_trackA_T10_k0_win50/fixed_start_model_blankgpt2_tokens_dynamic_anchor_txncomplete_002721XSHE_20260416_174244
[2026-04-16 17:42:44] [INFO] checkpoint: /finance_ML/zhanghaohan/stock_language_model/training_runs/pool_0709_0710_train0709_sentence_preset_s2ip_win50_trackA_clustered/002721XSHE/model_cache/preGPT2sentS2IP_20250709_txncomplete_002721XSHE_win50_k3_20260416_134556_best.pt
[2026-04-16 17:42:44] [INFO] device: cuda greedy=False
/finance_ML/zhanghaohan/stock_language_model/scripts/hist_script/replay_decoded_real_tokens_openbidanchor_txncomplete_fixed_start.py:117: DtypeWarning: Columns (1,2,3,5,6,7,8,9,10,11,12,13,14,15,16,17,18,19,20,21,22,23,24,25,26,27,28,29,30,31,32,33,34,35,36,37,38,39,40,41,42,43,44,45,46,47,48,49,50,51,52,53,54,55,56,57,58,59,60,61,62,63,64,65,66,67,68,69,70,71,72,73,74,75,76,77,78,79,80,81,82,83,84,85,86,88) have mixed types. Specify dtype option on import or set low_memory=False.
  lob_info = pd.read_csv(lob_snap_path, header=None, names=columns)
[2026-04-16 18:01:11] [INFO] tokenizable_rows=129693 token_exact_match_rate_all=0.000894 tail_after_seed=0.000509
[2026-04-16 18:01:35] [INFO] Running eval vs clean reference...
2026-04-16 18:01:35 [INFO] ======================================================================
2026-04-16 18:01:35 [INFO] decoded real-token open-anchor txn-complete evaluation
2026-04-16 18:01:35 [INFO] ======================================================================
2026-04-16 18:01:35 [INFO] Evaluating: /finance_ML/zhanghaohan/stock_language_model/saved_LOB_stream/pool_0709_0710_eval_0710_model_variants/sentence_preset_s2ip_trackA_clustered_ep3/sentence_s2ip_trackA_T10_k0_win50/fixed_start_model_blankgpt2_tokens_dynamic_anchor_txncomplete_002721XSHE_20260416_174244
2026-04-16 18:01:35 [INFO] 
── loading data ───────────────────────────────────────
2026-04-16 18:01:35 [INFO] Loading LOBSTER data from /finance_ML/zhanghaohan/stock_language_model/saved_LOB_stream/pool_0709_0710_eval_0710_model_variants/sentence_preset_s2ip_trackA_clustered_ep3/sentence_s2ip_trackA_T10_k0_win50/fixed_start_model_blankgpt2_tokens_dynamic_anchor_txncomplete_002721XSHE_20260416_174244
2026-04-16 18:01:36 [INFO] Loaded 43,737 rows | 10 book levels | date 2025-07-10
2026-04-16 18:01:36 [INFO] Loading real reference LOBSTER data from /finance_ML/zhanghaohan/stock_language_model/saved_LOB_stream/fixed_start_realflow_generate_lobster_openbidanchor_txncomplete_002721XSHE_20260410_192312
2026-04-16 18:01:36 [INFO] Loading LOBSTER data from /finance_ML/zhanghaohan/stock_language_model/saved_LOB_stream/fixed_start_realflow_generate_lobster_openbidanchor_txncomplete_002721XSHE_20260410_192312
2026-04-16 18:01:37 [INFO] Loaded 49,846 rows | 10 book levels | date 2025-07-10
2026-04-16 18:01:37 [INFO] 
── computing metrics ──────────────────────────────────
/finance_ML/zhanghaohan/stock_language_model/scripts/hist_script/eval_generated_stream.py:233: RuntimeWarning: invalid value encountered in log
  'gen_fn': lambda m, b: np.log(ev.inter_arrival_time(m).replace({0: 1e-9}).values.astype(float)),
2026-04-16 18:01:38 [WARNING] Reference metric log_time_to_cancel skipped: <lambda>() got an unexpected keyword argument 'include_groups'
2026-04-16 18:01:42 [WARNING] Reference conditional metric spread | volatility skipped: Invalid frequency: 0.1s
2026-04-16 18:01:42 [INFO] Computed now (generated-only): 15 metric groups
2026-04-16 18:01:42 [INFO] Computed (with real reference LOB data): 22 benchmark metric configs
2026-04-16 18:01:42 [INFO] Failed (with real reference LOB data): 2 benchmark metric configs
2026-04-16 18:01:42 [INFO] Skipped (needs true order-ID linkage): 2 metrics
2026-04-16 18:01:42 [INFO] 
── LOB-Bench-style overall aggregates (reference_comparison) ──
2026-04-16 18:01:42 [INFO]   Wasserstein aggregate: n=20  mean=0.599028  median=0.526352  iqm=0.564536  (lower is better)
2026-04-16 18:01:42 [INFO]   L1_by_group aggregate: n=20  mean=0.423732  median=0.426029  iqm=0.43107  (lower is better)
2026-04-16 18:01:42 [INFO] 
── generating plots ───────────────────────────────────
2026-04-16 18:01:42 [INFO] saved mid_price.png
2026-04-16 18:01:43 [INFO] saved spread.png
2026-04-16 18:01:43 [INFO] saved returns_dist.png
2026-04-16 18:01:44 [INFO] saved autocorr.png
2026-04-16 18:01:44 [INFO] saved inter_arrival_time.png
2026-04-16 18:01:45 [INFO] saved l1_volume.png
2026-04-16 18:01:46 [INFO] saved volume_per_minute.png
2026-04-16 18:01:47 [INFO] saved orderbook_imbalance.png
2026-04-16 18:01:47 [INFO] saved orderflow_imbalance.png
2026-04-16 18:01:48 [INFO] saved event_type_counts.png
2026-04-16 18:01:48 [INFO] Skipped time-to-fill/time-to-cancel plots: requires true order-ID linkage (not available in synthetic IDs).
2026-04-16 18:01:49 [INFO] saved overview_panel.png
2026-04-16 18:01:49 [INFO] Wrote metrics summary: /finance_ML/zhanghaohan/stock_language_model/saved_LOB_stream/pool_0709_0710_eval_0710_model_variants/sentence_preset_s2ip_trackA_clustered_ep3/sentence_s2ip_trackA_T10_k0_win50/fixed_start_model_blankgpt2_tokens_dynamic_anchor_txncomplete_002721XSHE_20260416_174244/metrics_summary.json
2026-04-16 18:01:49 [INFO] 
── all computed metrics summary ─────────────────────
2026-04-16 18:01:49 [INFO]   acf_returns_1min: [1.0, -0.1824586329963332, -0.014846122248274357, 0.06227085877555554, -0.6462536772309421, 0.22023600911340194, 0.04381455199821563, -0.03581588244877518, 0.1797657869962804, -0.12902283301163964, -0.0018604402971427896]
2026-04-16 18:01:49 [INFO]   direction_counts: {"-1": 22714, "1": 21023}
2026-04-16 18:01:49 [INFO]   direction_fractions: {"-1": 0.5193, "1": 0.4807}
2026-04-16 18:01:49 [INFO]   event_type_counts: {"1": 14210, "2": 850, "3": 4668, "4": 24009}
2026-04-16 18:01:49 [INFO]   event_type_fractions: {"1": 0.3249, "2": 0.0194, "3": 0.1067, "4": 0.5489}
2026-04-16 18:01:49 [INFO]   iat_ms: {"mean": 18112.587841606248, "median": 20.0, "n": 19723, "n_exec_excluded": 24009, "p95": 150.0, "std": 311862.75430467573}
2026-04-16 18:01:49 [INFO]   l1_volume: {"ask_mean": 224274.03246679014, "ask_median": 20800.0, "bid_mean": 36287.43571804193, "bid_median": 25500.0}
2026-04-16 18:01:49 [INFO]   mid_price: {"end_cny": 4.815, "end_price_int": 48150.0, "mean_cny": 4.829821889933008, "mean_price_int": 48298.21889933009, "mean_ticks_0p01": 482.9821889933009, "start_cny": 4.835, "start_price_int": 48350.0, "std_cny": 0.012965154050675849, "std_price_int": 129.65154050675943, "std_ticks_0p01": 1.2965154050675942, "total_return_bps": -41.36504653567741}
2026-04-16 18:01:49 [INFO]   ob_imbalance: {"mean": -0.2993916801899069, "median": -0.6032776747062462, "std": 0.6466607681199256}
2026-04-16 18:01:49 [INFO]   orderflow_imbalance: {"mean": -26.741939180053624, "n": 43637, "std": 497.2379342397685}
2026-04-16 18:01:49 [INFO]   returns_1min: {"kurtosis": 3.308727351126256, "mean": 0.00023934655273973358, "n": 13, "skew": -0.30523183159422757, "std": 0.0018517554279122665}
2026-04-16 18:01:49 [INFO]   spread_ticks: {"mean": 1.2721984240308848, "median": 1.0, "n": 37818, "pct_zero_spread": 0.1353316414020166, "std": 0.5901768225623462, "tick_size_cny": 0.01, "tick_size_price_int": 100}
2026-04-16 18:01:49 [INFO]   total_volume_5lvl: {"ask_mean": 920848.8755515924, "bid_mean": 572573.5067791572}
2026-04-16 18:01:49 [INFO]   volatility_1min: 0.001851755427912266
2026-04-16 18:01:49 [INFO]   volume_per_minute: {"mean": 2989875.6696428573, "n": 896, "total": 2678928600.0}
2026-04-16 18:01:49 [INFO]   [real-vs-generated comparative metrics]
2026-04-16 18:01:49 [INFO]   ask_cancellation_depth: {"l1_by_group": 0.4104442095739264, "n_generated": 3157, "n_real": 5465, "wasserstein": 0.2610153104331348}
2026-04-16 18:01:49 [INFO]   ask_cancellation_levels: {"l1_by_group": 0.2540537171001332, "n_generated": 1347, "n_real": 3418, "wasserstein": 0.3494512324092631}
2026-04-16 18:01:49 [INFO]   ask_volume: {"l1_by_group": 0.7633910010108267, "n_generated": 43737, "n_real": 49846, "wasserstein": 1.1976616956703063}
2026-04-16 18:01:49 [INFO]   ask_volume | spread: {"n_generated": 43737, "n_real": 49846, "num_condition_groups": 5, "per_group": {"1": {"n": 6292, "wasserstein": 0.40441682946578356}, "2": {"n": 78511, "wasserstein": 1.1693943323830736}, "3": {"n": 7355, "wasserstein": 0.6924608445648708}, "4": {"n": 712, "wasserstein": 0.783766700007324}, "5": {"n": 713, "wasserstein": null}}, "weighted_wasserstein": null}
2026-04-16 18:01:49 [INFO]   ask_volume_touch: {"l1_by_group": 0.6089540993292288, "n_generated": 43737, "n_real": 49846, "wasserstein": 1.2139392166245702}
2026-04-16 18:01:49 [INFO]   bid_cancellation_depth: {"l1_by_group": 0.3234199240916855, "n_generated": 2318, "n_real": 2156, "wasserstein": 0.3557412618887435}
2026-04-16 18:01:49 [INFO]   bid_cancellation_levels: {"l1_by_group": 0.20390338991109208, "n_generated": 1640, "n_real": 1026, "wasserstein": 0.2199276081066028}
2026-04-16 18:01:49 [INFO]   bid_volume: {"l1_by_group": 0.6492377316427759, "n_generated": 43737, "n_real": 49846, "wasserstein": 0.8249372639442365}
2026-04-16 18:01:49 [INFO]   bid_volume_touch: {"l1_by_group": 0.8291055719054155, "n_generated": 43737, "n_real": 49846, "wasserstein": 0.5926008185769246}
2026-04-16 18:01:49 [INFO]   limit_ask_order_depth: {"l1_by_group": 0.44161422786171906, "n_generated": 6963, "n_real": 18265, "wasserstein": 0.27178031319676543}
2026-04-16 18:01:49 [INFO]   limit_ask_order_levels: {"l1_by_group": 0.572716935048768, "n_generated": 3169, "n_real": 12793, "wasserstein": 1.1714343722217764}
2026-04-16 18:01:49 [INFO]   limit_bid_order_depth: {"l1_by_group": 0.46698084523520456, "n_generated": 7174, "n_real": 2604, "wasserstein": 0.4601040662278844}
2026-04-16 18:01:49 [INFO]   limit_bid_order_levels: {"l1_by_group": 0.40232966224782446, "n_generated": 5508, "n_real": 1888, "wasserstein": 0.7783642639974886}
2026-04-16 18:01:49 [INFO]   log_inter_arrival_time: {"l1_by_group": 0.1330651815652762, "n_generated": 43732, "n_real": 49845, "wasserstein": 0.1029381631297636}
2026-04-16 18:01:49 [INFO]   ofi: {"l1_by_group": 2.010211876333599e-05, "n_generated": 43637, "n_real": 49746, "wasserstein": 0.14528882111485752}
2026-04-16 18:01:49 [INFO]   ofi_down: {"l1_by_group": 0.5279034690799396, "n_generated": 102, "n_real": 52, "wasserstein": 0.941289566465833}
2026-04-16 18:01:49 [INFO]   ofi_stay: {"l1_by_group": 2.0145044319114196e-05, "n_generated": 43430, "n_real": 49640, "wasserstein": 0.1438472474566829}
2026-04-16 18:01:49 [INFO]   ofi_up: {"l1_by_group": 0.6485849056603774, "n_generated": 104, "n_real": 53, "wasserstein": 0.9378591462981849}
2026-04-16 18:01:49 [INFO]   orderbook_imbalance: {"l1_by_group": 0.7723626848292944, "n_generated": 43737, "n_real": 49846, "wasserstein": 0.9227599615201154}
2026-04-16 18:01:49 [INFO]   spread: {"l1_by_group": 0.30228048728424084, "n_generated": 43737, "n_real": 49846, "wasserstein": 0.712308125530128}
2026-04-16 18:01:49 [INFO]   spread | time: {"n_generated": 43737, "n_real": 49846, "num_condition_groups": 19, "per_group": {"1": {"n": 301, "wasserstein": null}, "10": {"n": 51768, "wasserstein": 0.9415351612822619}, "12": {"n": 1288, "wasserstein": null}, "13": {"n": 3113, "wasserstein": null}, "14": {"n": 2840, "wasserstein": null}, "15": {"n": 880, "wasserstein": null}, "16": {"n": 2163, "wasserstein": null}, "17": {"n": 2394, "wasserstein": null}, "19": {"n": 3737, "wasserstein": null}, "2": {"n": 1228, "wasserstein": null}, "20": {"n": 4158, "wasserstein": null}, "22": {"n": 2143, "wasserstein": null}, "23": {"n": 1989, "wasserstein": null}, "3": {"n": 3054, "wasserstein": null}, "4": {"n": 1850, "wasserstein": null}, "5": {"n": 1615, "wasserstein": null}, "6": {"n": 1496, "wasserstein": null}, "7": {"n": 4781, "wasserstein": null}, "9": {"n": 2785, "wasserstein": null}}, "weighted_wasserstein": null}
2026-04-16 18:01:49 [INFO]   vol_per_min: {"l1_by_group": 0.1642614601018676, "n_generated": 896, "n_real": 589, "wasserstein": 0.3773150424146919}
[2026-04-16 18:01:49] [DONE] metrics_summary: /finance_ML/zhanghaohan/stock_language_model/saved_LOB_stream/pool_0709_0710_eval_0710_model_variants/sentence_preset_s2ip_trackA_clustered_ep3/sentence_s2ip_trackA_T10_k0_win50/fixed_start_model_blankgpt2_tokens_dynamic_anchor_txncomplete_002721XSHE_20260416_174244/metrics_summary.json
