[2026-04-17 10:25:43] [INFO] Experiment folder: /finance_ML/zhanghaohan/stock_language_model/saved_LOB_stream/pool_0709_0710_eval_0710_model_variants/vocabcode_from_clusters_topk1_routerdiag/vocabcode_T10_k0_win50/fixed_start_model_blankgpt2_tokens_dynamic_anchor_txncomplete_002263XSHE_20260417_102543
[2026-04-17 10:25:43] [INFO] checkpoint: /finance_ML/zhanghaohan/stock_language_model/training_runs/pool_0709_0710_train0709_vocabcode_from_clusters_s2ip_win50_topk1_routerdiag/002263XSHE/model_cache/preGPT2sentS2IP_20250709_txncomplete_002263XSHE_win50_k1_20260416_233727_best.pt
[2026-04-17 10:25:43] [INFO] device: cuda greedy=False
/finance_ML/zhanghaohan/stock_language_model/scripts/hist_script/replay_decoded_real_tokens_openbidanchor_txncomplete_fixed_start.py:117: DtypeWarning: Columns (1,2,3,5,6,7,8,9,10,11,12,13,14,15,16,17,18,19,20,21,22,23,24,25,26,27,28,29,30,31,32,33,34,35,36,37,38,39,40,41,42,43,44,45,46,47,48,49,50,51,52,53,54,55,56,57,58,59,60,61,62,63,64,65,66,67,68,69,70,71,72,73,74,75,76,77,78,79,80,81,82,83,84,85,86,88) have mixed types. Specify dtype option on import or set low_memory=False.
  lob_info = pd.read_csv(lob_snap_path, header=None, names=columns)
[2026-04-17 10:36:02] [INFO] tokenizable_rows=36305 token_exact_match_rate_all=0.001377 tail_after_seed=0.000000
[2026-04-17 10:36:09] [INFO] Running eval vs clean reference...
2026-04-17 10:36:09 [INFO] ======================================================================
2026-04-17 10:36:09 [INFO] decoded real-token open-anchor txn-complete evaluation
2026-04-17 10:36:09 [INFO] ======================================================================
2026-04-17 10:36:09 [INFO] Evaluating: /finance_ML/zhanghaohan/stock_language_model/saved_LOB_stream/pool_0709_0710_eval_0710_model_variants/vocabcode_from_clusters_topk1_routerdiag/vocabcode_T10_k0_win50/fixed_start_model_blankgpt2_tokens_dynamic_anchor_txncomplete_002263XSHE_20260417_102543
2026-04-17 10:36:09 [INFO] 
── loading data ───────────────────────────────────────
2026-04-17 10:36:09 [INFO] Loading LOBSTER data from /finance_ML/zhanghaohan/stock_language_model/saved_LOB_stream/pool_0709_0710_eval_0710_model_variants/vocabcode_from_clusters_topk1_routerdiag/vocabcode_T10_k0_win50/fixed_start_model_blankgpt2_tokens_dynamic_anchor_txncomplete_002263XSHE_20260417_102543
2026-04-17 10:36:09 [INFO] Loaded 11,108 rows | 10 book levels | date 2025-07-10
2026-04-17 10:36:09 [INFO] Loading real reference LOBSTER data from /finance_ML/zhanghaohan/stock_language_model/saved_LOB_stream/fixed_start_realflow_generate_lobster_openbidanchor_txncomplete_002263XSHE_20260405_132652
2026-04-17 10:36:09 [INFO] Loading LOBSTER data from /finance_ML/zhanghaohan/stock_language_model/saved_LOB_stream/fixed_start_realflow_generate_lobster_openbidanchor_txncomplete_002263XSHE_20260405_132652
2026-04-17 10:36:09 [INFO] Loaded 16,122 rows | 10 book levels | date 2025-07-10
2026-04-17 10:36:09 [INFO] 
── computing metrics ──────────────────────────────────
2026-04-17 10:36:09 [WARNING] Reference metric log_time_to_cancel skipped: <lambda>() got an unexpected keyword argument 'include_groups'
2026-04-17 10:36:11 [WARNING] Reference conditional metric spread | volatility skipped: Invalid frequency: 0.1s
2026-04-17 10:36:11 [INFO] Computed now (generated-only): 15 metric groups
2026-04-17 10:36:11 [INFO] Computed (with real reference LOB data): 22 benchmark metric configs
2026-04-17 10:36:11 [INFO] Failed (with real reference LOB data): 2 benchmark metric configs
2026-04-17 10:36:11 [INFO] Skipped (needs true order-ID linkage): 2 metrics
2026-04-17 10:36:11 [INFO] 
── LOB-Bench-style overall aggregates (reference_comparison) ──
2026-04-17 10:36:11 [INFO]   Wasserstein aggregate: n=21  mean=0.826568  median=0.709373  iqm=0.724381  (lower is better)
2026-04-17 10:36:11 [INFO]   L1_by_group aggregate: n=20  mean=0.589623  median=0.624995  iqm=0.601738  (lower is better)
2026-04-17 10:36:11 [INFO] 
── generating plots ───────────────────────────────────
2026-04-17 10:36:11 [INFO] saved mid_price.png
2026-04-17 10:36:12 [INFO] saved spread.png
2026-04-17 10:36:12 [INFO] saved returns_dist.png
2026-04-17 10:36:13 [INFO] saved inter_arrival_time.png
2026-04-17 10:36:13 [INFO] saved l1_volume.png
2026-04-17 10:36:14 [INFO] saved volume_per_minute.png
2026-04-17 10:36:14 [INFO] saved orderbook_imbalance.png
2026-04-17 10:36:15 [INFO] saved orderflow_imbalance.png
2026-04-17 10:36:15 [INFO] saved event_type_counts.png
2026-04-17 10:36:15 [INFO] Skipped time-to-fill/time-to-cancel plots: requires true order-ID linkage (not available in synthetic IDs).
2026-04-17 10:36:16 [INFO] saved overview_panel.png
2026-04-17 10:36:16 [INFO] Wrote metrics summary: /finance_ML/zhanghaohan/stock_language_model/saved_LOB_stream/pool_0709_0710_eval_0710_model_variants/vocabcode_from_clusters_topk1_routerdiag/vocabcode_T10_k0_win50/fixed_start_model_blankgpt2_tokens_dynamic_anchor_txncomplete_002263XSHE_20260417_102543/metrics_summary.json
2026-04-17 10:36:16 [INFO] 
── all computed metrics summary ─────────────────────
2026-04-17 10:36:16 [INFO]   acf_returns_1min: [1.0, -0.4166666666666666, -0.16666666666666666]
2026-04-17 10:36:16 [INFO]   direction_counts: {"-1": 5169, "1": 5939}
2026-04-17 10:36:16 [INFO]   direction_fractions: {"-1": 0.4653, "1": 0.5347}
2026-04-17 10:36:16 [INFO]   event_type_counts: {"1": 3926, "2": 193, "3": 1186, "4": 5803}
2026-04-17 10:36:16 [INFO]   event_type_fractions: {"1": 0.3534, "2": 0.0174, "3": 0.1068, "4": 0.5224}
2026-04-17 10:36:16 [INFO]   iat_ms: {"mean": 55.026395173454, "median": 30.0, "n": 5304, "n_exec_excluded": 5803, "p95": 190.0, "std": 71.97438664916577}
2026-04-17 10:36:16 [INFO]   l1_volume: {"ask_mean": 76200.0, "ask_median": 76200.0, "bid_mean": 409262.38746849116, "bid_median": 49400.0}
2026-04-17 10:36:16 [INFO]   mid_price: {"end_cny": 4.34, "end_price_int": 43400.0, "mean_cny": 4.343020345696795, "mean_price_int": 43430.20345696795, "mean_ticks_0p01": 434.3020345696795, "start_cny": 4.345, "start_price_int": 43450.0, "std_cny": 0.002445358600827492, "std_price_int": 24.45358600827544, "std_ticks_0p01": 0.2445358600827544, "total_return_bps": -11.507479861909697}
2026-04-17 10:36:16 [INFO]   ob_imbalance: {"mean": 0.10584204354194374, "median": -0.21337579617834396, "std": 0.6519144868670035}
2026-04-17 10:36:16 [INFO]   orderflow_imbalance: {"mean": -4.577398255813954, "n": 11008, "std": 48.29653306862898}
2026-04-17 10:36:16 [INFO]   returns_1min: {"kurtosis": 4.0000000000000036, "mean": -0.0002878526512604118, "n": 4, "skew": -2.0, "std": 0.0005757053025208236}
2026-04-17 10:36:16 [INFO]   spread_ticks: {"mean": 1.3959308606409795, "median": 1.0, "n": 11108, "pct_zero_spread": 0.0, "std": 0.4890717201655088, "tick_size_cny": 0.01, "tick_size_price_int": 100}
2026-04-17 10:36:16 [INFO]   total_volume_5lvl: {"ask_mean": 861684.9297803385, "bid_mean": 6258978.19589485}
2026-04-17 10:36:16 [INFO]   volatility_1min: 0.0005757053025208236
2026-04-17 10:36:16 [INFO]   volume_per_minute: {"mean": 1996779.6516465142, "n": 289, "total": 577069319.3258426}
2026-04-17 10:36:16 [INFO]   [real-vs-generated comparative metrics]
2026-04-17 10:36:16 [INFO]   ask_cancellation_depth: {"l1_by_group": 0.6448168386582152, "n_generated": 1321, "n_real": 1117, "wasserstein": 1.0486460197638707}
2026-04-17 10:36:16 [INFO]   ask_cancellation_levels: {"l1_by_group": 0.3340671641791044, "n_generated": 134, "n_real": 800, "wasserstein": 0.5989218458426119}
2026-04-17 10:36:16 [INFO]   ask_volume: {"l1_by_group": 0.8048349667419346, "n_generated": 11108, "n_real": 16122, "wasserstein": 0.7093727967654372}
2026-04-17 10:36:16 [INFO]   ask_volume | spread: {"n_generated": 11108, "n_real": 16122, "num_condition_groups": 2, "per_group": {"1": {"n": 22819, "wasserstein": 0.028053100924573204}, "2": {"n": 4411, "wasserstein": null}}, "weighted_wasserstein": null}
2026-04-17 10:36:16 [INFO]   ask_volume_touch: {"l1_by_group": 0.0005582433941198211, "n_generated": 11108, "n_real": 16122, "wasserstein": 0.03061919727430545}
2026-04-17 10:36:16 [INFO]   bid_cancellation_depth: {"l1_by_group": 0.34260178748758696, "n_generated": 57, "n_real": 1908, "wasserstein": 0.33939639447959735}
2026-04-17 10:36:16 [INFO]   bid_cancellation_levels: {"l1_by_group": 0.2507853873081411, "n_generated": 52, "n_real": 1714, "wasserstein": 0.2835147031549117}
2026-04-17 10:36:16 [INFO]   bid_volume: {"l1_by_group": 0.8821107572941415, "n_generated": 11108, "n_real": 16122, "wasserstein": 0.8893024444034826}
2026-04-17 10:36:16 [INFO]   bid_volume_touch: {"l1_by_group": 0.9620734780803754, "n_generated": 11108, "n_real": 16122, "wasserstein": 0.8700513276947398}
2026-04-17 10:36:16 [INFO]   limit_ask_order_depth: {"l1_by_group": 0.8323055599246897, "n_generated": 3833, "n_real": 4432, "wasserstein": 1.230699732005813}
2026-04-17 10:36:16 [INFO]   limit_ask_order_levels: {"l1_by_group": 0.605173648406731, "n_generated": 24, "n_real": 3724, "wasserstein": 1.7067059355000898}
2026-04-17 10:36:16 [INFO]   limit_bid_order_depth: {"l1_by_group": 0.38877841606520347, "n_generated": 93, "n_real": 2628, "wasserstein": 0.3108608662079444}
2026-04-17 10:36:16 [INFO]   limit_bid_order_levels: {"l1_by_group": 0.2904899079354575, "n_generated": 83, "n_real": 2476, "wasserstein": 0.44899942407633553}
2026-04-17 10:36:16 [INFO]   log_inter_arrival_time: {"l1_by_group": 0.10414941984585412, "n_generated": 11107, "n_real": 16121, "wasserstein": 0.16625712705872533}
2026-04-17 10:36:16 [INFO]   ofi: {"l1_by_group": 0.8315587211298129, "n_generated": 11008, "n_real": 16022, "wasserstein": 0.45363710548019265}
2026-04-17 10:36:16 [INFO]   ofi_down: {"l1_by_group": 1.0, "n_generated": 2, "n_real": 4, "wasserstein": 1.9029124500879426}
2026-04-17 10:36:16 [INFO]   ofi_stay: {"l1_by_group": 0.8381180680555282, "n_generated": 11004, "n_real": 16013, "wasserstein": 0.45301862084301875}
2026-04-17 10:36:16 [INFO]   ofi_up: {"l1_by_group": 1.0, "n_generated": 1, "n_real": 4, "wasserstein": 2.232927545415001}
2026-04-17 10:36:16 [INFO]   orderbook_imbalance: {"l1_by_group": 0.960054583798536, "n_generated": 11108, "n_real": 16122, "wasserstein": 1.1858419911625104}
2026-04-17 10:36:16 [INFO]   spread: {"l1_by_group": 0.3951245090716953, "n_generated": 11108, "n_real": 16122, "wasserstein": 1.0723999938489785}
2026-04-17 10:36:16 [INFO]   spread | time: {"n_generated": 11108, "n_real": 16122, "num_condition_groups": 1, "per_group": {"10": {"n": 27230, "wasserstein": 1.0723999938489785}}, "weighted_wasserstein": 1.0723999938489785}
2026-04-17 10:36:16 [INFO]   vol_per_min: {"l1_by_group": 0.32485952826894393, "n_generated": 289, "n_real": 545, "wasserstein": 0.35144329692733706}
[2026-04-17 10:36:16] [DONE] metrics_summary: /finance_ML/zhanghaohan/stock_language_model/saved_LOB_stream/pool_0709_0710_eval_0710_model_variants/vocabcode_from_clusters_topk1_routerdiag/vocabcode_T10_k0_win50/fixed_start_model_blankgpt2_tokens_dynamic_anchor_txncomplete_002263XSHE_20260417_102543/metrics_summary.json
