[2026-04-16 22:43:30] [INFO] Experiment folder: /finance_ML/zhanghaohan/stock_language_model/saved_LOB_stream/pool_0709_0710_eval_0710_model_variants/sentence_preset_s2ip_gca_trackA_clustered_topk1_routerdiag/sentence_s2ip_gca_T10_k0_win50/fixed_start_model_blankgpt2_tokens_dynamic_anchor_txncomplete_002263XSHE_20260416_224330
[2026-04-16 22:43:30] [INFO] checkpoint: /finance_ML/zhanghaohan/stock_language_model/training_runs/pool_0709_0710_train0709_sentence_preset_s2ip_gated_crossattn_trackA_clustered_topk1_routerdiag/002263XSHE/model_cache/preGPT2sentS2IPgca_20250709_txncomplete_002263XSHE_win50_k1_mh12_20260416_182916_best.pt
[2026-04-16 22:43:30] [INFO] device: cuda greedy=False
/finance_ML/zhanghaohan/stock_language_model/scripts/hist_script/replay_decoded_real_tokens_openbidanchor_txncomplete_fixed_start.py:117: DtypeWarning: Columns (1,2,3,5,6,7,8,9,10,11,12,13,14,15,16,17,18,19,20,21,22,23,24,25,26,27,28,29,30,31,32,33,34,35,36,37,38,39,40,41,42,43,44,45,46,47,48,49,50,51,52,53,54,55,56,57,58,59,60,61,62,63,64,65,66,67,68,69,70,71,72,73,74,75,76,77,78,79,80,81,82,83,84,85,86,88) have mixed types. Specify dtype option on import or set low_memory=False.
  lob_info = pd.read_csv(lob_snap_path, header=None, names=columns)
[2026-04-16 22:53:15] [INFO] tokenizable_rows=36305 token_exact_match_rate_all=0.001432 tail_after_seed=0.000055
[2026-04-16 22:53:22] [INFO] Running eval vs clean reference...
2026-04-16 22:53:22 [INFO] ======================================================================
2026-04-16 22:53:22 [INFO] decoded real-token open-anchor txn-complete evaluation
2026-04-16 22:53:22 [INFO] ======================================================================
2026-04-16 22:53:22 [INFO] Evaluating: /finance_ML/zhanghaohan/stock_language_model/saved_LOB_stream/pool_0709_0710_eval_0710_model_variants/sentence_preset_s2ip_gca_trackA_clustered_topk1_routerdiag/sentence_s2ip_gca_T10_k0_win50/fixed_start_model_blankgpt2_tokens_dynamic_anchor_txncomplete_002263XSHE_20260416_224330
2026-04-16 22:53:22 [INFO] 
── loading data ───────────────────────────────────────
2026-04-16 22:53:22 [INFO] Loading LOBSTER data from /finance_ML/zhanghaohan/stock_language_model/saved_LOB_stream/pool_0709_0710_eval_0710_model_variants/sentence_preset_s2ip_gca_trackA_clustered_topk1_routerdiag/sentence_s2ip_gca_T10_k0_win50/fixed_start_model_blankgpt2_tokens_dynamic_anchor_txncomplete_002263XSHE_20260416_224330
2026-04-16 22:53:22 [INFO] Loaded 11,487 rows | 10 book levels | date 2025-07-10
2026-04-16 22:53:22 [INFO] Loading real reference LOBSTER data from /finance_ML/zhanghaohan/stock_language_model/saved_LOB_stream/fixed_start_realflow_generate_lobster_openbidanchor_txncomplete_002263XSHE_20260405_132652
2026-04-16 22:53:22 [INFO] Loading LOBSTER data from /finance_ML/zhanghaohan/stock_language_model/saved_LOB_stream/fixed_start_realflow_generate_lobster_openbidanchor_txncomplete_002263XSHE_20260405_132652
2026-04-16 22:53:22 [INFO] Loaded 16,122 rows | 10 book levels | date 2025-07-10
2026-04-16 22:53:22 [INFO] 
── computing metrics ──────────────────────────────────
/finance_ML/zhanghaohan/mycondaenv/lib/python3.8/site-packages/statsmodels/tsa/stattools.py:693: RuntimeWarning: invalid value encountered in divide
  acf = avf[: nlags + 1] / avf[0]
2026-04-16 22:53:22 [WARNING] Reference metric log_time_to_cancel skipped: <lambda>() got an unexpected keyword argument 'include_groups'
2026-04-16 22:53:23 [WARNING] Reference metric ofi_up skipped: empty real or generated sample after cleaning
2026-04-16 22:53:23 [WARNING] Reference metric ofi_down skipped: empty real or generated sample after cleaning
2026-04-16 22:53:23 [WARNING] Reference conditional metric spread | volatility skipped: Invalid frequency: 0.1s
2026-04-16 22:53:23 [INFO] Computed now (generated-only): 15 metric groups
2026-04-16 22:53:23 [INFO] Computed (with real reference LOB data): 20 benchmark metric configs
2026-04-16 22:53:23 [INFO] Failed (with real reference LOB data): 4 benchmark metric configs
2026-04-16 22:53:23 [INFO] Skipped (needs true order-ID linkage): 2 metrics
2026-04-16 22:53:23 [INFO] 
── LOB-Bench-style overall aggregates (reference_comparison) ──
2026-04-16 22:53:23 [INFO]   Wasserstein aggregate: n=18  mean=0.776604  median=0.525454  iqm=0.577575  (lower is better)
2026-04-16 22:53:23 [INFO]   L1_by_group aggregate: n=18  mean=0.555744  median=0.559292  iqm=0.584259  (lower is better)
2026-04-16 22:53:23 [INFO] 
── generating plots ───────────────────────────────────
2026-04-16 22:53:24 [INFO] saved mid_price.png
2026-04-16 22:53:24 [INFO] saved spread.png
2026-04-16 22:53:25 [INFO] saved returns_dist.png
/finance_ML/zhanghaohan/mycondaenv/lib/python3.8/site-packages/statsmodels/tsa/stattools.py:693: RuntimeWarning: invalid value encountered in divide
  acf = avf[: nlags + 1] / avf[0]
2026-04-16 22:53:25 [INFO] saved autocorr.png
2026-04-16 22:53:25 [INFO] saved inter_arrival_time.png
2026-04-16 22:53:26 [INFO] saved l1_volume.png
2026-04-16 22:53:26 [INFO] saved volume_per_minute.png
2026-04-16 22:53:27 [INFO] saved orderbook_imbalance.png
2026-04-16 22:53:28 [INFO] saved orderflow_imbalance.png
2026-04-16 22:53:28 [INFO] saved event_type_counts.png
2026-04-16 22:53:28 [INFO] Skipped time-to-fill/time-to-cancel plots: requires true order-ID linkage (not available in synthetic IDs).
2026-04-16 22:53:29 [INFO] saved overview_panel.png
2026-04-16 22:53:29 [INFO] Wrote metrics summary: /finance_ML/zhanghaohan/stock_language_model/saved_LOB_stream/pool_0709_0710_eval_0710_model_variants/sentence_preset_s2ip_gca_trackA_clustered_topk1_routerdiag/sentence_s2ip_gca_T10_k0_win50/fixed_start_model_blankgpt2_tokens_dynamic_anchor_txncomplete_002263XSHE_20260416_224330/metrics_summary.json
2026-04-16 22:53:29 [INFO] 
── all computed metrics summary ─────────────────────
2026-04-16 22:53:29 [INFO]   acf_returns_1min: [NaN, NaN, NaN, NaN]
2026-04-16 22:53:29 [INFO]   direction_counts: {"-1": 5310, "1": 6177}
2026-04-16 22:53:29 [INFO]   direction_fractions: {"-1": 0.4623, "1": 0.5377}
2026-04-16 22:53:29 [INFO]   event_type_counts: {"1": 3995, "2": 206, "3": 1325, "4": 5961}
2026-04-16 22:53:29 [INFO]   event_type_fractions: {"1": 0.3478, "2": 0.0179, "3": 0.1153, "4": 0.5189}
2026-04-16 22:53:29 [INFO]   iat_ms: {"mean": 1034.7113122171945, "median": 30.0, "n": 5525, "n_exec_excluded": 5961, "p95": 200.0, "std": 72649.00257920889}
2026-04-16 22:53:29 [INFO]   l1_volume: {"ask_mean": 76200.0, "ask_median": 76200.0, "bid_mean": 38209.6543919213, "bid_median": 38100.0}
2026-04-16 22:53:29 [INFO]   mid_price: {"end_cny": 4.345, "end_price_int": 43450.0, "mean_cny": 4.345, "mean_price_int": 43450.0, "mean_ticks_0p01": 434.5, "start_cny": 4.345, "start_price_int": 43450.0, "std_cny": 0.0, "std_price_int": 0.0, "std_ticks_0p01": 0.0, "total_return_bps": 0.0}
2026-04-16 22:53:29 [INFO]   ob_imbalance: {"mean": -0.3323679335511479, "median": -0.3333333333333333, "std": 0.020380326350749364}
2026-04-16 22:53:29 [INFO]   orderflow_imbalance: {"mean": -0.22271010801791516, "n": 11387, "std": 5.448602177782163}
2026-04-16 22:53:29 [INFO]   returns_1min: {"kurtosis": 0.0, "mean": 0.0, "n": 5, "skew": 0.0, "std": 0.0}
2026-04-16 22:53:29 [INFO]   spread_ticks: {"mean": 1.0, "median": 1.0, "n": 11487, "pct_zero_spread": 0.0, "std": 0.0, "tick_size_cny": 0.01, "tick_size_price_int": 100}
2026-04-16 22:53:29 [INFO]   total_volume_5lvl: {"ask_mean": 840670.1448594063, "bid_mean": 5039400.269870288}
2026-04-16 22:53:29 [INFO]   volatility_1min: 0.0
2026-04-16 22:53:29 [INFO]   volume_per_minute: {"mean": 2053268.1385281384, "n": 315, "total": 646779463.6363636}
2026-04-16 22:53:29 [INFO]   [real-vs-generated comparative metrics]
2026-04-16 22:53:29 [INFO]   ask_cancellation_depth: {"l1_by_group": 0.6524983521402501, "n_generated": 1456, "n_real": 1117, "wasserstein": 1.022362943247177}
2026-04-16 22:53:29 [INFO]   ask_cancellation_levels: {"l1_by_group": 0.46608480176211453, "n_generated": 227, "n_real": 800, "wasserstein": 1.085504366825341}
2026-04-16 22:53:29 [INFO]   ask_volume: {"l1_by_group": 0.750473318667801, "n_generated": 11487, "n_real": 16122, "wasserstein": 0.699882924528437}
2026-04-16 22:53:29 [INFO]   ask_volume | spread: {"n_generated": 11487, "n_real": 16122, "num_condition_groups": 2, "per_group": {"1": {"n": 27596, "wasserstein": 0.03084910316415171}, "2": {"n": 13, "wasserstein": null}}, "weighted_wasserstein": null}
2026-04-16 22:53:29 [INFO]   ask_volume_touch: {"l1_by_group": 0.0005582433941198211, "n_generated": 11487, "n_real": 16122, "wasserstein": 0.030831485376881535}
2026-04-16 22:53:29 [INFO]   bid_cancellation_depth: {"l1_by_group": 0.379685534591195, "n_generated": 75, "n_real": 1908, "wasserstein": 0.18070335136854787}
2026-04-16 22:53:29 [INFO]   bid_cancellation_levels: {"l1_by_group": 0.3635018982036913, "n_generated": 71, "n_real": 1714, "wasserstein": 0.3106180568363448}
2026-04-16 22:53:29 [INFO]   bid_volume: {"l1_by_group": 0.8152869464353628, "n_generated": 11487, "n_real": 16122, "wasserstein": 0.5692598143222678}
2026-04-16 22:53:29 [INFO]   bid_volume_touch: {"l1_by_group": 0.9814539139064631, "n_generated": 11487, "n_real": 16122, "wasserstein": 1.6421152337076286}
2026-04-16 22:53:29 [INFO]   limit_ask_order_depth: {"l1_by_group": 0.8275552797833935, "n_generated": 3840, "n_real": 4432, "wasserstein": 1.1687533227578863}
2026-04-16 22:53:29 [INFO]   limit_ask_order_levels: {"l1_by_group": 0.9285330673622832, "n_generated": 343, "n_real": 3724, "wasserstein": 2.832908173111137}
2026-04-16 22:53:29 [INFO]   limit_bid_order_depth: {"l1_by_group": 0.3905950802769186, "n_generated": 155, "n_real": 2628, "wasserstein": 0.43726387675715483}
2026-04-16 22:53:29 [INFO]   limit_bid_order_levels: {"l1_by_group": 0.39189553042541736, "n_generated": 132, "n_real": 2476, "wasserstein": 0.583143743170113}
2026-04-16 22:53:29 [INFO]   log_inter_arrival_time: {"l1_by_group": 0.08544426933771994, "n_generated": 11486, "n_real": 16121, "wasserstein": 0.11025412340823212}
2026-04-16 22:53:29 [INFO]   ofi: {"l1_by_group": 0.8424810239130996, "n_generated": 11387, "n_real": 16022, "wasserstein": 0.4816490409307012}
2026-04-16 22:53:29 [INFO]   ofi_stay: {"l1_by_group": 0.842393490911329, "n_generated": 11386, "n_real": 16013, "wasserstein": 0.48107786305231537}
2026-04-16 22:53:29 [INFO]   orderbook_imbalance: {"l1_by_group": 0.9947026733898863, "n_generated": 11487, "n_real": 16122, "wasserstein": 1.9594248924121906}
2026-04-16 22:53:29 [INFO]   spread: {"l1_by_group": 0.0008063515692842109, "n_generated": 11487, "n_real": 16122, "wasserstein": 0.03716828330117751}
2026-04-16 22:53:29 [INFO]   spread | time: {"n_generated": 11487, "n_real": 16122, "num_condition_groups": 2, "per_group": {"10": {"n": 17185, "wasserstein": 0.029327782017401573}, "12": {"n": 10424, "wasserstein": null}}, "weighted_wasserstein": null}
2026-04-16 22:53:29 [INFO]   vol_per_min: {"l1_by_group": 0.28944226008446183, "n_generated": 315, "n_real": 545, "wasserstein": 0.3459568590736524}
[2026-04-16 22:53:29] [DONE] metrics_summary: /finance_ML/zhanghaohan/stock_language_model/saved_LOB_stream/pool_0709_0710_eval_0710_model_variants/sentence_preset_s2ip_gca_trackA_clustered_topk1_routerdiag/sentence_s2ip_gca_T10_k0_win50/fixed_start_model_blankgpt2_tokens_dynamic_anchor_txncomplete_002263XSHE_20260416_224330/metrics_summary.json
