[2026-04-12 10:09:09] [INFO] Experiment folder: /finance_ML/zhanghaohan/stock_language_model/saved_LOB_stream/pool_0709_0710_eval_0710_model_variants/sentence_preset_s2ip_k3_v5style_unifiedK_ep3/sentence_s2ip_k3_v5style_unifiedK_T10_k0_win50/fixed_start_model_blankgpt2_tokens_dynamic_anchor_txncomplete_002263XSHE_20260412_100909
[2026-04-12 10:09:09] [INFO] checkpoint: /finance_ML/zhanghaohan/stock_language_model/training_runs/pool_0709_0710_train0709_sentence_preset_s2ip_win50_k3_v5style_unifiedK_3ep/002263XSHE/model_cache/preGPT2sentS2IP_20250709_txncomplete_002263XSHE_win50_k3_v5style_unifiedK_20260411_222205_best.pt
[2026-04-12 10:09:09] [INFO] device: cuda greedy=False
/finance_ML/zhanghaohan/stock_language_model/scripts/hist_script/replay_decoded_real_tokens_openbidanchor_txncomplete_fixed_start.py:117: DtypeWarning: Columns (1,2,3,5,6,7,8,9,10,11,12,13,14,15,16,17,18,19,20,21,22,23,24,25,26,27,28,29,30,31,32,33,34,35,36,37,38,39,40,41,42,43,44,45,46,47,48,49,50,51,52,53,54,55,56,57,58,59,60,61,62,63,64,65,66,67,68,69,70,71,72,73,74,75,76,77,78,79,80,81,82,83,84,85,86,88) have mixed types. Specify dtype option on import or set low_memory=False.
  lob_info = pd.read_csv(lob_snap_path, header=None, names=columns)
[2026-04-12 10:19:43] [INFO] tokenizable_rows=36305 token_exact_match_rate_all=0.001432 tail_after_seed=0.000055
[2026-04-12 10:19:50] [INFO] Running eval vs clean reference...
2026-04-12 10:19:50 [INFO] ======================================================================
2026-04-12 10:19:50 [INFO] decoded real-token open-anchor txn-complete evaluation
2026-04-12 10:19:50 [INFO] ======================================================================
2026-04-12 10:19:50 [INFO] Evaluating: /finance_ML/zhanghaohan/stock_language_model/saved_LOB_stream/pool_0709_0710_eval_0710_model_variants/sentence_preset_s2ip_k3_v5style_unifiedK_ep3/sentence_s2ip_k3_v5style_unifiedK_T10_k0_win50/fixed_start_model_blankgpt2_tokens_dynamic_anchor_txncomplete_002263XSHE_20260412_100909
2026-04-12 10:19:50 [INFO] 
── loading data ───────────────────────────────────────
2026-04-12 10:19:50 [INFO] Loading LOBSTER data from /finance_ML/zhanghaohan/stock_language_model/saved_LOB_stream/pool_0709_0710_eval_0710_model_variants/sentence_preset_s2ip_k3_v5style_unifiedK_ep3/sentence_s2ip_k3_v5style_unifiedK_T10_k0_win50/fixed_start_model_blankgpt2_tokens_dynamic_anchor_txncomplete_002263XSHE_20260412_100909
2026-04-12 10:19:51 [INFO] Loaded 11,018 rows | 10 book levels | date 2025-07-10
2026-04-12 10:19:51 [INFO] Loading real reference LOBSTER data from /finance_ML/zhanghaohan/stock_language_model/saved_LOB_stream/fixed_start_realflow_generate_lobster_openbidanchor_txncomplete_002263XSHE_20260405_132652
2026-04-12 10:19:51 [INFO] Loading LOBSTER data from /finance_ML/zhanghaohan/stock_language_model/saved_LOB_stream/fixed_start_realflow_generate_lobster_openbidanchor_txncomplete_002263XSHE_20260405_132652
2026-04-12 10:19:51 [INFO] Loaded 16,122 rows | 10 book levels | date 2025-07-10
2026-04-12 10:19:51 [INFO] 
── computing metrics ──────────────────────────────────
/finance_ML/zhanghaohan/mycondaenv/lib/python3.8/site-packages/statsmodels/tsa/stattools.py:693: RuntimeWarning: invalid value encountered in divide
  acf = avf[: nlags + 1] / avf[0]
2026-04-12 10:19:51 [WARNING] Reference metric log_time_to_cancel skipped: <lambda>() got an unexpected keyword argument 'include_groups'
2026-04-12 10:19:52 [WARNING] Reference metric ofi_up skipped: empty real or generated sample after cleaning
2026-04-12 10:19:52 [WARNING] Reference metric ofi_down skipped: empty real or generated sample after cleaning
2026-04-12 10:19:52 [WARNING] Reference conditional metric spread | volatility skipped: Invalid frequency: 0.1s
2026-04-12 10:19:52 [INFO] Computed now (generated-only): 15 metric groups
2026-04-12 10:19:52 [INFO] Computed (with real reference LOB data): 20 benchmark metric configs
2026-04-12 10:19:52 [INFO] Failed (with real reference LOB data): 4 benchmark metric configs
2026-04-12 10:19:52 [INFO] Skipped (needs true order-ID linkage): 2 metrics
2026-04-12 10:19:52 [INFO] 
── LOB-Bench-style overall aggregates (reference_comparison) ──
2026-04-12 10:19:52 [INFO]   Wasserstein aggregate: n=19  mean=0.769799  median=0.512722  iqm=0.564223  (lower is better)
2026-04-12 10:19:52 [INFO]   L1_by_group aggregate: n=18  mean=0.549275  median=0.538011  iqm=0.589375  (lower is better)
2026-04-12 10:19:52 [INFO] 
── generating plots ───────────────────────────────────
2026-04-12 10:19:53 [INFO] saved mid_price.png
2026-04-12 10:19:54 [INFO] saved spread.png
2026-04-12 10:19:54 [INFO] saved returns_dist.png
/finance_ML/zhanghaohan/mycondaenv/lib/python3.8/site-packages/statsmodels/tsa/stattools.py:693: RuntimeWarning: invalid value encountered in divide
  acf = avf[: nlags + 1] / avf[0]
2026-04-12 10:19:54 [INFO] saved autocorr.png
2026-04-12 10:19:55 [INFO] saved inter_arrival_time.png
2026-04-12 10:19:55 [INFO] saved l1_volume.png
2026-04-12 10:19:56 [INFO] saved volume_per_minute.png
2026-04-12 10:19:57 [INFO] saved orderbook_imbalance.png
2026-04-12 10:19:57 [INFO] saved orderflow_imbalance.png
2026-04-12 10:19:57 [INFO] saved event_type_counts.png
2026-04-12 10:19:57 [INFO] Skipped time-to-fill/time-to-cancel plots: requires true order-ID linkage (not available in synthetic IDs).
2026-04-12 10:19:58 [INFO] saved overview_panel.png
2026-04-12 10:19:58 [INFO] Wrote metrics summary: /finance_ML/zhanghaohan/stock_language_model/saved_LOB_stream/pool_0709_0710_eval_0710_model_variants/sentence_preset_s2ip_k3_v5style_unifiedK_ep3/sentence_s2ip_k3_v5style_unifiedK_T10_k0_win50/fixed_start_model_blankgpt2_tokens_dynamic_anchor_txncomplete_002263XSHE_20260412_100909/metrics_summary.json
2026-04-12 10:19:58 [INFO] 
── all computed metrics summary ─────────────────────
2026-04-12 10:19:58 [INFO]   acf_returns_1min: [NaN, NaN, NaN, NaN, NaN]
2026-04-12 10:19:58 [INFO]   direction_counts: {"-1": 5469, "1": 5549}
2026-04-12 10:19:58 [INFO]   direction_fractions: {"-1": 0.4964, "1": 0.5036}
2026-04-12 10:19:58 [INFO]   event_type_counts: {"1": 3993, "2": 197, "3": 1439, "4": 5389}
2026-04-12 10:19:58 [INFO]   event_type_fractions: {"1": 0.3624, "2": 0.0179, "3": 0.1306, "4": 0.4891}
2026-04-12 10:19:58 [INFO]   iat_ms: {"mean": 71.3450604122246, "median": 40.0, "n": 5628, "n_exec_excluded": 5389, "p95": 240.0, "std": 88.38370340949382}
2026-04-12 10:19:58 [INFO]   l1_volume: {"ask_mean": 76200.0, "ask_median": 76200.0, "bid_mean": 39958.0323107642, "bid_median": 40100.0}
2026-04-12 10:19:58 [INFO]   mid_price: {"end_cny": 4.345, "end_price_int": 43450.0, "mean_cny": 4.344999999999999, "mean_price_int": 43450.0, "mean_ticks_0p01": 434.5, "start_cny": 4.345, "start_price_int": 43450.0, "std_cny": 8.88218728235384e-16, "std_price_int": 0.0, "std_ticks_0p01": 0.0, "total_return_bps": 0.0}
2026-04-12 10:19:58 [INFO]   ob_imbalance: {"mean": -0.3122679477900298, "median": -0.3104041272570937, "std": 0.01869569721944711}
2026-04-12 10:19:58 [INFO]   orderflow_imbalance: {"mean": -0.502656164132625, "n": 10918, "std": 7.261340783902208}
2026-04-12 10:19:58 [INFO]   returns_1min: {"kurtosis": 0.0, "mean": 0.0, "n": 6, "skew": 0.0, "std": 0.0}
2026-04-12 10:19:58 [INFO]   spread_ticks: {"mean": 1.0, "median": 1.0, "n": 11018, "pct_zero_spread": 0.0, "std": 0.0, "tick_size_cny": 0.01, "tick_size_price_int": 100}
2026-04-12 10:19:58 [INFO]   total_volume_5lvl: {"ask_mean": 875869.4136866945, "bid_mean": 5372475.703394446}
2026-04-12 10:19:58 [INFO]   volatility_1min: 0.0
2026-04-12 10:19:58 [INFO]   volume_per_minute: {"mean": 1413033.652392947, "n": 397, "total": 560974360.0}
2026-04-12 10:19:58 [INFO]   [real-vs-generated comparative metrics]
2026-04-12 10:19:58 [INFO]   ask_cancellation_depth: {"l1_by_group": 0.6518572987198363, "n_generated": 1573, "n_real": 1117, "wasserstein": 1.161915892335927}
2026-04-12 10:19:58 [INFO]   ask_cancellation_levels: {"l1_by_group": 0.3730172413793103, "n_generated": 145, "n_real": 800, "wasserstein": 0.8321461087546496}
2026-04-12 10:19:58 [INFO]   ask_volume: {"l1_by_group": 0.7969287842390914, "n_generated": 11018, "n_real": 16122, "wasserstein": 0.8068009644975421}
2026-04-12 10:19:58 [INFO]   ask_volume | spread: {"n_generated": 11018, "n_real": 16122, "num_condition_groups": 2, "per_group": {"1": {"n": 27127, "wasserstein": 0.030585912367942773}, "2": {"n": 13, "wasserstein": null}}, "weighted_wasserstein": null}
2026-04-12 10:19:58 [INFO]   ask_volume_touch: {"l1_by_group": 0.0005582433941198211, "n_generated": 11018, "n_real": 16122, "wasserstein": 0.030568569240069777}
2026-04-12 10:19:58 [INFO]   bid_cancellation_depth: {"l1_by_group": 0.3985474693021862, "n_generated": 63, "n_real": 1908, "wasserstein": 0.2931795656312772}
2026-04-12 10:19:58 [INFO]   bid_cancellation_levels: {"l1_by_group": 0.4060051675279213, "n_generated": 56, "n_real": 1714, "wasserstein": 0.6070296851012537}
2026-04-12 10:19:58 [INFO]   bid_volume: {"l1_by_group": 0.9379072474001278, "n_generated": 11018, "n_real": 16122, "wasserstein": 0.47982165618337996}
2026-04-12 10:19:58 [INFO]   bid_volume_touch: {"l1_by_group": 0.9814539139064631, "n_generated": 11018, "n_real": 16122, "wasserstein": 1.639162763445813}
2026-04-12 10:19:58 [INFO]   limit_ask_order_depth: {"l1_by_group": 0.8254126369604023, "n_generated": 3881, "n_real": 4432, "wasserstein": 1.2727160293659383}
2026-04-12 10:19:58 [INFO]   limit_ask_order_levels: {"l1_by_group": 0.8480245645168822, "n_generated": 161, "n_real": 3724, "wasserstein": 3.201075623341644}
2026-04-12 10:19:58 [INFO]   limit_bid_order_depth: {"l1_by_group": 0.41182865840400085, "n_generated": 112, "n_real": 2628, "wasserstein": 0.5127223387214159}
2026-04-12 10:19:58 [INFO]   limit_bid_order_levels: {"l1_by_group": 0.4241646118527336, "n_generated": 95, "n_real": 2476, "wasserstein": 0.5969019103702002}
2026-04-12 10:19:58 [INFO]   log_inter_arrival_time: {"l1_by_group": 0.028452342998319044, "n_generated": 11017, "n_real": 16121, "wasserstein": 0.0374490550007657}
2026-04-12 10:19:58 [INFO]   ofi: {"l1_by_group": 0.8146794242364448, "n_generated": 10918, "n_real": 16022, "wasserstein": 0.4749881936273851}
2026-04-12 10:19:58 [INFO]   ofi_stay: {"l1_by_group": 0.8109908535259044, "n_generated": 10917, "n_real": 16013, "wasserstein": 0.4744188476659615}
2026-04-12 10:19:58 [INFO]   orderbook_imbalance: {"l1_by_group": 0.9939546432224482, "n_generated": 11018, "n_real": 16122, "wasserstein": 1.9623414737920672}
2026-04-12 10:19:58 [INFO]   spread: {"l1_by_group": 0.0008063515692842109, "n_generated": 11018, "n_real": 16122, "wasserstein": 0.03685137677377095}
2026-04-12 10:19:58 [INFO]   spread | time: {"n_generated": 11018, "n_real": 16122, "num_condition_groups": 1, "per_group": {"10": {"n": 27140, "wasserstein": 0.03685137677377095}}, "weighted_wasserstein": 0.03685137677377095}
2026-04-12 10:19:58 [INFO]   vol_per_min: {"l1_by_group": 0.18236313636678764, "n_generated": 397, "n_real": 545, "wasserstein": 0.16924059480531545}
[2026-04-12 10:19:58] [DONE] metrics_summary: /finance_ML/zhanghaohan/stock_language_model/saved_LOB_stream/pool_0709_0710_eval_0710_model_variants/sentence_preset_s2ip_k3_v5style_unifiedK_ep3/sentence_s2ip_k3_v5style_unifiedK_T10_k0_win50/fixed_start_model_blankgpt2_tokens_dynamic_anchor_txncomplete_002263XSHE_20260412_100909/metrics_summary.json
