[2026-04-11 14:02:21] [INFO] Experiment folder: /finance_ML/zhanghaohan/stock_language_model/saved_LOB_stream/pool_0709_0710_eval_0710_model_variants/sentence_preset_s2ip_k3_lowalign1e2/sentence_s2ip_k3_lowalign1e2_T10_k0_win50/fixed_start_model_blankgpt2_tokens_dynamic_anchor_txncomplete_000617XSHE_20260411_140221
[2026-04-11 14:02:21] [INFO] checkpoint: /finance_ML/zhanghaohan/stock_language_model/training_runs/pool_0709_0710_train0709_sentence_preset_s2ip_win50_k3_lowalign_1e-2_diag/000617XSHE/model_cache/preGPT2sentS2IP_20250709_txncomplete_000617XSHE_win50_k3_20260411_012702_best.pt
[2026-04-11 14:02:21] [INFO] device: cuda greedy=False
/finance_ML/zhanghaohan/stock_language_model/scripts/hist_script/replay_decoded_real_tokens_openbidanchor_txncomplete_fixed_start.py:117: DtypeWarning: Columns (1,2,3,5,6,7,8,9,10,11,12,13,14,15,16,17,18,19,20,21,22,23,24,25,26,27,28,29,30,31,32,33,34,35,36,37,38,39,40,41,42,43,44,45,46,47,48,49,50,51,52,53,54,55,56,57,58,59,60,61,62,63,64,65,66,67,68,69,70,71,72,73,74,75,76,77,78,79,80,81,82,83,84,85,86,88) have mixed types. Specify dtype option on import or set low_memory=False.
  lob_info = pd.read_csv(lob_snap_path, header=None, names=columns)
[2026-04-11 14:15:41] [INFO] tokenizable_rows=66758 token_exact_match_rate_all=0.001348 tail_after_seed=0.000600
[2026-04-11 14:15:57] [INFO] Running eval vs clean reference...
2026-04-11 14:15:57 [INFO] ======================================================================
2026-04-11 14:15:57 [INFO] decoded real-token open-anchor txn-complete evaluation
2026-04-11 14:15:57 [INFO] ======================================================================
2026-04-11 14:15:57 [INFO] Evaluating: /finance_ML/zhanghaohan/stock_language_model/saved_LOB_stream/pool_0709_0710_eval_0710_model_variants/sentence_preset_s2ip_k3_lowalign1e2/sentence_s2ip_k3_lowalign1e2_T10_k0_win50/fixed_start_model_blankgpt2_tokens_dynamic_anchor_txncomplete_000617XSHE_20260411_140221
2026-04-11 14:15:57 [INFO] 
── loading data ───────────────────────────────────────
2026-04-11 14:15:57 [INFO] Loading LOBSTER data from /finance_ML/zhanghaohan/stock_language_model/saved_LOB_stream/pool_0709_0710_eval_0710_model_variants/sentence_preset_s2ip_k3_lowalign1e2/sentence_s2ip_k3_lowalign1e2_T10_k0_win50/fixed_start_model_blankgpt2_tokens_dynamic_anchor_txncomplete_000617XSHE_20260411_140221
2026-04-11 14:15:58 [INFO] Loaded 32,257 rows | 10 book levels | date 2025-07-10
2026-04-11 14:15:58 [INFO] Loading real reference LOBSTER data from /finance_ML/zhanghaohan/stock_language_model/saved_LOB_stream/fixed_start_realflow_generate_lobster_openbidanchor_txncomplete_000617XSHE_20260405_132652
2026-04-11 14:15:58 [INFO] Loading LOBSTER data from /finance_ML/zhanghaohan/stock_language_model/saved_LOB_stream/fixed_start_realflow_generate_lobster_openbidanchor_txncomplete_000617XSHE_20260405_132652
2026-04-11 14:15:58 [INFO] Loaded 30,961 rows | 10 book levels | date 2025-07-10
2026-04-11 14:15:58 [INFO] 
── computing metrics ──────────────────────────────────
2026-04-11 14:15:59 [WARNING] Reference metric log_time_to_cancel skipped: <lambda>() got an unexpected keyword argument 'include_groups'
2026-04-11 14:16:02 [WARNING] Reference conditional metric spread | volatility skipped: Invalid frequency: 0.1s
2026-04-11 14:16:02 [INFO] Computed now (generated-only): 15 metric groups
2026-04-11 14:16:02 [INFO] Computed (with real reference LOB data): 22 benchmark metric configs
2026-04-11 14:16:02 [INFO] Failed (with real reference LOB data): 2 benchmark metric configs
2026-04-11 14:16:02 [INFO] Skipped (needs true order-ID linkage): 2 metrics
2026-04-11 14:16:02 [INFO] 
── LOB-Bench-style overall aggregates (reference_comparison) ──
2026-04-11 14:16:02 [INFO]   Wasserstein aggregate: n=21  mean=0.435922  median=0.394595  iqm=0.411171  (lower is better)
2026-04-11 14:16:02 [INFO]   L1_by_group aggregate: n=20  mean=0.380553  median=0.324375  iqm=0.353023  (lower is better)
2026-04-11 14:16:02 [INFO] 
── generating plots ───────────────────────────────────
2026-04-11 14:16:02 [INFO] saved mid_price.png
2026-04-11 14:16:03 [INFO] saved spread.png
2026-04-11 14:16:03 [INFO] saved returns_dist.png
2026-04-11 14:16:03 [INFO] saved autocorr.png
2026-04-11 14:16:04 [INFO] saved inter_arrival_time.png
2026-04-11 14:16:04 [INFO] saved l1_volume.png
2026-04-11 14:16:05 [INFO] saved volume_per_minute.png
2026-04-11 14:16:06 [INFO] saved orderbook_imbalance.png
2026-04-11 14:16:06 [INFO] saved orderflow_imbalance.png
2026-04-11 14:16:06 [INFO] saved event_type_counts.png
2026-04-11 14:16:06 [INFO] Skipped time-to-fill/time-to-cancel plots: requires true order-ID linkage (not available in synthetic IDs).
2026-04-11 14:16:07 [INFO] saved overview_panel.png
2026-04-11 14:16:07 [INFO] Wrote metrics summary: /finance_ML/zhanghaohan/stock_language_model/saved_LOB_stream/pool_0709_0710_eval_0710_model_variants/sentence_preset_s2ip_k3_lowalign1e2/sentence_s2ip_k3_lowalign1e2_T10_k0_win50/fixed_start_model_blankgpt2_tokens_dynamic_anchor_txncomplete_000617XSHE_20260411_140221/metrics_summary.json
2026-04-11 14:16:07 [INFO] 
── all computed metrics summary ─────────────────────
2026-04-11 14:16:07 [INFO]   acf_returns_1min: [1.0, -0.4353187217098083, 0.12988187324758554, -0.34628006963377855]
2026-04-11 14:16:07 [INFO]   direction_counts: {"-1": 16861, "1": 15396}
2026-04-11 14:16:07 [INFO]   direction_fractions: {"-1": 0.5227, "1": 0.4773}
2026-04-11 14:16:07 [INFO]   event_type_counts: {"1": 11952, "2": 141, "3": 1781, "4": 18383}
2026-04-11 14:16:07 [INFO]   event_type_fractions: {"1": 0.3705, "2": 0.0044, "3": 0.0552, "4": 0.5699}
2026-04-11 14:16:07 [INFO]   iat_ms: {"mean": 24.17285374468392, "median": 10.0, "n": 13873, "n_exec_excluded": 18383, "p95": 110.0, "std": 48.754479207998465}
2026-04-11 14:16:07 [INFO]   l1_volume: {"ask_mean": 43186.82056607868, "ask_median": 12700.0, "bid_mean": 104162.59528164429, "bid_median": 32600.0}
2026-04-11 14:16:07 [INFO]   mid_price: {"end_cny": 9.365, "end_price_int": 93650.0, "mean_cny": 9.345941501069536, "mean_price_int": 93459.41501069535, "mean_ticks_0p01": 934.5941501069535, "start_cny": 9.345, "start_price_int": 93450.0, "std_cny": 0.012836561094596662, "std_price_int": 128.36561094596624, "std_ticks_0p01": 1.2836561094596624, "total_return_bps": 21.401819154627244}
2026-04-11 14:16:07 [INFO]   ob_imbalance: {"mean": 0.026463318019215056, "median": -0.1447663909733253, "std": 0.8018961057256606}
2026-04-11 14:16:07 [INFO]   orderflow_imbalance: {"mean": 8.378183599216344, "n": 32157, "std": 357.2329750897573}
2026-04-11 14:16:07 [INFO]   returns_1min: {"kurtosis": -0.029553771659782235, "mean": 0.000641711780473031, "n": 5, "skew": 0.5876464904091663, "std": 0.001028370956002305}
2026-04-11 14:16:07 [INFO]   spread_ticks: {"mean": 1.2804031007751937, "median": 1.0, "n": 32250, "pct_zero_spread": 0.0002170071612363208, "std": 0.6249516030674881, "tick_size_cny": 0.01, "tick_size_price_int": 100}
2026-04-11 14:16:07 [INFO]   total_volume_5lvl: {"ask_mean": 1078925.4511578882, "bid_mean": 1057936.5697678023}
2026-04-11 14:16:07 [INFO]   volatility_1min: 0.001028370956002305
2026-04-11 14:16:07 [INFO]   volume_per_minute: {"mean": 4307423.669985776, "n": 333, "total": 1434372082.1052632}
2026-04-11 14:16:07 [INFO]   [real-vs-generated comparative metrics]
2026-04-11 14:16:07 [INFO]   ask_cancellation_depth: {"l1_by_group": 0.465083723684919, "n_generated": 453, "n_real": 2829, "wasserstein": 0.43654213143469034}
2026-04-11 14:16:07 [INFO]   ask_cancellation_levels: {"l1_by_group": 0.33605671828431166, "n_generated": 263, "n_real": 1721, "wasserstein": 0.6386542408433049}
2026-04-11 14:16:07 [INFO]   ask_volume: {"l1_by_group": 0.6646028956241173, "n_generated": 32257, "n_real": 30961, "wasserstein": 0.8341260325559713}
2026-04-11 14:16:07 [INFO]   ask_volume | spread: {"n_generated": 32257, "n_real": 30961, "num_condition_groups": 8, "per_group": {"1": {"n": 7, "wasserstein": null}, "2": {"n": 54791, "wasserstein": 0.39012128298710214}, "3": {"n": 5487, "wasserstein": 0.26595747039630807}, "4": {"n": 2391, "wasserstein": 0.4353817203131709}, "5": {"n": 463, "wasserstein": 1.0988739815959236}, "6": {"n": 46, "wasserstein": 0.9678043808829266}, "7": {"n": 27, "wasserstein": null}, "8": {"n": 6, "wasserstein": null}}, "weighted_wasserstein": null}
2026-04-11 14:16:07 [INFO]   ask_volume_touch: {"l1_by_group": 0.6967043203017089, "n_generated": 32257, "n_real": 30961, "wasserstein": 0.34669233878301814}
2026-04-11 14:16:07 [INFO]   bid_cancellation_depth: {"l1_by_group": 0.21031384948865034, "n_generated": 1459, "n_real": 1624, "wasserstein": 0.19924695743089546}
2026-04-11 14:16:07 [INFO]   bid_cancellation_levels: {"l1_by_group": 0.19023655598001765, "n_generated": 996, "n_real": 984, "wasserstein": 0.1796694626421726}
2026-04-11 14:16:07 [INFO]   bid_volume: {"l1_by_group": 0.5761030112378772, "n_generated": 32257, "n_real": 30961, "wasserstein": 0.935481879100351}
2026-04-11 14:16:07 [INFO]   bid_volume_touch: {"l1_by_group": 0.5619086069354517, "n_generated": 32257, "n_real": 30961, "wasserstein": 0.5320617016136564}
2026-04-11 14:16:07 [INFO]   limit_ask_order_depth: {"l1_by_group": 0.49874672791030766, "n_generated": 2040, "n_real": 9528, "wasserstein": 0.6517155776805563}
2026-04-11 14:16:07 [INFO]   limit_ask_order_levels: {"l1_by_group": 0.21279568415501937, "n_generated": 1276, "n_real": 8079, "wasserstein": 0.30194655311442886}
2026-04-11 14:16:07 [INFO]   limit_bid_order_depth: {"l1_by_group": 0.39864316613589523, "n_generated": 9911, "n_real": 3699, "wasserstein": 0.3945946543922867}
2026-04-11 14:16:07 [INFO]   limit_bid_order_levels: {"l1_by_group": 0.2931305717977015, "n_generated": 7562, "n_real": 3162, "wasserstein": 0.6201080119979193}
2026-04-11 14:16:07 [INFO]   log_inter_arrival_time: {"l1_by_group": 0.2511924949243263, "n_generated": 32256, "n_real": 30960, "wasserstein": 0.5072326277944019}
2026-04-11 14:16:07 [INFO]   ofi: {"l1_by_group": 0.30735506415089286, "n_generated": 32157, "n_real": 30861, "wasserstein": 0.16563686336966255}
2026-04-11 14:16:07 [INFO]   ofi_down: {"l1_by_group": 0.3568937768240343, "n_generated": 160, "n_real": 233, "wasserstein": 0.2886379831151288}
2026-04-11 14:16:07 [INFO]   ofi_stay: {"l1_by_group": 0.31043614331342295, "n_generated": 31825, "n_real": 30389, "wasserstein": 0.16334509960339694}
2026-04-11 14:16:07 [INFO]   ofi_up: {"l1_by_group": 0.31269349845201233, "n_generated": 171, "n_real": 238, "wasserstein": 0.41049640585405106}
2026-04-11 14:16:07 [INFO]   orderbook_imbalance: {"l1_by_group": 0.6383008991417126, "n_generated": 32257, "n_real": 30961, "wasserstein": 0.6050809047934079}
2026-04-11 14:16:07 [INFO]   spread: {"l1_by_group": 0.1299183075231334, "n_generated": 32257, "n_real": 30961, "wasserstein": 0.3497986541409751}
2026-04-11 14:16:07 [INFO]   spread | time: {"n_generated": 32257, "n_real": 30961, "num_condition_groups": 1, "per_group": {"10": {"n": 63218, "wasserstein": 0.3497986541409751}}, "weighted_wasserstein": 0.3497986541409751}
2026-04-11 14:16:07 [INFO]   vol_per_min: {"l1_by_group": 0.19994087351600304, "n_generated": 333, "n_real": 579, "wasserstein": 0.24349262617587278}
[2026-04-11 14:16:07] [DONE] metrics_summary: /finance_ML/zhanghaohan/stock_language_model/saved_LOB_stream/pool_0709_0710_eval_0710_model_variants/sentence_preset_s2ip_k3_lowalign1e2/sentence_s2ip_k3_lowalign1e2_T10_k0_win50/fixed_start_model_blankgpt2_tokens_dynamic_anchor_txncomplete_000617XSHE_20260411_140221/metrics_summary.json
