[2026-04-10 22:13:12] [INFO] Experiment folder: /finance_ML/zhanghaohan/stock_language_model/saved_LOB_stream/pool_0709_0710_eval_0710_model_variants/sentence_preset_s2ip_k1/sentence_s2ip_k1_T10_k0_win50/fixed_start_model_blankgpt2_tokens_dynamic_anchor_txncomplete_002263XSHE_20260410_221312
[2026-04-10 22:13:12] [INFO] checkpoint: /finance_ML/zhanghaohan/stock_language_model/training_runs/pool_0709_0710_train0709_sentence_preset_s2ip_win50_k1/002263XSHE/model_cache/preGPT2sentS2IP_20250709_txncomplete_002263XSHE_win50_k1_20260410_203048_best.pt
[2026-04-10 22:13:12] [INFO] device: cuda greedy=False
/finance_ML/zhanghaohan/stock_language_model/scripts/hist_script/replay_decoded_real_tokens_openbidanchor_txncomplete_fixed_start.py:117: DtypeWarning: Columns (1,2,3,5,6,7,8,9,10,11,12,13,14,15,16,17,18,19,20,21,22,23,24,25,26,27,28,29,30,31,32,33,34,35,36,37,38,39,40,41,42,43,44,45,46,47,48,49,50,51,52,53,54,55,56,57,58,59,60,61,62,63,64,65,66,67,68,69,70,71,72,73,74,75,76,77,78,79,80,81,82,83,84,85,86,88) have mixed types. Specify dtype option on import or set low_memory=False.
  lob_info = pd.read_csv(lob_snap_path, header=None, names=columns)
[2026-04-10 22:23:39] [INFO] tokenizable_rows=36305 token_exact_match_rate_all=0.001542 tail_after_seed=0.000165
[2026-04-10 22:23:46] [INFO] Running eval vs clean reference...
2026-04-10 22:23:46 [INFO] ======================================================================
2026-04-10 22:23:46 [INFO] decoded real-token open-anchor txn-complete evaluation
2026-04-10 22:23:46 [INFO] ======================================================================
2026-04-10 22:23:46 [INFO] Evaluating: /finance_ML/zhanghaohan/stock_language_model/saved_LOB_stream/pool_0709_0710_eval_0710_model_variants/sentence_preset_s2ip_k1/sentence_s2ip_k1_T10_k0_win50/fixed_start_model_blankgpt2_tokens_dynamic_anchor_txncomplete_002263XSHE_20260410_221312
2026-04-10 22:23:46 [INFO] 
── loading data ───────────────────────────────────────
2026-04-10 22:23:46 [INFO] Loading LOBSTER data from /finance_ML/zhanghaohan/stock_language_model/saved_LOB_stream/pool_0709_0710_eval_0710_model_variants/sentence_preset_s2ip_k1/sentence_s2ip_k1_T10_k0_win50/fixed_start_model_blankgpt2_tokens_dynamic_anchor_txncomplete_002263XSHE_20260410_221312
2026-04-10 22:23:46 [INFO] Loaded 11,333 rows | 10 book levels | date 2025-07-10
2026-04-10 22:23:46 [INFO] Loading real reference LOBSTER data from /finance_ML/zhanghaohan/stock_language_model/saved_LOB_stream/fixed_start_realflow_generate_lobster_openbidanchor_txncomplete_002263XSHE_20260405_132652
2026-04-10 22:23:46 [INFO] Loading LOBSTER data from /finance_ML/zhanghaohan/stock_language_model/saved_LOB_stream/fixed_start_realflow_generate_lobster_openbidanchor_txncomplete_002263XSHE_20260405_132652
2026-04-10 22:23:46 [INFO] Loaded 16,122 rows | 10 book levels | date 2025-07-10
2026-04-10 22:23:46 [INFO] 
── computing metrics ──────────────────────────────────
/finance_ML/zhanghaohan/mycondaenv/lib/python3.8/site-packages/statsmodels/tsa/stattools.py:693: RuntimeWarning: invalid value encountered in divide
  acf = avf[: nlags + 1] / avf[0]
2026-04-10 22:23:47 [WARNING] Reference metric log_time_to_cancel skipped: <lambda>() got an unexpected keyword argument 'include_groups'
2026-04-10 22:23:47 [WARNING] Reference metric ofi_up skipped: empty real or generated sample after cleaning
2026-04-10 22:23:47 [WARNING] Reference metric ofi_down skipped: empty real or generated sample after cleaning
2026-04-10 22:23:48 [WARNING] Reference conditional metric spread | volatility skipped: Invalid frequency: 0.1s
2026-04-10 22:23:48 [INFO] Computed now (generated-only): 15 metric groups
2026-04-10 22:23:48 [INFO] Computed (with real reference LOB data): 20 benchmark metric configs
2026-04-10 22:23:48 [INFO] Failed (with real reference LOB data): 4 benchmark metric configs
2026-04-10 22:23:48 [INFO] Skipped (needs true order-ID linkage): 2 metrics
2026-04-10 22:23:48 [INFO] 
── LOB-Bench-style overall aggregates (reference_comparison) ──
2026-04-10 22:23:48 [INFO]   Wasserstein aggregate: n=18  mean=0.734986  median=0.462079  iqm=0.589169  (lower is better)
2026-04-10 22:23:48 [INFO]   L1_by_group aggregate: n=18  mean=0.553001  median=0.583141  iqm=0.567745  (lower is better)
2026-04-10 22:23:48 [INFO] 
── generating plots ───────────────────────────────────
2026-04-10 22:23:48 [INFO] saved mid_price.png
2026-04-10 22:23:49 [INFO] saved spread.png
2026-04-10 22:23:49 [INFO] saved returns_dist.png
2026-04-10 22:23:50 [INFO] saved inter_arrival_time.png
2026-04-10 22:23:50 [INFO] saved l1_volume.png
2026-04-10 22:23:51 [INFO] saved volume_per_minute.png
2026-04-10 22:23:51 [INFO] saved orderbook_imbalance.png
2026-04-10 22:23:52 [INFO] saved orderflow_imbalance.png
2026-04-10 22:23:52 [INFO] saved event_type_counts.png
2026-04-10 22:23:52 [INFO] Skipped time-to-fill/time-to-cancel plots: requires true order-ID linkage (not available in synthetic IDs).
2026-04-10 22:23:53 [INFO] saved overview_panel.png
2026-04-10 22:23:53 [INFO] Wrote metrics summary: /finance_ML/zhanghaohan/stock_language_model/saved_LOB_stream/pool_0709_0710_eval_0710_model_variants/sentence_preset_s2ip_k1/sentence_s2ip_k1_T10_k0_win50/fixed_start_model_blankgpt2_tokens_dynamic_anchor_txncomplete_002263XSHE_20260410_221312/metrics_summary.json
2026-04-10 22:23:53 [INFO] 
── all computed metrics summary ─────────────────────
2026-04-10 22:23:53 [INFO]   acf_returns_1min: [NaN, NaN, NaN]
2026-04-10 22:23:53 [INFO]   direction_counts: {"-1": 5219, "1": 6114}
2026-04-10 22:23:53 [INFO]   direction_fractions: {"-1": 0.4605, "1": 0.5395}
2026-04-10 22:23:53 [INFO]   event_type_counts: {"1": 4009, "2": 193, "3": 1282, "4": 5849}
2026-04-10 22:23:53 [INFO]   event_type_fractions: {"1": 0.3537, "2": 0.017, "3": 0.1131, "4": 0.5161}
2026-04-10 22:23:53 [INFO]   iat_ms: {"mean": 1038.8418748860113, "median": 30.0, "n": 5483, "n_exec_excluded": 5849, "p95": 180.0, "std": 72926.7572768364}
2026-04-10 22:23:53 [INFO]   l1_volume: {"ask_mean": 76200.0, "ask_median": 76200.0, "bid_mean": 84374.084531898, "bid_median": 87800.0}
2026-04-10 22:23:53 [INFO]   mid_price: {"end_cny": 4.345, "end_price_int": 43450.0, "mean_cny": 4.345, "mean_price_int": 43450.0, "mean_ticks_0p01": 434.5, "start_cny": 4.345, "start_price_int": 43450.0, "std_cny": 0.0, "std_price_int": 0.0, "std_ticks_0p01": 0.0, "total_return_bps": 0.0}
2026-04-10 22:23:53 [INFO]   ob_imbalance: {"mean": 0.039386303069332905, "median": 0.07073170731707316, "std": 0.1176607314051938}
2026-04-10 22:23:53 [INFO]   orderflow_imbalance: {"mean": 4.051633579631443, "n": 11233, "std": 41.56369975296831}
2026-04-10 22:23:53 [INFO]   returns_1min: {"kurtosis": 0.0, "mean": 0.0, "n": 4, "skew": 0.0, "std": 0.0}
2026-04-10 22:23:53 [INFO]   spread_ticks: {"mean": 1.0, "median": 1.0, "n": 11333, "pct_zero_spread": 0.0, "std": 0.0, "tick_size_cny": 0.01, "tick_size_price_int": 100}
2026-04-10 22:23:53 [INFO]   total_volume_5lvl: {"ask_mean": 849210.402717727, "bid_mean": 6068668.485308391}
2026-04-10 22:23:53 [INFO]   volatility_1min: 0.0
2026-04-10 22:23:53 [INFO]   volume_per_minute: {"mean": 2177282.8474576273, "n": 295, "total": 642298440.0}
2026-04-10 22:23:53 [INFO]   [real-vs-generated comparative metrics]
2026-04-10 22:23:53 [INFO]   ask_cancellation_depth: {"l1_by_group": 0.6223403597297958, "n_generated": 1375, "n_real": 1117, "wasserstein": 0.9144858305312886}
2026-04-10 22:23:53 [INFO]   ask_cancellation_levels: {"l1_by_group": 0.5659166666666666, "n_generated": 375, "n_real": 800, "wasserstein": 1.1395247561799056}
2026-04-10 22:23:53 [INFO]   ask_volume: {"l1_by_group": 0.6003659852821039, "n_generated": 11333, "n_real": 16122, "wasserstein": 0.9568871185548345}
2026-04-10 22:23:53 [INFO]   ask_volume | spread: {"n_generated": 11333, "n_real": 16122, "num_condition_groups": 2, "per_group": {"1": {"n": 27442, "wasserstein": 0.030762930602351586}, "2": {"n": 13, "wasserstein": null}}, "weighted_wasserstein": null}
2026-04-10 22:23:53 [INFO]   ask_volume_touch: {"l1_by_group": 0.0005582433941198211, "n_generated": 11333, "n_real": 16122, "wasserstein": 0.030745402625045024}
2026-04-10 22:23:53 [INFO]   bid_cancellation_depth: {"l1_by_group": 0.34452830188679245, "n_generated": 100, "n_real": 1908, "wasserstein": 0.19587199218973855}
2026-04-10 22:23:53 [INFO]   bid_cancellation_levels: {"l1_by_group": 0.3706273740658904, "n_generated": 94, "n_real": 1714, "wasserstein": 0.39415993633432295}
2026-04-10 22:23:53 [INFO]   bid_volume: {"l1_by_group": 0.915242083402418, "n_generated": 11333, "n_real": 16122, "wasserstein": 0.4736487839863448}
2026-04-10 22:23:53 [INFO]   bid_volume_touch: {"l1_by_group": 0.9811437786875078, "n_generated": 11333, "n_real": 16122, "wasserstein": 1.5829759607436}
2026-04-10 22:23:53 [INFO]   limit_ask_order_depth: {"l1_by_group": 0.8235449991045424, "n_generated": 3830, "n_real": 4432, "wasserstein": 1.0471433693105183}
2026-04-10 22:23:53 [INFO]   limit_ask_order_levels: {"l1_by_group": 0.9207630935529534, "n_generated": 818, "n_real": 3724, "wasserstein": 2.1837353372468438}
2026-04-10 22:23:53 [INFO]   limit_bid_order_depth: {"l1_by_group": 0.38266668367303563, "n_generated": 179, "n_real": 2628, "wasserstein": 0.435200293615917}
2026-04-10 22:23:53 [INFO]   limit_bid_order_levels: {"l1_by_group": 0.406190336319577, "n_generated": 165, "n_real": 2476, "wasserstein": 0.6282229622731157}
2026-04-10 22:23:53 [INFO]   log_inter_arrival_time: {"l1_by_group": 0.08049651119480233, "n_generated": 11332, "n_real": 16121, "wasserstein": 0.07484763644703889}
2026-04-10 22:23:53 [INFO]   ofi: {"l1_by_group": 0.7926195534376232, "n_generated": 11233, "n_real": 16022, "wasserstein": 0.45051003814175206}
2026-04-10 22:23:53 [INFO]   ofi_stay: {"l1_by_group": 0.8012306829849609, "n_generated": 11232, "n_real": 16013, "wasserstein": 0.44992151643218714}
2026-04-10 22:23:53 [INFO]   orderbook_imbalance: {"l1_by_group": 0.9969370692211409, "n_generated": 11333, "n_real": 16122, "wasserstein": 1.8303183805957708}
2026-04-10 22:23:53 [INFO]   spread: {"l1_by_group": 0.0008063515692842109, "n_generated": 11333, "n_real": 16122, "wasserstein": 0.037064523227906515}
2026-04-10 22:23:53 [INFO]   spread | time: {"n_generated": 11333, "n_real": 16122, "num_condition_groups": 2, "per_group": {"10": {"n": 27448, "wasserstein": 0.03705979995838987}, "12": {"n": 7, "wasserstein": null}}, "weighted_wasserstein": null}
2026-04-10 22:23:53 [INFO]   vol_per_min: {"l1_by_group": 0.3480329653242107, "n_generated": 295, "n_real": 545, "wasserstein": 0.4044792119403774}
[2026-04-10 22:23:53] [DONE] metrics_summary: /finance_ML/zhanghaohan/stock_language_model/saved_LOB_stream/pool_0709_0710_eval_0710_model_variants/sentence_preset_s2ip_k1/sentence_s2ip_k1_T10_k0_win50/fixed_start_model_blankgpt2_tokens_dynamic_anchor_txncomplete_002263XSHE_20260410_221312/metrics_summary.json
