[2026-04-11 14:02:21] [INFO] Experiment folder: /finance_ML/zhanghaohan/stock_language_model/saved_LOB_stream/pool_0709_0710_eval_0710_model_variants/sentence_preset_s2ip_k3_sepproj/sentence_s2ip_k3_sepproj_T10_k0_win50/fixed_start_model_blankgpt2_tokens_dynamic_anchor_txncomplete_000617XSHE_20260411_140221
[2026-04-11 14:02:21] [INFO] checkpoint: /finance_ML/zhanghaohan/stock_language_model/training_runs/pool_0709_0710_train0709_sentence_preset_s2ip_win50_k3_separate_proj_diag/000617XSHE/model_cache/preGPT2sentS2IP_20250709_txncomplete_000617XSHE_win50_k3_20260411_012702_best.pt
[2026-04-11 14:02:21] [INFO] device: cuda greedy=False
/finance_ML/zhanghaohan/stock_language_model/scripts/hist_script/replay_decoded_real_tokens_openbidanchor_txncomplete_fixed_start.py:117: DtypeWarning: Columns (1,2,3,5,6,7,8,9,10,11,12,13,14,15,16,17,18,19,20,21,22,23,24,25,26,27,28,29,30,31,32,33,34,35,36,37,38,39,40,41,42,43,44,45,46,47,48,49,50,51,52,53,54,55,56,57,58,59,60,61,62,63,64,65,66,67,68,69,70,71,72,73,74,75,76,77,78,79,80,81,82,83,84,85,86,88) have mixed types. Specify dtype option on import or set low_memory=False.
  lob_info = pd.read_csv(lob_snap_path, header=None, names=columns)
[2026-04-11 14:15:33] [INFO] tokenizable_rows=66758 token_exact_match_rate_all=0.001228 tail_after_seed=0.000480
[2026-04-11 14:15:48] [INFO] Running eval vs clean reference...
2026-04-11 14:15:48 [INFO] ======================================================================
2026-04-11 14:15:48 [INFO] decoded real-token open-anchor txn-complete evaluation
2026-04-11 14:15:48 [INFO] ======================================================================
2026-04-11 14:15:48 [INFO] Evaluating: /finance_ML/zhanghaohan/stock_language_model/saved_LOB_stream/pool_0709_0710_eval_0710_model_variants/sentence_preset_s2ip_k3_sepproj/sentence_s2ip_k3_sepproj_T10_k0_win50/fixed_start_model_blankgpt2_tokens_dynamic_anchor_txncomplete_000617XSHE_20260411_140221
2026-04-11 14:15:48 [INFO] 
── loading data ───────────────────────────────────────
2026-04-11 14:15:48 [INFO] Loading LOBSTER data from /finance_ML/zhanghaohan/stock_language_model/saved_LOB_stream/pool_0709_0710_eval_0710_model_variants/sentence_preset_s2ip_k3_sepproj/sentence_s2ip_k3_sepproj_T10_k0_win50/fixed_start_model_blankgpt2_tokens_dynamic_anchor_txncomplete_000617XSHE_20260411_140221
2026-04-11 14:15:49 [INFO] Loaded 26,498 rows | 10 book levels | date 2025-07-10
2026-04-11 14:15:49 [INFO] Loading real reference LOBSTER data from /finance_ML/zhanghaohan/stock_language_model/saved_LOB_stream/fixed_start_realflow_generate_lobster_openbidanchor_txncomplete_000617XSHE_20260405_132652
2026-04-11 14:15:49 [INFO] Loading LOBSTER data from /finance_ML/zhanghaohan/stock_language_model/saved_LOB_stream/fixed_start_realflow_generate_lobster_openbidanchor_txncomplete_000617XSHE_20260405_132652
2026-04-11 14:15:49 [INFO] Loaded 30,961 rows | 10 book levels | date 2025-07-10
2026-04-11 14:15:49 [INFO] 
── computing metrics ──────────────────────────────────
2026-04-11 14:15:50 [WARNING] Reference metric log_time_to_cancel skipped: <lambda>() got an unexpected keyword argument 'include_groups'
2026-04-11 14:15:52 [WARNING] Reference conditional metric spread | volatility skipped: Invalid frequency: 0.1s
2026-04-11 14:15:52 [INFO] Computed now (generated-only): 15 metric groups
2026-04-11 14:15:52 [INFO] Computed (with real reference LOB data): 22 benchmark metric configs
2026-04-11 14:15:52 [INFO] Failed (with real reference LOB data): 2 benchmark metric configs
2026-04-11 14:15:52 [INFO] Skipped (needs true order-ID linkage): 2 metrics
2026-04-11 14:15:52 [INFO] 
── LOB-Bench-style overall aggregates (reference_comparison) ──
2026-04-11 14:15:52 [INFO]   Wasserstein aggregate: n=21  mean=0.449421  median=0.39475  iqm=0.419525  (lower is better)
2026-04-11 14:15:52 [INFO]   L1_by_group aggregate: n=20  mean=0.414142  median=0.39469  iqm=0.380688  (lower is better)
2026-04-11 14:15:52 [INFO] 
── generating plots ───────────────────────────────────
2026-04-11 14:15:53 [INFO] saved mid_price.png
2026-04-11 14:15:54 [INFO] saved spread.png
2026-04-11 14:15:54 [INFO] saved returns_dist.png
2026-04-11 14:15:55 [INFO] saved autocorr.png
2026-04-11 14:15:55 [INFO] saved inter_arrival_time.png
2026-04-11 14:15:55 [INFO] saved l1_volume.png
2026-04-11 14:15:56 [INFO] saved volume_per_minute.png
2026-04-11 14:15:57 [INFO] saved orderbook_imbalance.png
2026-04-11 14:15:57 [INFO] saved orderflow_imbalance.png
2026-04-11 14:15:57 [INFO] saved event_type_counts.png
2026-04-11 14:15:57 [INFO] Skipped time-to-fill/time-to-cancel plots: requires true order-ID linkage (not available in synthetic IDs).
2026-04-11 14:15:58 [INFO] saved overview_panel.png
2026-04-11 14:15:58 [INFO] Wrote metrics summary: /finance_ML/zhanghaohan/stock_language_model/saved_LOB_stream/pool_0709_0710_eval_0710_model_variants/sentence_preset_s2ip_k3_sepproj/sentence_s2ip_k3_sepproj_T10_k0_win50/fixed_start_model_blankgpt2_tokens_dynamic_anchor_txncomplete_000617XSHE_20260411_140221/metrics_summary.json
2026-04-11 14:15:58 [INFO] 
── all computed metrics summary ─────────────────────
2026-04-11 14:15:58 [INFO]   acf_returns_1min: [1.0, -0.038848044241968145, 0.03955411135276564, -0.4804105491361462]
2026-04-11 14:15:58 [INFO]   direction_counts: {"-1": 13783, "1": 12715}
2026-04-11 14:15:58 [INFO]   direction_fractions: {"-1": 0.5202, "1": 0.4798}
2026-04-11 14:15:58 [INFO]   event_type_counts: {"1": 10077, "2": 131, "3": 1494, "4": 14796}
2026-04-11 14:15:58 [INFO]   event_type_fractions: {"1": 0.3803, "2": 0.0049, "3": 0.0564, "4": 0.5584}
2026-04-11 14:15:58 [INFO]   iat_ms: {"mean": 28.05315784975643, "median": 10.0, "n": 11701, "n_exec_excluded": 14796, "p95": 130.0, "std": 56.4740700924319}
2026-04-11 14:15:58 [INFO]   l1_volume: {"ask_mean": 140585.63680277756, "ask_median": 35299.0, "bid_mean": 81949.47188467054, "bid_median": 18300.0}
2026-04-11 14:15:58 [INFO]   mid_price: {"end_cny": 9.345, "end_price_int": 93450.0, "mean_cny": 9.315053777643596, "mean_price_int": 93150.53777643596, "mean_ticks_0p01": 931.5053777643595, "start_cny": 9.345, "start_price_int": 93450.0, "std_cny": 0.02114763025544291, "std_price_int": 211.4763025544259, "std_ticks_0p01": 2.114763025544259, "total_return_bps": 0.0}
2026-04-11 14:15:58 [INFO]   ob_imbalance: {"mean": -0.07643042873503922, "median": -0.3944032209762752, "std": 0.741079353574169}
2026-04-11 14:15:58 [INFO]   orderflow_imbalance: {"mean": -43.53036290628078, "n": 26398, "std": 725.920601980958}
2026-04-11 14:15:58 [INFO]   returns_1min: {"kurtosis": 2.0185136638723478, "mean": 0.00032128520965457597, "n": 5, "skew": 0.7088150053478134, "std": 0.003278625612727934}
2026-04-11 14:15:58 [INFO]   spread_ticks: {"mean": 1.2472827292489241, "median": 1.0, "n": 22541, "pct_zero_spread": 0.149332025058495, "std": 0.5506165805476837, "tick_size_cny": 0.01, "tick_size_price_int": 100}
2026-04-11 14:15:58 [INFO]   total_volume_5lvl: {"ask_mean": 556653.7645860065, "bid_mean": 1807738.7439806778}
2026-04-11 14:15:58 [INFO]   volatility_1min: 0.003278625612727934
2026-04-11 14:15:58 [INFO]   volume_per_minute: {"mean": 4530231.603554051, "n": 326, "total": 1476855502.7586207}
2026-04-11 14:15:58 [INFO]   [real-vs-generated comparative metrics]
2026-04-11 14:15:58 [INFO]   ask_cancellation_depth: {"l1_by_group": 0.4513682665824638, "n_generated": 581, "n_real": 2829, "wasserstein": 0.3947498259975099}
2026-04-11 14:15:58 [INFO]   ask_cancellation_levels: {"l1_by_group": 0.3245606710958814, "n_generated": 341, "n_real": 1721, "wasserstein": 0.6480131194796144}
2026-04-11 14:15:58 [INFO]   ask_volume: {"l1_by_group": 0.6089975414544799, "n_generated": 26498, "n_real": 30961, "wasserstein": 0.7350541538998251}
2026-04-11 14:15:58 [INFO]   ask_volume | spread: {"n_generated": 26498, "n_real": 30961, "num_condition_groups": 8, "per_group": {"1": {"n": 3957, "wasserstein": null}, "2": {"n": 46600, "wasserstein": 0.609135714537421}, "3": {"n": 5985, "wasserstein": 0.8755032418640657}, "4": {"n": 464, "wasserstein": 0.7386694610717949}, "5": {"n": 225, "wasserstein": 0.5738590100974456}, "6": {"n": 192, "wasserstein": 1.7833246528604576}, "7": {"n": 28, "wasserstein": 0.4622168381229963}, "8": {"n": 8, "wasserstein": null}}, "weighted_wasserstein": null}
2026-04-11 14:15:58 [INFO]   ask_volume_touch: {"l1_by_group": 0.8301507320452812, "n_generated": 26498, "n_real": 30961, "wasserstein": 0.5923346387245736}
2026-04-11 14:15:58 [INFO]   bid_cancellation_depth: {"l1_by_group": 0.1966125164645885, "n_generated": 1021, "n_real": 1624, "wasserstein": 0.18404709503352948}
2026-04-11 14:15:58 [INFO]   bid_cancellation_levels: {"l1_by_group": 0.17147494236136393, "n_generated": 804, "n_real": 984, "wasserstein": 0.18486987207664377}
2026-04-11 14:15:58 [INFO]   bid_volume: {"l1_by_group": 0.6642052502052225, "n_generated": 26498, "n_real": 30961, "wasserstein": 1.305871668638146}
2026-04-11 14:15:58 [INFO]   bid_volume_touch: {"l1_by_group": 0.7153068714348397, "n_generated": 26498, "n_real": 30961, "wasserstein": 0.34999863951617893}
2026-04-11 14:15:58 [INFO]   limit_ask_order_depth: {"l1_by_group": 0.4389106328626169, "n_generated": 2118, "n_real": 9528, "wasserstein": 0.643737921130425}
2026-04-11 14:15:58 [INFO]   limit_ask_order_levels: {"l1_by_group": 0.20501925951349945, "n_generated": 1255, "n_real": 8079, "wasserstein": 0.16350035370379445}
2026-04-11 14:15:58 [INFO]   limit_bid_order_depth: {"l1_by_group": 0.39901776167355735, "n_generated": 7898, "n_real": 3699, "wasserstein": 0.2738412070997688}
2026-04-11 14:15:58 [INFO]   limit_bid_order_levels: {"l1_by_group": 0.38081573823629933, "n_generated": 6953, "n_real": 3162, "wasserstein": 0.6398028433058592}
2026-04-11 14:15:58 [INFO]   log_inter_arrival_time: {"l1_by_group": 0.2317864381604704, "n_generated": 26497, "n_real": 30960, "wasserstein": 0.46194114633964806}
2026-04-11 14:15:58 [INFO]   ofi: {"l1_by_group": 0.39555574272366956, "n_generated": 26398, "n_real": 30861, "wasserstein": 0.11142287257734622}
2026-04-11 14:15:58 [INFO]   ofi_down: {"l1_by_group": 0.3318185643356055, "n_generated": 102, "n_real": 233, "wasserstein": 0.32807634608833935}
2026-04-11 14:15:58 [INFO]   ofi_stay: {"l1_by_group": 0.39382357635679893, "n_generated": 26191, "n_real": 30389, "wasserstein": 0.10911204020943394}
2026-04-11 14:15:58 [INFO]   ofi_up: {"l1_by_group": 0.4204104718810601, "n_generated": 104, "n_real": 238, "wasserstein": 0.31239497812441774}
2026-04-11 14:15:58 [INFO]   orderbook_imbalance: {"l1_by_group": 0.6184839158710789, "n_generated": 26498, "n_real": 30961, "wasserstein": 0.7374361812337442}
2026-04-11 14:15:58 [INFO]   spread: {"l1_by_group": 0.270594237225234, "n_generated": 26498, "n_real": 30961, "wasserstein": 0.4919306362137403}
2026-04-11 14:15:58 [INFO]   spread | time: {"n_generated": 26498, "n_real": 30961, "num_condition_groups": 1, "per_group": {"10": {"n": 57459, "wasserstein": 0.4919306362137403}}, "weighted_wasserstein": 0.4919306362137403}
2026-04-11 14:15:58 [INFO]   vol_per_min: {"l1_by_group": 0.23392351950157342, "n_generated": 326, "n_real": 579, "wasserstein": 0.2777714872980459}
[2026-04-11 14:15:58] [DONE] metrics_summary: /finance_ML/zhanghaohan/stock_language_model/saved_LOB_stream/pool_0709_0710_eval_0710_model_variants/sentence_preset_s2ip_k3_sepproj/sentence_s2ip_k3_sepproj_T10_k0_win50/fixed_start_model_blankgpt2_tokens_dynamic_anchor_txncomplete_000617XSHE_20260411_140221/metrics_summary.json
