[2026-04-16 22:43:30] [INFO] Experiment folder: /finance_ML/zhanghaohan/stock_language_model/saved_LOB_stream/pool_0709_0710_eval_0710_model_variants/sentence_preset_s2ip_gca_trackA_clustered_topk1_routerdiag/sentence_s2ip_gca_T10_k0_win50/fixed_start_model_blankgpt2_tokens_dynamic_anchor_txncomplete_002721XSHE_20260416_224330
[2026-04-16 22:43:30] [INFO] checkpoint: /finance_ML/zhanghaohan/stock_language_model/training_runs/pool_0709_0710_train0709_sentence_preset_s2ip_gated_crossattn_trackA_clustered_topk1_routerdiag/002721XSHE/model_cache/preGPT2sentS2IPgca_20250709_txncomplete_002721XSHE_win50_k1_mh12_20260416_182916_best.pt
[2026-04-16 22:43:30] [INFO] device: cuda greedy=False
/finance_ML/zhanghaohan/stock_language_model/scripts/hist_script/replay_decoded_real_tokens_openbidanchor_txncomplete_fixed_start.py:117: DtypeWarning: Columns (1,2,3,5,6,7,8,9,10,11,12,13,14,15,16,17,18,19,20,21,22,23,24,25,26,27,28,29,30,31,32,33,34,35,36,37,38,39,40,41,42,43,44,45,46,47,48,49,50,51,52,53,54,55,56,57,58,59,60,61,62,63,64,65,66,67,68,69,70,71,72,73,74,75,76,77,78,79,80,81,82,83,84,85,86,88) have mixed types. Specify dtype option on import or set low_memory=False.
  lob_info = pd.read_csv(lob_snap_path, header=None, names=columns)
[2026-04-16 23:02:47] [INFO] tokenizable_rows=129693 token_exact_match_rate_all=0.001126 tail_after_seed=0.000740
[2026-04-16 23:03:10] [INFO] Running eval vs clean reference...
2026-04-16 23:03:10 [INFO] ======================================================================
2026-04-16 23:03:10 [INFO] decoded real-token open-anchor txn-complete evaluation
2026-04-16 23:03:10 [INFO] ======================================================================
2026-04-16 23:03:10 [INFO] Evaluating: /finance_ML/zhanghaohan/stock_language_model/saved_LOB_stream/pool_0709_0710_eval_0710_model_variants/sentence_preset_s2ip_gca_trackA_clustered_topk1_routerdiag/sentence_s2ip_gca_T10_k0_win50/fixed_start_model_blankgpt2_tokens_dynamic_anchor_txncomplete_002721XSHE_20260416_224330
2026-04-16 23:03:10 [INFO] 
── loading data ───────────────────────────────────────
2026-04-16 23:03:10 [INFO] Loading LOBSTER data from /finance_ML/zhanghaohan/stock_language_model/saved_LOB_stream/pool_0709_0710_eval_0710_model_variants/sentence_preset_s2ip_gca_trackA_clustered_topk1_routerdiag/sentence_s2ip_gca_T10_k0_win50/fixed_start_model_blankgpt2_tokens_dynamic_anchor_txncomplete_002721XSHE_20260416_224330
2026-04-16 23:03:11 [INFO] Loaded 38,804 rows | 10 book levels | date 2025-07-10
2026-04-16 23:03:11 [INFO] Loading real reference LOBSTER data from /finance_ML/zhanghaohan/stock_language_model/saved_LOB_stream/fixed_start_realflow_generate_lobster_openbidanchor_txncomplete_002721XSHE_20260410_192312
2026-04-16 23:03:11 [INFO] Loading LOBSTER data from /finance_ML/zhanghaohan/stock_language_model/saved_LOB_stream/fixed_start_realflow_generate_lobster_openbidanchor_txncomplete_002721XSHE_20260410_192312
2026-04-16 23:03:11 [INFO] Loaded 49,846 rows | 10 book levels | date 2025-07-10
2026-04-16 23:03:11 [INFO] 
── computing metrics ──────────────────────────────────
/finance_ML/zhanghaohan/stock_language_model/scripts/hist_script/eval_generated_stream.py:233: RuntimeWarning: invalid value encountered in log
  'gen_fn': lambda m, b: np.log(ev.inter_arrival_time(m).replace({0: 1e-9}).values.astype(float)),
2026-04-16 23:03:13 [WARNING] Reference metric log_time_to_cancel skipped: <lambda>() got an unexpected keyword argument 'include_groups'
2026-04-16 23:03:16 [WARNING] Reference conditional metric spread | volatility skipped: Invalid frequency: 0.1s
2026-04-16 23:03:16 [INFO] Computed now (generated-only): 15 metric groups
2026-04-16 23:03:16 [INFO] Computed (with real reference LOB data): 22 benchmark metric configs
2026-04-16 23:03:16 [INFO] Failed (with real reference LOB data): 2 benchmark metric configs
2026-04-16 23:03:16 [INFO] Skipped (needs true order-ID linkage): 2 metrics
2026-04-16 23:03:16 [INFO] 
── LOB-Bench-style overall aggregates (reference_comparison) ──
2026-04-16 23:03:16 [INFO]   Wasserstein aggregate: n=20  mean=0.569454  median=0.482603  iqm=0.516637  (lower is better)
2026-04-16 23:03:16 [INFO]   L1_by_group aggregate: n=20  mean=0.467129  median=0.421844  iqm=0.451435  (lower is better)
2026-04-16 23:03:16 [INFO] 
── generating plots ───────────────────────────────────
2026-04-16 23:03:17 [INFO] saved mid_price.png
2026-04-16 23:03:18 [INFO] saved spread.png
2026-04-16 23:03:18 [INFO] saved returns_dist.png
2026-04-16 23:03:19 [INFO] saved autocorr.png
2026-04-16 23:03:19 [INFO] saved inter_arrival_time.png
2026-04-16 23:03:20 [INFO] saved l1_volume.png
2026-04-16 23:03:21 [INFO] saved volume_per_minute.png
2026-04-16 23:03:22 [INFO] saved orderbook_imbalance.png
2026-04-16 23:03:22 [INFO] saved orderflow_imbalance.png
2026-04-16 23:03:22 [INFO] saved event_type_counts.png
2026-04-16 23:03:22 [INFO] Skipped time-to-fill/time-to-cancel plots: requires true order-ID linkage (not available in synthetic IDs).
2026-04-16 23:03:23 [INFO] saved overview_panel.png
2026-04-16 23:03:23 [INFO] Wrote metrics summary: /finance_ML/zhanghaohan/stock_language_model/saved_LOB_stream/pool_0709_0710_eval_0710_model_variants/sentence_preset_s2ip_gca_trackA_clustered_topk1_routerdiag/sentence_s2ip_gca_T10_k0_win50/fixed_start_model_blankgpt2_tokens_dynamic_anchor_txncomplete_002721XSHE_20260416_224330/metrics_summary.json
2026-04-16 23:03:23 [INFO] 
── all computed metrics summary ─────────────────────
2026-04-16 23:03:23 [INFO]   acf_returns_1min: [1.0, 0.029428806318345158, -0.12004764000977218, -0.25634205513554986, -0.29020142901976403, 0.3505167953382382, 0.12955469984204396, 0.08068540053758234, -0.10122112602764037, -0.28012738249355434, -0.08227809336020193]
2026-04-16 23:03:23 [INFO]   direction_counts: {"-1": 18829, "1": 19975}
2026-04-16 23:03:23 [INFO]   direction_fractions: {"-1": 0.4852, "1": 0.5148}
2026-04-16 23:03:23 [INFO]   event_type_counts: {"1": 12139, "2": 721, "3": 4111, "4": 21833}
2026-04-16 23:03:23 [INFO]   event_type_fractions: {"1": 0.3128, "2": 0.0186, "3": 0.1059, "4": 0.5626}
2026-04-16 23:03:23 [INFO]   iat_ms: {"mean": 22644.352490421457, "median": 30.0, "n": 16965, "n_exec_excluded": 21833, "p95": 160.0, "std": 353514.7141126562}
2026-04-16 23:03:23 [INFO]   l1_volume: {"ask_mean": 213004.40129883518, "ask_median": 23600.0, "bid_mean": 29458.8436759097, "bid_median": 13297.0}
2026-04-16 23:03:23 [INFO]   mid_price: {"end_cny": 4.81, "end_price_int": 48100.0, "mean_cny": 4.824603520255644, "mean_price_int": 48246.035202556435, "mean_ticks_0p01": 482.46035202556436, "start_cny": 4.835, "start_price_int": 48350.0, "std_cny": 0.01051893630587044, "std_price_int": 105.18936305870486, "std_ticks_0p01": 1.0518936305870488, "total_return_bps": -51.70630816959676}
2026-04-16 23:03:23 [INFO]   ob_imbalance: {"mean": -0.18895395185299282, "median": -0.39622641509433965, "std": 0.7679131932728049}
2026-04-16 23:03:23 [INFO]   orderflow_imbalance: {"mean": 15.192073170731707, "n": 38704, "std": 238.71650480616012}
2026-04-16 23:03:23 [INFO]   returns_1min: {"kurtosis": 0.27530472646657334, "mean": -0.0003460480232160279, "n": 12, "skew": 0.2611844373387281, "std": 0.003286151133031927}
2026-04-16 23:03:23 [INFO]   spread_ticks: {"mean": 1.2991747936984246, "median": 1.0, "n": 33325, "pct_zero_spread": 0.14119678383671785, "std": 0.5756123621765072, "tick_size_cny": 0.01, "tick_size_price_int": 100}
2026-04-16 23:03:23 [INFO]   total_volume_5lvl: {"ask_mean": 1150856.3619729925, "bid_mean": 438617.02644057316}
2026-04-16 23:03:23 [INFO]   volatility_1min: 0.003286151133031927
2026-04-16 23:03:23 [INFO]   volume_per_minute: {"mean": 3178785.540704739, "n": 823, "total": 2616140500.0}
2026-04-16 23:03:23 [INFO]   [real-vs-generated comparative metrics]
2026-04-16 23:03:23 [INFO]   ask_cancellation_depth: {"l1_by_group": 0.40058338006276495, "n_generated": 2976, "n_real": 5465, "wasserstein": 0.2528848695291578}
2026-04-16 23:03:23 [INFO]   ask_cancellation_levels: {"l1_by_group": 0.1731663653177146, "n_generated": 1244, "n_real": 3418, "wasserstein": 0.23241489300711282}
2026-04-16 23:03:23 [INFO]   ask_volume: {"l1_by_group": 0.5024318794268576, "n_generated": 38804, "n_real": 49846, "wasserstein": 0.6385272430567667}
2026-04-16 23:03:23 [INFO]   ask_volume | spread: {"n_generated": 38804, "n_real": 49846, "num_condition_groups": 5, "per_group": {"1": {"n": 5852, "wasserstein": 0.4090526397195901}, "2": {"n": 73989, "wasserstein": 1.567878342813454}, "3": {"n": 7277, "wasserstein": 0.36742879012731955}, "4": {"n": 1279, "wasserstein": 0.8449835505125509}, "5": {"n": 253, "wasserstein": null}}, "weighted_wasserstein": null}
2026-04-16 23:03:23 [INFO]   ask_volume_touch: {"l1_by_group": 0.8286786450396281, "n_generated": 38804, "n_real": 49846, "wasserstein": 1.4116075351841517}
2026-04-16 23:03:23 [INFO]   bid_cancellation_depth: {"l1_by_group": 0.2977698426817801, "n_generated": 1825, "n_real": 2156, "wasserstein": 0.3622194439366611}
2026-04-16 23:03:23 [INFO]   bid_cancellation_levels: {"l1_by_group": 0.18462149148630683, "n_generated": 1321, "n_real": 1026, "wasserstein": 0.16735782093350043}
2026-04-16 23:03:23 [INFO]   bid_volume: {"l1_by_group": 0.6820333314579217, "n_generated": 38804, "n_real": 49846, "wasserstein": 0.8619229093249712}
2026-04-16 23:03:23 [INFO]   bid_volume_touch: {"l1_by_group": 0.8953819988014378, "n_generated": 38804, "n_real": 49846, "wasserstein": 0.7506004197400584}
2026-04-16 23:03:23 [INFO]   limit_ask_order_depth: {"l1_by_group": 0.4237818893062381, "n_generated": 6725, "n_real": 18265, "wasserstein": 0.24867068089326042}
2026-04-16 23:03:23 [INFO]   limit_ask_order_levels: {"l1_by_group": 0.5986012694652119, "n_generated": 3278, "n_real": 12793, "wasserstein": 1.1166633521353024}
2026-04-16 23:03:23 [INFO]   limit_bid_order_depth: {"l1_by_group": 0.4199066578098837, "n_generated": 5328, "n_real": 2604, "wasserstein": 0.40106434395308815}
2026-04-16 23:03:23 [INFO]   limit_bid_order_levels: {"l1_by_group": 0.3210507748638618, "n_generated": 4261, "n_real": 1888, "wasserstein": 0.5641422359031585}
2026-04-16 23:03:23 [INFO]   log_inter_arrival_time: {"l1_by_group": 0.15010765912087148, "n_generated": 38798, "n_real": 49845, "wasserstein": 0.12794622114432647}
2026-04-16 23:03:23 [INFO]   ofi: {"l1_by_group": 0.5630203428040322, "n_generated": 38704, "n_real": 49746, "wasserstein": 0.19507372100131504}
2026-04-16 23:03:23 [INFO]   ofi_down: {"l1_by_group": 0.41231253023705855, "n_generated": 159, "n_real": 52, "wasserstein": 0.8386424980004843}
2026-04-16 23:03:23 [INFO]   ofi_stay: {"l1_by_group": 0.5629702186602721, "n_generated": 38397, "n_real": 49640, "wasserstein": 0.19414378923881886}
2026-04-16 23:03:23 [INFO]   ofi_up: {"l1_by_group": 0.5756642279553331, "n_generated": 147, "n_real": 53, "wasserstein": 0.869557550985246}
2026-04-16 23:03:23 [INFO]   orderbook_imbalance: {"l1_by_group": 0.8612960843839805, "n_generated": 38804, "n_real": 49846, "wasserstein": 1.0460188523922596}
2026-04-16 23:03:23 [INFO]   spread: {"l1_by_group": 0.3326311972118326, "n_generated": 38804, "n_real": 49846, "wasserstein": 0.7907987837300442}
2026-04-16 23:03:23 [INFO]   spread | time: {"n_generated": 38804, "n_real": 49846, "num_condition_groups": 19, "per_group": {"1": {"n": 995, "wasserstein": null}, "10": {"n": 52206, "wasserstein": 2.781627771398177}, "12": {"n": 1908, "wasserstein": null}, "13": {"n": 2108, "wasserstein": null}, "14": {"n": 1661, "wasserstein": null}, "15": {"n": 1513, "wasserstein": null}, "16": {"n": 1981, "wasserstein": null}, "17": {"n": 1102, "wasserstein": null}, "19": {"n": 1368, "wasserstein": null}, "2": {"n": 2751, "wasserstein": null}, "20": {"n": 2864, "wasserstein": null}, "22": {"n": 4658, "wasserstein": null}, "23": {"n": 2447, "wasserstein": null}, "3": {"n": 1559, "wasserstein": null}, "4": {"n": 2105, "wasserstein": null}, "5": {"n": 945, "wasserstein": null}, "6": {"n": 1445, "wasserstein": null}, "7": {"n": 2577, "wasserstein": null}, "9": {"n": 2457, "wasserstein": null}}, "weighted_wasserstein": null}
2026-04-16 23:03:23 [INFO]   vol_per_min: {"l1_by_group": 0.15656827169636944, "n_generated": 823, "n_real": 589, "wasserstein": 0.31881535131272365}
[2026-04-16 23:03:23] [DONE] metrics_summary: /finance_ML/zhanghaohan/stock_language_model/saved_LOB_stream/pool_0709_0710_eval_0710_model_variants/sentence_preset_s2ip_gca_trackA_clustered_topk1_routerdiag/sentence_s2ip_gca_T10_k0_win50/fixed_start_model_blankgpt2_tokens_dynamic_anchor_txncomplete_002721XSHE_20260416_224330/metrics_summary.json
