[2026-04-12 10:09:09] [INFO] Experiment folder: /finance_ML/zhanghaohan/stock_language_model/saved_LOB_stream/pool_0709_0710_eval_0710_model_variants/sentence_preset_s2ip_k3_v5style_unifiedK_ep3/sentence_s2ip_k3_v5style_unifiedK_T10_k0_win50/fixed_start_model_blankgpt2_tokens_dynamic_anchor_txncomplete_002721XSHE_20260412_100909
[2026-04-12 10:09:09] [INFO] checkpoint: /finance_ML/zhanghaohan/stock_language_model/training_runs/pool_0709_0710_train0709_sentence_preset_s2ip_win50_k3_v5style_unifiedK_3ep/002721XSHE/model_cache/preGPT2sentS2IP_20250709_txncomplete_002721XSHE_win50_k3_v5style_unifiedK_20260411_222204_best.pt
[2026-04-12 10:09:09] [INFO] device: cuda greedy=False
/finance_ML/zhanghaohan/stock_language_model/scripts/hist_script/replay_decoded_real_tokens_openbidanchor_txncomplete_fixed_start.py:117: DtypeWarning: Columns (1,2,3,5,6,7,8,9,10,11,12,13,14,15,16,17,18,19,20,21,22,23,24,25,26,27,28,29,30,31,32,33,34,35,36,37,38,39,40,41,42,43,44,45,46,47,48,49,50,51,52,53,54,55,56,57,58,59,60,61,62,63,64,65,66,67,68,69,70,71,72,73,74,75,76,77,78,79,80,81,82,83,84,85,86,88) have mixed types. Specify dtype option on import or set low_memory=False.
  lob_info = pd.read_csv(lob_snap_path, header=None, names=columns)
[2026-04-12 10:28:16] [INFO] tokenizable_rows=129693 token_exact_match_rate_all=0.000948 tail_after_seed=0.000563
[2026-04-12 10:28:41] [INFO] Running eval vs clean reference...
2026-04-12 10:28:41 [INFO] ======================================================================
2026-04-12 10:28:41 [INFO] decoded real-token open-anchor txn-complete evaluation
2026-04-12 10:28:41 [INFO] ======================================================================
2026-04-12 10:28:41 [INFO] Evaluating: /finance_ML/zhanghaohan/stock_language_model/saved_LOB_stream/pool_0709_0710_eval_0710_model_variants/sentence_preset_s2ip_k3_v5style_unifiedK_ep3/sentence_s2ip_k3_v5style_unifiedK_T10_k0_win50/fixed_start_model_blankgpt2_tokens_dynamic_anchor_txncomplete_002721XSHE_20260412_100909
2026-04-12 10:28:41 [INFO] 
── loading data ───────────────────────────────────────
2026-04-12 10:28:41 [INFO] Loading LOBSTER data from /finance_ML/zhanghaohan/stock_language_model/saved_LOB_stream/pool_0709_0710_eval_0710_model_variants/sentence_preset_s2ip_k3_v5style_unifiedK_ep3/sentence_s2ip_k3_v5style_unifiedK_T10_k0_win50/fixed_start_model_blankgpt2_tokens_dynamic_anchor_txncomplete_002721XSHE_20260412_100909
2026-04-12 10:28:41 [INFO] Loaded 41,398 rows | 10 book levels | date 2025-07-10
2026-04-12 10:28:41 [INFO] Loading real reference LOBSTER data from /finance_ML/zhanghaohan/stock_language_model/saved_LOB_stream/fixed_start_realflow_generate_lobster_openbidanchor_txncomplete_002721XSHE_20260410_192312
2026-04-12 10:28:41 [INFO] Loading LOBSTER data from /finance_ML/zhanghaohan/stock_language_model/saved_LOB_stream/fixed_start_realflow_generate_lobster_openbidanchor_txncomplete_002721XSHE_20260410_192312
2026-04-12 10:28:42 [INFO] Loaded 49,846 rows | 10 book levels | date 2025-07-10
2026-04-12 10:28:42 [INFO] 
── computing metrics ──────────────────────────────────
/finance_ML/zhanghaohan/stock_language_model/scripts/hist_script/eval_generated_stream.py:233: RuntimeWarning: invalid value encountered in log
  'gen_fn': lambda m, b: np.log(ev.inter_arrival_time(m).replace({0: 1e-9}).values.astype(float)),
2026-04-12 10:28:43 [WARNING] Reference metric log_time_to_cancel skipped: <lambda>() got an unexpected keyword argument 'include_groups'
2026-04-12 10:28:47 [WARNING] Reference conditional metric spread | volatility skipped: Invalid frequency: 0.1s
2026-04-12 10:28:47 [INFO] Computed now (generated-only): 15 metric groups
2026-04-12 10:28:47 [INFO] Computed (with real reference LOB data): 22 benchmark metric configs
2026-04-12 10:28:47 [INFO] Failed (with real reference LOB data): 2 benchmark metric configs
2026-04-12 10:28:47 [INFO] Skipped (needs true order-ID linkage): 2 metrics
2026-04-12 10:28:47 [INFO] 
── LOB-Bench-style overall aggregates (reference_comparison) ──
2026-04-12 10:28:47 [INFO]   Wasserstein aggregate: n=20  mean=0.622995  median=0.660348  iqm=0.604688  (lower is better)
2026-04-12 10:28:47 [INFO]   L1_by_group aggregate: n=20  mean=0.426127  median=0.401942  iqm=0.424294  (lower is better)
2026-04-12 10:28:47 [INFO] 
── generating plots ───────────────────────────────────
2026-04-12 10:28:47 [INFO] saved mid_price.png
2026-04-12 10:28:48 [INFO] saved spread.png
2026-04-12 10:28:49 [INFO] saved returns_dist.png
2026-04-12 10:28:49 [INFO] saved autocorr.png
2026-04-12 10:28:49 [INFO] saved inter_arrival_time.png
2026-04-12 10:28:50 [INFO] saved l1_volume.png
2026-04-12 10:28:51 [INFO] saved volume_per_minute.png
2026-04-12 10:28:52 [INFO] saved orderbook_imbalance.png
2026-04-12 10:28:53 [INFO] saved orderflow_imbalance.png
2026-04-12 10:28:53 [INFO] saved event_type_counts.png
2026-04-12 10:28:53 [INFO] Skipped time-to-fill/time-to-cancel plots: requires true order-ID linkage (not available in synthetic IDs).
2026-04-12 10:28:54 [INFO] saved overview_panel.png
2026-04-12 10:28:54 [INFO] Wrote metrics summary: /finance_ML/zhanghaohan/stock_language_model/saved_LOB_stream/pool_0709_0710_eval_0710_model_variants/sentence_preset_s2ip_k3_v5style_unifiedK_ep3/sentence_s2ip_k3_v5style_unifiedK_T10_k0_win50/fixed_start_model_blankgpt2_tokens_dynamic_anchor_txncomplete_002721XSHE_20260412_100909/metrics_summary.json
2026-04-12 10:28:54 [INFO] 
── all computed metrics summary ─────────────────────
2026-04-12 10:28:54 [INFO]   acf_returns_1min: [1.0, -0.3985542263076979, 0.06761570980099893, -0.097920906972852, 0.08513798106627436, -0.16940685902666405, 0.24961298808088495, -0.1708838818987071, 0.09222804680889106, -0.13555475289333566, 0.1573714566876635]
2026-04-12 10:28:54 [INFO]   direction_counts: {"-1": 21445, "1": 19953}
2026-04-12 10:28:54 [INFO]   direction_fractions: {"-1": 0.518, "1": 0.482}
2026-04-12 10:28:54 [INFO]   event_type_counts: {"1": 13951, "2": 662, "3": 4209, "4": 22576}
2026-04-12 10:28:54 [INFO]   event_type_fractions: {"1": 0.337, "2": 0.016, "3": 0.1017, "4": 0.5453}
2026-04-12 10:28:54 [INFO]   iat_ms: {"mean": 31618.298607420005, "median": 20.0, "n": 18814, "n_exec_excluded": 22576, "p95": 170.0, "std": 419172.6092765808}
2026-04-12 10:28:54 [INFO]   l1_volume: {"ask_mean": 199188.91294265422, "ask_median": 31800.0, "bid_mean": 21045.020677327408, "bid_median": 19700.0}
2026-04-12 10:28:54 [INFO]   mid_price: {"end_cny": 4.845, "end_price_int": 48450.0, "mean_cny": 4.828121406831248, "mean_price_int": 48281.21406831248, "mean_ticks_0p01": 482.81214068312477, "start_cny": 4.835, "start_price_int": 48350.0, "std_cny": 0.013754550737727425, "std_price_int": 137.54550737727433, "std_ticks_0p01": 1.3754550737727433, "total_return_bps": 20.682523267838704}
2026-04-12 10:28:54 [INFO]   ob_imbalance: {"mean": -0.24362992973864347, "median": -0.24666993945344462, "std": 0.7067771300163299}
2026-04-12 10:28:54 [INFO]   orderflow_imbalance: {"mean": 1.2880526902029155, "n": 41298, "std": 126.90699912036162}
2026-04-12 10:28:54 [INFO]   returns_1min: {"kurtosis": -0.8962452222098949, "mean": 0.0008517408928654075, "n": 51, "skew": 0.16655843481521884, "std": 0.0038506882990701234}
2026-04-12 10:28:54 [INFO]   spread_ticks: {"mean": 1.3208605577689243, "median": 1.0, "n": 31375, "pct_zero_spread": 0.24211314556258756, "std": 0.7004469237100852, "tick_size_cny": 0.01, "tick_size_price_int": 100}
2026-04-12 10:28:54 [INFO]   total_volume_5lvl: {"ask_mean": 832828.6879076284, "bid_mean": 412101.1803227209}
2026-04-12 10:28:54 [INFO]   volatility_1min: 0.0038506882990701234
2026-04-12 10:28:54 [INFO]   volume_per_minute: {"mean": 2797816.881443299, "n": 960, "total": 2685904206.185567}
2026-04-12 10:28:54 [INFO]   [real-vs-generated comparative metrics]
2026-04-12 10:28:54 [INFO]   ask_cancellation_depth: {"l1_by_group": 0.3946711231787819, "n_generated": 2232, "n_real": 5465, "wasserstein": 0.22210314859704774}
2026-04-12 10:28:54 [INFO]   ask_cancellation_levels: {"l1_by_group": 0.1843091474750819, "n_generated": 1117, "n_real": 3418, "wasserstein": 0.21711292101178256}
2026-04-12 10:28:54 [INFO]   ask_volume: {"l1_by_group": 0.7053623280385748, "n_generated": 41398, "n_real": 49846, "wasserstein": 1.1634407754919138}
2026-04-12 10:28:54 [INFO]   ask_volume | spread: {"n_generated": 41398, "n_real": 49846, "num_condition_groups": 5, "per_group": {"1": {"n": 10396, "wasserstein": 0.7742765754339265}, "2": {"n": 73757, "wasserstein": 1.2317942353186058}, "3": {"n": 4180, "wasserstein": 0.5408693501407222}, "4": {"n": 2222, "wasserstein": 1.2922465469248676}, "5": {"n": 689, "wasserstein": null}}, "weighted_wasserstein": null}
2026-04-12 10:28:54 [INFO]   ask_volume_touch: {"l1_by_group": 0.6130834329704571, "n_generated": 41398, "n_real": 49846, "wasserstein": 1.2596139867767342}
2026-04-12 10:28:54 [INFO]   bid_cancellation_depth: {"l1_by_group": 0.3651719101567126, "n_generated": 2585, "n_real": 2156, "wasserstein": 0.39617699441539783}
2026-04-12 10:28:54 [INFO]   bid_cancellation_levels: {"l1_by_group": 0.20229123955743572, "n_generated": 1663, "n_real": 1026, "wasserstein": 0.25555919584699865}
2026-04-12 10:28:54 [INFO]   bid_volume: {"l1_by_group": 0.6584128683958554, "n_generated": 41398, "n_real": 49846, "wasserstein": 0.8448683592361952}
2026-04-12 10:28:54 [INFO]   bid_volume_touch: {"l1_by_group": 0.9032633652380768, "n_generated": 41398, "n_real": 49846, "wasserstein": 1.0209411998633813}
2026-04-12 10:28:54 [INFO]   limit_ask_order_depth: {"l1_by_group": 0.36915133111659143, "n_generated": 5442, "n_real": 18265, "wasserstein": 0.21959449795518704}
2026-04-12 10:28:54 [INFO]   limit_ask_order_levels: {"l1_by_group": 0.49345912325055297, "n_generated": 2863, "n_real": 12793, "wasserstein": 1.0067976151941365}
2026-04-12 10:28:54 [INFO]   limit_bid_order_depth: {"l1_by_group": 0.5140606470051184, "n_generated": 8431, "n_real": 2604, "wasserstein": 0.5046669820423257}
2026-04-12 10:28:54 [INFO]   limit_bid_order_levels: {"l1_by_group": 0.40921263109405964, "n_generated": 5372, "n_real": 1888, "wasserstein": 0.8190454186500644}
2026-04-12 10:28:54 [INFO]   log_inter_arrival_time: {"l1_by_group": 0.13539291688263577, "n_generated": 41390, "n_real": 49845, "wasserstein": 0.08184769753668347}
2026-04-12 10:28:54 [INFO]   ofi: {"l1_by_group": 2.010211876333599e-05, "n_generated": 41298, "n_real": 49746, "wasserstein": 0.2104144020396869}
2026-04-12 10:28:54 [INFO]   ofi_down: {"l1_by_group": 0.49955277280858684, "n_generated": 86, "n_real": 52, "wasserstein": 0.8635597766305985}
2026-04-12 10:28:54 [INFO]   ofi_stay: {"l1_by_group": 2.0145044319114196e-05, "n_generated": 41113, "n_real": 49640, "wasserstein": 0.20865270298959293}
2026-04-12 10:28:54 [INFO]   ofi_up: {"l1_by_group": 0.6118598382749325, "n_generated": 98, "n_real": 53, "wasserstein": 0.9184574769740262}
2026-04-12 10:28:54 [INFO]   orderbook_imbalance: {"l1_by_group": 0.8774353808222004, "n_generated": 41398, "n_real": 49846, "wasserstein": 1.0246098684531455}
2026-04-12 10:28:54 [INFO]   spread: {"l1_by_group": 0.378813209732597, "n_generated": 41398, "n_real": 49846, "wasserstein": 0.8160297751395378}
2026-04-12 10:28:54 [INFO]   spread | time: {"n_generated": 41398, "n_real": 49846, "num_condition_groups": 20, "per_group": {"1": {"n": 195, "wasserstein": null}, "10": {"n": 51562, "wasserstein": 1.3304952541049206}, "12": {"n": 1105, "wasserstein": null}, "13": {"n": 7381, "wasserstein": null}, "14": {"n": 592, "wasserstein": null}, "15": {"n": 1849, "wasserstein": null}, "16": {"n": 5340, "wasserstein": null}, "17": {"n": 1700, "wasserstein": null}, "18": {"n": 8, "wasserstein": null}, "19": {"n": 2330, "wasserstein": null}, "2": {"n": 1620, "wasserstein": null}, "20": {"n": 1878, "wasserstein": null}, "22": {"n": 4345, "wasserstein": null}, "23": {"n": 3040, "wasserstein": null}, "3": {"n": 1261, "wasserstein": null}, "4": {"n": 1460, "wasserstein": null}, "5": {"n": 1269, "wasserstein": null}, "6": {"n": 947, "wasserstein": null}, "7": {"n": 1090, "wasserstein": null}, "9": {"n": 2272, "wasserstein": null}}, "weighted_wasserstein": null}
2026-04-12 10:28:54 [INFO]   vol_per_min: {"l1_by_group": 0.2069910158460668, "n_generated": 960, "n_real": 589, "wasserstein": 0.40641016080810016}
[2026-04-12 10:28:56] [DONE] metrics_summary: /finance_ML/zhanghaohan/stock_language_model/saved_LOB_stream/pool_0709_0710_eval_0710_model_variants/sentence_preset_s2ip_k3_v5style_unifiedK_ep3/sentence_s2ip_k3_v5style_unifiedK_T10_k0_win50/fixed_start_model_blankgpt2_tokens_dynamic_anchor_txncomplete_002721XSHE_20260412_100909/metrics_summary.json
