[2026-04-11 18:41:57] [INFO] Experiment folder: /finance_ML/zhanghaohan/stock_language_model/saved_LOB_stream/pool_0709_0710_eval_0710_model_variants/sentence_preset_s2ip_k3_marginsep/sentence_s2ip_k3_marginsep_T10_k0_win50/fixed_start_model_blankgpt2_tokens_dynamic_anchor_txncomplete_002721XSHE_20260411_184157
[2026-04-11 18:41:57] [INFO] checkpoint: /finance_ML/zhanghaohan/stock_language_model/training_runs/pool_0709_0710_train0709_sentence_preset_s2ip_win50_k3_margin_sep_diag/002721XSHE/model_cache/preGPT2sentS2IP_20250709_txncomplete_002721XSHE_win50_k3_20260411_163226_best.pt
[2026-04-11 18:41:57] [INFO] device: cuda greedy=False
/finance_ML/zhanghaohan/stock_language_model/scripts/hist_script/replay_decoded_real_tokens_openbidanchor_txncomplete_fixed_start.py:117: DtypeWarning: Columns (1,2,3,5,6,7,8,9,10,11,12,13,14,15,16,17,18,19,20,21,22,23,24,25,26,27,28,29,30,31,32,33,34,35,36,37,38,39,40,41,42,43,44,45,46,47,48,49,50,51,52,53,54,55,56,57,58,59,60,61,62,63,64,65,66,67,68,69,70,71,72,73,74,75,76,77,78,79,80,81,82,83,84,85,86,88) have mixed types. Specify dtype option on import or set low_memory=False.
  lob_info = pd.read_csv(lob_snap_path, header=None, names=columns)
[2026-04-11 19:01:25] [INFO] tokenizable_rows=129693 token_exact_match_rate_all=0.001326 tail_after_seed=0.000941
[2026-04-11 19:01:54] [INFO] Running eval vs clean reference...
2026-04-11 19:01:54 [INFO] ======================================================================
2026-04-11 19:01:54 [INFO] decoded real-token open-anchor txn-complete evaluation
2026-04-11 19:01:54 [INFO] ======================================================================
2026-04-11 19:01:54 [INFO] Evaluating: /finance_ML/zhanghaohan/stock_language_model/saved_LOB_stream/pool_0709_0710_eval_0710_model_variants/sentence_preset_s2ip_k3_marginsep/sentence_s2ip_k3_marginsep_T10_k0_win50/fixed_start_model_blankgpt2_tokens_dynamic_anchor_txncomplete_002721XSHE_20260411_184157
2026-04-11 19:01:54 [INFO] 
── loading data ───────────────────────────────────────
2026-04-11 19:01:54 [INFO] Loading LOBSTER data from /finance_ML/zhanghaohan/stock_language_model/saved_LOB_stream/pool_0709_0710_eval_0710_model_variants/sentence_preset_s2ip_k3_marginsep/sentence_s2ip_k3_marginsep_T10_k0_win50/fixed_start_model_blankgpt2_tokens_dynamic_anchor_txncomplete_002721XSHE_20260411_184157
2026-04-11 19:01:55 [INFO] Loaded 41,441 rows | 10 book levels | date 2025-07-10
2026-04-11 19:01:55 [INFO] Loading real reference LOBSTER data from /finance_ML/zhanghaohan/stock_language_model/saved_LOB_stream/fixed_start_realflow_generate_lobster_openbidanchor_txncomplete_002721XSHE_20260410_192312
2026-04-11 19:01:55 [INFO] Loading LOBSTER data from /finance_ML/zhanghaohan/stock_language_model/saved_LOB_stream/fixed_start_realflow_generate_lobster_openbidanchor_txncomplete_002721XSHE_20260410_192312
2026-04-11 19:01:55 [INFO] Loaded 49,846 rows | 10 book levels | date 2025-07-10
2026-04-11 19:01:55 [INFO] 
── computing metrics ──────────────────────────────────
/finance_ML/zhanghaohan/stock_language_model/scripts/hist_script/eval_generated_stream.py:233: RuntimeWarning: invalid value encountered in log
  'gen_fn': lambda m, b: np.log(ev.inter_arrival_time(m).replace({0: 1e-9}).values.astype(float)),
2026-04-11 19:01:57 [WARNING] Reference metric log_time_to_cancel skipped: <lambda>() got an unexpected keyword argument 'include_groups'
2026-04-11 19:02:00 [WARNING] Reference conditional metric spread | volatility skipped: Invalid frequency: 0.1s
2026-04-11 19:02:00 [INFO] Computed now (generated-only): 15 metric groups
2026-04-11 19:02:00 [INFO] Computed (with real reference LOB data): 22 benchmark metric configs
2026-04-11 19:02:00 [INFO] Failed (with real reference LOB data): 2 benchmark metric configs
2026-04-11 19:02:00 [INFO] Skipped (needs true order-ID linkage): 2 metrics
2026-04-11 19:02:00 [INFO] 
── LOB-Bench-style overall aggregates (reference_comparison) ──
2026-04-11 19:02:00 [INFO]   Wasserstein aggregate: n=20  mean=0.564004  median=0.518026  iqm=0.52321  (lower is better)
2026-04-11 19:02:00 [INFO]   L1_by_group aggregate: n=20  mean=0.449304  median=0.455682  iqm=0.446132  (lower is better)
2026-04-11 19:02:00 [INFO] 
── generating plots ───────────────────────────────────
2026-04-11 19:02:02 [INFO] saved mid_price.png
2026-04-11 19:02:03 [INFO] saved spread.png
2026-04-11 19:02:04 [INFO] saved returns_dist.png
2026-04-11 19:02:04 [INFO] saved autocorr.png
2026-04-11 19:02:04 [INFO] saved inter_arrival_time.png
2026-04-11 19:02:05 [INFO] saved l1_volume.png
2026-04-11 19:02:06 [INFO] saved volume_per_minute.png
2026-04-11 19:02:07 [INFO] saved orderbook_imbalance.png
2026-04-11 19:02:08 [INFO] saved orderflow_imbalance.png
2026-04-11 19:02:08 [INFO] saved event_type_counts.png
2026-04-11 19:02:08 [INFO] Skipped time-to-fill/time-to-cancel plots: requires true order-ID linkage (not available in synthetic IDs).
2026-04-11 19:02:09 [INFO] saved overview_panel.png
2026-04-11 19:02:09 [INFO] Wrote metrics summary: /finance_ML/zhanghaohan/stock_language_model/saved_LOB_stream/pool_0709_0710_eval_0710_model_variants/sentence_preset_s2ip_k3_marginsep/sentence_s2ip_k3_marginsep_T10_k0_win50/fixed_start_model_blankgpt2_tokens_dynamic_anchor_txncomplete_002721XSHE_20260411_184157/metrics_summary.json
2026-04-11 19:02:09 [INFO] 
── all computed metrics summary ─────────────────────
2026-04-11 19:02:09 [INFO]   acf_returns_1min: [1.0, -0.35806038761411496, -0.06840908163259452, -0.07481614017660657, -0.025628234176048464, -0.03203529272006043, -0.03844235126407257, -0.04484940980808466, 0.43015023098347316, -0.29874115628921033, -0.008475620895550632]
2026-04-11 19:02:09 [INFO]   direction_counts: {"-1": 20589, "1": 20852}
2026-04-11 19:02:09 [INFO]   direction_fractions: {"-1": 0.4968, "1": 0.5032}
2026-04-11 19:02:09 [INFO]   event_type_counts: {"1": 13516, "2": 849, "3": 4668, "4": 22408}
2026-04-11 19:02:09 [INFO]   event_type_fractions: {"1": 0.3262, "2": 0.0205, "3": 0.1126, "4": 0.5407}
2026-04-11 19:02:09 [INFO]   iat_ms: {"mean": 21045.272507489357, "median": 20.0, "n": 19027, "n_exec_excluded": 22408, "p95": 160.0, "std": 336118.54221837176}
2026-04-11 19:02:09 [INFO]   l1_volume: {"ask_mean": 171320.05743104656, "ask_median": 130600.0, "bid_mean": 41532.8641924664, "bid_median": 25500.0}
2026-04-11 19:02:09 [INFO]   mid_price: {"end_cny": 4.81, "end_price_int": 48100.0, "mean_cny": 4.8233944644192945, "mean_price_int": 48233.94464419295, "mean_ticks_0p01": 482.3394464419295, "start_cny": 4.835, "start_price_int": 48350.0, "std_cny": 0.011330631989748352, "std_price_int": 113.30631989748352, "std_ticks_0p01": 1.1330631989748354, "total_return_bps": -51.70630816959676}
2026-04-11 19:02:09 [INFO]   ob_imbalance: {"mean": -0.3019086141134745, "median": -0.584519933416969, "std": 0.6581191502203458}
2026-04-11 19:02:09 [INFO]   orderflow_imbalance: {"mean": 1.4724607532473815, "n": 41341, "std": 208.1750300558776}
2026-04-11 19:02:09 [INFO]   returns_1min: {"kurtosis": 2.377853470215453, "mean": 0.00023909822513305064, "n": 13, "skew": 1.5533235688374698, "std": 0.0008622960229939946}
2026-04-11 19:02:09 [INFO]   spread_ticks: {"mean": 1.1787222065859837, "median": 1.0, "n": 31977, "pct_zero_spread": 0.2283728674501098, "std": 0.4635717366101738, "tick_size_cny": 0.01, "tick_size_price_int": 100}
2026-04-11 19:02:09 [INFO]   total_volume_5lvl: {"ask_mean": 979063.7559180522, "bid_mean": 564295.5930358823}
2026-04-11 19:02:09 [INFO]   volatility_1min: 0.0008622960229939946
2026-04-11 19:02:09 [INFO]   volume_per_minute: {"mean": 2700833.0675088824, "n": 894, "total": 2414544762.352941}
2026-04-11 19:02:09 [INFO]   [real-vs-generated comparative metrics]
2026-04-11 19:02:09 [INFO]   ask_cancellation_depth: {"l1_by_group": 0.3852748324651236, "n_generated": 3598, "n_real": 5465, "wasserstein": 0.22857988861722803}
2026-04-11 19:02:09 [INFO]   ask_cancellation_levels: {"l1_by_group": 0.17030210049891759, "n_generated": 1415, "n_real": 3418, "wasserstein": 0.25679150258666295}
2026-04-11 19:02:09 [INFO]   ask_volume: {"l1_by_group": 0.5181695061536619, "n_generated": 41441, "n_real": 49846, "wasserstein": 0.6994036579701544}
2026-04-11 19:02:09 [INFO]   ask_volume | spread: {"n_generated": 41441, "n_real": 49846, "num_condition_groups": 5, "per_group": {"1": {"n": 9837, "wasserstein": 0.9668771025590952}, "2": {"n": 76080, "wasserstein": 1.5040601705651149}, "3": {"n": 4532, "wasserstein": 0.5126430085170606}, "4": {"n": 707, "wasserstein": 1.5135910288075076}, "5": {"n": 131, "wasserstein": null}}, "weighted_wasserstein": null}
2026-04-11 19:02:09 [INFO]   ask_volume_touch: {"l1_by_group": 0.7633080090099238, "n_generated": 41441, "n_real": 49846, "wasserstein": 1.4996921573455446}
2026-04-11 19:02:09 [INFO]   bid_cancellation_depth: {"l1_by_group": 0.2955250680814591, "n_generated": 1881, "n_real": 2156, "wasserstein": 0.3664668798713007}
2026-04-11 19:02:09 [INFO]   bid_cancellation_levels: {"l1_by_group": 0.17298595382207038, "n_generated": 1371, "n_real": 1026, "wasserstein": 0.18315352774014768}
2026-04-11 19:02:09 [INFO]   bid_volume: {"l1_by_group": 0.7218654221876768, "n_generated": 41441, "n_real": 49846, "wasserstein": 0.920429969899583}
2026-04-11 19:02:09 [INFO]   bid_volume_touch: {"l1_by_group": 0.8261654011921449, "n_generated": 41441, "n_real": 49846, "wasserstein": 0.5923999954785784}
2026-04-11 19:02:09 [INFO]   limit_ask_order_depth: {"l1_by_group": 0.39720150792054065, "n_generated": 8300, "n_real": 18265, "wasserstein": 0.25097772149814473}
2026-04-11 19:02:09 [INFO]   limit_ask_order_levels: {"l1_by_group": 0.5539323034901291, "n_generated": 3860, "n_real": 12793, "wasserstein": 1.0072529056441777}
2026-04-11 19:02:09 [INFO]   limit_bid_order_depth: {"l1_by_group": 0.38921194528575537, "n_generated": 5123, "n_real": 2604, "wasserstein": 0.3792115825314485}
2026-04-11 19:02:09 [INFO]   limit_bid_order_levels: {"l1_by_group": 0.33357297823149185, "n_generated": 4164, "n_real": 1888, "wasserstein": 0.6122965512743581}
2026-04-11 19:02:09 [INFO]   log_inter_arrival_time: {"l1_by_group": 0.12570287790787862, "n_generated": 41435, "n_real": 49845, "wasserstein": 0.07560967896973163}
2026-04-11 19:02:09 [INFO]   ofi: {"l1_by_group": 0.5142353289443446, "n_generated": 41341, "n_real": 49746, "wasserstein": 0.17602807441163895}
2026-04-11 19:02:09 [INFO]   ofi_down: {"l1_by_group": 0.5713242453748784, "n_generated": 79, "n_real": 52, "wasserstein": 0.8562701915621559}
2026-04-11 19:02:09 [INFO]   ofi_stay: {"l1_by_group": 0.5141629557254356, "n_generated": 41183, "n_real": 49640, "wasserstein": 0.1746365968928939}
2026-04-11 19:02:09 [INFO]   ofi_up: {"l1_by_group": 0.5321722302854378, "n_generated": 78, "n_real": 53, "wasserstein": 0.8767206053925131}
2026-04-11 19:02:09 [INFO]   orderbook_imbalance: {"l1_by_group": 0.6896246786474292, "n_generated": 41441, "n_real": 49846, "wasserstein": 0.9058763492556002}
2026-04-11 19:02:09 [INFO]   spread: {"l1_by_group": 0.32338164322106877, "n_generated": 41441, "n_real": 49846, "wasserstein": 0.7746248667998187}
2026-04-11 19:02:09 [INFO]   spread | time: {"n_generated": 41441, "n_real": 49846, "num_condition_groups": 19, "per_group": {"1": {"n": 942, "wasserstein": null}, "10": {"n": 52069, "wasserstein": 0.0971402071697478}, "12": {"n": 3438, "wasserstein": null}, "13": {"n": 1827, "wasserstein": null}, "14": {"n": 541, "wasserstein": null}, "15": {"n": 1051, "wasserstein": null}, "16": {"n": 2947, "wasserstein": null}, "17": {"n": 3907, "wasserstein": null}, "19": {"n": 2802, "wasserstein": null}, "2": {"n": 2173, "wasserstein": null}, "20": {"n": 3699, "wasserstein": null}, "22": {"n": 1599, "wasserstein": null}, "23": {"n": 753, "wasserstein": null}, "3": {"n": 1094, "wasserstein": null}, "4": {"n": 1979, "wasserstein": null}, "5": {"n": 1409, "wasserstein": null}, "6": {"n": 1484, "wasserstein": null}, "7": {"n": 4693, "wasserstein": null}, "9": {"n": 2880, "wasserstein": null}}, "weighted_wasserstein": null}
2026-04-11 19:02:09 [INFO]   vol_per_min: {"l1_by_group": 0.1879688396136477, "n_generated": 894, "n_real": 589, "wasserstein": 0.4436525016976967}
[2026-04-11 19:02:09] [DONE] metrics_summary: /finance_ML/zhanghaohan/stock_language_model/saved_LOB_stream/pool_0709_0710_eval_0710_model_variants/sentence_preset_s2ip_k3_marginsep/sentence_s2ip_k3_marginsep_T10_k0_win50/fixed_start_model_blankgpt2_tokens_dynamic_anchor_txncomplete_002721XSHE_20260411_184157/metrics_summary.json
