[2026-04-16 16:59:59] [INFO] Experiment folder: /finance_ML/zhanghaohan/stock_language_model/saved_LOB_stream/pool_0709_0710_eval_0710_model_variants/sentence_preset_s2ip_trackA_clustered_ep3/sentence_s2ip_trackA_T10_k0_win50/fixed_start_model_blankgpt2_tokens_dynamic_anchor_txncomplete_000617XSHE_20260416_165959
[2026-04-16 16:59:59] [INFO] checkpoint: /finance_ML/zhanghaohan/stock_language_model/training_runs/pool_0709_0710_train0709_sentence_preset_s2ip_win50_trackA_clustered/000617XSHE/model_cache/preGPT2sentS2IP_20250709_txncomplete_000617XSHE_win50_k3_20260416_134557_best.pt
[2026-04-16 16:59:59] [INFO] device: cuda greedy=False
/finance_ML/zhanghaohan/stock_language_model/scripts/hist_script/replay_decoded_real_tokens_openbidanchor_txncomplete_fixed_start.py:117: DtypeWarning: Columns (1,2,3,5,6,7,8,9,10,11,12,13,14,15,16,17,18,19,20,21,22,23,24,25,26,27,28,29,30,31,32,33,34,35,36,37,38,39,40,41,42,43,44,45,46,47,48,49,50,51,52,53,54,55,56,57,58,59,60,61,62,63,64,65,66,67,68,69,70,71,72,73,74,75,76,77,78,79,80,81,82,83,84,85,86,88) have mixed types. Specify dtype option on import or set low_memory=False.
  lob_info = pd.read_csv(lob_snap_path, header=None, names=columns)
[2026-04-16 17:13:36] [INFO] tokenizable_rows=66758 token_exact_match_rate_all=0.001228 tail_after_seed=0.000480
[2026-04-16 17:13:50] [INFO] Running eval vs clean reference...
2026-04-16 17:13:50 [INFO] ======================================================================
2026-04-16 17:13:50 [INFO] decoded real-token open-anchor txn-complete evaluation
2026-04-16 17:13:50 [INFO] ======================================================================
2026-04-16 17:13:50 [INFO] Evaluating: /finance_ML/zhanghaohan/stock_language_model/saved_LOB_stream/pool_0709_0710_eval_0710_model_variants/sentence_preset_s2ip_trackA_clustered_ep3/sentence_s2ip_trackA_T10_k0_win50/fixed_start_model_blankgpt2_tokens_dynamic_anchor_txncomplete_000617XSHE_20260416_165959
2026-04-16 17:13:50 [INFO] 
── loading data ───────────────────────────────────────
2026-04-16 17:13:50 [INFO] Loading LOBSTER data from /finance_ML/zhanghaohan/stock_language_model/saved_LOB_stream/pool_0709_0710_eval_0710_model_variants/sentence_preset_s2ip_trackA_clustered_ep3/sentence_s2ip_trackA_T10_k0_win50/fixed_start_model_blankgpt2_tokens_dynamic_anchor_txncomplete_000617XSHE_20260416_165959
2026-04-16 17:13:51 [INFO] Loaded 29,582 rows | 10 book levels | date 2025-07-10
2026-04-16 17:13:51 [INFO] Loading real reference LOBSTER data from /finance_ML/zhanghaohan/stock_language_model/saved_LOB_stream/fixed_start_realflow_generate_lobster_openbidanchor_txncomplete_000617XSHE_20260405_132652
2026-04-16 17:13:51 [INFO] Loading LOBSTER data from /finance_ML/zhanghaohan/stock_language_model/saved_LOB_stream/fixed_start_realflow_generate_lobster_openbidanchor_txncomplete_000617XSHE_20260405_132652
2026-04-16 17:13:51 [INFO] Loaded 30,961 rows | 10 book levels | date 2025-07-10
2026-04-16 17:13:51 [INFO] 
── computing metrics ──────────────────────────────────
2026-04-16 17:13:52 [WARNING] Reference metric log_time_to_cancel skipped: <lambda>() got an unexpected keyword argument 'include_groups'
2026-04-16 17:13:54 [WARNING] Reference conditional metric spread | volatility skipped: Invalid frequency: 0.1s
2026-04-16 17:13:54 [INFO] Computed now (generated-only): 15 metric groups
2026-04-16 17:13:54 [INFO] Computed (with real reference LOB data): 22 benchmark metric configs
2026-04-16 17:13:54 [INFO] Failed (with real reference LOB data): 2 benchmark metric configs
2026-04-16 17:13:54 [INFO] Skipped (needs true order-ID linkage): 2 metrics
2026-04-16 17:13:54 [INFO] 
── LOB-Bench-style overall aggregates (reference_comparison) ──
2026-04-16 17:13:54 [INFO]   Wasserstein aggregate: n=21  mean=0.482903  median=0.42  iqm=0.40571  (lower is better)
2026-04-16 17:13:54 [INFO]   L1_by_group aggregate: n=20  mean=0.39028  median=0.333277  iqm=0.362143  (lower is better)
2026-04-16 17:13:54 [INFO] 
── generating plots ───────────────────────────────────
2026-04-16 17:13:55 [INFO] saved mid_price.png
2026-04-16 17:13:56 [INFO] saved spread.png
2026-04-16 17:13:56 [INFO] saved returns_dist.png
2026-04-16 17:13:56 [INFO] saved autocorr.png
2026-04-16 17:13:57 [INFO] saved inter_arrival_time.png
2026-04-16 17:13:57 [INFO] saved l1_volume.png
2026-04-16 17:13:58 [INFO] saved volume_per_minute.png
2026-04-16 17:13:58 [INFO] saved orderbook_imbalance.png
2026-04-16 17:13:59 [INFO] saved orderflow_imbalance.png
2026-04-16 17:13:59 [INFO] saved event_type_counts.png
2026-04-16 17:13:59 [INFO] Skipped time-to-fill/time-to-cancel plots: requires true order-ID linkage (not available in synthetic IDs).
2026-04-16 17:14:00 [INFO] saved overview_panel.png
2026-04-16 17:14:00 [INFO] Wrote metrics summary: /finance_ML/zhanghaohan/stock_language_model/saved_LOB_stream/pool_0709_0710_eval_0710_model_variants/sentence_preset_s2ip_trackA_clustered_ep3/sentence_s2ip_trackA_T10_k0_win50/fixed_start_model_blankgpt2_tokens_dynamic_anchor_txncomplete_000617XSHE_20260416_165959/metrics_summary.json
2026-04-16 17:14:00 [INFO] 
── all computed metrics summary ─────────────────────
2026-04-16 17:14:00 [INFO]   acf_returns_1min: [1.0, -0.022628543793853685, -0.544275645124009, 0.016993394935659236]
2026-04-16 17:14:00 [INFO]   direction_counts: {"-1": 14359, "1": 15223}
2026-04-16 17:14:00 [INFO]   direction_fractions: {"-1": 0.4854, "1": 0.5146}
2026-04-16 17:14:00 [INFO]   event_type_counts: {"1": 11834, "2": 137, "3": 1783, "4": 15828}
2026-04-16 17:14:00 [INFO]   event_type_fractions: {"1": 0.4, "2": 0.0046, "3": 0.0603, "4": 0.5351}
2026-04-16 17:14:00 [INFO]   iat_ms: {"mean": 22.474369228531955, "median": 10.0, "n": 13753, "n_exec_excluded": 15828, "p95": 100.0, "std": 46.21564114939236}
2026-04-16 17:14:00 [INFO]   l1_volume: {"ask_mean": 302189.96396457305, "ask_median": 236435.0, "bid_mean": 76722.831214928, "bid_median": 74604.0}
2026-04-16 17:14:00 [INFO]   mid_price: {"end_cny": 9.335, "end_price_int": 93350.0, "mean_cny": 9.339318166452573, "mean_price_int": 93393.18166452572, "mean_ticks_0p01": 933.9318166452573, "start_cny": 9.345, "start_price_int": 93450.0, "std_cny": 0.013065700604220198, "std_price_int": 130.6570060421986, "std_ticks_0p01": 1.3065700604219859, "total_return_bps": -10.700909577313622}
2026-04-16 17:14:00 [INFO]   ob_imbalance: {"mean": -0.37571891332454965, "median": -0.4925506157068374, "std": 0.5788230991088285}
2026-04-16 17:14:00 [INFO]   orderflow_imbalance: {"mean": -71.81508717183365, "n": 29482, "std": 835.7665055909814}
2026-04-16 17:14:00 [INFO]   returns_1min: {"kurtosis": -2.404761432433461, "mean": -0.00042803654647336484, "n": 5, "skew": 0.1645262971759556, "std": 0.0014369600784434726}
2026-04-16 17:14:00 [INFO]   spread_ticks: {"mean": 1.1490095328240146, "median": 1.0, "n": 29582, "pct_zero_spread": 0.0, "std": 0.43777722137132197, "tick_size_cny": 0.01, "tick_size_price_int": 100}
2026-04-16 17:14:00 [INFO]   total_volume_5lvl: {"ask_mean": 705069.4863092421, "bid_mean": 545721.9908390237}
2026-04-16 17:14:00 [INFO]   volatility_1min: 0.0014369600784434726
2026-04-16 17:14:00 [INFO]   volume_per_minute: {"mean": 4009087.012987013, "n": 308, "total": 1234798800.0}
2026-04-16 17:14:00 [INFO]   [real-vs-generated comparative metrics]
2026-04-16 17:14:00 [INFO]   ask_cancellation_depth: {"l1_by_group": 0.5205497681575283, "n_generated": 425, "n_real": 2829, "wasserstein": 0.5314983417779813}
2026-04-16 17:14:00 [INFO]   ask_cancellation_levels: {"l1_by_group": 0.3120617387723326, "n_generated": 309, "n_real": 1721, "wasserstein": 0.644132339158844}
2026-04-16 17:14:00 [INFO]   ask_volume: {"l1_by_group": 0.5937824119081281, "n_generated": 29582, "n_real": 30961, "wasserstein": 0.8585284234880879}
2026-04-16 17:14:00 [INFO]   ask_volume | spread: {"n_generated": 29582, "n_real": 30961, "num_condition_groups": 7, "per_group": {"1": {"n": 54909, "wasserstein": 1.1640309199049463}, "2": {"n": 4333, "wasserstein": 0.550142016347987}, "3": {"n": 957, "wasserstein": 1.023689369988174}, "4": {"n": 284, "wasserstein": 0.7649750393695729}, "5": {"n": 27, "wasserstein": 1.7252505935304434}, "6": {"n": 27, "wasserstein": null}, "7": {"n": 6, "wasserstein": null}}, "weighted_wasserstein": null}
2026-04-16 17:14:00 [INFO]   ask_volume_touch: {"l1_by_group": 0.7844234154221135, "n_generated": 29582, "n_real": 30961, "wasserstein": 1.0981375274562675}
2026-04-16 17:14:00 [INFO]   bid_cancellation_depth: {"l1_by_group": 0.267200328407225, "n_generated": 1485, "n_real": 1624, "wasserstein": 0.26434393494652614}
2026-04-16 17:14:00 [INFO]   bid_cancellation_levels: {"l1_by_group": 0.23539669072298436, "n_generated": 1193, "n_real": 984, "wasserstein": 0.2855204485755806}
2026-04-16 17:14:00 [INFO]   bid_volume: {"l1_by_group": 0.6227710669024353, "n_generated": 29582, "n_real": 30961, "wasserstein": 1.0809169976601256}
2026-04-16 17:14:00 [INFO]   bid_volume_touch: {"l1_by_group": 0.649566673906487, "n_generated": 29582, "n_real": 30961, "wasserstein": 0.41999953120409794}
2026-04-16 17:14:00 [INFO]   limit_ask_order_depth: {"l1_by_group": 0.4638467960907303, "n_generated": 2138, "n_real": 9528, "wasserstein": 0.4819492991676869}
2026-04-16 17:14:00 [INFO]   limit_ask_order_levels: {"l1_by_group": 0.13008390932426656, "n_generated": 1574, "n_real": 8079, "wasserstein": 0.1523840501066055}
2026-04-16 17:14:00 [INFO]   limit_bid_order_depth: {"l1_by_group": 0.4530454109887873, "n_generated": 9696, "n_real": 3699, "wasserstein": 0.41244071540132254}
2026-04-16 17:14:00 [INFO]   limit_bid_order_levels: {"l1_by_group": 0.3387761781659049, "n_generated": 8389, "n_real": 3162, "wasserstein": 0.7682887095529295}
2026-04-16 17:14:00 [INFO]   log_inter_arrival_time: {"l1_by_group": 0.24568681997584352, "n_generated": 29581, "n_real": 30960, "wasserstein": 0.4956069891234916}
2026-04-16 17:14:00 [INFO]   ofi: {"l1_by_group": 0.33000660919892505, "n_generated": 29482, "n_real": 30861, "wasserstein": 0.1378521631461711}
2026-04-16 17:14:00 [INFO]   ofi_down: {"l1_by_group": 0.27360515021459236, "n_generated": 108, "n_real": 233, "wasserstein": 0.4397379483745856}
2026-04-16 17:14:00 [INFO]   ofi_stay: {"l1_by_group": 0.336546880138343, "n_generated": 29269, "n_real": 30389, "wasserstein": 0.13441942721971115}
2026-04-16 17:14:00 [INFO]   ofi_up: {"l1_by_group": 0.3257918552036199, "n_generated": 104, "n_real": 238, "wasserstein": 0.29989352930332847}
2026-04-16 17:14:00 [INFO]   orderbook_imbalance: {"l1_by_group": 0.6535507940137443, "n_generated": 29582, "n_real": 30961, "wasserstein": 1.1215902317930173}
2026-04-16 17:14:00 [INFO]   spread: {"l1_by_group": 0.057393678776344936, "n_generated": 29582, "n_real": 30961, "wasserstein": 0.1630229638320465}
2026-04-16 17:14:00 [INFO]   spread | time: {"n_generated": 29582, "n_real": 30961, "num_condition_groups": 1, "per_group": {"10": {"n": 60543, "wasserstein": 0.1630229638320465}}, "weighted_wasserstein": 0.1630229638320465}
2026-04-16 17:14:00 [INFO]   vol_per_min: {"l1_by_group": 0.21150999259807546, "n_generated": 308, "n_real": 579, "wasserstein": 0.18768265785536536}
[2026-04-16 17:14:00] [DONE] metrics_summary: /finance_ML/zhanghaohan/stock_language_model/saved_LOB_stream/pool_0709_0710_eval_0710_model_variants/sentence_preset_s2ip_trackA_clustered_ep3/sentence_s2ip_trackA_T10_k0_win50/fixed_start_model_blankgpt2_tokens_dynamic_anchor_txncomplete_000617XSHE_20260416_165959/metrics_summary.json
