[2026-04-10 22:13:12] [INFO] Experiment folder: /finance_ML/zhanghaohan/stock_language_model/saved_LOB_stream/pool_0709_0710_eval_0710_model_variants/sentence_preset_s2ip_k1/sentence_s2ip_k1_T10_k0_win50/fixed_start_model_blankgpt2_tokens_dynamic_anchor_txncomplete_000617XSHE_20260410_221312
[2026-04-10 22:13:13] [INFO] checkpoint: /finance_ML/zhanghaohan/stock_language_model/training_runs/pool_0709_0710_train0709_sentence_preset_s2ip_win50_k1/000617XSHE/model_cache/preGPT2sentS2IP_20250709_txncomplete_000617XSHE_win50_k1_20260410_203046_best.pt
[2026-04-10 22:13:13] [INFO] device: cuda greedy=False
/finance_ML/zhanghaohan/stock_language_model/scripts/hist_script/replay_decoded_real_tokens_openbidanchor_txncomplete_fixed_start.py:117: DtypeWarning: Columns (1,2,3,5,6,7,8,9,10,11,12,13,14,15,16,17,18,19,20,21,22,23,24,25,26,27,28,29,30,31,32,33,34,35,36,37,38,39,40,41,42,43,44,45,46,47,48,49,50,51,52,53,54,55,56,57,58,59,60,61,62,63,64,65,66,67,68,69,70,71,72,73,74,75,76,77,78,79,80,81,82,83,84,85,86,88) have mixed types. Specify dtype option on import or set low_memory=False.
  lob_info = pd.read_csv(lob_snap_path, header=None, names=columns)
[2026-04-10 22:26:39] [INFO] tokenizable_rows=66758 token_exact_match_rate_all=0.001633 tail_after_seed=0.000884
[2026-04-10 22:26:53] [INFO] Running eval vs clean reference...
2026-04-10 22:26:53 [INFO] ======================================================================
2026-04-10 22:26:53 [INFO] decoded real-token open-anchor txn-complete evaluation
2026-04-10 22:26:53 [INFO] ======================================================================
2026-04-10 22:26:53 [INFO] Evaluating: /finance_ML/zhanghaohan/stock_language_model/saved_LOB_stream/pool_0709_0710_eval_0710_model_variants/sentence_preset_s2ip_k1/sentence_s2ip_k1_T10_k0_win50/fixed_start_model_blankgpt2_tokens_dynamic_anchor_txncomplete_000617XSHE_20260410_221312
2026-04-10 22:26:53 [INFO] 
── loading data ───────────────────────────────────────
2026-04-10 22:26:53 [INFO] Loading LOBSTER data from /finance_ML/zhanghaohan/stock_language_model/saved_LOB_stream/pool_0709_0710_eval_0710_model_variants/sentence_preset_s2ip_k1/sentence_s2ip_k1_T10_k0_win50/fixed_start_model_blankgpt2_tokens_dynamic_anchor_txncomplete_000617XSHE_20260410_221312
2026-04-10 22:26:54 [INFO] Loaded 26,827 rows | 10 book levels | date 2025-07-10
2026-04-10 22:26:54 [INFO] Loading real reference LOBSTER data from /finance_ML/zhanghaohan/stock_language_model/saved_LOB_stream/fixed_start_realflow_generate_lobster_openbidanchor_txncomplete_000617XSHE_20260405_132652
2026-04-10 22:26:54 [INFO] Loading LOBSTER data from /finance_ML/zhanghaohan/stock_language_model/saved_LOB_stream/fixed_start_realflow_generate_lobster_openbidanchor_txncomplete_000617XSHE_20260405_132652
2026-04-10 22:26:54 [INFO] Loaded 30,961 rows | 10 book levels | date 2025-07-10
2026-04-10 22:26:54 [INFO] 
── computing metrics ──────────────────────────────────
2026-04-10 22:26:55 [WARNING] Reference metric log_time_to_cancel skipped: <lambda>() got an unexpected keyword argument 'include_groups'
2026-04-10 22:26:57 [WARNING] Reference conditional metric spread | volatility skipped: Invalid frequency: 0.1s
2026-04-10 22:26:57 [INFO] Computed now (generated-only): 15 metric groups
2026-04-10 22:26:57 [INFO] Computed (with real reference LOB data): 22 benchmark metric configs
2026-04-10 22:26:57 [INFO] Failed (with real reference LOB data): 2 benchmark metric configs
2026-04-10 22:26:57 [INFO] Skipped (needs true order-ID linkage): 2 metrics
2026-04-10 22:26:57 [INFO] 
── LOB-Bench-style overall aggregates (reference_comparison) ──
2026-04-10 22:26:57 [INFO]   Wasserstein aggregate: n=20  mean=0.49428  median=0.42189  iqm=0.4317  (lower is better)
2026-04-10 22:26:57 [INFO]   L1_by_group aggregate: n=20  mean=0.365713  median=0.339237  iqm=0.341759  (lower is better)
2026-04-10 22:26:57 [INFO] 
── generating plots ───────────────────────────────────
2026-04-10 22:26:58 [INFO] saved mid_price.png
2026-04-10 22:26:59 [INFO] saved spread.png
2026-04-10 22:27:00 [INFO] saved returns_dist.png
2026-04-10 22:27:00 [INFO] saved autocorr.png
2026-04-10 22:27:00 [INFO] saved inter_arrival_time.png
2026-04-10 22:27:01 [INFO] saved l1_volume.png
2026-04-10 22:27:02 [INFO] saved volume_per_minute.png
2026-04-10 22:27:02 [INFO] saved orderbook_imbalance.png
2026-04-10 22:27:03 [INFO] saved orderflow_imbalance.png
2026-04-10 22:27:03 [INFO] saved event_type_counts.png
2026-04-10 22:27:03 [INFO] Skipped time-to-fill/time-to-cancel plots: requires true order-ID linkage (not available in synthetic IDs).
2026-04-10 22:27:04 [INFO] saved overview_panel.png
2026-04-10 22:27:04 [INFO] Wrote metrics summary: /finance_ML/zhanghaohan/stock_language_model/saved_LOB_stream/pool_0709_0710_eval_0710_model_variants/sentence_preset_s2ip_k1/sentence_s2ip_k1_T10_k0_win50/fixed_start_model_blankgpt2_tokens_dynamic_anchor_txncomplete_000617XSHE_20260410_221312/metrics_summary.json
2026-04-10 22:27:04 [INFO] 
── all computed metrics summary ─────────────────────
2026-04-10 22:27:04 [INFO]   acf_returns_1min: [1.0, -0.0003546241501958856, -0.0705225947527627, -0.105783892129144, -0.14104518950552541, -0.17630648688190662]
2026-04-10 22:27:04 [INFO]   direction_counts: {"-1": 14137, "1": 12690}
2026-04-10 22:27:04 [INFO]   direction_fractions: {"-1": 0.527, "1": 0.473}
2026-04-10 22:27:04 [INFO]   event_type_counts: {"1": 10841, "2": 189, "3": 2260, "4": 13537}
2026-04-10 22:27:04 [INFO]   event_type_fractions: {"1": 0.4041, "2": 0.007, "3": 0.0842, "4": 0.5046}
2026-04-10 22:27:04 [INFO]   iat_ms: {"mean": 442.277071261946, "median": 10.0, "n": 13289, "n_exec_excluded": 13537, "p95": 160.0, "std": 46844.08992229854}
2026-04-10 22:27:04 [INFO]   l1_volume: {"ask_mean": 16071.402989525479, "ask_median": 12700.0, "bid_mean": 214770.01819062885, "bid_median": 222800.0}
2026-04-10 22:27:04 [INFO]   mid_price: {"end_cny": 9.305, "end_price_int": 93050.0, "mean_cny": 9.35754426510605, "mean_price_int": 93575.4426510605, "mean_ticks_0p01": 935.754426510605, "start_cny": 9.345, "start_price_int": 93450.0, "std_cny": 0.017600682441615716, "std_price_int": 176.0068244161552, "std_ticks_0p01": 1.7600682441615523, "total_return_bps": -42.80363830925671}
2026-04-10 22:27:04 [INFO]   ob_imbalance: {"mean": 0.7440857815181365, "median": 0.8921443736730361, "std": 0.45081457935530383}
2026-04-10 22:27:04 [INFO]   orderflow_imbalance: {"mean": -47.727868073483734, "n": 26727, "std": 559.479191631839}
2026-04-10 22:27:04 [INFO]   returns_1min: {"kurtosis": 6.074654160615671, "mean": -0.0009182065431195342, "n": 7, "skew": -2.4454448927276764, "std": 0.00199625314956006}
2026-04-10 22:27:04 [INFO]   spread_ticks: {"mean": 1.0565475081075035, "median": 1.0, "n": 26827, "pct_zero_spread": 0.0, "std": 0.2968068231161487, "tick_size_cny": 0.01, "tick_size_price_int": 100}
2026-04-10 22:27:04 [INFO]   total_volume_5lvl: {"ask_mean": 1229317.0428299848, "bid_mean": 880078.0091698662}
2026-04-10 22:27:04 [INFO]   volatility_1min: 0.00199625314956006
2026-04-10 22:27:04 [INFO]   volume_per_minute: {"mean": 2641071.9922949914, "n": 474, "total": 1251868124.347826}
2026-04-10 22:27:04 [INFO]   [real-vs-generated comparative metrics]
2026-04-10 22:27:04 [INFO]   ask_cancellation_depth: {"l1_by_group": 0.405870117130037, "n_generated": 823, "n_real": 2829, "wasserstein": 0.6120902327099381}
2026-04-10 22:27:04 [INFO]   ask_cancellation_levels: {"l1_by_group": 0.27498950868358185, "n_generated": 288, "n_real": 1721, "wasserstein": 0.41840694801095013}
2026-04-10 22:27:04 [INFO]   ask_volume: {"l1_by_group": 0.7993609047513265, "n_generated": 26827, "n_real": 30961, "wasserstein": 0.9661346786155419}
2026-04-10 22:27:04 [INFO]   ask_volume | spread: {"n_generated": 26827, "n_real": 30961, "num_condition_groups": 7, "per_group": {"1": {"n": 54571, "wasserstein": 0.4049021697779217}, "2": {"n": 2373, "wasserstein": 0.4339465314334732}, "3": {"n": 515, "wasserstein": 0.37927396770501015}, "4": {"n": 271, "wasserstein": 1.927912292779207}, "5": {"n": 25, "wasserstein": null}, "6": {"n": 27, "wasserstein": null}, "7": {"n": 6, "wasserstein": null}}, "weighted_wasserstein": null}
2026-04-10 22:27:04 [INFO]   ask_volume_touch: {"l1_by_group": 0.00026093115145188315, "n_generated": 26827, "n_real": 30961, "wasserstein": 0.35197355609317016}
2026-04-10 22:27:04 [INFO]   bid_cancellation_depth: {"l1_by_group": 0.19013866082831601, "n_generated": 1620, "n_real": 1624, "wasserstein": 0.25898699460256547}
2026-04-10 22:27:04 [INFO]   bid_cancellation_levels: {"l1_by_group": 0.23556007226738934, "n_generated": 1350, "n_real": 984, "wasserstein": 0.25796947485842703}
2026-04-10 22:27:04 [INFO]   bid_volume: {"l1_by_group": 0.5397871486280835, "n_generated": 26827, "n_real": 30961, "wasserstein": 0.6173098025776017}
2026-04-10 22:27:04 [INFO]   bid_volume_touch: {"l1_by_group": 0.7344919711704903, "n_generated": 26827, "n_real": 30961, "wasserstein": 0.9973088642183459}
2026-04-10 22:27:04 [INFO]   limit_ask_order_depth: {"l1_by_group": 0.543968561575905, "n_generated": 2428, "n_real": 9528, "wasserstein": 1.0948320827299576}
2026-04-10 22:27:04 [INFO]   limit_ask_order_levels: {"l1_by_group": 0.2021156464528169, "n_generated": 780, "n_real": 8079, "wasserstein": 0.1509896122984667}
2026-04-10 22:27:04 [INFO]   limit_bid_order_depth: {"l1_by_group": 0.47264080773048894, "n_generated": 8413, "n_real": 3699, "wasserstein": 0.42537235793978107}
2026-04-10 22:27:04 [INFO]   limit_bid_order_levels: {"l1_by_group": 0.3780533379115659, "n_generated": 8422, "n_real": 3162, "wasserstein": 0.460120172274484}
2026-04-10 22:27:04 [INFO]   log_inter_arrival_time: {"l1_by_group": 0.19115765857143105, "n_generated": 26826, "n_real": 30960, "wasserstein": 0.3487824450350541}
2026-04-10 22:27:04 [INFO]   ofi: {"l1_by_group": 0.4254100527710619, "n_generated": 26727, "n_real": 30861, "wasserstein": 0.20974755297341338}
2026-04-10 22:27:04 [INFO]   ofi_down: {"l1_by_group": 0.2964633020046721, "n_generated": 79, "n_real": 233, "wasserstein": 0.8541969783044553}
2026-04-10 22:27:04 [INFO]   ofi_stay: {"l1_by_group": 0.4260642751029794, "n_generated": 26579, "n_real": 30389, "wasserstein": 0.20576120145319649}
2026-04-10 22:27:04 [INFO]   ofi_up: {"l1_by_group": 0.3004201680672268, "n_generated": 68, "n_real": 238, "wasserstein": 0.9018059142265802}
2026-04-10 22:27:04 [INFO]   orderbook_imbalance: {"l1_by_group": 0.7041920887182722, "n_generated": 26827, "n_real": 30961, "wasserstein": 0.5659845658827879}
2026-04-10 22:27:04 [INFO]   spread: {"l1_by_group": 0.026532477131002787, "n_generated": 26827, "n_real": 30961, "wasserstein": 0.10708612499806905}
2026-04-10 22:27:04 [INFO]   spread | time: {"n_generated": 26827, "n_real": 30961, "num_condition_groups": 2, "per_group": {"10": {"n": 48801, "wasserstein": 0.28222085864104673}, "12": {"n": 8987, "wasserstein": null}}, "weighted_wasserstein": null}
2026-04-10 22:27:04 [INFO]   vol_per_min: {"l1_by_group": 0.1667759777879801, "n_generated": 474, "n_real": 579, "wasserstein": 0.08074559712706154}
[2026-04-10 22:27:04] [DONE] metrics_summary: /finance_ML/zhanghaohan/stock_language_model/saved_LOB_stream/pool_0709_0710_eval_0710_model_variants/sentence_preset_s2ip_k1/sentence_s2ip_k1_T10_k0_win50/fixed_start_model_blankgpt2_tokens_dynamic_anchor_txncomplete_000617XSHE_20260410_221312/metrics_summary.json
