[2026-04-12 10:09:09] [INFO] Experiment folder: /finance_ML/zhanghaohan/stock_language_model/saved_LOB_stream/pool_0709_0710_eval_0710_model_variants/sentence_preset_s2ip_k3_v5style_unifiedK_ep3/sentence_s2ip_k3_v5style_unifiedK_T10_k0_win50/fixed_start_model_blankgpt2_tokens_dynamic_anchor_txncomplete_000617XSHE_20260412_100909
[2026-04-12 10:09:09] [INFO] checkpoint: /finance_ML/zhanghaohan/stock_language_model/training_runs/pool_0709_0710_train0709_sentence_preset_s2ip_win50_k3_v5style_unifiedK_3ep/000617XSHE/model_cache/preGPT2sentS2IP_20250709_txncomplete_000617XSHE_win50_k3_v5style_unifiedK_20260411_222204_best.pt
[2026-04-12 10:09:09] [INFO] device: cuda greedy=False
/finance_ML/zhanghaohan/stock_language_model/scripts/hist_script/replay_decoded_real_tokens_openbidanchor_txncomplete_fixed_start.py:117: DtypeWarning: Columns (1,2,3,5,6,7,8,9,10,11,12,13,14,15,16,17,18,19,20,21,22,23,24,25,26,27,28,29,30,31,32,33,34,35,36,37,38,39,40,41,42,43,44,45,46,47,48,49,50,51,52,53,54,55,56,57,58,59,60,61,62,63,64,65,66,67,68,69,70,71,72,73,74,75,76,77,78,79,80,81,82,83,84,85,86,88) have mixed types. Specify dtype option on import or set low_memory=False.
  lob_info = pd.read_csv(lob_snap_path, header=None, names=columns)
[2026-04-12 10:22:38] [INFO] tokenizable_rows=66758 token_exact_match_rate_all=0.002202 tail_after_seed=0.001454
[2026-04-12 10:22:52] [INFO] Running eval vs clean reference...
2026-04-12 10:22:52 [INFO] ======================================================================
2026-04-12 10:22:52 [INFO] decoded real-token open-anchor txn-complete evaluation
2026-04-12 10:22:52 [INFO] ======================================================================
2026-04-12 10:22:52 [INFO] Evaluating: /finance_ML/zhanghaohan/stock_language_model/saved_LOB_stream/pool_0709_0710_eval_0710_model_variants/sentence_preset_s2ip_k3_v5style_unifiedK_ep3/sentence_s2ip_k3_v5style_unifiedK_T10_k0_win50/fixed_start_model_blankgpt2_tokens_dynamic_anchor_txncomplete_000617XSHE_20260412_100909
2026-04-12 10:22:52 [INFO] 
── loading data ───────────────────────────────────────
2026-04-12 10:22:52 [INFO] Loading LOBSTER data from /finance_ML/zhanghaohan/stock_language_model/saved_LOB_stream/pool_0709_0710_eval_0710_model_variants/sentence_preset_s2ip_k3_v5style_unifiedK_ep3/sentence_s2ip_k3_v5style_unifiedK_T10_k0_win50/fixed_start_model_blankgpt2_tokens_dynamic_anchor_txncomplete_000617XSHE_20260412_100909
2026-04-12 10:22:52 [INFO] Loaded 27,712 rows | 10 book levels | date 2025-07-10
2026-04-12 10:22:52 [INFO] Loading real reference LOBSTER data from /finance_ML/zhanghaohan/stock_language_model/saved_LOB_stream/fixed_start_realflow_generate_lobster_openbidanchor_txncomplete_000617XSHE_20260405_132652
2026-04-12 10:22:52 [INFO] Loading LOBSTER data from /finance_ML/zhanghaohan/stock_language_model/saved_LOB_stream/fixed_start_realflow_generate_lobster_openbidanchor_txncomplete_000617XSHE_20260405_132652
2026-04-12 10:22:53 [INFO] Loaded 30,961 rows | 10 book levels | date 2025-07-10
2026-04-12 10:22:53 [INFO] 
── computing metrics ──────────────────────────────────
2026-04-12 10:22:54 [WARNING] Reference metric log_time_to_cancel skipped: <lambda>() got an unexpected keyword argument 'include_groups'
2026-04-12 10:22:56 [WARNING] Reference conditional metric spread | volatility skipped: Invalid frequency: 0.1s
2026-04-12 10:22:56 [INFO] Computed now (generated-only): 15 metric groups
2026-04-12 10:22:56 [INFO] Computed (with real reference LOB data): 22 benchmark metric configs
2026-04-12 10:22:56 [INFO] Failed (with real reference LOB data): 2 benchmark metric configs
2026-04-12 10:22:56 [INFO] Skipped (needs true order-ID linkage): 2 metrics
2026-04-12 10:22:56 [INFO] 
── LOB-Bench-style overall aggregates (reference_comparison) ──
2026-04-12 10:22:56 [INFO]   Wasserstein aggregate: n=22  mean=0.3964  median=0.346412  iqm=0.349201  (lower is better)
2026-04-12 10:22:56 [INFO]   L1_by_group aggregate: n=20  mean=0.367772  median=0.317865  iqm=0.342683  (lower is better)
2026-04-12 10:22:56 [INFO] 
── generating plots ───────────────────────────────────
2026-04-12 10:22:56 [INFO] saved mid_price.png
2026-04-12 10:22:57 [INFO] saved spread.png
2026-04-12 10:22:58 [INFO] saved returns_dist.png
2026-04-12 10:22:58 [INFO] saved inter_arrival_time.png
2026-04-12 10:22:59 [INFO] saved l1_volume.png
2026-04-12 10:22:59 [INFO] saved volume_per_minute.png
2026-04-12 10:23:00 [INFO] saved orderbook_imbalance.png
2026-04-12 10:23:01 [INFO] saved orderflow_imbalance.png
2026-04-12 10:23:01 [INFO] saved event_type_counts.png
2026-04-12 10:23:01 [INFO] Skipped time-to-fill/time-to-cancel plots: requires true order-ID linkage (not available in synthetic IDs).
2026-04-12 10:23:02 [INFO] saved overview_panel.png
2026-04-12 10:23:02 [INFO] Wrote metrics summary: /finance_ML/zhanghaohan/stock_language_model/saved_LOB_stream/pool_0709_0710_eval_0710_model_variants/sentence_preset_s2ip_k3_v5style_unifiedK_ep3/sentence_s2ip_k3_v5style_unifiedK_T10_k0_win50/fixed_start_model_blankgpt2_tokens_dynamic_anchor_txncomplete_000617XSHE_20260412_100909/metrics_summary.json
2026-04-12 10:23:02 [INFO] 
── all computed metrics summary ─────────────────────
2026-04-12 10:23:02 [INFO]   acf_returns_1min: [1.0, -0.8034117042297279, 0.4236064618825604]
2026-04-12 10:23:02 [INFO]   direction_counts: {"-1": 15109, "1": 12603}
2026-04-12 10:23:02 [INFO]   direction_fractions: {"-1": 0.5452, "1": 0.4548}
2026-04-12 10:23:02 [INFO]   event_type_counts: {"1": 8530, "2": 147, "3": 1442, "4": 17593}
2026-04-12 10:23:02 [INFO]   event_type_fractions: {"1": 0.3078, "2": 0.0053, "3": 0.052, "4": 0.6349}
2026-04-12 10:23:02 [INFO]   iat_ms: {"mean": 26.029847796007115, "median": 10.0, "n": 10118, "n_exec_excluded": 17593, "p95": 100.0, "std": 46.30203580744125}
2026-04-12 10:23:02 [INFO]   l1_volume: {"ask_mean": 137688.0513856813, "ask_median": 24100.0, "bid_mean": 77702.14297055427, "bid_median": 25900.0}
2026-04-12 10:23:02 [INFO]   mid_price: {"end_cny": 9.345, "end_price_int": 93450.0, "mean_cny": 9.336368540704388, "mean_price_int": 93363.68540704389, "mean_ticks_0p01": 933.6368540704387, "start_cny": 9.345, "start_price_int": 93450.0, "std_cny": 0.013022831323428836, "std_price_int": 130.22831323428485, "std_ticks_0p01": 1.3022831323428485, "total_return_bps": 0.0}
2026-04-12 10:23:02 [INFO]   ob_imbalance: {"mean": -0.01882398622819608, "median": -0.03251797418974394, "std": 0.7978654753050428}
2026-04-12 10:23:02 [INFO]   orderflow_imbalance: {"mean": 62.158387657540196, "n": 27612, "std": 524.0612382698765}
2026-04-12 10:23:02 [INFO]   returns_1min: {"kurtosis": -3.8674619494885842, "mean": 0.00040160651206821996, "n": 4, "skew": -0.22928497453103827, "std": 0.001768941887006239}
2026-04-12 10:23:02 [INFO]   spread_ticks: {"mean": 1.3175880484988454, "median": 1.0, "n": 27712, "pct_zero_spread": 0.0, "std": 0.6899137128833457, "tick_size_cny": 0.01, "tick_size_price_int": 100}
2026-04-12 10:23:02 [INFO]   total_volume_5lvl: {"ask_mean": 723788.2902713626, "bid_mean": 825083.0405961316}
2026-04-12 10:23:02 [INFO]   volatility_1min: 0.001768941887006239
2026-04-12 10:23:02 [INFO]   volume_per_minute: {"mean": 4156027.340056207, "n": 263, "total": 1093035190.4347825}
2026-04-12 10:23:02 [INFO]   [real-vs-generated comparative metrics]
2026-04-12 10:23:02 [INFO]   ask_cancellation_depth: {"l1_by_group": 0.4515458594961197, "n_generated": 482, "n_real": 2829, "wasserstein": 0.37259664001753534}
2026-04-12 10:23:02 [INFO]   ask_cancellation_levels: {"l1_by_group": 0.3035408690391856, "n_generated": 292, "n_real": 1721, "wasserstein": 0.6282756144776125}
2026-04-12 10:23:02 [INFO]   ask_volume: {"l1_by_group": 0.6828661904088082, "n_generated": 27712, "n_real": 30961, "wasserstein": 0.8434526343434693}
2026-04-12 10:23:02 [INFO]   ask_volume | spread: {"n_generated": 27712, "n_real": 30961, "num_condition_groups": 7, "per_group": {"1": {"n": 50584, "wasserstein": 0.798400298228686}, "2": {"n": 5268, "wasserstein": 0.5477208193896979}, "3": {"n": 2234, "wasserstein": 0.6409517383522444}, "4": {"n": 421, "wasserstein": 1.5064276744626073}, "5": {"n": 97, "wasserstein": 0.5249315402711574}, "6": {"n": 30, "wasserstein": 2.6032859243192785}, "7": {"n": 39, "wasserstein": 2.4818827693423335}}, "weighted_wasserstein": 0.7765680391613293}
2026-04-12 10:23:02 [INFO]   ask_volume_touch: {"l1_by_group": 0.8034601803483231, "n_generated": 27712, "n_real": 30961, "wasserstein": 0.7650051706230445}
2026-04-12 10:23:02 [INFO]   bid_cancellation_depth: {"l1_by_group": 0.2177645535939017, "n_generated": 1096, "n_real": 1624, "wasserstein": 0.20783918744441426}
2026-04-12 10:23:02 [INFO]   bid_cancellation_levels: {"l1_by_group": 0.17317022735984183, "n_generated": 806, "n_real": 984, "wasserstein": 0.17068907537335584}
2026-04-12 10:23:02 [INFO]   bid_volume: {"l1_by_group": 0.5401758651072089, "n_generated": 27712, "n_real": 30961, "wasserstein": 0.3202277803199615}
2026-04-12 10:23:02 [INFO]   bid_volume_touch: {"l1_by_group": 0.5285222716588319, "n_generated": 27712, "n_real": 30961, "wasserstein": 0.38703888346631377}
2026-04-12 10:23:02 [INFO]   limit_ask_order_depth: {"l1_by_group": 0.4715673766354514, "n_generated": 2767, "n_real": 9528, "wasserstein": 0.5322250186909239}
2026-04-12 10:23:02 [INFO]   limit_ask_order_levels: {"l1_by_group": 0.1948388141149152, "n_generated": 1907, "n_real": 8079, "wasserstein": 0.27498107009240935}
2026-04-12 10:23:02 [INFO]   limit_bid_order_depth: {"l1_by_group": 0.223790804639435, "n_generated": 5763, "n_real": 3699, "wasserstein": 0.14094056239484679}
2026-04-12 10:23:02 [INFO]   limit_bid_order_levels: {"l1_by_group": 0.1604306103599491, "n_generated": 4780, "n_real": 3162, "wasserstein": 0.18875870918196175}
2026-04-12 10:23:02 [INFO]   log_inter_arrival_time: {"l1_by_group": 0.24294158855563194, "n_generated": 27711, "n_real": 30960, "wasserstein": 0.4942647466862377}
2026-04-12 10:23:02 [INFO]   ofi: {"l1_by_group": 0.4224835762085343, "n_generated": 27612, "n_real": 30861, "wasserstein": 0.1724246772600648}
2026-04-12 10:23:02 [INFO]   ofi_down: {"l1_by_group": 0.33218884120171677, "n_generated": 200, "n_real": 233, "wasserstein": 0.26254488316705793}
2026-04-12 10:23:02 [INFO]   ofi_stay: {"l1_by_group": 0.43435446699792296, "n_generated": 27207, "n_real": 30389, "wasserstein": 0.18092923517956375}
2026-04-12 10:23:02 [INFO]   ofi_up: {"l1_by_group": 0.284313725490196, "n_generated": 204, "n_real": 238, "wasserstein": 0.3102462553826852}
2026-04-12 10:23:02 [INFO]   orderbook_imbalance: {"l1_by_group": 0.47791375448461465, "n_generated": 27712, "n_real": 30961, "wasserstein": 0.6216743529598003}
2026-04-12 10:23:02 [INFO]   spread: {"l1_by_group": 0.14946260896055405, "n_generated": 27712, "n_real": 30961, "wasserstein": 0.3861041168575844}
2026-04-12 10:23:02 [INFO]   spread | time: {"n_generated": 27712, "n_real": 30961, "num_condition_groups": 1, "per_group": {"10": {"n": 58673, "wasserstein": 0.3861041168575844}}, "weighted_wasserstein": 0.3861041168575844}
2026-04-12 10:23:02 [INFO]   vol_per_min: {"l1_by_group": 0.2601049403389875, "n_generated": 263, "n_real": 579, "wasserstein": 0.29789836316978574}
[2026-04-12 10:23:02] [DONE] metrics_summary: /finance_ML/zhanghaohan/stock_language_model/saved_LOB_stream/pool_0709_0710_eval_0710_model_variants/sentence_preset_s2ip_k3_v5style_unifiedK_ep3/sentence_s2ip_k3_v5style_unifiedK_T10_k0_win50/fixed_start_model_blankgpt2_tokens_dynamic_anchor_txncomplete_000617XSHE_20260412_100909/metrics_summary.json
