[2026-04-10 19:52:10] [INFO] Experiment folder: /finance_ML/zhanghaohan/stock_language_model/saved_LOB_stream/pool_0709_0710_eval_0710_model_variants/pretrained_T10_k0_win50/fixed_start_model_blankgpt2_tokens_openbidanchor_txncomplete_002263XSHE_20260410_195210
[2026-04-10 19:52:10] [INFO] checkpoint: /finance_ML/zhanghaohan/stock_language_model/training_runs/pool_0709_0710_train0709_pretrained_gpt2_win50/002263XSHE/model_cache/blankGPT2_20250709_txncomplete_002263XSHE_win50_20260406_211029_best.pt
[2026-04-10 19:52:10] [INFO] device: cuda greedy=False
/finance_ML/zhanghaohan/stock_language_model/scripts/hist_script/replay_decoded_real_tokens_openbidanchor_txncomplete_fixed_start.py:117: DtypeWarning: Columns (1,2,3,5,6,7,8,9,10,11,12,13,14,15,16,17,18,19,20,21,22,23,24,25,26,27,28,29,30,31,32,33,34,35,36,37,38,39,40,41,42,43,44,45,46,47,48,49,50,51,52,53,54,55,56,57,58,59,60,61,62,63,64,65,66,67,68,69,70,71,72,73,74,75,76,77,78,79,80,81,82,83,84,85,86,88) have mixed types. Specify dtype option on import or set low_memory=False.
  lob_info = pd.read_csv(lob_snap_path, header=None, names=columns)
[2026-04-10 20:02:08] [INFO] tokenizable_rows=36305 token_exact_match_rate_all=0.001377 tail_after_seed=0.000000
[2026-04-10 20:02:15] [INFO] Running eval vs clean reference...
2026-04-10 20:02:15 [INFO] ======================================================================
2026-04-10 20:02:15 [INFO] decoded real-token open-anchor txn-complete evaluation
2026-04-10 20:02:15 [INFO] ======================================================================
2026-04-10 20:02:15 [INFO] Evaluating: /finance_ML/zhanghaohan/stock_language_model/saved_LOB_stream/pool_0709_0710_eval_0710_model_variants/pretrained_T10_k0_win50/fixed_start_model_blankgpt2_tokens_openbidanchor_txncomplete_002263XSHE_20260410_195210
2026-04-10 20:02:15 [INFO] 
── loading data ───────────────────────────────────────
2026-04-10 20:02:15 [INFO] Loading LOBSTER data from /finance_ML/zhanghaohan/stock_language_model/saved_LOB_stream/pool_0709_0710_eval_0710_model_variants/pretrained_T10_k0_win50/fixed_start_model_blankgpt2_tokens_openbidanchor_txncomplete_002263XSHE_20260410_195210
2026-04-10 20:02:15 [INFO] Loaded 11,659 rows | 10 book levels | date 2025-07-10
2026-04-10 20:02:15 [INFO] Loading real reference LOBSTER data from /finance_ML/zhanghaohan/stock_language_model/saved_LOB_stream/fixed_start_realflow_generate_lobster_openbidanchor_txncomplete_002263XSHE_20260405_132652
2026-04-10 20:02:15 [INFO] Loading LOBSTER data from /finance_ML/zhanghaohan/stock_language_model/saved_LOB_stream/fixed_start_realflow_generate_lobster_openbidanchor_txncomplete_002263XSHE_20260405_132652
2026-04-10 20:02:15 [INFO] Loaded 16,122 rows | 10 book levels | date 2025-07-10
2026-04-10 20:02:15 [INFO] 
── computing metrics ──────────────────────────────────
/finance_ML/zhanghaohan/mycondaenv/lib/python3.8/site-packages/statsmodels/tsa/stattools.py:693: RuntimeWarning: invalid value encountered in divide
  acf = avf[: nlags + 1] / avf[0]
2026-04-10 20:02:16 [WARNING] Reference metric log_time_to_cancel skipped: <lambda>() got an unexpected keyword argument 'include_groups'
2026-04-10 20:02:16 [WARNING] Reference metric ofi_up skipped: empty real or generated sample after cleaning
2026-04-10 20:02:17 [WARNING] Reference metric ofi_down skipped: empty real or generated sample after cleaning
2026-04-10 20:02:17 [WARNING] Reference conditional metric spread | volatility skipped: Invalid frequency: 0.1s
2026-04-10 20:02:17 [INFO] Computed now (generated-only): 15 metric groups
2026-04-10 20:02:17 [INFO] Computed (with real reference LOB data): 20 benchmark metric configs
2026-04-10 20:02:17 [INFO] Failed (with real reference LOB data): 4 benchmark metric configs
2026-04-10 20:02:17 [INFO] Skipped (needs true order-ID linkage): 2 metrics
2026-04-10 20:02:17 [INFO] 
── LOB-Bench-style overall aggregates (reference_comparison) ──
2026-04-10 20:02:17 [INFO]   Wasserstein aggregate: n=18  mean=0.787683  median=0.46809  iqm=0.59148  (lower is better)
2026-04-10 20:02:17 [INFO]   L1_by_group aggregate: n=18  mean=0.529026  median=0.529426  iqm=0.553586  (lower is better)
2026-04-10 20:02:17 [INFO] 
── generating plots ───────────────────────────────────
2026-04-10 20:02:18 [INFO] saved mid_price.png
2026-04-10 20:02:19 [INFO] saved spread.png
2026-04-10 20:02:19 [INFO] saved returns_dist.png
/finance_ML/zhanghaohan/mycondaenv/lib/python3.8/site-packages/statsmodels/tsa/stattools.py:693: RuntimeWarning: invalid value encountered in divide
  acf = avf[: nlags + 1] / avf[0]
2026-04-10 20:02:19 [INFO] saved autocorr.png
2026-04-10 20:02:20 [INFO] saved inter_arrival_time.png
2026-04-10 20:02:20 [INFO] saved l1_volume.png
2026-04-10 20:02:21 [INFO] saved volume_per_minute.png
2026-04-10 20:02:22 [INFO] saved orderbook_imbalance.png
2026-04-10 20:02:22 [INFO] saved orderflow_imbalance.png
2026-04-10 20:02:22 [INFO] saved event_type_counts.png
2026-04-10 20:02:22 [INFO] Skipped time-to-fill/time-to-cancel plots: requires true order-ID linkage (not available in synthetic IDs).
2026-04-10 20:02:23 [INFO] saved overview_panel.png
2026-04-10 20:02:23 [INFO] Wrote metrics summary: /finance_ML/zhanghaohan/stock_language_model/saved_LOB_stream/pool_0709_0710_eval_0710_model_variants/pretrained_T10_k0_win50/fixed_start_model_blankgpt2_tokens_openbidanchor_txncomplete_002263XSHE_20260410_195210/metrics_summary.json
2026-04-10 20:02:23 [INFO] 
── all computed metrics summary ─────────────────────
2026-04-10 20:02:23 [INFO]   acf_returns_1min: [NaN, NaN, NaN, NaN, NaN]
2026-04-10 20:02:23 [INFO]   direction_counts: {"-1": 5215, "1": 6444}
2026-04-10 20:02:23 [INFO]   direction_fractions: {"-1": 0.4473, "1": 0.5527}
2026-04-10 20:02:23 [INFO]   event_type_counts: {"1": 3805, "2": 171, "3": 1445, "4": 6238}
2026-04-10 20:02:23 [INFO]   event_type_fractions: {"1": 0.3264, "2": 0.0147, "3": 0.1239, "4": 0.535}
2026-04-10 20:02:23 [INFO]   iat_ms: {"mean": 1062.9778597785978, "median": 40.0, "n": 5420, "n_exec_excluded": 6238, "p95": 220.0, "std": 73348.80401456276}
2026-04-10 20:02:23 [INFO]   l1_volume: {"ask_mean": 76200.0, "ask_median": 76200.0, "bid_mean": 87012.64259370444, "bid_median": 92800.0}
2026-04-10 20:02:23 [INFO]   mid_price: {"end_cny": 4.345, "end_price_int": 43450.0, "mean_cny": 4.345, "mean_price_int": 43450.0, "mean_ticks_0p01": 434.5, "start_cny": 4.345, "start_price_int": 43450.0, "std_cny": 0.0, "std_price_int": 0.0, "std_ticks_0p01": 0.0, "total_return_bps": 0.0}
2026-04-10 20:02:23 [INFO]   ob_imbalance: {"mean": 0.04685780757730303, "median": 0.09822485207100591, "std": 0.15431967134791472}
2026-04-10 20:02:23 [INFO]   orderflow_imbalance: {"mean": 4.512501081408426, "n": 11559, "std": 44.10057087592832}
2026-04-10 20:02:23 [INFO]   returns_1min: {"kurtosis": 0.0, "mean": 0.0, "n": 6, "skew": 0.0, "std": 0.0}
2026-04-10 20:02:23 [INFO]   spread_ticks: {"mean": 1.0, "median": 1.0, "n": 11659, "pct_zero_spread": 0.0, "std": 0.0, "tick_size_cny": 0.01, "tick_size_price_int": 100}
2026-04-10 20:02:23 [INFO]   total_volume_5lvl: {"ask_mean": 845009.2263487434, "bid_mean": 4318243.408525603}
2026-04-10 20:02:23 [INFO]   volatility_1min: 0.0
2026-04-10 20:02:23 [INFO]   volume_per_minute: {"mean": 1849307.5245530093, "n": 361, "total": 667600016.3636364}
2026-04-10 20:02:23 [INFO]   [real-vs-generated comparative metrics]
2026-04-10 20:02:23 [INFO]   ask_cancellation_depth: {"l1_by_group": 0.6461826296848631, "n_generated": 1514, "n_real": 1117, "wasserstein": 1.0541432740283976}
2026-04-10 20:02:23 [INFO]   ask_cancellation_levels: {"l1_by_group": 0.412668918918919, "n_generated": 185, "n_real": 800, "wasserstein": 0.9120012774968707}
2026-04-10 20:02:23 [INFO]   ask_volume: {"l1_by_group": 0.8241192396526106, "n_generated": 11659, "n_real": 16122, "wasserstein": 0.993788990547232}
2026-04-10 20:02:23 [INFO]   ask_volume | spread: {"n_generated": 11659, "n_real": 16122, "num_condition_groups": 2, "per_group": {"1": {"n": 27768, "wasserstein": 0.0309450641698618}, "2": {"n": 13, "wasserstein": null}}, "weighted_wasserstein": null}
2026-04-10 20:02:23 [INFO]   ask_volume_touch: {"l1_by_group": 0.0005582433941198211, "n_generated": 11659, "n_real": 16122, "wasserstein": 0.03092734650417312}
2026-04-10 20:02:23 [INFO]   bid_cancellation_depth: {"l1_by_group": 0.2850536440991491, "n_generated": 102, "n_real": 1908, "wasserstein": 0.19646196337471694}
2026-04-10 20:02:23 [INFO]   bid_cancellation_levels: {"l1_by_group": 0.3221978944056219, "n_generated": 89, "n_real": 1714, "wasserstein": 0.4774351668363156}
2026-04-10 20:02:23 [INFO]   bid_volume: {"l1_by_group": 0.8781543550140275, "n_generated": 11659, "n_real": 16122, "wasserstein": 0.6980200330122414}
2026-04-10 20:02:23 [INFO]   bid_volume_touch: {"l1_by_group": 0.9811437786875078, "n_generated": 11659, "n_real": 16122, "wasserstein": 1.5800044004528042}
2026-04-10 20:02:23 [INFO]   limit_ask_order_depth: {"l1_by_group": 0.8258955629056721, "n_generated": 3687, "n_real": 4432, "wasserstein": 1.1806460977868667}
2026-04-10 20:02:23 [INFO]   limit_ask_order_levels: {"l1_by_group": 0.8126624164096877, "n_generated": 155, "n_real": 3724, "wasserstein": 3.259261749289655}
2026-04-10 20:02:23 [INFO]   limit_bid_order_depth: {"l1_by_group": 0.300570131310786, "n_generated": 118, "n_real": 2628, "wasserstein": 0.3791293234651204}
2026-04-10 20:02:23 [INFO]   limit_bid_order_levels: {"l1_by_group": 0.27172009182892615, "n_generated": 95, "n_real": 2476, "wasserstein": 0.3545643847670983}
2026-04-10 20:02:23 [INFO]   log_inter_arrival_time: {"l1_by_group": 0.05551261423024831, "n_generated": 11658, "n_real": 16121, "wasserstein": 0.07458406498816597}
2026-04-10 20:02:23 [INFO]   ofi: {"l1_by_group": 0.8252362772793949, "n_generated": 11559, "n_real": 16022, "wasserstein": 0.45874415020709997}
2026-04-10 20:02:23 [INFO]   ofi_stay: {"l1_by_group": 0.8300421615172574, "n_generated": 11558, "n_real": 16013, "wasserstein": 0.4581572722209489}
2026-04-10 20:02:23 [INFO]   orderbook_imbalance: {"l1_by_group": 0.9968511605994599, "n_generated": 11659, "n_real": 16122, "wasserstein": 1.7945586228325043}
2026-04-10 20:02:23 [INFO]   spread: {"l1_by_group": 0.0008063515692842109, "n_generated": 11659, "n_real": 16122, "wasserstein": 0.03728382981548825}
2026-04-10 20:02:23 [INFO]   spread | time: {"n_generated": 11659, "n_real": 16122, "num_condition_groups": 2, "per_group": {"10": {"n": 23622, "wasserstein": 0.0343812320570622}, "12": {"n": 4159, "wasserstein": null}}, "weighted_wasserstein": null}
2026-04-10 20:02:23 [INFO]   vol_per_min: {"l1_by_group": 0.25308902386337645, "n_generated": 361, "n_real": 545, "wasserstein": 0.23858677014438417}
[2026-04-10 20:02:23] [DONE] metrics_summary: /finance_ML/zhanghaohan/stock_language_model/saved_LOB_stream/pool_0709_0710_eval_0710_model_variants/pretrained_T10_k0_win50/fixed_start_model_blankgpt2_tokens_openbidanchor_txncomplete_002263XSHE_20260410_195210/metrics_summary.json
