[2026-04-16 22:43:29] [INFO] Experiment folder: /finance_ML/zhanghaohan/stock_language_model/saved_LOB_stream/pool_0709_0710_eval_0710_model_variants/sentence_preset_s2ip_trackA_clustered_topk1_routerdiag/sentence_s2ip_trackA_T10_k0_win50/fixed_start_model_blankgpt2_tokens_dynamic_anchor_txncomplete_000617XSHE_20260416_224329
[2026-04-16 22:43:29] [INFO] checkpoint: /finance_ML/zhanghaohan/stock_language_model/training_runs/pool_0709_0710_train0709_sentence_preset_s2ip_win50_trackA_clustered_topk1_routerdiag/000617XSHE/model_cache/preGPT2sentS2IP_20250709_txncomplete_000617XSHE_win50_k1_20260416_182750_best.pt
[2026-04-16 22:43:29] [INFO] device: cuda greedy=False
/finance_ML/zhanghaohan/stock_language_model/scripts/hist_script/replay_decoded_real_tokens_openbidanchor_txncomplete_fixed_start.py:117: DtypeWarning: Columns (1,2,3,5,6,7,8,9,10,11,12,13,14,15,16,17,18,19,20,21,22,23,24,25,26,27,28,29,30,31,32,33,34,35,36,37,38,39,40,41,42,43,44,45,46,47,48,49,50,51,52,53,54,55,56,57,58,59,60,61,62,63,64,65,66,67,68,69,70,71,72,73,74,75,76,77,78,79,80,81,82,83,84,85,86,88) have mixed types. Specify dtype option on import or set low_memory=False.
  lob_info = pd.read_csv(lob_snap_path, header=None, names=columns)
[2026-04-16 22:56:35] [INFO] tokenizable_rows=66758 token_exact_match_rate_all=0.001064 tail_after_seed=0.000315
[2026-04-16 22:56:49] [INFO] Running eval vs clean reference...
2026-04-16 22:56:49 [INFO] ======================================================================
2026-04-16 22:56:49 [INFO] decoded real-token open-anchor txn-complete evaluation
2026-04-16 22:56:49 [INFO] ======================================================================
2026-04-16 22:56:49 [INFO] Evaluating: /finance_ML/zhanghaohan/stock_language_model/saved_LOB_stream/pool_0709_0710_eval_0710_model_variants/sentence_preset_s2ip_trackA_clustered_topk1_routerdiag/sentence_s2ip_trackA_T10_k0_win50/fixed_start_model_blankgpt2_tokens_dynamic_anchor_txncomplete_000617XSHE_20260416_224329
2026-04-16 22:56:49 [INFO] 
── loading data ───────────────────────────────────────
2026-04-16 22:56:49 [INFO] Loading LOBSTER data from /finance_ML/zhanghaohan/stock_language_model/saved_LOB_stream/pool_0709_0710_eval_0710_model_variants/sentence_preset_s2ip_trackA_clustered_topk1_routerdiag/sentence_s2ip_trackA_T10_k0_win50/fixed_start_model_blankgpt2_tokens_dynamic_anchor_txncomplete_000617XSHE_20260416_224329
2026-04-16 22:56:49 [INFO] Loaded 28,175 rows | 10 book levels | date 2025-07-10
2026-04-16 22:56:49 [INFO] Loading real reference LOBSTER data from /finance_ML/zhanghaohan/stock_language_model/saved_LOB_stream/fixed_start_realflow_generate_lobster_openbidanchor_txncomplete_000617XSHE_20260405_132652
2026-04-16 22:56:49 [INFO] Loading LOBSTER data from /finance_ML/zhanghaohan/stock_language_model/saved_LOB_stream/fixed_start_realflow_generate_lobster_openbidanchor_txncomplete_000617XSHE_20260405_132652
2026-04-16 22:56:50 [INFO] Loaded 30,961 rows | 10 book levels | date 2025-07-10
2026-04-16 22:56:50 [INFO] 
── computing metrics ──────────────────────────────────
2026-04-16 22:56:51 [WARNING] Reference metric log_time_to_cancel skipped: <lambda>() got an unexpected keyword argument 'include_groups'
2026-04-16 22:56:53 [WARNING] Reference conditional metric spread | volatility skipped: Invalid frequency: 0.1s
2026-04-16 22:56:53 [INFO] Computed now (generated-only): 15 metric groups
2026-04-16 22:56:53 [INFO] Computed (with real reference LOB data): 22 benchmark metric configs
2026-04-16 22:56:53 [INFO] Failed (with real reference LOB data): 2 benchmark metric configs
2026-04-16 22:56:53 [INFO] Skipped (needs true order-ID linkage): 2 metrics
2026-04-16 22:56:53 [INFO] 
── LOB-Bench-style overall aggregates (reference_comparison) ──
2026-04-16 22:56:53 [INFO]   Wasserstein aggregate: n=20  mean=0.431012  median=0.362772  iqm=0.393105  (lower is better)
2026-04-16 22:56:53 [INFO]   L1_by_group aggregate: n=20  mean=0.377782  median=0.345497  iqm=0.35599  (lower is better)
2026-04-16 22:56:53 [INFO] 
── generating plots ───────────────────────────────────
2026-04-16 22:56:54 [INFO] saved mid_price.png
2026-04-16 22:56:54 [INFO] saved spread.png
2026-04-16 22:56:55 [INFO] saved returns_dist.png
2026-04-16 22:56:55 [INFO] saved autocorr.png
2026-04-16 22:56:55 [INFO] saved inter_arrival_time.png
2026-04-16 22:56:56 [INFO] saved l1_volume.png
2026-04-16 22:56:57 [INFO] saved volume_per_minute.png
2026-04-16 22:56:57 [INFO] saved orderbook_imbalance.png
2026-04-16 22:56:58 [INFO] saved orderflow_imbalance.png
2026-04-16 22:56:58 [INFO] saved event_type_counts.png
2026-04-16 22:56:58 [INFO] Skipped time-to-fill/time-to-cancel plots: requires true order-ID linkage (not available in synthetic IDs).
2026-04-16 22:56:59 [INFO] saved overview_panel.png
2026-04-16 22:56:59 [INFO] Wrote metrics summary: /finance_ML/zhanghaohan/stock_language_model/saved_LOB_stream/pool_0709_0710_eval_0710_model_variants/sentence_preset_s2ip_trackA_clustered_topk1_routerdiag/sentence_s2ip_trackA_T10_k0_win50/fixed_start_model_blankgpt2_tokens_dynamic_anchor_txncomplete_000617XSHE_20260416_224329/metrics_summary.json
2026-04-16 22:56:59 [INFO] 
── all computed metrics summary ─────────────────────
2026-04-16 22:56:59 [INFO]   acf_returns_1min: [1.0, 0.09683900934952827, -0.04291868620992865, -0.06437802931489293, -0.08583737241985738, -0.10729671552482166, -0.26496379706533735]
2026-04-16 22:56:59 [INFO]   direction_counts: {"-1": 10825, "1": 17350}
2026-04-16 22:56:59 [INFO]   direction_fractions: {"-1": 0.3842, "1": 0.6158}
2026-04-16 22:56:59 [INFO]   event_type_counts: {"1": 11873, "2": 247, "3": 2459, "4": 13596}
2026-04-16 22:56:59 [INFO]   event_type_fractions: {"1": 0.4214, "2": 0.0088, "3": 0.0873, "4": 0.4826}
2026-04-16 22:56:59 [INFO]   iat_ms: {"mean": 1145.5714089724243, "median": 10.0, "n": 14578, "n_exec_excluded": 13596, "p95": 160.0, "std": 77462.59734573973}
2026-04-16 22:56:59 [INFO]   l1_volume: {"ask_mean": 111306.47492457852, "ask_median": 72100.0, "bid_mean": 76935.3609228039, "bid_median": 67600.0}
2026-04-16 22:56:59 [INFO]   mid_price: {"end_cny": 9.345, "end_price_int": 93450.0, "mean_cny": 9.310535226264417, "mean_price_int": 93105.35226264418, "mean_ticks_0p01": 931.0535226264419, "start_cny": 9.345, "start_price_int": 93450.0, "std_cny": 0.02758617362931939, "std_price_int": 275.86173629319114, "std_ticks_0p01": 2.7586173629319117, "total_return_bps": 0.0}
2026-04-16 22:56:59 [INFO]   ob_imbalance: {"mean": -0.006711722131292638, "median": 0.21735932328061788, "std": 0.6245305462739436}
2026-04-16 22:56:59 [INFO]   orderflow_imbalance: {"mean": 4.702553873552975, "n": 28075, "std": 598.6825114617292}
2026-04-16 22:56:59 [INFO]   returns_1min: {"kurtosis": 6.074092260256332, "mean": 0.0006033439233072979, "n": 8, "skew": 2.4131576715599445, "std": 0.0015567099855443973}
2026-04-16 22:56:59 [INFO]   spread_ticks: {"mean": 1.0656025970512648, "median": 1.0, "n": 22179, "pct_zero_spread": 0.21281277728482698, "std": 0.28548530374923936, "tick_size_cny": 0.01, "tick_size_price_int": 100}
2026-04-16 22:56:59 [INFO]   total_volume_5lvl: {"ask_mean": 714107.0446850044, "bid_mean": 899783.5775687667}
2026-04-16 22:56:59 [INFO]   volatility_1min: 0.0015567099855443973
2026-04-16 22:56:59 [INFO]   volume_per_minute: {"mean": 2439137.3017049665, "n": 497, "total": 1212251238.9473684}
2026-04-16 22:56:59 [INFO]   [real-vs-generated comparative metrics]
2026-04-16 22:56:59 [INFO]   ask_cancellation_depth: {"l1_by_group": 0.49380893502241896, "n_generated": 1446, "n_real": 2829, "wasserstein": 0.4717570370049918}
2026-04-16 22:56:59 [INFO]   ask_cancellation_levels: {"l1_by_group": 0.40111633475956543, "n_generated": 825, "n_real": 1721, "wasserstein": 0.8024286394726078}
2026-04-16 22:56:59 [INFO]   ask_volume: {"l1_by_group": 0.6171423676470558, "n_generated": 28175, "n_real": 30961, "wasserstein": 0.9382826467623554}
2026-04-16 22:56:59 [INFO]   ask_volume | spread: {"n_generated": 28175, "n_real": 30961, "num_condition_groups": 8, "per_group": {"1": {"n": 5996, "wasserstein": null}, "2": {"n": 49790, "wasserstein": 0.9469062014857322}, "3": {"n": 2648, "wasserstein": 0.6258740572483606}, "4": {"n": 432, "wasserstein": 0.6244704211522651}, "5": {"n": 206, "wasserstein": 1.1780898414077965}, "6": {"n": 31, "wasserstein": 0.7238606408890533}, "7": {"n": 27, "wasserstein": null}, "8": {"n": 6, "wasserstein": null}}, "weighted_wasserstein": null}
2026-04-16 22:56:59 [INFO]   ask_volume_touch: {"l1_by_group": 0.5734471397697083, "n_generated": 28175, "n_real": 30961, "wasserstein": 0.7961489806779699}
2026-04-16 22:56:59 [INFO]   bid_cancellation_depth: {"l1_by_group": 0.2756698009722689, "n_generated": 1217, "n_real": 1624, "wasserstein": 0.3591460274371909}
2026-04-16 22:56:59 [INFO]   bid_cancellation_levels: {"l1_by_group": 0.23998062967206857, "n_generated": 1192, "n_real": 984, "wasserstein": 0.4568322275082315}
2026-04-16 22:56:59 [INFO]   bid_volume: {"l1_by_group": 0.577265897128445, "n_generated": 28175, "n_real": 30961, "wasserstein": 0.46049586073873433}
2026-04-16 22:56:59 [INFO]   bid_volume_touch: {"l1_by_group": 0.6296043610063633, "n_generated": 28175, "n_real": 30961, "wasserstein": 0.3663987314550279}
2026-04-16 22:56:59 [INFO]   limit_ask_order_depth: {"l1_by_group": 0.44784061563434735, "n_generated": 4018, "n_real": 9528, "wasserstein": 0.7036506849998304}
2026-04-16 22:56:59 [INFO]   limit_ask_order_levels: {"l1_by_group": 0.203572889550316, "n_generated": 2322, "n_real": 8079, "wasserstein": 0.16582062048597}
2026-04-16 22:56:59 [INFO]   limit_bid_order_depth: {"l1_by_group": 0.3238262889183609, "n_generated": 7619, "n_real": 3699, "wasserstein": 0.2847841027901664}
2026-04-16 22:56:59 [INFO]   limit_bid_order_levels: {"l1_by_group": 0.22178469149667737, "n_generated": 8164, "n_real": 3162, "wasserstein": 0.166274788891358}
2026-04-16 22:56:59 [INFO]   log_inter_arrival_time: {"l1_by_group": 0.191807114481822, "n_generated": 28174, "n_real": 30960, "wasserstein": 0.3472792976281792}
2026-04-16 22:56:59 [INFO]   ofi: {"l1_by_group": 0.3421895037764915, "n_generated": 28075, "n_real": 30861, "wasserstein": 0.17071692362483645}
2026-04-16 22:56:59 [INFO]   ofi_down: {"l1_by_group": 0.34880393918222047, "n_generated": 129, "n_real": 233, "wasserstein": 0.3482992065267536}
2026-04-16 22:56:59 [INFO]   ofi_stay: {"l1_by_group": 0.3626130032883369, "n_generated": 27824, "n_real": 30389, "wasserstein": 0.17272075749199078}
2026-04-16 22:56:59 [INFO]   ofi_up: {"l1_by_group": 0.3240502812695325, "n_generated": 121, "n_real": 238, "wasserstein": 0.29937976797528226}
2026-04-16 22:56:59 [INFO]   orderbook_imbalance: {"l1_by_group": 0.6143439121266767, "n_generated": 28175, "n_real": 30961, "wasserstein": 0.6658898739235309}
2026-04-16 22:56:59 [INFO]   spread: {"l1_by_group": 0.21281277728482695, "n_generated": 28175, "n_real": 30961, "wasserstein": 0.5366751472748207}
2026-04-16 22:56:59 [INFO]   spread | time: {"n_generated": 28175, "n_real": 30961, "num_condition_groups": 5, "per_group": {"10": {"n": 42015, "wasserstein": 0.5298276413901531}, "12": {"n": 3261, "wasserstein": null}, "13": {"n": 1141, "wasserstein": null}, "14": {"n": 6421, "wasserstein": null}, "15": {"n": 6298, "wasserstein": null}}, "weighted_wasserstein": null}
2026-04-16 22:56:59 [INFO]   vol_per_min: {"l1_by_group": 0.1539669797715481, "n_generated": 497, "n_real": 579, "wasserstein": 0.10726747756211026}
[2026-04-16 22:56:59] [DONE] metrics_summary: /finance_ML/zhanghaohan/stock_language_model/saved_LOB_stream/pool_0709_0710_eval_0710_model_variants/sentence_preset_s2ip_trackA_clustered_topk1_routerdiag/sentence_s2ip_trackA_T10_k0_win50/fixed_start_model_blankgpt2_tokens_dynamic_anchor_txncomplete_000617XSHE_20260416_224329/metrics_summary.json
