[2026-04-11 18:41:57] [INFO] Experiment folder: /finance_ML/zhanghaohan/stock_language_model/saved_LOB_stream/pool_0709_0710_eval_0710_model_variants/sentence_preset_s2ip_k3_marginsep/sentence_s2ip_k3_marginsep_T10_k0_win50/fixed_start_model_blankgpt2_tokens_dynamic_anchor_txncomplete_000617XSHE_20260411_184157
[2026-04-11 18:41:57] [INFO] checkpoint: /finance_ML/zhanghaohan/stock_language_model/training_runs/pool_0709_0710_train0709_sentence_preset_s2ip_win50_k3_margin_sep_diag/000617XSHE/model_cache/preGPT2sentS2IP_20250709_txncomplete_000617XSHE_win50_k3_20260411_163227_best.pt
[2026-04-11 18:41:57] [INFO] device: cuda greedy=False
/finance_ML/zhanghaohan/stock_language_model/scripts/hist_script/replay_decoded_real_tokens_openbidanchor_txncomplete_fixed_start.py:117: DtypeWarning: Columns (1,2,3,5,6,7,8,9,10,11,12,13,14,15,16,17,18,19,20,21,22,23,24,25,26,27,28,29,30,31,32,33,34,35,36,37,38,39,40,41,42,43,44,45,46,47,48,49,50,51,52,53,54,55,56,57,58,59,60,61,62,63,64,65,66,67,68,69,70,71,72,73,74,75,76,77,78,79,80,81,82,83,84,85,86,88) have mixed types. Specify dtype option on import or set low_memory=False.
  lob_info = pd.read_csv(lob_snap_path, header=None, names=columns)
[2026-04-11 18:55:45] [INFO] tokenizable_rows=66758 token_exact_match_rate_all=0.001393 tail_after_seed=0.000645
[2026-04-11 18:56:00] [INFO] Running eval vs clean reference...
2026-04-11 18:56:00 [INFO] ======================================================================
2026-04-11 18:56:00 [INFO] decoded real-token open-anchor txn-complete evaluation
2026-04-11 18:56:00 [INFO] ======================================================================
2026-04-11 18:56:00 [INFO] Evaluating: /finance_ML/zhanghaohan/stock_language_model/saved_LOB_stream/pool_0709_0710_eval_0710_model_variants/sentence_preset_s2ip_k3_marginsep/sentence_s2ip_k3_marginsep_T10_k0_win50/fixed_start_model_blankgpt2_tokens_dynamic_anchor_txncomplete_000617XSHE_20260411_184157
2026-04-11 18:56:00 [INFO] 
── loading data ───────────────────────────────────────
2026-04-11 18:56:00 [INFO] Loading LOBSTER data from /finance_ML/zhanghaohan/stock_language_model/saved_LOB_stream/pool_0709_0710_eval_0710_model_variants/sentence_preset_s2ip_k3_marginsep/sentence_s2ip_k3_marginsep_T10_k0_win50/fixed_start_model_blankgpt2_tokens_dynamic_anchor_txncomplete_000617XSHE_20260411_184157
2026-04-11 18:56:00 [INFO] Loaded 28,480 rows | 10 book levels | date 2025-07-10
2026-04-11 18:56:00 [INFO] Loading real reference LOBSTER data from /finance_ML/zhanghaohan/stock_language_model/saved_LOB_stream/fixed_start_realflow_generate_lobster_openbidanchor_txncomplete_000617XSHE_20260405_132652
2026-04-11 18:56:00 [INFO] Loading LOBSTER data from /finance_ML/zhanghaohan/stock_language_model/saved_LOB_stream/fixed_start_realflow_generate_lobster_openbidanchor_txncomplete_000617XSHE_20260405_132652
2026-04-11 18:56:00 [INFO] Loaded 30,961 rows | 10 book levels | date 2025-07-10
2026-04-11 18:56:00 [INFO] 
── computing metrics ──────────────────────────────────
2026-04-11 18:56:01 [WARNING] Reference metric log_time_to_cancel skipped: <lambda>() got an unexpected keyword argument 'include_groups'
2026-04-11 18:56:04 [WARNING] Reference conditional metric spread | volatility skipped: Invalid frequency: 0.1s
2026-04-11 18:56:04 [INFO] Computed now (generated-only): 15 metric groups
2026-04-11 18:56:04 [INFO] Computed (with real reference LOB data): 22 benchmark metric configs
2026-04-11 18:56:04 [INFO] Failed (with real reference LOB data): 2 benchmark metric configs
2026-04-11 18:56:04 [INFO] Skipped (needs true order-ID linkage): 2 metrics
2026-04-11 18:56:04 [INFO] 
── LOB-Bench-style overall aggregates (reference_comparison) ──
2026-04-11 18:56:04 [INFO]   Wasserstein aggregate: n=21  mean=0.434573  median=0.504676  iqm=0.451271  (lower is better)
2026-04-11 18:56:04 [INFO]   L1_by_group aggregate: n=20  mean=0.407022  median=0.3514  iqm=0.361545  (lower is better)
2026-04-11 18:56:04 [INFO] 
── generating plots ───────────────────────────────────
2026-04-11 18:56:04 [INFO] saved mid_price.png
2026-04-11 18:56:05 [INFO] saved spread.png
2026-04-11 18:56:05 [INFO] saved returns_dist.png
2026-04-11 18:56:06 [INFO] saved inter_arrival_time.png
2026-04-11 18:56:06 [INFO] saved l1_volume.png
2026-04-11 18:56:07 [INFO] saved volume_per_minute.png
2026-04-11 18:56:07 [INFO] saved orderbook_imbalance.png
2026-04-11 18:56:08 [INFO] saved orderflow_imbalance.png
2026-04-11 18:56:08 [INFO] saved event_type_counts.png
2026-04-11 18:56:08 [INFO] Skipped time-to-fill/time-to-cancel plots: requires true order-ID linkage (not available in synthetic IDs).
2026-04-11 18:56:09 [INFO] saved overview_panel.png
2026-04-11 18:56:09 [INFO] Wrote metrics summary: /finance_ML/zhanghaohan/stock_language_model/saved_LOB_stream/pool_0709_0710_eval_0710_model_variants/sentence_preset_s2ip_k3_marginsep/sentence_s2ip_k3_marginsep_T10_k0_win50/fixed_start_model_blankgpt2_tokens_dynamic_anchor_txncomplete_000617XSHE_20260411_184157/metrics_summary.json
2026-04-11 18:56:09 [INFO] 
── all computed metrics summary ─────────────────────
2026-04-11 18:56:09 [INFO]   acf_returns_1min: [1.0, 0.1658006936389757, -0.49073535705118426]
2026-04-11 18:56:09 [INFO]   direction_counts: {"-1": 10843, "1": 17637}
2026-04-11 18:56:09 [INFO]   direction_fractions: {"-1": 0.3807, "1": 0.6193}
2026-04-11 18:56:09 [INFO]   event_type_counts: {"1": 11646, "2": 137, "3": 1501, "4": 15196}
2026-04-11 18:56:09 [INFO]   event_type_fractions: {"1": 0.4089, "2": 0.0048, "3": 0.0527, "4": 0.5336}
2026-04-11 18:56:09 [INFO]   iat_ms: {"mean": 21.29187683505232, "median": 0.0, "n": 13283, "n_exec_excluded": 15196, "p95": 100.0, "std": 44.87868788774256}
2026-04-11 18:56:09 [INFO]   l1_volume: {"ask_mean": 73024.27243679775, "ask_median": 24100.0, "bid_mean": 67766.85814606742, "bid_median": 62000.0}
2026-04-11 18:56:09 [INFO]   mid_price: {"end_cny": 9.31, "end_price_int": 93100.0, "mean_cny": 9.306738764044944, "mean_price_int": 93067.38764044944, "mean_ticks_0p01": 930.6738764044944, "start_cny": 9.345, "start_price_int": 93450.0, "std_cny": 0.017095021784503808, "std_price_int": 170.95021784503444, "std_ticks_0p01": 1.7095021784503441, "total_return_bps": -37.45318352059934}
2026-04-11 18:56:09 [INFO]   ob_imbalance: {"mean": 0.08355827823895783, "median": 0.4070460704607046, "std": 0.7513918893624009}
2026-04-11 18:56:09 [INFO]   orderflow_imbalance: {"mean": -0.320399577167015, "n": 28380, "std": 343.11996603708405}
2026-04-11 18:56:09 [INFO]   returns_1min: {"kurtosis": -0.41829675431919533, "mean": -0.000134228191143837, "n": 4, "skew": -0.4206908712703373, "std": 0.0016050688197606757}
2026-04-11 18:56:09 [INFO]   spread_ticks: {"mean": 1.2008764777823073, "median": 1.0, "n": 19624, "pct_zero_spread": 0.31095505617977526, "std": 0.6124356752182101, "tick_size_cny": 0.01, "tick_size_price_int": 100}
2026-04-11 18:56:09 [INFO]   total_volume_5lvl: {"ask_mean": 383764.8063553371, "bid_mean": 704752.4599367977}
2026-04-11 18:56:09 [INFO]   volatility_1min: 0.0016050688197606757
2026-04-11 18:56:09 [INFO]   volume_per_minute: {"mean": 4618781.251855517, "n": 282, "total": 1302496313.0232558}
2026-04-11 18:56:09 [INFO]   [real-vs-generated comparative metrics]
2026-04-11 18:56:09 [INFO]   ask_cancellation_depth: {"l1_by_group": 0.5005808988447714, "n_generated": 565, "n_real": 2829, "wasserstein": 0.6096982879018851}
2026-04-11 18:56:09 [INFO]   ask_cancellation_levels: {"l1_by_group": 0.30825399969217077, "n_generated": 487, "n_real": 1721, "wasserstein": 0.6064384435956103}
2026-04-11 18:56:09 [INFO]   ask_volume: {"l1_by_group": 0.6344797042600532, "n_generated": 28480, "n_real": 30961, "wasserstein": 0.8175495338900283}
2026-04-11 18:56:09 [INFO]   ask_volume | spread: {"n_generated": 28480, "n_real": 30961, "num_condition_groups": 8, "per_group": {"1": {"n": 8856, "wasserstein": null}, "2": {"n": 45743, "wasserstein": 0.8575537904570237}, "3": {"n": 3701, "wasserstein": 0.5274358189453654}, "4": {"n": 533, "wasserstein": 1.2311565402432212}, "5": {"n": 438, "wasserstein": 1.0857953464637973}, "6": {"n": 25, "wasserstein": null}, "7": {"n": 139, "wasserstein": 1.117673776116039}, "8": {"n": 6, "wasserstein": null}}, "weighted_wasserstein": null}
2026-04-11 18:56:09 [INFO]   ask_volume_touch: {"l1_by_group": 0.829818061931121, "n_generated": 28480, "n_real": 30961, "wasserstein": 0.5617215130604049}
2026-04-11 18:56:09 [INFO]   bid_cancellation_depth: {"l1_by_group": 0.21548350091099266, "n_generated": 1022, "n_real": 1624, "wasserstein": 0.21748211121846078}
2026-04-11 18:56:09 [INFO]   bid_cancellation_levels: {"l1_by_group": 0.17783817313444547, "n_generated": 829, "n_real": 984, "wasserstein": 0.2182944094695927}
2026-04-11 18:56:09 [INFO]   bid_volume: {"l1_by_group": 0.7082026196240359, "n_generated": 28480, "n_real": 30961, "wasserstein": 0.7656770194978608}
2026-04-11 18:56:09 [INFO]   bid_volume_touch: {"l1_by_group": 0.7171610401305882, "n_generated": 28480, "n_real": 30961, "wasserstein": 0.506037901326208}
2026-04-11 18:56:09 [INFO]   limit_ask_order_depth: {"l1_by_group": 0.3619890025568513, "n_generated": 2787, "n_real": 9528, "wasserstein": 0.36616030407789724}
2026-04-11 18:56:09 [INFO]   limit_ask_order_levels: {"l1_by_group": 0.22724765569695146, "n_generated": 2236, "n_real": 8079, "wasserstein": 0.2148508615648367}
2026-04-11 18:56:09 [INFO]   limit_bid_order_depth: {"l1_by_group": 0.46284614794121864, "n_generated": 8748, "n_real": 3699, "wasserstein": 0.26470875788154963}
2026-04-11 18:56:09 [INFO]   limit_bid_order_levels: {"l1_by_group": 0.38663121347112844, "n_generated": 7922, "n_real": 3162, "wasserstein": 0.5253635062128145}
2026-04-11 18:56:09 [INFO]   log_inter_arrival_time: {"l1_by_group": 0.25751823865320594, "n_generated": 28479, "n_real": 30960, "wasserstein": 0.5201842089081069}
2026-04-11 18:56:09 [INFO]   ofi: {"l1_by_group": 0.30755506875163435, "n_generated": 28380, "n_real": 30861, "wasserstein": 0.13172293080955377}
2026-04-11 18:56:09 [INFO]   ofi_down: {"l1_by_group": 0.38367102505240047, "n_generated": 86, "n_real": 233, "wasserstein": 0.27460432241480587}
2026-04-11 18:56:09 [INFO]   ofi_stay: {"l1_by_group": 0.3149718681791133, "n_generated": 28209, "n_real": 30389, "wasserstein": 0.12906027011358706}
2026-04-11 18:56:09 [INFO]   ofi_up: {"l1_by_group": 0.3382352941176471, "n_generated": 84, "n_real": 238, "wasserstein": 0.4359056726878494}
2026-04-11 18:56:09 [INFO]   orderbook_imbalance: {"l1_by_group": 0.4104816364208107, "n_generated": 28480, "n_real": 30961, "wasserstein": 0.5046763620767779}
2026-04-11 18:56:09 [INFO]   spread: {"l1_by_group": 0.3408116055029724, "n_generated": 28480, "n_real": 30961, "wasserstein": 0.5730826915012588}
2026-04-11 18:56:09 [INFO]   spread | time: {"n_generated": 28480, "n_real": 30961, "num_condition_groups": 1, "per_group": {"10": {"n": 59441, "wasserstein": 0.5730826915012588}}, "weighted_wasserstein": 0.5730826915012588}
2026-04-11 18:56:09 [INFO]   vol_per_min: {"l1_by_group": 0.25666041965237196, "n_generated": 282, "n_real": 579, "wasserstein": 0.30972125305483966}
[2026-04-11 18:56:11] [DONE] metrics_summary: /finance_ML/zhanghaohan/stock_language_model/saved_LOB_stream/pool_0709_0710_eval_0710_model_variants/sentence_preset_s2ip_k3_marginsep/sentence_s2ip_k3_marginsep_T10_k0_win50/fixed_start_model_blankgpt2_tokens_dynamic_anchor_txncomplete_000617XSHE_20260411_184157/metrics_summary.json
