[2026-04-11 18:41:57] [INFO] Experiment folder: /finance_ML/zhanghaohan/stock_language_model/saved_LOB_stream/pool_0709_0710_eval_0710_model_variants/sentence_preset_s2ip_k3_marginsep_sepproj/sentence_s2ip_k3_marginsep_sepproj_T10_k0_win50/fixed_start_model_blankgpt2_tokens_dynamic_anchor_txncomplete_000617XSHE_20260411_184157
[2026-04-11 18:41:57] [INFO] checkpoint: /finance_ML/zhanghaohan/stock_language_model/training_runs/pool_0709_0710_train0709_sentence_preset_s2ip_win50_k3_margin_sep_sepproj_diag/000617XSHE/model_cache/preGPT2sentS2IP_20250709_txncomplete_000617XSHE_win50_k3_20260411_163501_best.pt
[2026-04-11 18:41:57] [INFO] device: cuda greedy=False
/finance_ML/zhanghaohan/stock_language_model/scripts/hist_script/replay_decoded_real_tokens_openbidanchor_txncomplete_fixed_start.py:117: DtypeWarning: Columns (1,2,3,5,6,7,8,9,10,11,12,13,14,15,16,17,18,19,20,21,22,23,24,25,26,27,28,29,30,31,32,33,34,35,36,37,38,39,40,41,42,43,44,45,46,47,48,49,50,51,52,53,54,55,56,57,58,59,60,61,62,63,64,65,66,67,68,69,70,71,72,73,74,75,76,77,78,79,80,81,82,83,84,85,86,88) have mixed types. Specify dtype option on import or set low_memory=False.
  lob_info = pd.read_csv(lob_snap_path, header=None, names=columns)
[2026-04-11 18:55:28] [INFO] tokenizable_rows=66758 token_exact_match_rate_all=0.001453 tail_after_seed=0.000705
[2026-04-11 18:55:44] [INFO] Running eval vs clean reference...
2026-04-11 18:55:44 [INFO] ======================================================================
2026-04-11 18:55:44 [INFO] decoded real-token open-anchor txn-complete evaluation
2026-04-11 18:55:44 [INFO] ======================================================================
2026-04-11 18:55:44 [INFO] Evaluating: /finance_ML/zhanghaohan/stock_language_model/saved_LOB_stream/pool_0709_0710_eval_0710_model_variants/sentence_preset_s2ip_k3_marginsep_sepproj/sentence_s2ip_k3_marginsep_sepproj_T10_k0_win50/fixed_start_model_blankgpt2_tokens_dynamic_anchor_txncomplete_000617XSHE_20260411_184157
2026-04-11 18:55:44 [INFO] 
── loading data ───────────────────────────────────────
2026-04-11 18:55:44 [INFO] Loading LOBSTER data from /finance_ML/zhanghaohan/stock_language_model/saved_LOB_stream/pool_0709_0710_eval_0710_model_variants/sentence_preset_s2ip_k3_marginsep_sepproj/sentence_s2ip_k3_marginsep_sepproj_T10_k0_win50/fixed_start_model_blankgpt2_tokens_dynamic_anchor_txncomplete_000617XSHE_20260411_184157
2026-04-11 18:55:44 [INFO] Loaded 28,352 rows | 10 book levels | date 2025-07-10
2026-04-11 18:55:44 [INFO] Loading real reference LOBSTER data from /finance_ML/zhanghaohan/stock_language_model/saved_LOB_stream/fixed_start_realflow_generate_lobster_openbidanchor_txncomplete_000617XSHE_20260405_132652
2026-04-11 18:55:44 [INFO] Loading LOBSTER data from /finance_ML/zhanghaohan/stock_language_model/saved_LOB_stream/fixed_start_realflow_generate_lobster_openbidanchor_txncomplete_000617XSHE_20260405_132652
2026-04-11 18:55:45 [INFO] Loaded 30,961 rows | 10 book levels | date 2025-07-10
2026-04-11 18:55:45 [INFO] 
── computing metrics ──────────────────────────────────
2026-04-11 18:55:46 [WARNING] Reference metric log_time_to_cancel skipped: <lambda>() got an unexpected keyword argument 'include_groups'
2026-04-11 18:55:48 [WARNING] Reference conditional metric spread | volatility skipped: Invalid frequency: 0.1s
2026-04-11 18:55:48 [INFO] Computed now (generated-only): 15 metric groups
2026-04-11 18:55:48 [INFO] Computed (with real reference LOB data): 22 benchmark metric configs
2026-04-11 18:55:48 [INFO] Failed (with real reference LOB data): 2 benchmark metric configs
2026-04-11 18:55:48 [INFO] Skipped (needs true order-ID linkage): 2 metrics
2026-04-11 18:55:48 [INFO] 
── LOB-Bench-style overall aggregates (reference_comparison) ──
2026-04-11 18:55:48 [INFO]   Wasserstein aggregate: n=21  mean=0.440577  median=0.432177  iqm=0.417143  (lower is better)
2026-04-11 18:55:48 [INFO]   L1_by_group aggregate: n=20  mean=0.408677  median=0.375574  iqm=0.385537  (lower is better)
2026-04-11 18:55:48 [INFO] 
── generating plots ───────────────────────────────────
2026-04-11 18:55:49 [INFO] saved mid_price.png
2026-04-11 18:55:50 [INFO] saved spread.png
2026-04-11 18:55:50 [INFO] saved returns_dist.png
2026-04-11 18:55:50 [INFO] saved autocorr.png
2026-04-11 18:55:51 [INFO] saved inter_arrival_time.png
2026-04-11 18:55:51 [INFO] saved l1_volume.png
2026-04-11 18:55:52 [INFO] saved volume_per_minute.png
2026-04-11 18:55:53 [INFO] saved orderbook_imbalance.png
2026-04-11 18:55:53 [INFO] saved orderflow_imbalance.png
2026-04-11 18:55:53 [INFO] saved event_type_counts.png
2026-04-11 18:55:53 [INFO] Skipped time-to-fill/time-to-cancel plots: requires true order-ID linkage (not available in synthetic IDs).
2026-04-11 18:55:54 [INFO] saved overview_panel.png
2026-04-11 18:55:54 [INFO] Wrote metrics summary: /finance_ML/zhanghaohan/stock_language_model/saved_LOB_stream/pool_0709_0710_eval_0710_model_variants/sentence_preset_s2ip_k3_marginsep_sepproj/sentence_s2ip_k3_marginsep_sepproj_T10_k0_win50/fixed_start_model_blankgpt2_tokens_dynamic_anchor_txncomplete_000617XSHE_20260411_184157/metrics_summary.json
2026-04-11 18:55:54 [INFO] 
── all computed metrics summary ─────────────────────
2026-04-11 18:55:54 [INFO]   acf_returns_1min: [1.0, -0.2955834956810015, -0.45403898848374696, 0.28150740294606336]
2026-04-11 18:55:54 [INFO]   direction_counts: {"-1": 12554, "1": 15798}
2026-04-11 18:55:54 [INFO]   direction_fractions: {"-1": 0.4428, "1": 0.5572}
2026-04-11 18:55:54 [INFO]   event_type_counts: {"1": 11684, "2": 146, "3": 1589, "4": 14933}
2026-04-11 18:55:54 [INFO]   event_type_fractions: {"1": 0.4121, "2": 0.0051, "3": 0.056, "4": 0.5267}
2026-04-11 18:55:54 [INFO]   iat_ms: {"mean": 24.654941123863466, "median": 0.0, "n": 13418, "n_exec_excluded": 14933, "p95": 110.0, "std": 51.69097982866617}
2026-04-11 18:55:54 [INFO]   l1_volume: {"ask_mean": 139160.76537810382, "ask_median": 24260.0, "bid_mean": 129218.91545569977, "bid_median": 129800.0}
2026-04-11 18:55:54 [INFO]   mid_price: {"end_cny": 9.305, "end_price_int": 93050.0, "mean_cny": 9.306469561230248, "mean_price_int": 93064.69561230249, "mean_ticks_0p01": 930.6469561230248, "start_cny": 9.345, "start_price_int": 93450.0, "std_cny": 0.019221237038143466, "std_price_int": 192.21237038143195, "std_ticks_0p01": 1.9221237038143193, "total_return_bps": -42.80363830925671}
2026-04-11 18:55:54 [INFO]   ob_imbalance: {"mean": 0.20050141559171833, "median": 0.5658914728682171, "std": 0.7442929262682044}
2026-04-11 18:55:54 [INFO]   orderflow_imbalance: {"mean": 32.477771485204585, "n": 28252, "std": 538.4423231972539}
2026-04-11 18:55:54 [INFO]   returns_1min: {"kurtosis": -1.913905592531579, "mean": 0.0003226674536936258, "n": 5, "skew": 0.3784510170561798, "std": 0.0018070181069074407}
2026-04-11 18:55:54 [INFO]   spread_ticks: {"mean": 1.1628028283296628, "median": 1.0, "n": 17254, "pct_zero_spread": 0.391436230248307, "std": 0.44259440560446395, "tick_size_cny": 0.01, "tick_size_price_int": 100}
2026-04-11 18:55:54 [INFO]   total_volume_5lvl: {"ask_mean": 609040.0791125847, "bid_mean": 1181140.7313417043}
2026-04-11 18:55:54 [INFO]   volatility_1min: 0.0018070181069074407
2026-04-11 18:55:54 [INFO]   volume_per_minute: {"mean": 3846808.8498942917, "n": 330, "total": 1269446920.4651163}
2026-04-11 18:55:54 [INFO]   [real-vs-generated comparative metrics]
2026-04-11 18:55:54 [INFO]   ask_cancellation_depth: {"l1_by_group": 0.49455411938640864, "n_generated": 641, "n_real": 2829, "wasserstein": 0.432176902326591}
2026-04-11 18:55:54 [INFO]   ask_cancellation_levels: {"l1_by_group": 0.28143489282362033, "n_generated": 455, "n_real": 1721, "wasserstein": 0.5769470841149489}
2026-04-11 18:55:54 [INFO]   ask_volume: {"l1_by_group": 0.6278946067954274, "n_generated": 28352, "n_real": 30961, "wasserstein": 1.1288118361909563}
2026-04-11 18:55:54 [INFO]   ask_volume | spread: {"n_generated": 28352, "n_real": 30961, "num_condition_groups": 8, "per_group": {"1": {"n": 11098, "wasserstein": null}, "2": {"n": 43780, "wasserstein": 0.8512516465871365}, "3": {"n": 3485, "wasserstein": 0.639201368054511}, "4": {"n": 659, "wasserstein": 0.7542938619048049}, "5": {"n": 227, "wasserstein": 1.0540992117779373}, "6": {"n": 31, "wasserstein": 0.807328911124619}, "7": {"n": 27, "wasserstein": null}, "8": {"n": 6, "wasserstein": null}}, "weighted_wasserstein": null}
2026-04-11 18:55:54 [INFO]   ask_volume_touch: {"l1_by_group": 0.7833176259191732, "n_generated": 28352, "n_real": 30961, "wasserstein": 0.6179857408969933}
2026-04-11 18:55:54 [INFO]   bid_cancellation_depth: {"l1_by_group": 0.2829731067480614, "n_generated": 1045, "n_real": 1624, "wasserstein": 0.27560091397674646}
2026-04-11 18:55:54 [INFO]   bid_cancellation_levels: {"l1_by_group": 0.19916271261688726, "n_generated": 879, "n_real": 984, "wasserstein": 0.15159388923685482}
2026-04-11 18:55:54 [INFO]   bid_volume: {"l1_by_group": 0.4942931542416685, "n_generated": 28352, "n_real": 30961, "wasserstein": 0.5915339392970508}
2026-04-11 18:55:54 [INFO]   bid_volume_touch: {"l1_by_group": 0.7500611216867678, "n_generated": 28352, "n_real": 30961, "wasserstein": 0.4753459154197231}
2026-04-11 18:55:54 [INFO]   limit_ask_order_depth: {"l1_by_group": 0.42354305624893235, "n_generated": 2659, "n_real": 9528, "wasserstein": 0.5318074884650991}
2026-04-11 18:55:54 [INFO]   limit_ask_order_levels: {"l1_by_group": 0.20115252973862444, "n_generated": 1887, "n_real": 8079, "wasserstein": 0.17384526057457433}
2026-04-11 18:55:54 [INFO]   limit_bid_order_depth: {"l1_by_group": 0.5051347810090593, "n_generated": 8844, "n_real": 3699, "wasserstein": 0.303711308089381}
2026-04-11 18:55:54 [INFO]   limit_bid_order_levels: {"l1_by_group": 0.3172184430465182, "n_generated": 8319, "n_real": 3162, "wasserstein": 0.43682791082374606}
2026-04-11 18:55:54 [INFO]   log_inter_arrival_time: {"l1_by_group": 0.24405137330239232, "n_generated": 28351, "n_real": 30960, "wasserstein": 0.4893064668379414}
2026-04-11 18:55:54 [INFO]   ofi: {"l1_by_group": 0.3343994372688878, "n_generated": 28252, "n_real": 30861, "wasserstein": 0.18633697881288075}
2026-04-11 18:55:54 [INFO]   ofi_down: {"l1_by_group": 0.3854904596928487, "n_generated": 83, "n_real": 233, "wasserstein": 0.3431581018033006}
2026-04-11 18:55:54 [INFO]   ofi_stay: {"l1_by_group": 0.34377280327219584, "n_generated": 28092, "n_real": 30389, "wasserstein": 0.18369322614472264}
2026-04-11 18:55:54 [INFO]   ofi_up: {"l1_by_group": 0.3656567890314021, "n_generated": 76, "n_real": 238, "wasserstein": 0.3549045343412294}
2026-04-11 18:55:54 [INFO]   orderbook_imbalance: {"l1_by_group": 0.5239525527108561, "n_generated": 28352, "n_real": 30961, "wasserstein": 0.3687826625803181}
2026-04-11 18:55:54 [INFO]   spread: {"l1_by_group": 0.4134734423497033, "n_generated": 28352, "n_real": 30961, "wasserstein": 0.7170309812913405}
2026-04-11 18:55:54 [INFO]   spread | time: {"n_generated": 28352, "n_real": 30961, "num_condition_groups": 1, "per_group": {"10": {"n": 59313, "wasserstein": 0.7170309812913405}}, "weighted_wasserstein": 0.7170309812913405}
2026-04-11 18:55:54 [INFO]   vol_per_min: {"l1_by_group": 0.20199403360025125, "n_generated": 330, "n_real": 579, "wasserstein": 0.19568372403328582}
[2026-04-11 18:55:54] [DONE] metrics_summary: /finance_ML/zhanghaohan/stock_language_model/saved_LOB_stream/pool_0709_0710_eval_0710_model_variants/sentence_preset_s2ip_k3_marginsep_sepproj/sentence_s2ip_k3_marginsep_sepproj_T10_k0_win50/fixed_start_model_blankgpt2_tokens_dynamic_anchor_txncomplete_000617XSHE_20260411_184157/metrics_summary.json
