[2026-04-05 12:34:24] [INFO] Experiment folder: /finance_ML/zhanghaohan/stock_language_model/saved_LOB_stream/fixed_start_decoded_real_tokens_openbidanchor_exactprice_exactqty_000617XSHE_20260405_123424
[2026-04-05 12:34:24] [INFO] Loading and normalizing snapshot table...
scripts/hist_script/replay_decoded_real_tokens_openbidanchor_exactprice_fixed_start.py:117: DtypeWarning: Columns (1,2,3,5,6,7,8,9,10,11,12,13,14,15,16,17,18,19,20,21,22,23,24,25,26,27,28,29,30,31,32,33,34,35,36,37,38,39,40,41,42,43,44,45,46,47,48,49,50,51,52,53,54,55,56,57,58,59,60,61,62,63,64,65,66,67,68,69,70,71,72,73,74,75,76,77,78,79,80,81,82,83,84,85,86,88) have mixed types. Specify dtype option on import or set low_memory=False.
  lob_info = pd.read_csv(lob_snap_path, header=None, names=columns)
[2026-04-05 12:39:42] [INFO] Loading processed real-flow orders...
[2026-04-05 12:39:54] [INFO] Window rows=75742 tokenizable_rows=32029
[2026-04-05 12:39:54] [INFO] Tokenizable side counts={50.0: 13655, 49.0: 12833, 99.0: 5541}
2026-04-05 12:40:03 [INFO] ======================================================================
2026-04-05 12:40:03 [INFO] decoded real-token open-anchor exact-price evaluation
2026-04-05 12:40:03 [INFO] ======================================================================
2026-04-05 12:40:03 [INFO] Evaluating: /finance_ML/zhanghaohan/stock_language_model/saved_LOB_stream/fixed_start_decoded_real_tokens_openbidanchor_exactprice_exactqty_000617XSHE_20260405_123424
2026-04-05 12:40:03 [INFO] 
── loading data ───────────────────────────────────────
2026-04-05 12:40:03 [INFO] Loading LOBSTER data from /finance_ML/zhanghaohan/stock_language_model/saved_LOB_stream/fixed_start_decoded_real_tokens_openbidanchor_exactprice_exactqty_000617XSHE_20260405_123424
2026-04-05 12:40:03 [INFO] Loaded 41,780 rows | 10 book levels | date 2025-07-10
2026-04-05 12:40:03 [INFO] Loading real reference LOBSTER data from /finance_ML/zhanghaohan/stock_language_model/saved_LOB_stream/fixed_start_realflow_generate_lobster_000617XSHE_20260403_232134
2026-04-05 12:40:03 [INFO] Loading LOBSTER data from /finance_ML/zhanghaohan/stock_language_model/saved_LOB_stream/fixed_start_realflow_generate_lobster_000617XSHE_20260403_232134
2026-04-05 12:40:04 [INFO] Loaded 72,762 rows | 10 book levels | date 2025-07-10
2026-04-05 12:40:04 [INFO] 
── computing metrics ──────────────────────────────────
2026-04-05 12:40:05 [WARNING] Reference metric log_time_to_cancel skipped: <lambda>() got an unexpected keyword argument 'include_groups'
2026-04-05 12:40:10 [WARNING] Reference conditional metric spread | volatility skipped: Invalid frequency: 0.1s
2026-04-05 12:40:10 [INFO] Computed now (generated-only): 15 metric groups
2026-04-05 12:40:10 [INFO] Computed (with real reference LOB data): 22 benchmark metric configs
2026-04-05 12:40:10 [INFO] Failed (with real reference LOB data): 2 benchmark metric configs
2026-04-05 12:40:10 [INFO] Skipped (needs true order-ID linkage): 2 metrics
2026-04-05 12:40:10 [INFO] 
── generating plots ───────────────────────────────────
2026-04-05 12:40:11 [INFO] saved mid_price.png
2026-04-05 12:40:12 [INFO] saved spread.png
2026-04-05 12:40:13 [INFO] saved returns_dist.png
2026-04-05 12:40:13 [INFO] saved autocorr.png
2026-04-05 12:40:13 [INFO] saved inter_arrival_time.png
2026-04-05 12:40:14 [INFO] saved l1_volume.png
2026-04-05 12:40:15 [INFO] saved volume_per_minute.png
2026-04-05 12:40:16 [INFO] saved orderbook_imbalance.png
2026-04-05 12:40:16 [INFO] saved orderflow_imbalance.png
2026-04-05 12:40:16 [INFO] saved event_type_counts.png
2026-04-05 12:40:16 [INFO] Skipped time-to-fill/time-to-cancel plots: requires true order-ID linkage (not available in synthetic IDs).
2026-04-05 12:40:17 [INFO] saved overview_panel.png
2026-04-05 12:40:17 [INFO] Wrote metrics summary: /finance_ML/zhanghaohan/stock_language_model/saved_LOB_stream/fixed_start_decoded_real_tokens_openbidanchor_exactprice_exactqty_000617XSHE_20260405_123424/metrics_summary.json
2026-04-05 12:40:17 [INFO] 
── all computed metrics summary ─────────────────────
2026-04-05 12:40:17 [INFO]   acf_returns_1min: [1.0, 0.17331694218520063, -0.28471484635387484, -0.35463972238781755, -0.23994904954922935, 0.18012955078584061]
2026-04-05 12:40:17 [INFO]   direction_counts: {"-1": 21965, "1": 19815}
2026-04-05 12:40:17 [INFO]   direction_fractions: {"-1": 0.5257, "1": 0.4743}
2026-04-05 12:40:17 [INFO]   event_type_counts: {"1": 26488, "2": 195, "3": 4996, "4": 10101}
2026-04-05 12:40:17 [INFO]   event_type_fractions: {"1": 0.634, "2": 0.0047, "3": 0.1196, "4": 0.2418}
2026-04-05 12:40:17 [INFO]   iat_ms: {"mean": 13.518845886735274, "median": 0.0, "n": 31678, "n_exec_excluded": 10101, "p95": 60.0, "std": 23.24161815857682}
2026-04-05 12:40:17 [INFO]   l1_volume: {"ask_mean": 76583.79813307803, "ask_median": 37500.0, "bid_mean": 163574.58300622308, "bid_median": 39400.0}
2026-04-05 12:40:17 [INFO]   mid_price: {"end_cny": 9.56, "end_price_int": 95600.0, "mean_cny": 9.431065701292486, "mean_price_int": 94310.65701292484, "mean_ticks_0p01": 943.1065701292484, "start_cny": 9.345, "start_price_int": 93450.0, "std_cny": 0.09221596818236485, "std_price_int": 922.1596818236477, "std_ticks_0p01": 9.221596818236478, "total_return_bps": 230.0695559122534}
2026-04-05 12:40:17 [INFO]   ob_imbalance: {"mean": 0.04563146086752743, "median": 0.03722953722953723, "std": 0.7411509124436196}
2026-04-05 12:40:17 [INFO]   orderflow_imbalance: {"mean": 138.81154030710172, "n": 41680, "std": 1691.5814782650903}
2026-04-05 12:40:17 [INFO]   returns_1min: {"kurtosis": 0.6667234884567543, "mean": 0.0035555373619184294, "n": 7, "skew": 0.9905818959412372, "std": 0.005040997657797453}
2026-04-05 12:40:17 [INFO]   spread_ticks: {"mean": 1.673210663575775, "median": 1.0, "n": 41412, "pct_zero_spread": 0.008808042125418861, "std": 2.102976452305692, "tick_size_cny": 0.01, "tick_size_price_int": 100}
2026-04-05 12:40:17 [INFO]   total_volume_5lvl: {"ask_mean": 936569.075347056, "bid_mean": 1032613.3483963619}
2026-04-05 12:40:17 [INFO]   volatility_1min: 0.005040997657797454
2026-04-05 12:40:17 [INFO]   volume_per_minute: {"mean": 6065031.05919003, "n": 428, "total": 2595833293.333333}
2026-04-05 12:40:17 [INFO]   [real-vs-generated comparative metrics]
2026-04-05 12:40:17 [INFO]   ask_cancellation_depth: {"l1_by_group": 0.17949957536978023, "n_generated": 2514, "n_real": 3436, "wasserstein": 0.0770339076451145}
2026-04-05 12:40:17 [INFO]   ask_cancellation_levels: {"l1_by_group": 0.19453753364124082, "n_generated": 1427, "n_real": 1818, "wasserstein": 0.35873102484095376}
2026-04-05 12:40:17 [INFO]   ask_volume: {"l1_by_group": 0.611299051029127, "n_generated": 41780, "n_real": 72762, "wasserstein": 0.5405232705488434}
2026-04-05 12:40:17 [INFO]   ask_volume | spread: {"n_generated": 41780, "n_real": 72762, "num_condition_groups": 56, "per_group": {"1": {"n": 2, "wasserstein": null}, "10": {"n": 176, "wasserstein": null}, "11": {"n": 88, "wasserstein": null}, "12": {"n": 59, "wasserstein": null}, "13": {"n": 10, "wasserstein": null}, "14": {"n": 91, "wasserstein": null}, "15": {"n": 77, "wasserstein": null}, "16": {"n": 353, "wasserstein": null}, "17": {"n": 97, "wasserstein": null}, "18": {"n": 121, "wasserstein": null}, "19": {"n": 773, "wasserstein": null}, "2": {"n": 9, "wasserstein": null}, "20": {"n": 591, "wasserstein": null}, "21": {"n": 881, "wasserstein": null}, "22": {"n": 1369, "wasserstein": null}, "23": {"n": 2510, "wasserstein": null}, "24": {"n": 4776, "wasserstein": null}, "25": {"n": 2776, "wasserstein": null}, "26": {"n": 2480, "wasserstein": null}, "27": {"n": 1654, "wasserstein": null}, "28": {"n": 2339, "wasserstein": null}, "29": {"n": 972, "wasserstein": null}, "3": {"n": 40, "wasserstein": null}, "30": {"n": 1610, "wasserstein": null}, "31": {"n": 3157, "wasserstein": null}, "32": {"n": 3651, "wasserstein": null}, "33": {"n": 4786, "wasserstein": null}, "34": {"n": 8433, "wasserstein": null}, "35": {"n": 7198, "wasserstein": null}, "36": {"n": 3938, "wasserstein": null}, "37": {"n": 6463, "wasserstein": null}, "38": {"n": 3933, "wasserstein": null}, "39": {"n": 4139, "wasserstein": 0.379362009227652}, "4": {"n": 18, "wasserstein": null}, "40": {"n": 33946, "wasserstein": 0.27434080417168016}, "41": {"n": 5995, "wasserstein": null}, "42": {"n": 1804, "wasserstein": null}, "43": {"n": 738, "wasserstein": null}, "44": {"n": 436, "wasserstein": null}, "45": {"n": 287, "wasserstein": null}, "46": {"n": 57, "wasserstein": null}, "47": {"n": 17, "wasserstein": null}, "48": {"n": 77, "wasserstein": null}, "49": {"n": 23, "wasserstein": null}, "5": {"n": 57, "wasserstein": null}, "50": {"n": 3, "wasserstein": null}, "51": {"n": 77, "wasserstein": null}, "52": {"n": 89, "wasserstein": null}, "53": {"n": 377, "wasserstein": null}, "54": {"n": 50, "wasserstein": null}, "55": {"n": 171, "wasserstein": null}, "56": {"n": 93, "wasserstein": null}, "6": {"n": 38, "wasserstein": null}, "7": {"n": 591, "wasserstein": null}, "8": {"n": 43, "wasserstein": null}, "9": {"n": 3, "wasserstein": null}}, "weighted_wasserstein": null}
2026-04-05 12:40:17 [INFO]   ask_volume_touch: {"l1_by_group": 0.756535341377843, "n_generated": 41780, "n_real": 72762, "wasserstein": 0.751105238913343}
2026-04-05 12:40:17 [INFO]   bid_cancellation_depth: {"l1_by_group": 0.1555173840353481, "n_generated": 2672, "n_real": 1755, "wasserstein": 0.10599926223438474}
2026-04-05 12:40:17 [INFO]   bid_cancellation_levels: {"l1_by_group": 0.08432303743474649, "n_generated": 1435, "n_real": 1405, "wasserstein": 0.05192103351901135}
2026-04-05 12:40:17 [INFO]   bid_volume: {"l1_by_group": 0.3020669958960082, "n_generated": 41780, "n_real": 72762, "wasserstein": 0.6213753513982344}
2026-04-05 12:40:17 [INFO]   bid_volume_touch: {"l1_by_group": 0.24837916648031777, "n_generated": 41780, "n_real": 72762, "wasserstein": 0.3646441342968304}
2026-04-05 12:40:17 [INFO]   limit_ask_order_depth: {"l1_by_group": 0.476734711127187, "n_generated": 12014, "n_real": 20696, "wasserstein": 0.2687514088711069}
2026-04-05 12:40:17 [INFO]   limit_ask_order_levels: {"l1_by_group": 0.46293168398009554, "n_generated": 10007, "n_real": 18026, "wasserstein": 0.7937526429872164}
2026-04-05 12:40:17 [INFO]   limit_bid_order_depth: {"l1_by_group": 0.3382339844367708, "n_generated": 14353, "n_real": 4902, "wasserstein": 0.1603929807803704}
2026-04-05 12:40:17 [INFO]   limit_bid_order_levels: {"l1_by_group": 0.19079454373314236, "n_generated": 12238, "n_real": 15752, "wasserstein": 0.34611361900930526}
2026-04-05 12:40:17 [INFO]   log_inter_arrival_time: {"l1_by_group": 0.06205573941096689, "n_generated": 41779, "n_real": 72761, "wasserstein": 0.13295081922230803}
2026-04-05 12:40:17 [INFO]   ofi: {"l1_by_group": 0.3395077824910237, "n_generated": 41680, "n_real": 72662, "wasserstein": 0.2758568420199743}
2026-04-05 12:40:17 [INFO]   ofi_down: {"l1_by_group": 0.3458478624724988, "n_generated": 694, "n_real": 5267, "wasserstein": 0.3655639443173532}
2026-04-05 12:40:17 [INFO]   ofi_stay: {"l1_by_group": 0.3310976695997607, "n_generated": 40272, "n_real": 62107, "wasserstein": 0.250608842555577}
2026-04-05 12:40:17 [INFO]   ofi_up: {"l1_by_group": 0.37896573961748514, "n_generated": 713, "n_real": 5287, "wasserstein": 0.48399210344829574}
2026-04-05 12:40:17 [INFO]   orderbook_imbalance: {"l1_by_group": 0.3272864813561816, "n_generated": 41780, "n_real": 72762, "wasserstein": 0.5922570634380872}
2026-04-05 12:40:17 [INFO]   spread: {"l1_by_group": 0.9523255166002897, "n_generated": 41780, "n_real": 72762, "wasserstein": 1.3385378986891159}
2026-04-05 12:40:17 [INFO]   spread | time: {"n_generated": 41780, "n_real": 72762, "num_condition_groups": 1, "per_group": {"10": {"n": 114542, "wasserstein": 1.3385378986891159}}, "weighted_wasserstein": 1.3385378986891159}
2026-04-05 12:40:17 [INFO]   vol_per_min: {"l1_by_group": 0.14304994305150323, "n_generated": 428, "n_real": 599, "wasserstein": 0.1974751688732705}
