[2026-04-05 12:08:17] [INFO] Experiment folder: /finance_ML/zhanghaohan/stock_language_model/saved_LOB_stream/fixed_start_decoded_real_tokens_openbidanchor_exactprice_000981XSHE_20260405_120817
[2026-04-05 12:08:17] [INFO] Loading and normalizing snapshot table...
scripts/hist_script/replay_decoded_real_tokens_openbidanchor_exactprice_fixed_start.py:117: DtypeWarning: Columns (1,2,3,5,6,7,8,9,10,11,12,13,14,15,16,17,18,19,20,21,22,23,24,25,26,27,28,29,30,31,32,33,34,35,36,37,38,39,40,41,42,43,44,45,46,47,48,49,50,51,52,53,54,55,56,57,58,59,60,61,62,63,64,65,66,67,68,69,70,71,72,73,74,75,76,77,78,79,80,81,82,83,84,85,86,88) have mixed types. Specify dtype option on import or set low_memory=False.
  lob_info = pd.read_csv(lob_snap_path, header=None, names=columns)
[2026-04-05 12:13:51] [INFO] Loading processed real-flow orders...
[2026-04-05 12:13:55] [INFO] Window rows=10882 tokenizable_rows=7487
[2026-04-05 12:13:55] [INFO] Tokenizable side counts={49.0: 3630, 99.0: 2007, 50.0: 1850}
2026-04-05 12:13:57 [INFO] ======================================================================
2026-04-05 12:13:57 [INFO] decoded real-token open-anchor exact-price evaluation
2026-04-05 12:13:57 [INFO] ======================================================================
2026-04-05 12:13:57 [INFO] Evaluating: /finance_ML/zhanghaohan/stock_language_model/saved_LOB_stream/fixed_start_decoded_real_tokens_openbidanchor_exactprice_000981XSHE_20260405_120817
2026-04-05 12:13:57 [INFO] 
── loading data ───────────────────────────────────────
2026-04-05 12:13:57 [INFO] Loading LOBSTER data from /finance_ML/zhanghaohan/stock_language_model/saved_LOB_stream/fixed_start_decoded_real_tokens_openbidanchor_exactprice_000981XSHE_20260405_120817
2026-04-05 12:13:57 [INFO] Loaded 8,671 rows | 10 book levels | date 2025-07-10
2026-04-05 12:13:57 [INFO] Loading real reference LOBSTER data from /finance_ML/zhanghaohan/stock_language_model/saved_LOB_stream/fixed_start_realflow_generate_lobster_000981XSHE_20260403_232134
2026-04-05 12:13:57 [INFO] Loading LOBSTER data from /finance_ML/zhanghaohan/stock_language_model/saved_LOB_stream/fixed_start_realflow_generate_lobster_000981XSHE_20260403_232134
2026-04-05 12:13:57 [INFO] Loaded 10,869 rows | 10 book levels | date 2025-07-10
2026-04-05 12:13:57 [INFO] 
── computing metrics ──────────────────────────────────
/finance_ML/zhanghaohan/mycondaenv/lib/python3.8/site-packages/statsmodels/tsa/stattools.py:693: RuntimeWarning: invalid value encountered in divide
  acf = avf[: nlags + 1] / avf[0]
2026-04-05 12:13:57 [WARNING] Reference metric log_time_to_cancel skipped: <lambda>() got an unexpected keyword argument 'include_groups'
2026-04-05 12:13:58 [WARNING] Reference metric ofi_down skipped: empty real or generated sample after cleaning
2026-04-05 12:13:58 [WARNING] Reference conditional metric spread | volatility skipped: Invalid frequency: 0.1s
2026-04-05 12:13:58 [INFO] Computed now (generated-only): 15 metric groups
2026-04-05 12:13:58 [INFO] Computed (with real reference LOB data): 21 benchmark metric configs
2026-04-05 12:13:58 [INFO] Failed (with real reference LOB data): 3 benchmark metric configs
2026-04-05 12:13:58 [INFO] Skipped (needs true order-ID linkage): 2 metrics
2026-04-05 12:13:58 [INFO] 
── generating plots ───────────────────────────────────
2026-04-05 12:13:59 [INFO] saved mid_price.png
2026-04-05 12:13:59 [INFO] saved spread.png
2026-04-05 12:14:00 [INFO] saved returns_dist.png
/finance_ML/zhanghaohan/mycondaenv/lib/python3.8/site-packages/statsmodels/tsa/stattools.py:693: RuntimeWarning: invalid value encountered in divide
  acf = avf[: nlags + 1] / avf[0]
2026-04-05 12:14:00 [INFO] saved autocorr.png
2026-04-05 12:14:00 [INFO] saved inter_arrival_time.png
2026-04-05 12:14:01 [INFO] saved l1_volume.png
2026-04-05 12:14:02 [INFO] saved volume_per_minute.png
2026-04-05 12:14:02 [INFO] saved orderbook_imbalance.png
2026-04-05 12:14:03 [INFO] saved orderflow_imbalance.png
2026-04-05 12:14:03 [INFO] saved event_type_counts.png
2026-04-05 12:14:03 [INFO] Skipped time-to-fill/time-to-cancel plots: requires true order-ID linkage (not available in synthetic IDs).
2026-04-05 12:14:04 [INFO] saved overview_panel.png
2026-04-05 12:14:04 [INFO] Wrote metrics summary: /finance_ML/zhanghaohan/stock_language_model/saved_LOB_stream/fixed_start_decoded_real_tokens_openbidanchor_exactprice_000981XSHE_20260405_120817/metrics_summary.json
2026-04-05 12:14:04 [INFO] 
── all computed metrics summary ─────────────────────
2026-04-05 12:14:04 [INFO]   acf_returns_1min: [NaN, NaN, NaN, NaN, NaN, NaN, NaN, NaN]
2026-04-05 12:14:04 [INFO]   direction_counts: {"-1": 2489, "1": 6182}
2026-04-05 12:14:04 [INFO]   direction_fractions: {"-1": 0.287, "1": 0.713}
2026-04-05 12:14:04 [INFO]   event_type_counts: {"1": 5480, "2": 5, "3": 1989, "4": 1197}
2026-04-05 12:14:04 [INFO]   event_type_fractions: {"1": 0.632, "2": 0.0006, "3": 0.2294, "4": 0.138}
2026-04-05 12:14:04 [INFO]   iat_ms: {"mean": 74.5858423658504, "median": 40.0, "n": 7473, "n_exec_excluded": 1197, "p95": 260.0, "std": 106.30935373426708}
2026-04-05 12:14:04 [INFO]   l1_volume: {"ask_mean": 9171349.060085341, "ask_median": 9835700.0, "bid_mean": 7656586.379886979, "bid_median": 7351600.0}
2026-04-05 12:14:04 [INFO]   mid_price: {"end_cny": 2.115, "end_price_int": 21150.0, "mean_cny": 2.1137717679621737, "mean_price_int": 21137.717679621728, "mean_ticks_0p01": 211.37717679621727, "start_cny": 2.105, "start_price_int": 21050.0, "std_cny": 0.0032825308968054824, "std_price_int": 32.825308968054074, "std_ticks_0p01": 0.32825308968054073, "total_return_bps": 47.50593824228044}
2026-04-05 12:14:04 [INFO]   ob_imbalance: {"mean": -0.11526015640101724, "median": -0.12655491613006256, "std": 0.39212836893876757}
2026-04-05 12:14:04 [INFO]   orderflow_imbalance: {"mean": 2290.9416637498543, "n": 8571, "std": 4952.54399413736}
2026-04-05 12:14:04 [INFO]   returns_1min: {"kurtosis": 0.0, "mean": 0.0, "n": 9, "skew": 0.0, "std": 0.0}
2026-04-05 12:14:04 [INFO]   spread_ticks: {"mean": 1.0, "median": 1.0, "n": 8671, "pct_zero_spread": 0.0, "std": 0.0, "tick_size_cny": 0.01, "tick_size_price_int": 100}
2026-04-05 12:14:04 [INFO]   total_volume_5lvl: {"ask_mean": 66168944.20482067, "bid_mean": 70354773.03655864}
2026-04-05 12:14:04 [INFO]   volatility_1min: 0.0
2026-04-05 12:14:04 [INFO]   volume_per_minute: {"mean": 2521576.9090244793, "n": 391, "total": 985936571.4285715}
2026-04-05 12:14:04 [INFO]   [real-vs-generated comparative metrics]
2026-04-05 12:14:04 [INFO]   ask_cancellation_depth: {"l1_by_group": 0.02724040018045272, "n_generated": 477, "n_real": 474, "wasserstein": 0.011927258106625777}
2026-04-05 12:14:04 [INFO]   ask_cancellation_levels: {"l1_by_group": 0.025940380225255525, "n_generated": 461, "n_real": 458, "wasserstein": 0.01881079117736438}
2026-04-05 12:14:04 [INFO]   ask_volume: {"l1_by_group": 0.7496213569683873, "n_generated": 8671, "n_real": 10869, "wasserstein": 0.9910554444566568}
2026-04-05 12:14:04 [INFO]   ask_volume | spread: {"n_generated": 8671, "n_real": 10869, "num_condition_groups": 8, "per_group": {"1": {"n": 1, "wasserstein": null}, "2": {"n": 1, "wasserstein": null}, "3": {"n": 2, "wasserstein": null}, "4": {"n": 13, "wasserstein": null}, "5": {"n": 72, "wasserstein": null}, "6": {"n": 1566, "wasserstein": null}, "7": {"n": 17883, "wasserstein": 0.8423727582605487}, "8": {"n": 2, "wasserstein": null}}, "weighted_wasserstein": null}
2026-04-05 12:14:04 [INFO]   ask_volume_touch: {"l1_by_group": 0.763820482590824, "n_generated": 8671, "n_real": 10869, "wasserstein": 0.6182962003497104}
2026-04-05 12:14:04 [INFO]   bid_cancellation_depth: {"l1_by_group": 0.04599581931096697, "n_generated": 1517, "n_real": 1520, "wasserstein": 0.037906927230901666}
2026-04-05 12:14:04 [INFO]   bid_cancellation_levels: {"l1_by_group": 0.04567020189619258, "n_generated": 1506, "n_real": 1509, "wasserstein": 0.043802530800495426}
2026-04-05 12:14:04 [INFO]   bid_volume: {"l1_by_group": 0.4156011868585336, "n_generated": 8671, "n_real": 10869, "wasserstein": 0.3645235649932701}
2026-04-05 12:14:04 [INFO]   bid_volume_touch: {"l1_by_group": 0.678683111150427, "n_generated": 8671, "n_real": 10869, "wasserstein": 0.5651770914453733}
2026-04-05 12:14:04 [INFO]   limit_ask_order_depth: {"l1_by_group": 0.1871258197948132, "n_generated": 2722, "n_real": 1728, "wasserstein": 0.2612429394589105}
2026-04-05 12:14:04 [INFO]   limit_ask_order_levels: {"l1_by_group": 0.032382061886488345, "n_generated": 2481, "n_real": 2489, "wasserstein": 0.02041421585215058}
2026-04-05 12:14:04 [INFO]   limit_bid_order_depth: {"l1_by_group": 0.019614823972152043, "n_generated": 2758, "n_real": 2764, "wasserstein": 0.01625040003393227}
2026-04-05 12:14:04 [INFO]   limit_bid_order_levels: {"l1_by_group": 0.12005516505722966, "n_generated": 2712, "n_real": 3772, "wasserstein": 0.18027388024268018}
2026-04-05 12:14:04 [INFO]   log_inter_arrival_time: {"l1_by_group": 0.06896926906032717, "n_generated": 8670, "n_real": 10868, "wasserstein": 0.14531497834133864}
2026-04-05 12:14:04 [INFO]   ofi: {"l1_by_group": 0.19832543922364348, "n_generated": 8571, "n_real": 10769, "wasserstein": 0.13158745105198816}
2026-04-05 12:14:04 [INFO]   ofi_stay: {"l1_by_group": 0.19290061681712034, "n_generated": 8569, "n_real": 8638, "wasserstein": 0.1389033740455713}
2026-04-05 12:14:04 [INFO]   ofi_up: {"l1_by_group": 0.9324577861163226, "n_generated": 1, "n_real": 1066, "wasserstein": 0.6365548833527792}
2026-04-05 12:14:04 [INFO]   orderbook_imbalance: {"l1_by_group": 0.559055702196249, "n_generated": 8671, "n_real": 10869, "wasserstein": 0.3611840412233545}
2026-04-05 12:14:04 [INFO]   spread: {"l1_by_group": 0.15245192750023007, "n_generated": 8671, "n_real": 10869, "wasserstein": 0.5081442959491766}
2026-04-05 12:14:04 [INFO]   spread | time: {"n_generated": 8671, "n_real": 10869, "num_condition_groups": 1, "per_group": {"10": {"n": 19540, "wasserstein": 0.5081442959491766}}, "weighted_wasserstein": 0.5081442959491766}
2026-04-05 12:14:04 [INFO]   vol_per_min: {"l1_by_group": 0.13768019721383495, "n_generated": 391, "n_real": 443, "wasserstein": 0.052604083192695585}
