\n================ 20250710 | 002263_XSHE ================
Reading Order Post data...
/finance_ML/zhanghaohan/stock_language_model/utility/sim_helper_unified.py:293: DtypeWarning: Columns (0,1,2,3,4,5,6,7,9,11) have mixed types. Specify dtype option on import or set low_memory=False.
  order_post = pd.read_csv(order_post_dir, header=None, names=col_names)
Cleaning Order Post data...
Reading Liquidity Mask data...
Unpivoting Liquidity Mask data...
Merging DataFrames...
Merge complete!
Filtering merged data for high liquidity...
Filtering out pre-market data (before 09:30:00)...
Filtering for specific OrdType...
Reading LOB Snap data...
/finance_ML/zhanghaohan/stock_language_model/utility/sim_helper_unified.py:350: DtypeWarning: Columns (2,27,47) have mixed types. Specify dtype option on import or set low_memory=False.
  lob_info = pd.read_csv(
Creating LOB dictionary...
Converting UpdateTime to datetime...
Performing merge_asof operation on chunks...
Asof-joining MidPrice chunks:   0%|          | 0/1 [00:00<?, ?it/s]Asof-joining MidPrice chunks: 100%|██████████| 1/1 [00:03<00:00,  3.36s/it]Asof-joining MidPrice chunks: 100%|██████████| 1/1 [00:03<00:00,  3.36s/it]
Concatenating final result...
Reading Order Transaction data...
/finance_ML/zhanghaohan/stock_language_model/utility/sim_helper_unified.py:423: DtypeWarning: Columns (0,1,2,3,4,5,6,7,8,9,12) have mixed types. Specify dtype option on import or set low_memory=False.
  order_transac = pd.read_csv(order_transac_dir, header=None, names=order_transac_col_names)
Expanding transaction rows for bid/offer order matches...
Matching transaction rows back to posted orders...
Real-flow processing complete!
[20250710] stock: 002263_XSHE
[20250710] rows: 870397
[20250710] stocks: 1
[cache] df -> /finance_ML/zhanghaohan/stock_language_model/saved_LOB_stream/processed_real_flow/final_result_for_merge_realflow_20250710_002263XSHE_20260404_1602.joblib
[cache] bin_record -> /finance_ML/zhanghaohan/stock_language_model/saved_LOB_stream/processed_real_flow/bin_record_realflow_20250710_002263XSHE_20260404_1602.json
[cache] summary -> /finance_ML/zhanghaohan/stock_language_model/saved_LOB_stream/processed_real_flow/final_result_for_merge_realflow_20250710_002263XSHE_20260404_1602.json
