[2026-04-05 12:34:24] [INFO] Experiment folder: /finance_ML/zhanghaohan/stock_language_model/saved_LOB_stream/fixed_start_decoded_real_tokens_openbidanchor_exactprice_exactqty_002263XSHE_20260405_123424
[2026-04-05 12:34:24] [INFO] Loading and normalizing snapshot table...
scripts/hist_script/replay_decoded_real_tokens_openbidanchor_exactprice_fixed_start.py:117: DtypeWarning: Columns (1,2,3,5,6,7,8,9,10,11,12,13,14,15,16,17,18,19,20,21,22,23,24,25,26,27,28,29,30,31,32,33,34,35,36,37,38,39,40,41,42,43,44,45,46,47,48,49,50,51,52,53,54,55,56,57,58,59,60,61,62,63,64,65,66,67,68,69,70,71,72,73,74,75,76,77,78,79,80,81,82,83,84,85,86,88) have mixed types. Specify dtype option on import or set low_memory=False.
  lob_info = pd.read_csv(lob_snap_path, header=None, names=columns)
[2026-04-05 12:39:39] [INFO] Loading processed real-flow orders...
[2026-04-05 12:39:45] [INFO] Window rows=41603 tokenizable_rows=19624
[2026-04-05 12:39:45] [INFO] Tokenizable side counts={49.0: 9030, 50.0: 6987, 99.0: 3607}
2026-04-05 12:39:51 [INFO] ======================================================================
2026-04-05 12:39:51 [INFO] decoded real-token open-anchor exact-price evaluation
2026-04-05 12:39:51 [INFO] ======================================================================
2026-04-05 12:39:51 [INFO] Evaluating: /finance_ML/zhanghaohan/stock_language_model/saved_LOB_stream/fixed_start_decoded_real_tokens_openbidanchor_exactprice_exactqty_002263XSHE_20260405_123424
2026-04-05 12:39:51 [INFO] 
── loading data ───────────────────────────────────────
2026-04-05 12:39:51 [INFO] Loading LOBSTER data from /finance_ML/zhanghaohan/stock_language_model/saved_LOB_stream/fixed_start_decoded_real_tokens_openbidanchor_exactprice_exactqty_002263XSHE_20260405_123424
2026-04-05 12:39:51 [INFO] Loaded 25,003 rows | 10 book levels | date 2025-07-10
2026-04-05 12:39:51 [INFO] Loading real reference LOBSTER data from /finance_ML/zhanghaohan/stock_language_model/saved_LOB_stream/fixed_start_realflow_generate_lobster_002263XSHE_20260403_232134
2026-04-05 12:39:51 [INFO] Loading LOBSTER data from /finance_ML/zhanghaohan/stock_language_model/saved_LOB_stream/fixed_start_realflow_generate_lobster_002263XSHE_20260403_232134
2026-04-05 12:39:51 [INFO] Loaded 41,451 rows | 10 book levels | date 2025-07-10
2026-04-05 12:39:51 [INFO] 
── computing metrics ──────────────────────────────────
2026-04-05 12:39:52 [WARNING] Reference metric log_time_to_cancel skipped: <lambda>() got an unexpected keyword argument 'include_groups'
2026-04-05 12:39:55 [WARNING] Reference conditional metric spread | volatility skipped: Invalid frequency: 0.1s
2026-04-05 12:39:55 [INFO] Computed now (generated-only): 15 metric groups
2026-04-05 12:39:55 [INFO] Computed (with real reference LOB data): 22 benchmark metric configs
2026-04-05 12:39:55 [INFO] Failed (with real reference LOB data): 2 benchmark metric configs
2026-04-05 12:39:55 [INFO] Skipped (needs true order-ID linkage): 2 metrics
2026-04-05 12:39:55 [INFO] 
── generating plots ───────────────────────────────────
2026-04-05 12:39:55 [INFO] saved mid_price.png
2026-04-05 12:39:56 [INFO] saved spread.png
2026-04-05 12:39:57 [INFO] saved returns_dist.png
2026-04-05 12:39:57 [INFO] saved autocorr.png
2026-04-05 12:39:57 [INFO] saved inter_arrival_time.png
2026-04-05 12:39:58 [INFO] saved l1_volume.png
2026-04-05 12:39:59 [INFO] saved volume_per_minute.png
2026-04-05 12:39:59 [INFO] saved orderbook_imbalance.png
2026-04-05 12:40:00 [INFO] saved orderflow_imbalance.png
2026-04-05 12:40:00 [INFO] saved event_type_counts.png
2026-04-05 12:40:00 [INFO] Skipped time-to-fill/time-to-cancel plots: requires true order-ID linkage (not available in synthetic IDs).
2026-04-05 12:40:01 [INFO] saved overview_panel.png
2026-04-05 12:40:01 [INFO] Wrote metrics summary: /finance_ML/zhanghaohan/stock_language_model/saved_LOB_stream/fixed_start_decoded_real_tokens_openbidanchor_exactprice_exactqty_002263XSHE_20260405_123424/metrics_summary.json
2026-04-05 12:40:01 [INFO] 
── all computed metrics summary ─────────────────────
2026-04-05 12:40:01 [INFO]   acf_returns_1min: [1.0, -0.07177660502198725, -0.027203211748613065, -0.25388841089561803, -0.16793310668093475, 0.06204181529265097]
2026-04-05 12:40:01 [INFO]   direction_counts: {"-1": 10755, "1": 14248}
2026-04-05 12:40:01 [INFO]   direction_fractions: {"-1": 0.4301, "1": 0.5699}
2026-04-05 12:40:01 [INFO]   event_type_counts: {"1": 16017, "2": 98, "3": 3391, "4": 5497}
2026-04-05 12:40:01 [INFO]   event_type_fractions: {"1": 0.6406, "2": 0.0039, "3": 0.1356, "4": 0.2199}
2026-04-05 12:40:01 [INFO]   iat_ms: {"mean": 21.869264291207383, "median": 10.0, "n": 19505, "n_exec_excluded": 5497, "p95": 90.0, "std": 34.964418970240395}
2026-04-05 12:40:01 [INFO]   l1_volume: {"ask_mean": 101591.64500259969, "ask_median": 67600.0, "bid_mean": 193297.15634123905, "bid_median": 115800.0}
2026-04-05 12:40:01 [INFO]   mid_price: {"end_cny": 4.405, "end_price_int": 44050.0, "mean_cny": 4.375292364916211, "mean_price_int": 43752.9236491621, "mean_ticks_0p01": 437.529236491621, "start_cny": 4.345, "start_price_int": 43450.0, "std_cny": 0.02193376450353363, "std_price_int": 219.33764503533735, "std_ticks_0p01": 2.1933764503533735, "total_return_bps": 138.08975834292303}
2026-04-05 12:40:01 [INFO]   ob_imbalance: {"mean": 0.1701967757780727, "median": 0.2942122186495177, "std": 0.6028234732403874}
2026-04-05 12:40:01 [INFO]   orderflow_imbalance: {"mean": 80.00341324338433, "n": 24903, "std": 1118.88182337741}
2026-04-05 12:40:01 [INFO]   returns_1min: {"kurtosis": 2.174792109235991, "mean": 0.0009762485112236874, "n": 7, "skew": 1.4512773889699906, "std": 0.004135794721349252}
2026-04-05 12:40:01 [INFO]   spread_ticks: {"mean": 1.023117225932888, "median": 1.0, "n": 25003, "pct_zero_spread": 0.0, "std": 0.1523931489361783, "tick_size_cny": 0.01, "tick_size_price_int": 100}
2026-04-05 12:40:01 [INFO]   total_volume_5lvl: {"ask_mean": 1148858.2930048394, "bid_mean": 2112244.3146822383}
2026-04-05 12:40:01 [INFO]   volatility_1min: 0.004135794721349252
2026-04-05 12:40:01 [INFO]   volume_per_minute: {"mean": 3166953.2773109246, "n": 425, "total": 1345955142.857143}
2026-04-05 12:40:01 [INFO]   [real-vs-generated comparative metrics]
2026-04-05 12:40:01 [INFO]   ask_cancellation_depth: {"l1_by_group": 0.2471918948926721, "n_generated": 1120, "n_real": 1351, "wasserstein": 0.07382729177722655}
2026-04-05 12:40:01 [INFO]   ask_cancellation_levels: {"l1_by_group": 0.18613191635987744, "n_generated": 823, "n_real": 938, "wasserstein": 0.2158856389307321}
2026-04-05 12:40:01 [INFO]   ask_volume: {"l1_by_group": 0.24826945448700988, "n_generated": 25003, "n_real": 41451, "wasserstein": 0.07439812552593687}
2026-04-05 12:40:01 [INFO]   ask_volume | spread: {"n_generated": 25003, "n_real": 41451, "num_condition_groups": 21, "per_group": {"1": {"n": 1, "wasserstein": null}, "10": {"n": 224, "wasserstein": null}, "11": {"n": 537, "wasserstein": null}, "12": {"n": 1984, "wasserstein": null}, "13": {"n": 6604, "wasserstein": null}, "14": {"n": 5115, "wasserstein": null}, "15": {"n": 3673, "wasserstein": null}, "16": {"n": 2999, "wasserstein": null}, "17": {"n": 5397, "wasserstein": null}, "18": {"n": 11977, "wasserstein": null}, "19": {"n": 27034, "wasserstein": 0.723748948684233}, "2": {"n": 4, "wasserstein": null}, "20": {"n": 571, "wasserstein": 0.8243672317165436}, "21": {"n": 8, "wasserstein": null}, "3": {"n": 28, "wasserstein": null}, "4": {"n": 24, "wasserstein": null}, "5": {"n": 20, "wasserstein": null}, "6": {"n": 63, "wasserstein": null}, "7": {"n": 22, "wasserstein": null}, "8": {"n": 65, "wasserstein": null}, "9": {"n": 104, "wasserstein": null}}, "weighted_wasserstein": null}
2026-04-05 12:40:01 [INFO]   ask_volume_touch: {"l1_by_group": 2.4124870328794868e-05, "n_generated": 25003, "n_real": 41451, "wasserstein": 1.0578623112347854}
2026-04-05 12:40:01 [INFO]   bid_cancellation_depth: {"l1_by_group": 0.2679088691695988, "n_generated": 2368, "n_real": 2097, "wasserstein": 0.13972138309408838}
2026-04-05 12:40:01 [INFO]   bid_cancellation_levels: {"l1_by_group": 0.0031524413353632326, "n_generated": 1764, "n_real": 1765, "wasserstein": 0.0012896518085806}
2026-04-05 12:40:01 [INFO]   bid_volume: {"l1_by_group": 0.06732339691068873, "n_generated": 25003, "n_real": 41451, "wasserstein": 0.03709919569706814}
2026-04-05 12:40:01 [INFO]   bid_volume_touch: {"l1_by_group": 0.14715592552092227, "n_generated": 25003, "n_real": 41451, "wasserstein": 0.13368921554989702}
2026-04-05 12:40:01 [INFO]   limit_ask_order_depth: {"l1_by_group": 0.603236245011117, "n_generated": 7156, "n_real": 10065, "wasserstein": 0.1526695278672546}
2026-04-05 12:40:01 [INFO]   limit_ask_order_levels: {"l1_by_group": 0.47764887153116187, "n_generated": 6294, "n_real": 11615, "wasserstein": 0.42017310527067164}
2026-04-05 12:40:01 [INFO]   limit_bid_order_depth: {"l1_by_group": 0.4942716217338021, "n_generated": 8827, "n_real": 3727, "wasserstein": 0.4032236190599174}
2026-04-05 12:40:01 [INFO]   limit_bid_order_levels: {"l1_by_group": 0.10930013274330085, "n_generated": 8302, "n_real": 11008, "wasserstein": 0.16732229782513292}
2026-04-05 12:40:01 [INFO]   log_inter_arrival_time: {"l1_by_group": 0.06352393135449048, "n_generated": 25002, "n_real": 41450, "wasserstein": 0.1295049905618263}
2026-04-05 12:40:01 [INFO]   ofi: {"l1_by_group": 0.3031072393733324, "n_generated": 24903, "n_real": 41351, "wasserstein": 0.36033663264841503}
2026-04-05 12:40:01 [INFO]   ofi_down: {"l1_by_group": 0.4843661100803959, "n_generated": 175, "n_real": 3234, "wasserstein": 0.8055942629800187}
2026-04-05 12:40:01 [INFO]   ofi_stay: {"l1_by_group": 0.28820818869833187, "n_generated": 24564, "n_real": 34877, "wasserstein": 0.32960859963718736}
2026-04-05 12:40:01 [INFO]   ofi_up: {"l1_by_group": 0.4538305202885841, "n_generated": 163, "n_real": 3239, "wasserstein": 0.7078746560356106}
2026-04-05 12:40:01 [INFO]   orderbook_imbalance: {"l1_by_group": 0.2186583649864552, "n_generated": 25003, "n_real": 41451, "wasserstein": 0.24810879384489978}
2026-04-05 12:40:01 [INFO]   spread: {"l1_by_group": 0.9370340884417747, "n_generated": 25003, "n_real": 41451, "wasserstein": 1.3289988834179327}
2026-04-05 12:40:01 [INFO]   spread | time: {"n_generated": 25003, "n_real": 41451, "num_condition_groups": 1, "per_group": {"10": {"n": 66454, "wasserstein": 1.3289988834179327}}, "weighted_wasserstein": 1.3289988834179327}
2026-04-05 12:40:01 [INFO]   vol_per_min: {"l1_by_group": 0.16835550300522226, "n_generated": 425, "n_real": 597, "wasserstein": 0.22327313410761915}
