[2026-04-04 21:22:27] [INFO] Experiment folder: /finance_ML/zhanghaohan/stock_language_model/saved_LOB_stream/fixed_start_decoded_real_tokens_openbidanchor_000617XSHE_20260404_212227
[2026-04-04 21:22:27] [INFO] Loading and normalizing snapshot table...
scripts/hist_script/replay_decoded_real_tokens_openbidanchor_fixed_start.py:117: DtypeWarning: Columns (1,2,3,5,6,7,8,9,10,11,12,13,14,15,16,17,18,19,20,21,22,23,24,25,26,27,28,29,30,31,32,33,34,35,36,37,38,39,40,41,42,43,44,45,46,47,48,49,50,51,52,53,54,55,56,57,58,59,60,61,62,63,64,65,66,67,68,69,70,71,72,73,74,75,76,77,78,79,80,81,82,83,84,85,86,88) have mixed types. Specify dtype option on import or set low_memory=False.
  lob_info = pd.read_csv(lob_snap_path, header=None, names=columns)
[2026-04-04 21:27:49] [INFO] Loading processed real-flow orders...
[2026-04-04 21:28:00] [INFO] Window rows=75742 tokenizable_rows=32029
[2026-04-04 21:28:00] [INFO] Tokenizable side counts={50.0: 13655, 49.0: 12833, 99.0: 5541}
2026-04-04 21:28:09 [INFO] ======================================================================
2026-04-04 21:28:09 [INFO] decoded real-token open-anchor evaluation
2026-04-04 21:28:09 [INFO] ======================================================================
2026-04-04 21:28:09 [INFO] Evaluating: /finance_ML/zhanghaohan/stock_language_model/saved_LOB_stream/fixed_start_decoded_real_tokens_openbidanchor_000617XSHE_20260404_212227
2026-04-04 21:28:09 [INFO] 
── loading data ───────────────────────────────────────
2026-04-04 21:28:09 [INFO] Loading LOBSTER data from /finance_ML/zhanghaohan/stock_language_model/saved_LOB_stream/fixed_start_decoded_real_tokens_openbidanchor_000617XSHE_20260404_212227
2026-04-04 21:28:09 [INFO] Loaded 40,988 rows | 10 book levels | date 2025-07-10
2026-04-04 21:28:09 [INFO] Loading real reference LOBSTER data from /finance_ML/zhanghaohan/stock_language_model/saved_LOB_stream/fixed_start_realflow_generate_lobster_000617XSHE_20260403_232134
2026-04-04 21:28:09 [INFO] Loading LOBSTER data from /finance_ML/zhanghaohan/stock_language_model/saved_LOB_stream/fixed_start_realflow_generate_lobster_000617XSHE_20260403_232134
2026-04-04 21:28:10 [INFO] Loaded 72,762 rows | 10 book levels | date 2025-07-10
2026-04-04 21:28:10 [INFO] 
── computing metrics ──────────────────────────────────
2026-04-04 21:28:11 [WARNING] Reference metric log_time_to_cancel skipped: <lambda>() got an unexpected keyword argument 'include_groups'
2026-04-04 21:28:16 [WARNING] Reference conditional metric spread | volatility skipped: Invalid frequency: 0.1s
2026-04-04 21:28:16 [INFO] Computed now (generated-only): 15 metric groups
2026-04-04 21:28:16 [INFO] Computed (with real reference LOB data): 22 benchmark metric configs
2026-04-04 21:28:16 [INFO] Failed (with real reference LOB data): 2 benchmark metric configs
2026-04-04 21:28:16 [INFO] Skipped (needs true order-ID linkage): 2 metrics
2026-04-04 21:28:16 [INFO] 
── generating plots ───────────────────────────────────
2026-04-04 21:28:17 [INFO] saved mid_price.png
2026-04-04 21:28:17 [INFO] saved spread.png
2026-04-04 21:28:18 [INFO] saved returns_dist.png
2026-04-04 21:28:18 [INFO] saved autocorr.png
2026-04-04 21:28:19 [INFO] saved inter_arrival_time.png
2026-04-04 21:28:19 [INFO] saved l1_volume.png
2026-04-04 21:28:20 [INFO] saved volume_per_minute.png
2026-04-04 21:28:21 [INFO] saved orderbook_imbalance.png
2026-04-04 21:28:21 [INFO] saved orderflow_imbalance.png
2026-04-04 21:28:21 [INFO] saved event_type_counts.png
2026-04-04 21:28:21 [INFO] Skipped time-to-fill/time-to-cancel plots: requires true order-ID linkage (not available in synthetic IDs).
2026-04-04 21:28:22 [INFO] saved overview_panel.png
2026-04-04 21:28:22 [INFO] Wrote metrics summary: /finance_ML/zhanghaohan/stock_language_model/saved_LOB_stream/fixed_start_decoded_real_tokens_openbidanchor_000617XSHE_20260404_212227/metrics_summary.json
2026-04-04 21:28:22 [INFO] 
── all computed metrics summary ─────────────────────
2026-04-04 21:28:22 [INFO]   acf_returns_1min: [1.0, -0.027651621829178026, -0.25679464240652106, -0.18810256534004577, 0.12029137102220999, -0.14587420801239723]
2026-04-04 21:28:22 [INFO]   direction_counts: {"-1": 20060, "1": 20928}
2026-04-04 21:28:22 [INFO]   direction_fractions: {"-1": 0.4894, "1": 0.5106}
2026-04-04 21:28:22 [INFO]   event_type_counts: {"1": 26488, "2": 310, "3": 4733, "4": 9457}
2026-04-04 21:28:22 [INFO]   event_type_fractions: {"1": 0.6462, "2": 0.0076, "3": 0.1155, "4": 0.2307}
2026-04-04 21:28:22 [INFO]   iat_ms: {"mean": 13.582302568981921, "median": 0.0, "n": 31530, "n_exec_excluded": 9457, "p95": 60.0, "std": 23.272554980225213}
2026-04-04 21:28:22 [INFO]   l1_volume: {"ask_mean": 439767.5009758954, "ask_median": 172100.0, "bid_mean": 174372.477481214, "bid_median": 44600.0}
2026-04-04 21:28:22 [INFO]   mid_price: {"end_cny": 9.545, "end_price_int": 95450.0, "mean_cny": 9.4143498097004, "mean_price_int": 94143.498097004, "mean_ticks_0p01": 941.43498097004, "start_cny": 9.345, "start_price_int": 93450.0, "std_cny": 0.075985281204209, "std_price_int": 759.8528120420901, "std_ticks_0p01": 7.598528120420902, "total_return_bps": 214.01819154628132}
2026-04-04 21:28:22 [INFO]   ob_imbalance: {"mean": -0.22792031295703985, "median": -0.5195266272189349, "std": 0.7451621016557205}
2026-04-04 21:28:22 [INFO]   orderflow_imbalance: {"mean": 355.08146644492274, "n": 40888, "std": 2452.983647707117}
2026-04-04 21:28:22 [INFO]   returns_1min: {"kurtosis": 3.8793821936955464, "mean": 0.003025145181455104, "n": 7, "skew": 1.8684399328492904, "std": 0.004628701730849867}
2026-04-04 21:28:22 [INFO]   spread_ticks: {"mean": 1.8286327705669951, "median": 1.0, "n": 40988, "pct_zero_spread": 0.0, "std": 2.7093593192065653, "tick_size_cny": 0.01, "tick_size_price_int": 100}
2026-04-04 21:28:22 [INFO]   total_volume_5lvl: {"ask_mean": 2603814.3007709575, "bid_mean": 670020.0304235386}
2026-04-04 21:28:22 [INFO]   volatility_1min: 0.004628701730849868
2026-04-04 21:28:22 [INFO]   volume_per_minute: {"mean": 7375294.288681204, "n": 428, "total": 3156625955.5555553}
2026-04-04 21:28:22 [INFO]   [real-vs-generated comparative metrics]
2026-04-04 21:28:22 [INFO]   ask_cancellation_depth: {"l1_by_group": 0.16692590068286137, "n_generated": 2779, "n_real": 3436, "wasserstein": 0.04183429934068992}
2026-04-04 21:28:22 [INFO]   ask_cancellation_levels: {"l1_by_group": 0.11585895431648431, "n_generated": 1710, "n_real": 1818, "wasserstein": 0.1894635793291406}
2026-04-04 21:28:22 [INFO]   ask_volume: {"l1_by_group": 0.6665704941226761, "n_generated": 40988, "n_real": 72762, "wasserstein": 1.1925563618588955}
2026-04-04 21:28:22 [INFO]   ask_volume | spread: {"n_generated": 40988, "n_real": 72762, "num_condition_groups": 60, "per_group": {"1": {"n": 2, "wasserstein": null}, "10": {"n": 176, "wasserstein": null}, "11": {"n": 88, "wasserstein": null}, "12": {"n": 59, "wasserstein": null}, "13": {"n": 10, "wasserstein": null}, "14": {"n": 91, "wasserstein": null}, "15": {"n": 77, "wasserstein": null}, "16": {"n": 353, "wasserstein": null}, "17": {"n": 97, "wasserstein": null}, "18": {"n": 121, "wasserstein": null}, "19": {"n": 773, "wasserstein": null}, "2": {"n": 9, "wasserstein": null}, "20": {"n": 591, "wasserstein": null}, "21": {"n": 881, "wasserstein": null}, "22": {"n": 1369, "wasserstein": null}, "23": {"n": 2510, "wasserstein": null}, "24": {"n": 4776, "wasserstein": null}, "25": {"n": 2776, "wasserstein": null}, "26": {"n": 2480, "wasserstein": null}, "27": {"n": 1654, "wasserstein": null}, "28": {"n": 2339, "wasserstein": null}, "29": {"n": 972, "wasserstein": null}, "3": {"n": 40, "wasserstein": null}, "30": {"n": 1610, "wasserstein": null}, "31": {"n": 3157, "wasserstein": null}, "32": {"n": 3651, "wasserstein": null}, "33": {"n": 4786, "wasserstein": null}, "34": {"n": 8433, "wasserstein": null}, "35": {"n": 7198, "wasserstein": null}, "36": {"n": 3938, "wasserstein": null}, "37": {"n": 6463, "wasserstein": null}, "38": {"n": 3933, "wasserstein": null}, "39": {"n": 3771, "wasserstein": null}, "4": {"n": 18, "wasserstein": null}, "40": {"n": 33875, "wasserstein": 0.6730093945612147}, "41": {"n": 5703, "wasserstein": null}, "42": {"n": 1164, "wasserstein": null}, "43": {"n": 938, "wasserstein": null}, "44": {"n": 321, "wasserstein": null}, "45": {"n": 127, "wasserstein": null}, "46": {"n": 165, "wasserstein": null}, "47": {"n": 234, "wasserstein": null}, "48": {"n": 201, "wasserstein": null}, "49": {"n": 9, "wasserstein": null}, "5": {"n": 57, "wasserstein": null}, "50": {"n": 28, "wasserstein": null}, "51": {"n": 66, "wasserstein": null}, "52": {"n": 85, "wasserstein": null}, "53": {"n": 104, "wasserstein": null}, "54": {"n": 13, "wasserstein": null}, "55": {"n": 24, "wasserstein": null}, "56": {"n": 214, "wasserstein": null}, "57": {"n": 394, "wasserstein": null}, "58": {"n": 107, "wasserstein": null}, "59": {"n": 9, "wasserstein": null}, "6": {"n": 38, "wasserstein": null}, "60": {"n": 35, "wasserstein": null}, "7": {"n": 591, "wasserstein": null}, "8": {"n": 43, "wasserstein": null}, "9": {"n": 3, "wasserstein": null}}, "weighted_wasserstein": null}
2026-04-04 21:28:22 [INFO]   ask_volume_touch: {"l1_by_group": 0.7688029753218426, "n_generated": 40988, "n_real": 72762, "wasserstein": 1.0513576055254923}
2026-04-04 21:28:22 [INFO]   bid_cancellation_depth: {"l1_by_group": 0.15465971936560172, "n_generated": 2244, "n_real": 1755, "wasserstein": 0.11237701359726247}
2026-04-04 21:28:22 [INFO]   bid_cancellation_levels: {"l1_by_group": 0.11268651116923209, "n_generated": 1328, "n_real": 1405, "wasserstein": 0.0896472342822907}
2026-04-04 21:28:22 [INFO]   bid_volume: {"l1_by_group": 0.49913131268294064, "n_generated": 40988, "n_real": 72762, "wasserstein": 0.7506997203534491}
2026-04-04 21:28:22 [INFO]   bid_volume_touch: {"l1_by_group": 0.2542593021230235, "n_generated": 40988, "n_real": 72762, "wasserstein": 0.4326126132191608}
2026-04-04 21:28:22 [INFO]   limit_ask_order_depth: {"l1_by_group": 0.40136848112234524, "n_generated": 15825, "n_real": 20696, "wasserstein": 0.19829236477394166}
2026-04-04 21:28:22 [INFO]   limit_ask_order_levels: {"l1_by_group": 0.33906125659631214, "n_generated": 14134, "n_real": 18026, "wasserstein": 0.5292854737289746}
2026-04-04 21:28:22 [INFO]   limit_bid_order_depth: {"l1_by_group": 0.27523608425477314, "n_generated": 10652, "n_real": 4902, "wasserstein": 0.15193266197106126}
2026-04-04 21:28:22 [INFO]   limit_bid_order_levels: {"l1_by_group": 0.2529350224668165, "n_generated": 9386, "n_real": 15752, "wasserstein": 0.5191285171515687}
2026-04-04 21:28:22 [INFO]   log_inter_arrival_time: {"l1_by_group": 0.06833845485640405, "n_generated": 40987, "n_real": 72761, "wasserstein": 0.14620285296358868}
2026-04-04 21:28:22 [INFO]   ofi: {"l1_by_group": 0.365045938196857, "n_generated": 40888, "n_real": 72662, "wasserstein": 0.4176591573504795}
2026-04-04 21:28:22 [INFO]   ofi_down: {"l1_by_group": 0.4161959928761207, "n_generated": 489, "n_real": 5267, "wasserstein": 0.6536210197203933}
2026-04-04 21:28:22 [INFO]   ofi_stay: {"l1_by_group": 0.3580281344139795, "n_generated": 39817, "n_real": 62107, "wasserstein": 0.3876613754920013}
2026-04-04 21:28:22 [INFO]   ofi_up: {"l1_by_group": 0.4573534213592461, "n_generated": 581, "n_real": 5287, "wasserstein": 0.8408512268571992}
2026-04-04 21:28:22 [INFO]   orderbook_imbalance: {"l1_by_group": 0.4445489434791764, "n_generated": 40988, "n_real": 72762, "wasserstein": 0.8982762829286632}
2026-04-04 21:28:22 [INFO]   spread: {"l1_by_group": 0.9611335587257085, "n_generated": 40988, "n_real": 72762, "wasserstein": 1.3374125129006822}
2026-04-04 21:28:22 [INFO]   spread | time: {"n_generated": 40988, "n_real": 72762, "num_condition_groups": 1, "per_group": {"10": {"n": 113750, "wasserstein": 1.3374125129006822}}, "weighted_wasserstein": 1.3374125129006822}
2026-04-04 21:28:22 [INFO]   vol_per_min: {"l1_by_group": 0.15805938245986298, "n_generated": 428, "n_real": 599, "wasserstein": 0.09897803381651522}
