[2026-04-05 12:08:17] [INFO] Experiment folder: /finance_ML/zhanghaohan/stock_language_model/saved_LOB_stream/fixed_start_decoded_real_tokens_openbidanchor_exactprice_002366XSHE_20260405_120817
[2026-04-05 12:08:17] [INFO] Loading and normalizing snapshot table...
scripts/hist_script/replay_decoded_real_tokens_openbidanchor_exactprice_fixed_start.py:117: DtypeWarning: Columns (1,2,3,5,6,7,8,9,10,11,12,13,14,15,16,17,18,19,20,21,22,23,24,25,26,27,28,29,30,31,32,33,34,35,36,37,38,39,40,41,42,43,44,45,46,47,48,49,50,51,52,53,54,55,56,57,58,59,60,61,62,63,64,65,66,67,68,69,70,71,72,73,74,75,76,77,78,79,80,81,82,83,84,85,86,88) have mixed types. Specify dtype option on import or set low_memory=False.
  lob_info = pd.read_csv(lob_snap_path, header=None, names=columns)
[2026-04-05 12:13:56] [INFO] Loading processed real-flow orders...
[2026-04-05 12:14:04] [INFO] Window rows=33523 tokenizable_rows=16955
[2026-04-05 12:14:04] [INFO] Tokenizable side counts={49.0: 6913, 50.0: 6887, 99.0: 3155}
2026-04-05 12:14:08 [INFO] ======================================================================
2026-04-05 12:14:08 [INFO] decoded real-token open-anchor exact-price evaluation
2026-04-05 12:14:08 [INFO] ======================================================================
2026-04-05 12:14:08 [INFO] Evaluating: /finance_ML/zhanghaohan/stock_language_model/saved_LOB_stream/fixed_start_decoded_real_tokens_openbidanchor_exactprice_002366XSHE_20260405_120817
2026-04-05 12:14:08 [INFO] 
── loading data ───────────────────────────────────────
2026-04-05 12:14:08 [INFO] Loading LOBSTER data from /finance_ML/zhanghaohan/stock_language_model/saved_LOB_stream/fixed_start_decoded_real_tokens_openbidanchor_exactprice_002366XSHE_20260405_120817
2026-04-05 12:14:09 [INFO] Loaded 21,396 rows | 10 book levels | date 2025-07-10
2026-04-05 12:14:09 [INFO] Loading real reference LOBSTER data from /finance_ML/zhanghaohan/stock_language_model/saved_LOB_stream/fixed_start_realflow_generate_lobster_002366XSHE_20260403_232134
2026-04-05 12:14:09 [INFO] Loading LOBSTER data from /finance_ML/zhanghaohan/stock_language_model/saved_LOB_stream/fixed_start_realflow_generate_lobster_002366XSHE_20260403_232134
2026-04-05 12:14:09 [INFO] Loaded 33,282 rows | 10 book levels | date 2025-07-10
2026-04-05 12:14:09 [INFO] 
── computing metrics ──────────────────────────────────
2026-04-05 12:14:10 [WARNING] Reference metric log_time_to_cancel skipped: <lambda>() got an unexpected keyword argument 'include_groups'
2026-04-05 12:14:12 [WARNING] Reference conditional metric spread | volatility skipped: Invalid frequency: 0.1s
2026-04-05 12:14:12 [INFO] Computed now (generated-only): 15 metric groups
2026-04-05 12:14:12 [INFO] Computed (with real reference LOB data): 22 benchmark metric configs
2026-04-05 12:14:12 [INFO] Failed (with real reference LOB data): 2 benchmark metric configs
2026-04-05 12:14:12 [INFO] Skipped (needs true order-ID linkage): 2 metrics
2026-04-05 12:14:12 [INFO] 
── generating plots ───────────────────────────────────
2026-04-05 12:14:12 [INFO] saved mid_price.png
2026-04-05 12:14:13 [INFO] saved spread.png
2026-04-05 12:14:13 [INFO] saved returns_dist.png
2026-04-05 12:14:14 [INFO] saved autocorr.png
2026-04-05 12:14:14 [INFO] saved inter_arrival_time.png
2026-04-05 12:14:15 [INFO] saved l1_volume.png
2026-04-05 12:14:15 [INFO] saved volume_per_minute.png
2026-04-05 12:14:16 [INFO] saved orderbook_imbalance.png
2026-04-05 12:14:17 [INFO] saved orderflow_imbalance.png
2026-04-05 12:14:17 [INFO] saved event_type_counts.png
2026-04-05 12:14:17 [INFO] Skipped time-to-fill/time-to-cancel plots: requires true order-ID linkage (not available in synthetic IDs).
2026-04-05 12:14:18 [INFO] saved overview_panel.png
2026-04-05 12:14:18 [INFO] Wrote metrics summary: /finance_ML/zhanghaohan/stock_language_model/saved_LOB_stream/fixed_start_decoded_real_tokens_openbidanchor_exactprice_002366XSHE_20260405_120817/metrics_summary.json
2026-04-05 12:14:18 [INFO] 
── all computed metrics summary ─────────────────────
2026-04-05 12:14:18 [INFO]   acf_returns_1min: [1.0, -0.5130786592428215, 0.33456437897285574, -0.16789370626567549, -0.04753416482166271, 0.010576643150611353]
2026-04-05 12:14:18 [INFO]   direction_counts: {"-1": 10894, "1": 10502}
2026-04-05 12:14:18 [INFO]   direction_fractions: {"-1": 0.5092, "1": 0.4908}
2026-04-05 12:14:18 [INFO]   event_type_counts: {"1": 13800, "2": 140, "3": 2826, "4": 4630}
2026-04-05 12:14:18 [INFO]   event_type_fractions: {"1": 0.645, "2": 0.0065, "3": 0.1321, "4": 0.2164}
2026-04-05 12:14:18 [INFO]   iat_ms: {"mean": 26.818968088279153, "median": 10.0, "n": 16765, "n_exec_excluded": 4630, "p95": 100.0, "std": 40.175628190013114}
2026-04-05 12:14:18 [INFO]   l1_volume: {"ask_mean": 53267.708917554686, "ask_median": 23600.0, "bid_mean": 54145.01308655823, "bid_median": 34100.0}
2026-04-05 12:14:18 [INFO]   mid_price: {"end_cny": 9.505, "end_price_int": 95050.0, "mean_cny": 9.50627827631333, "mean_price_int": 95062.78276313329, "mean_ticks_0p01": 950.6278276313329, "start_cny": 9.47, "start_price_int": 94700.0, "std_cny": 0.03873353770153102, "std_price_int": 387.3353770153103, "std_ticks_0p01": 3.8733537701531033, "total_return_bps": 36.95881731784478}
2026-04-05 12:14:18 [INFO]   ob_imbalance: {"mean": 0.06042697459871551, "median": 0.1111111111111111, "std": 0.6540549322158247}
2026-04-05 12:14:18 [INFO]   orderflow_imbalance: {"mean": -35.82470886551465, "n": 21296, "std": 581.3425586051306}
2026-04-05 12:14:18 [INFO]   returns_1min: {"kurtosis": -0.6762991673239629, "mean": 0.0007534676899960045, "n": 7, "skew": 0.6978160153831825, "std": 0.004537841864835543}
2026-04-05 12:14:18 [INFO]   spread_ticks: {"mean": 1.29065059787214, "median": 1.0, "n": 21242, "pct_zero_spread": 0.007197607029351281, "std": 0.7314236893735651, "tick_size_cny": 0.01, "tick_size_price_int": 100}
2026-04-05 12:14:18 [INFO]   total_volume_5lvl: {"ask_mean": 398584.2757524771, "bid_mean": 421451.17779024114}
2026-04-05 12:14:18 [INFO]   volatility_1min: 0.004537841864835543
2026-04-05 12:14:18 [INFO]   volume_per_minute: {"mean": 1358748.9244536222, "n": 447, "total": 607360769.2307692}
2026-04-05 12:14:18 [INFO]   [real-vs-generated comparative metrics]
2026-04-05 12:14:18 [INFO]   ask_cancellation_depth: {"l1_by_group": 0.1504860123281176, "n_generated": 1520, "n_real": 1665, "wasserstein": 0.03816348886813628}
2026-04-05 12:14:18 [INFO]   ask_cancellation_levels: {"l1_by_group": 0.19750092000936736, "n_generated": 710, "n_real": 842, "wasserstein": 0.45415392094951956}
2026-04-05 12:14:18 [INFO]   ask_volume: {"l1_by_group": 0.3852571574919712, "n_generated": 21396, "n_real": 33282, "wasserstein": 0.5744745970085543}
2026-04-05 12:14:18 [INFO]   ask_volume | spread: {"n_generated": 21396, "n_real": 33282, "num_condition_groups": 34, "per_group": {"1": {"n": 1, "wasserstein": null}, "10": {"n": 29, "wasserstein": null}, "11": {"n": 33, "wasserstein": null}, "12": {"n": 2, "wasserstein": null}, "13": {"n": 2, "wasserstein": null}, "14": {"n": 15, "wasserstein": null}, "15": {"n": 82, "wasserstein": null}, "16": {"n": 45, "wasserstein": null}, "17": {"n": 21, "wasserstein": null}, "18": {"n": 203, "wasserstein": null}, "19": {"n": 2221, "wasserstein": null}, "2": {"n": 1, "wasserstein": null}, "20": {"n": 5196, "wasserstein": null}, "21": {"n": 4342, "wasserstein": null}, "22": {"n": 2422, "wasserstein": null}, "23": {"n": 2242, "wasserstein": null}, "24": {"n": 3111, "wasserstein": null}, "25": {"n": 4351, "wasserstein": null}, "26": {"n": 4356, "wasserstein": 0.42695849157799465}, "27": {"n": 21365, "wasserstein": 0.36401824672803557}, "28": {"n": 3239, "wasserstein": 0.29989331873315195}, "29": {"n": 848, "wasserstein": 1.5519894206321208}, "3": {"n": 19, "wasserstein": null}, "30": {"n": 224, "wasserstein": null}, "31": {"n": 187, "wasserstein": null}, "32": {"n": 27, "wasserstein": null}, "33": {"n": 34, "wasserstein": null}, "34": {"n": 6, "wasserstein": null}, "4": {"n": 1, "wasserstein": null}, "5": {"n": 16, "wasserstein": null}, "6": {"n": 1, "wasserstein": null}, "7": {"n": 4, "wasserstein": null}, "8": {"n": 12, "wasserstein": null}, "9": {"n": 20, "wasserstein": null}}, "weighted_wasserstein": null}
2026-04-05 12:14:18 [INFO]   ask_volume_touch: {"l1_by_group": 0.7086754993604341, "n_generated": 21396, "n_real": 33282, "wasserstein": 0.6655586785106178}
2026-04-05 12:14:18 [INFO]   bid_cancellation_depth: {"l1_by_group": 0.13087855297157622, "n_generated": 1440, "n_real": 1290, "wasserstein": 0.06729129710150399}
2026-04-05 12:14:18 [INFO]   bid_cancellation_levels: {"l1_by_group": 0.0626280857112198, "n_generated": 747, "n_real": 761, "wasserstein": 0.03315271501141649}
2026-04-05 12:14:18 [INFO]   bid_volume: {"l1_by_group": 0.4513873153776277, "n_generated": 21396, "n_real": 33282, "wasserstein": 0.25195551781989695}
2026-04-05 12:14:18 [INFO]   bid_volume_touch: {"l1_by_group": 0.23030287450301057, "n_generated": 21396, "n_real": 33282, "wasserstein": 0.32198200252888337}
2026-04-05 12:14:18 [INFO]   limit_ask_order_depth: {"l1_by_group": 0.38837193180191787, "n_generated": 6528, "n_real": 9316, "wasserstein": 0.15562183989359343}
2026-04-05 12:14:18 [INFO]   limit_ask_order_levels: {"l1_by_group": 0.4818978924642175, "n_generated": 4668, "n_real": 8621, "wasserstein": 0.6041203433993243}
2026-04-05 12:14:18 [INFO]   limit_bid_order_depth: {"l1_by_group": 0.2996720977744818, "n_generated": 7239, "n_real": 3610, "wasserstein": 0.27664396910528577}
2026-04-05 12:14:18 [INFO]   limit_bid_order_levels: {"l1_by_group": 0.07266052698050501, "n_generated": 6271, "n_real": 8452, "wasserstein": 0.08229019427608764}
2026-04-05 12:14:18 [INFO]   log_inter_arrival_time: {"l1_by_group": 0.059207993708336605, "n_generated": 21395, "n_real": 33281, "wasserstein": 0.11921661662261104}
2026-04-05 12:14:18 [INFO]   ofi: {"l1_by_group": 0.30513130099004104, "n_generated": 21296, "n_real": 33182, "wasserstein": 0.4201604353664561}
2026-04-05 12:14:18 [INFO]   ofi_down: {"l1_by_group": 0.2992721025610471, "n_generated": 334, "n_real": 3015, "wasserstein": 0.4332447357065289}
2026-04-05 12:14:18 [INFO]   ofi_stay: {"l1_by_group": 0.30352037003089144, "n_generated": 20621, "n_real": 27149, "wasserstein": 0.39812869004060425}
2026-04-05 12:14:18 [INFO]   ofi_up: {"l1_by_group": 0.34796447581352724, "n_generated": 340, "n_real": 3017, "wasserstein": 0.5886584452906168}
2026-04-05 12:14:18 [INFO]   orderbook_imbalance: {"l1_by_group": 0.23176048096682464, "n_generated": 21396, "n_real": 33282, "wasserstein": 0.432175347963045}
2026-04-05 12:14:18 [INFO]   spread: {"l1_by_group": 0.8519454733143781, "n_generated": 21396, "n_real": 33282, "wasserstein": 1.3405376013538337}
2026-04-05 12:14:18 [INFO]   spread | time: {"n_generated": 21396, "n_real": 33282, "num_condition_groups": 1, "per_group": {"10": {"n": 54678, "wasserstein": 1.3405376013538337}}, "weighted_wasserstein": 1.3405376013538337}
2026-04-05 12:14:18 [INFO]   vol_per_min: {"l1_by_group": 0.18426821694986267, "n_generated": 447, "n_real": 598, "wasserstein": 0.22872774627129888}
