[2026-04-04 16:39:36] [INFO] Experiment folder: /finance_ML/zhanghaohan/stock_language_model/saved_LOB_stream/fixed_start_decoded_real_tokens_002263XSHE_20260404_163936
[2026-04-04 16:39:36] [INFO] Loading and normalizing snapshot table...
scripts/hist_script/replay_decoded_real_tokens_fixed_start.py:117: DtypeWarning: Columns (1,2,3,5,6,7,8,9,10,11,12,13,14,15,16,17,18,19,20,21,22,23,24,25,26,27,28,29,30,31,32,33,34,35,36,37,38,39,40,41,42,43,44,45,46,47,48,49,50,51,52,53,54,55,56,57,58,59,60,61,62,63,64,65,66,67,68,69,70,71,72,73,74,75,76,77,78,79,80,81,82,83,84,85,86,88) have mixed types. Specify dtype option on import or set low_memory=False.
  lob_info = pd.read_csv(lob_snap_path, header=None, names=columns)
[2026-04-04 16:44:52] [INFO] Loading processed real-flow orders...
[2026-04-04 16:45:00] [INFO] Window rows=41603 tokenizable_rows=19624
[2026-04-04 16:45:00] [INFO] Tokenizable side counts={49.0: 9030, 50.0: 6987, 99.0: 3607}
[2026-04-04 16:45:12] [DONE] Decoded real-token fixed-start replay export complete.
[2026-04-04 16:45:12] [DONE] Raw replay log: /finance_ML/zhanghaohan/stock_language_model/saved_LOB_stream/fixed_start_decoded_real_tokens_002263XSHE_20260404_163936/raw_generation_log.csv
[2026-04-04 16:45:12] [DONE] LOBSTER message CSV: /finance_ML/zhanghaohan/stock_language_model/saved_LOB_stream/fixed_start_decoded_real_tokens_002263XSHE_20260404_163936/002263XSHE_2025-07-10_36000000_36600000_message_10.csv
[2026-04-04 16:45:12] [DONE] LOBSTER orderbook CSV: /finance_ML/zhanghaohan/stock_language_model/saved_LOB_stream/fixed_start_decoded_real_tokens_002263XSHE_20260404_163936/002263XSHE_2025-07-10_36000000_36600000_orderbook_10.csv
[2026-04-04 16:45:12] [DONE] Notes JSON: /finance_ML/zhanghaohan/stock_language_model/saved_LOB_stream/fixed_start_decoded_real_tokens_002263XSHE_20260404_163936/generation_notes.json
2026-04-04 16:45:12 [INFO] ======================================================================
2026-04-04 16:45:12 [INFO] decoded real-token replay evaluation
2026-04-04 16:45:12 [INFO] ======================================================================
2026-04-04 16:45:12 [INFO] Evaluating: /finance_ML/zhanghaohan/stock_language_model/saved_LOB_stream/fixed_start_decoded_real_tokens_002263XSHE_20260404_163936
2026-04-04 16:45:12 [INFO] 
── loading data ───────────────────────────────────────
2026-04-04 16:45:12 [INFO] Loading LOBSTER data from /finance_ML/zhanghaohan/stock_language_model/saved_LOB_stream/fixed_start_decoded_real_tokens_002263XSHE_20260404_163936
2026-04-04 16:45:12 [INFO] Loaded 25,004 rows | 10 book levels | date 2025-07-10
2026-04-04 16:45:12 [INFO] Loading real reference LOBSTER data from /finance_ML/zhanghaohan/stock_language_model/saved_LOB_stream/fixed_start_realflow_generate_lobster_002263XSHE_20260403_232134
2026-04-04 16:45:12 [INFO] Loading LOBSTER data from /finance_ML/zhanghaohan/stock_language_model/saved_LOB_stream/fixed_start_realflow_generate_lobster_002263XSHE_20260403_232134
2026-04-04 16:45:13 [INFO] Loaded 41,451 rows | 10 book levels | date 2025-07-10
2026-04-04 16:45:13 [INFO] 
── computing metrics ──────────────────────────────────
2026-04-04 16:45:13 [WARNING] Reference metric log_time_to_cancel skipped: <lambda>() got an unexpected keyword argument 'include_groups'
2026-04-04 16:45:16 [WARNING] Reference conditional metric spread | volatility skipped: Invalid frequency: 0.1s
2026-04-04 16:45:16 [INFO] Computed now (generated-only): 15 metric groups
2026-04-04 16:45:16 [INFO] Computed (with real reference LOB data): 22 benchmark metric configs
2026-04-04 16:45:16 [INFO] Failed (with real reference LOB data): 2 benchmark metric configs
2026-04-04 16:45:16 [INFO] Skipped (needs true order-ID linkage): 2 metrics
2026-04-04 16:45:16 [INFO] 
── generating plots ───────────────────────────────────
2026-04-04 16:45:17 [INFO] saved mid_price.png
2026-04-04 16:45:17 [INFO] saved spread.png
2026-04-04 16:45:18 [INFO] saved returns_dist.png
2026-04-04 16:45:18 [INFO] saved autocorr.png
2026-04-04 16:45:18 [INFO] saved inter_arrival_time.png
2026-04-04 16:45:19 [INFO] saved l1_volume.png
2026-04-04 16:45:20 [INFO] saved volume_per_minute.png
2026-04-04 16:45:20 [INFO] saved orderbook_imbalance.png
2026-04-04 16:45:21 [INFO] saved orderflow_imbalance.png
2026-04-04 16:45:21 [INFO] saved event_type_counts.png
2026-04-04 16:45:21 [INFO] Skipped time-to-fill/time-to-cancel plots: requires true order-ID linkage (not available in synthetic IDs).
2026-04-04 16:45:22 [INFO] saved overview_panel.png
2026-04-04 16:45:22 [INFO] Wrote metrics summary: /finance_ML/zhanghaohan/stock_language_model/saved_LOB_stream/fixed_start_decoded_real_tokens_002263XSHE_20260404_163936/metrics_summary.json
2026-04-04 16:45:22 [INFO] 
── all computed metrics summary ─────────────────────
2026-04-04 16:45:22 [INFO]   acf_returns_1min: [1.0, -0.5, 1.3826457076132908e-17, 0.2402673560380591, -0.4805347120761182, 0.24026735603805913]
2026-04-04 16:45:22 [INFO]   direction_counts: {"-1": 10774, "1": 14230}
2026-04-04 16:45:22 [INFO]   direction_fractions: {"-1": 0.4309, "1": 0.5691}
2026-04-04 16:45:22 [INFO]   event_type_counts: {"1": 16017, "2": 154, "3": 3264, "4": 5569}
2026-04-04 16:45:22 [INFO]   event_type_fractions: {"1": 0.6406, "2": 0.0062, "3": 0.1305, "4": 0.2227}
2026-04-04 16:45:22 [INFO]   iat_ms: {"mean": 21.96717093753216, "median": 10.0, "n": 19434, "n_exec_excluded": 5569, "p95": 90.0, "std": 33.984518751887805}
2026-04-04 16:45:22 [INFO]   l1_volume: {"ask_mean": 290171.27171652537, "ask_median": 250200.0, "bid_mean": 213149.1916493361, "bid_median": 109948.0}
2026-04-04 16:45:22 [INFO]   mid_price: {"end_cny": 4.37, "end_price_int": 43700.0, "mean_cny": 4.375056590945449, "mean_price_int": 43750.56590945449, "mean_ticks_0p01": 437.50565909454485, "start_cny": 4.345, "start_price_int": 43450.0, "std_cny": 0.015468389845822729, "std_price_int": 154.68389845822898, "std_ticks_0p01": 1.5468389845822896, "total_return_bps": 57.53739930955071}
2026-04-04 16:45:22 [INFO]   ob_imbalance: {"mean": -0.16156127489199892, "median": -0.23264199224371154, "std": 0.6606699939616355}
2026-04-04 16:45:22 [INFO]   orderflow_imbalance: {"mean": -28.800401541920976, "n": 24904, "std": 1374.4914286597632}
2026-04-04 16:45:22 [INFO]   returns_1min: {"kurtosis": -0.8793486397693098, "mean": 0.0, "n": 7, "skew": 0.0, "std": 0.0033001481262588195}
2026-04-04 16:45:22 [INFO]   spread_ticks: {"mean": 1.704327307630779, "median": 2.0, "n": 25004, "pct_zero_spread": 0.0, "std": 0.48109863511027484, "tick_size_cny": 0.01, "tick_size_price_int": 100}
2026-04-04 16:45:22 [INFO]   total_volume_5lvl: {"ask_mean": 1529582.4282914733, "bid_mean": 2740834.9650455927}
2026-04-04 16:45:22 [INFO]   volatility_1min: 0.0033001481262588195
2026-04-04 16:45:22 [INFO]   volume_per_minute: {"mean": 3206314.193966411, "n": 424, "total": 1359477218.2417583}
2026-04-04 16:45:22 [INFO]   [real-vs-generated comparative metrics]
2026-04-04 16:45:22 [INFO]   ask_cancellation_depth: {"l1_by_group": 0.23007167401107537, "n_generated": 1051, "n_real": 1351, "wasserstein": 0.10897744317300405}
2026-04-04 16:45:22 [INFO]   ask_cancellation_levels: {"l1_by_group": 0.40575858464101594, "n_generated": 773, "n_real": 938, "wasserstein": 0.3967128511505222}
2026-04-04 16:45:22 [INFO]   ask_volume: {"l1_by_group": 0.5214770288028916, "n_generated": 25004, "n_real": 41451, "wasserstein": 0.43516450139901625}
2026-04-04 16:45:22 [INFO]   ask_volume | spread: {"n_generated": 25004, "n_real": 41451, "num_condition_groups": 23, "per_group": {"1": {"n": 1, "wasserstein": null}, "10": {"n": 224, "wasserstein": null}, "11": {"n": 537, "wasserstein": null}, "12": {"n": 1984, "wasserstein": null}, "13": {"n": 6604, "wasserstein": null}, "14": {"n": 5115, "wasserstein": null}, "15": {"n": 3673, "wasserstein": null}, "16": {"n": 2999, "wasserstein": null}, "17": {"n": 5397, "wasserstein": null}, "18": {"n": 11977, "wasserstein": null}, "19": {"n": 10251, "wasserstein": 0.8516250942676042}, "2": {"n": 4, "wasserstein": null}, "20": {"n": 17136, "wasserstein": 1.1979947085893912}, "21": {"n": 200, "wasserstein": null}, "22": {"n": 24, "wasserstein": null}, "23": {"n": 3, "wasserstein": null}, "3": {"n": 28, "wasserstein": null}, "4": {"n": 24, "wasserstein": null}, "5": {"n": 20, "wasserstein": null}, "6": {"n": 63, "wasserstein": null}, "7": {"n": 22, "wasserstein": null}, "8": {"n": 65, "wasserstein": null}, "9": {"n": 104, "wasserstein": null}}, "weighted_wasserstein": null}
2026-04-04 16:45:22 [INFO]   ask_volume_touch: {"l1_by_group": 0.9686287852866124, "n_generated": 25004, "n_real": 41451, "wasserstein": 1.2996162174688628}
2026-04-04 16:45:22 [INFO]   bid_cancellation_depth: {"l1_by_group": 0.2666797089669246, "n_generated": 2362, "n_real": 2097, "wasserstein": 0.24578046218969707}
2026-04-04 16:45:22 [INFO]   bid_cancellation_levels: {"l1_by_group": 0.25799185199811414, "n_generated": 2109, "n_real": 1765, "wasserstein": 0.5682572524463475}
2026-04-04 16:45:22 [INFO]   bid_volume: {"l1_by_group": 0.5654460242574547, "n_generated": 25004, "n_real": 41451, "wasserstein": 0.8746644492487297}
2026-04-04 16:45:22 [INFO]   bid_volume_touch: {"l1_by_group": 0.2715223579715412, "n_generated": 25004, "n_real": 41451, "wasserstein": 0.2213840162489865}
2026-04-04 16:45:22 [INFO]   limit_ask_order_depth: {"l1_by_group": 0.4264767956613702, "n_generated": 7103, "n_real": 10065, "wasserstein": 0.13619201640542672}
2026-04-04 16:45:22 [INFO]   limit_ask_order_levels: {"l1_by_group": 0.4755434566990292, "n_generated": 6239, "n_real": 11615, "wasserstein": 0.42471231308997426}
2026-04-04 16:45:22 [INFO]   limit_bid_order_depth: {"l1_by_group": 0.31591010149659143, "n_generated": 8913, "n_real": 3727, "wasserstein": 0.3287963721720969}
2026-04-04 16:45:22 [INFO]   limit_bid_order_levels: {"l1_by_group": 0.12722060723514209, "n_generated": 8460, "n_real": 11008, "wasserstein": 0.1676315211182438}
2026-04-04 16:45:22 [INFO]   log_inter_arrival_time: {"l1_by_group": 0.062266458061220845, "n_generated": 25003, "n_real": 41450, "wasserstein": 0.1271073719763655}
2026-04-04 16:45:22 [INFO]   ofi: {"l1_by_group": 0.31720331768654403, "n_generated": 24904, "n_real": 41351, "wasserstein": 0.3887214224802952}
2026-04-04 16:45:22 [INFO]   ofi_down: {"l1_by_group": 0.5136174505106543, "n_generated": 103, "n_real": 3234, "wasserstein": 1.1301574723461516}
2026-04-04 16:45:22 [INFO]   ofi_stay: {"l1_by_group": 0.3072241673633098, "n_generated": 24701, "n_real": 34877, "wasserstein": 0.361351953071099}
2026-04-04 16:45:22 [INFO]   ofi_up: {"l1_by_group": 0.4943912730266543, "n_generated": 99, "n_real": 3239, "wasserstein": 1.4042078373063682}
2026-04-04 16:45:22 [INFO]   orderbook_imbalance: {"l1_by_group": 0.3245503367889402, "n_generated": 25004, "n_real": 41451, "wasserstein": 0.37858993912478045}
2026-04-04 16:45:22 [INFO]   spread: {"l1_by_group": 0.9370340884417746, "n_generated": 25004, "n_real": 41451, "wasserstein": 1.462702265310316}
2026-04-04 16:45:22 [INFO]   spread | time: {"n_generated": 25004, "n_real": 41451, "num_condition_groups": 1, "per_group": {"10": {"n": 66455, "wasserstein": 1.462702265310316}}, "weighted_wasserstein": 1.462702265310316}
2026-04-04 16:45:22 [INFO]   vol_per_min: {"l1_by_group": 0.11998277551278401, "n_generated": 424, "n_real": 597, "wasserstein": 0.2201973785601002}
[2026-04-04 16:45:22] [DONE] Evaluation summary JSON: /finance_ML/zhanghaohan/stock_language_model/saved_LOB_stream/fixed_start_decoded_real_tokens_002263XSHE_20260404_163936/metrics_summary.json
[2026-04-04 16:45:22] [DONE] Evaluation log: /finance_ML/zhanghaohan/stock_language_model/saved_LOB_stream/fixed_start_decoded_real_tokens_002263XSHE_20260404_163936/eval.log
