[2026-04-04 21:22:30] [INFO] Experiment folder: /finance_ML/zhanghaohan/stock_language_model/saved_LOB_stream/fixed_start_decoded_real_tokens_openbidanchor_000981XSHE_20260404_212230
[2026-04-04 21:22:30] [INFO] Loading and normalizing snapshot table...
scripts/hist_script/replay_decoded_real_tokens_openbidanchor_fixed_start.py:117: DtypeWarning: Columns (1,2,3,5,6,7,8,9,10,11,12,13,14,15,16,17,18,19,20,21,22,23,24,25,26,27,28,29,30,31,32,33,34,35,36,37,38,39,40,41,42,43,44,45,46,47,48,49,50,51,52,53,54,55,56,57,58,59,60,61,62,63,64,65,66,67,68,69,70,71,72,73,74,75,76,77,78,79,80,81,82,83,84,85,86,88) have mixed types. Specify dtype option on import or set low_memory=False.
  lob_info = pd.read_csv(lob_snap_path, header=None, names=columns)
[2026-04-04 21:27:56] [INFO] Loading processed real-flow orders...
[2026-04-04 21:27:59] [INFO] Window rows=10882 tokenizable_rows=7487
[2026-04-04 21:27:59] [INFO] Tokenizable side counts={49.0: 3630, 99.0: 2007, 50.0: 1850}
2026-04-04 21:28:01 [INFO] ======================================================================
2026-04-04 21:28:02 [INFO] decoded real-token open-anchor evaluation
2026-04-04 21:28:02 [INFO] ======================================================================
2026-04-04 21:28:02 [INFO] Evaluating: /finance_ML/zhanghaohan/stock_language_model/saved_LOB_stream/fixed_start_decoded_real_tokens_openbidanchor_000981XSHE_20260404_212230
2026-04-04 21:28:02 [INFO] 
── loading data ───────────────────────────────────────
2026-04-04 21:28:02 [INFO] Loading LOBSTER data from /finance_ML/zhanghaohan/stock_language_model/saved_LOB_stream/fixed_start_decoded_real_tokens_openbidanchor_000981XSHE_20260404_212230
2026-04-04 21:28:02 [INFO] Loaded 8,671 rows | 10 book levels | date 2025-07-10
2026-04-04 21:28:02 [INFO] Loading real reference LOBSTER data from /finance_ML/zhanghaohan/stock_language_model/saved_LOB_stream/fixed_start_realflow_generate_lobster_000981XSHE_20260403_232134
2026-04-04 21:28:02 [INFO] Loading LOBSTER data from /finance_ML/zhanghaohan/stock_language_model/saved_LOB_stream/fixed_start_realflow_generate_lobster_000981XSHE_20260403_232134
2026-04-04 21:28:02 [INFO] Loaded 10,869 rows | 10 book levels | date 2025-07-10
2026-04-04 21:28:02 [INFO] 
── computing metrics ──────────────────────────────────
/finance_ML/zhanghaohan/mycondaenv/lib/python3.8/site-packages/statsmodels/tsa/stattools.py:693: RuntimeWarning: invalid value encountered in divide
  acf = avf[: nlags + 1] / avf[0]
2026-04-04 21:28:02 [WARNING] Reference metric log_time_to_cancel skipped: <lambda>() got an unexpected keyword argument 'include_groups'
2026-04-04 21:28:03 [WARNING] Reference metric ofi_down skipped: empty real or generated sample after cleaning
2026-04-04 21:28:03 [WARNING] Reference conditional metric spread | volatility skipped: Invalid frequency: 0.1s
2026-04-04 21:28:03 [INFO] Computed now (generated-only): 15 metric groups
2026-04-04 21:28:03 [INFO] Computed (with real reference LOB data): 21 benchmark metric configs
2026-04-04 21:28:03 [INFO] Failed (with real reference LOB data): 3 benchmark metric configs
2026-04-04 21:28:03 [INFO] Skipped (needs true order-ID linkage): 2 metrics
2026-04-04 21:28:03 [INFO] 
── generating plots ───────────────────────────────────
2026-04-04 21:28:03 [INFO] saved mid_price.png
2026-04-04 21:28:04 [INFO] saved spread.png
2026-04-04 21:28:04 [INFO] saved returns_dist.png
/finance_ML/zhanghaohan/mycondaenv/lib/python3.8/site-packages/statsmodels/tsa/stattools.py:693: RuntimeWarning: invalid value encountered in divide
  acf = avf[: nlags + 1] / avf[0]
2026-04-04 21:28:05 [INFO] saved autocorr.png
2026-04-04 21:28:05 [INFO] saved inter_arrival_time.png
2026-04-04 21:28:06 [INFO] saved l1_volume.png
2026-04-04 21:28:06 [INFO] saved volume_per_minute.png
2026-04-04 21:28:07 [INFO] saved orderbook_imbalance.png
2026-04-04 21:28:08 [INFO] saved orderflow_imbalance.png
2026-04-04 21:28:08 [INFO] saved event_type_counts.png
2026-04-04 21:28:08 [INFO] Skipped time-to-fill/time-to-cancel plots: requires true order-ID linkage (not available in synthetic IDs).
2026-04-04 21:28:09 [INFO] saved overview_panel.png
2026-04-04 21:28:09 [INFO] Wrote metrics summary: /finance_ML/zhanghaohan/stock_language_model/saved_LOB_stream/fixed_start_decoded_real_tokens_openbidanchor_000981XSHE_20260404_212230/metrics_summary.json
2026-04-04 21:28:09 [INFO] 
── all computed metrics summary ─────────────────────
2026-04-04 21:28:09 [INFO]   acf_returns_1min: [NaN, NaN, NaN, NaN, NaN, NaN, NaN, NaN]
2026-04-04 21:28:09 [INFO]   direction_counts: {"-1": 2489, "1": 6182}
2026-04-04 21:28:09 [INFO]   direction_fractions: {"-1": 0.287, "1": 0.713}
2026-04-04 21:28:09 [INFO]   event_type_counts: {"1": 5480, "2": 5, "3": 1989, "4": 1197}
2026-04-04 21:28:09 [INFO]   event_type_fractions: {"1": 0.632, "2": 0.0006, "3": 0.2294, "4": 0.138}
2026-04-04 21:28:09 [INFO]   iat_ms: {"mean": 74.5858423658504, "median": 40.0, "n": 7473, "n_exec_excluded": 1197, "p95": 253.99999999999636, "std": 106.38297396501773}
2026-04-04 21:28:09 [INFO]   l1_volume: {"ask_mean": 9170257.732672125, "ask_median": 9835700.0, "bid_mean": 7658425.614116019, "bid_median": 7351600.0}
2026-04-04 21:28:09 [INFO]   mid_price: {"end_cny": 2.115, "end_price_int": 21150.0, "mean_cny": 2.1137706146926543, "mean_price_int": 21137.706146926535, "mean_ticks_0p01": 211.37706146926536, "start_cny": 2.105, "start_price_int": 21050.0, "std_cny": 0.003283855735530319, "std_price_int": 32.83855735530243, "std_ticks_0p01": 0.32838557355302433, "total_return_bps": 47.50593824228044}
2026-04-04 21:28:09 [INFO]   ob_imbalance: {"mean": -0.11507115496123772, "median": -0.12655333877399824, "std": 0.3921343237531884}
2026-04-04 21:28:09 [INFO]   orderflow_imbalance: {"mean": 2290.9416637498543, "n": 8571, "std": 4953.589616225596}
2026-04-04 21:28:09 [INFO]   returns_1min: {"kurtosis": 0.0, "mean": 0.0, "n": 9, "skew": 0.0, "std": 0.0}
2026-04-04 21:28:09 [INFO]   spread_ticks: {"mean": 1.0, "median": 1.0, "n": 8671, "pct_zero_spread": 0.0, "std": 0.0, "tick_size_cny": 0.01, "tick_size_price_int": 100}
2026-04-04 21:28:09 [INFO]   total_volume_5lvl: {"ask_mean": 66167978.364663824, "bid_mean": 70355572.35612963}
2026-04-04 21:28:09 [INFO]   volatility_1min: 0.0
2026-04-04 21:28:09 [INFO]   volume_per_minute: {"mean": 2521576.9090244793, "n": 391, "total": 985936571.4285715}
2026-04-04 21:28:09 [INFO]   [real-vs-generated comparative metrics]
2026-04-04 21:28:09 [INFO]   ask_cancellation_depth: {"l1_by_group": 0.03348990260860334, "n_generated": 477, "n_real": 474, "wasserstein": 0.015045340643220328}
2026-04-04 21:28:09 [INFO]   ask_cancellation_levels: {"l1_by_group": 0.025940380225255525, "n_generated": 461, "n_real": 458, "wasserstein": 0.01881079117736438}
2026-04-04 21:28:09 [INFO]   ask_volume: {"l1_by_group": 0.74939070306457, "n_generated": 8671, "n_real": 10869, "wasserstein": 0.9910147716791016}
2026-04-04 21:28:09 [INFO]   ask_volume | spread: {"n_generated": 8671, "n_real": 10869, "num_condition_groups": 8, "per_group": {"1": {"n": 1, "wasserstein": null}, "2": {"n": 1, "wasserstein": null}, "3": {"n": 2, "wasserstein": null}, "4": {"n": 13, "wasserstein": null}, "5": {"n": 72, "wasserstein": null}, "6": {"n": 1566, "wasserstein": null}, "7": {"n": 17883, "wasserstein": 0.842581072471974}, "8": {"n": 2, "wasserstein": null}}, "weighted_wasserstein": null}
2026-04-04 21:28:09 [INFO]   ask_volume_touch: {"l1_by_group": 0.7638333214547315, "n_generated": 8671, "n_real": 10869, "wasserstein": 0.6184107408445054}
2026-04-04 21:28:09 [INFO]   bid_cancellation_depth: {"l1_by_group": 0.05060888873469107, "n_generated": 1517, "n_real": 1520, "wasserstein": 0.04576519472547929}
2026-04-04 21:28:09 [INFO]   bid_cancellation_levels: {"l1_by_group": 0.0479812662996041, "n_generated": 1501, "n_real": 1509, "wasserstein": 0.05650615825258122}
2026-04-04 21:28:09 [INFO]   bid_volume: {"l1_by_group": 0.39475951953745625, "n_generated": 8671, "n_real": 10869, "wasserstein": 0.28147812114164855}
2026-04-04 21:28:09 [INFO]   bid_volume_touch: {"l1_by_group": 0.678683111150427, "n_generated": 8671, "n_real": 10869, "wasserstein": 0.5652826819295277}
2026-04-04 21:28:09 [INFO]   limit_ask_order_depth: {"l1_by_group": 0.18780529703105017, "n_generated": 2722, "n_real": 1728, "wasserstein": 0.2621198723594376}
2026-04-04 21:28:09 [INFO]   limit_ask_order_levels: {"l1_by_group": 0.032382061886488345, "n_generated": 2481, "n_real": 2489, "wasserstein": 0.02041421585215058}
2026-04-04 21:28:09 [INFO]   limit_bid_order_depth: {"l1_by_group": 0.022510754138204962, "n_generated": 2758, "n_real": 2764, "wasserstein": 0.019875457898500766}
2026-04-04 21:28:09 [INFO]   limit_bid_order_levels: {"l1_by_group": 0.12045188820691635, "n_generated": 2711, "n_real": 3772, "wasserstein": 0.17823119102364443}
2026-04-04 21:28:09 [INFO]   log_inter_arrival_time: {"l1_by_group": 0.06896926906032717, "n_generated": 8670, "n_real": 10868, "wasserstein": 0.14527811316399278}
2026-04-04 21:28:09 [INFO]   ofi: {"l1_by_group": 0.1982611821339202, "n_generated": 8571, "n_real": 10769, "wasserstein": 0.1321921682725805}
2026-04-04 21:28:09 [INFO]   ofi_stay: {"l1_by_group": 0.19374734510812638, "n_generated": 8569, "n_real": 8638, "wasserstein": 0.1394918423750976}
2026-04-04 21:28:09 [INFO]   ofi_up: {"l1_by_group": 0.9324577861163226, "n_generated": 1, "n_real": 1066, "wasserstein": 0.6363525081239594}
2026-04-04 21:28:09 [INFO]   orderbook_imbalance: {"l1_by_group": 0.5592863561000663, "n_generated": 8671, "n_real": 10869, "wasserstein": 0.36155101865964473}
2026-04-04 21:28:09 [INFO]   spread: {"l1_by_group": 0.15245192750023007, "n_generated": 8671, "n_real": 10869, "wasserstein": 0.5081442959491766}
2026-04-04 21:28:09 [INFO]   spread | time: {"n_generated": 8671, "n_real": 10869, "num_condition_groups": 1, "per_group": {"10": {"n": 19540, "wasserstein": 0.5081442959491766}}, "weighted_wasserstein": 0.5081442959491766}
2026-04-04 21:28:09 [INFO]   vol_per_min: {"l1_by_group": 0.13768019721383495, "n_generated": 391, "n_real": 443, "wasserstein": 0.052604083192695585}
