[2026-04-05 12:08:17] [INFO] Experiment folder: /finance_ML/zhanghaohan/stock_language_model/saved_LOB_stream/fixed_start_decoded_real_tokens_openbidanchor_exactprice_000617XSHE_20260405_120817
[2026-04-05 12:08:17] [INFO] Loading and normalizing snapshot table...
scripts/hist_script/replay_decoded_real_tokens_openbidanchor_exactprice_fixed_start.py:117: DtypeWarning: Columns (1,2,3,5,6,7,8,9,10,11,12,13,14,15,16,17,18,19,20,21,22,23,24,25,26,27,28,29,30,31,32,33,34,35,36,37,38,39,40,41,42,43,44,45,46,47,48,49,50,51,52,53,54,55,56,57,58,59,60,61,62,63,64,65,66,67,68,69,70,71,72,73,74,75,76,77,78,79,80,81,82,83,84,85,86,88) have mixed types. Specify dtype option on import or set low_memory=False.
  lob_info = pd.read_csv(lob_snap_path, header=None, names=columns)
[2026-04-05 12:14:03] [INFO] Loading processed real-flow orders...
[2026-04-05 12:14:15] [INFO] Window rows=75742 tokenizable_rows=32029
[2026-04-05 12:14:15] [INFO] Tokenizable side counts={50.0: 13655, 49.0: 12833, 99.0: 5541}
2026-04-05 12:14:24 [INFO] ======================================================================
2026-04-05 12:14:24 [INFO] decoded real-token open-anchor exact-price evaluation
2026-04-05 12:14:24 [INFO] ======================================================================
2026-04-05 12:14:24 [INFO] Evaluating: /finance_ML/zhanghaohan/stock_language_model/saved_LOB_stream/fixed_start_decoded_real_tokens_openbidanchor_exactprice_000617XSHE_20260405_120817
2026-04-05 12:14:24 [INFO] 
── loading data ───────────────────────────────────────
2026-04-05 12:14:24 [INFO] Loading LOBSTER data from /finance_ML/zhanghaohan/stock_language_model/saved_LOB_stream/fixed_start_decoded_real_tokens_openbidanchor_exactprice_000617XSHE_20260405_120817
2026-04-05 12:14:24 [INFO] Loaded 40,896 rows | 10 book levels | date 2025-07-10
2026-04-05 12:14:24 [INFO] Loading real reference LOBSTER data from /finance_ML/zhanghaohan/stock_language_model/saved_LOB_stream/fixed_start_realflow_generate_lobster_000617XSHE_20260403_232134
2026-04-05 12:14:24 [INFO] Loading LOBSTER data from /finance_ML/zhanghaohan/stock_language_model/saved_LOB_stream/fixed_start_realflow_generate_lobster_000617XSHE_20260403_232134
2026-04-05 12:14:25 [INFO] Loaded 72,762 rows | 10 book levels | date 2025-07-10
2026-04-05 12:14:25 [INFO] 
── computing metrics ──────────────────────────────────
2026-04-05 12:14:26 [WARNING] Reference metric log_time_to_cancel skipped: <lambda>() got an unexpected keyword argument 'include_groups'
2026-04-05 12:14:31 [WARNING] Reference conditional metric spread | volatility skipped: Invalid frequency: 0.1s
2026-04-05 12:14:31 [INFO] Computed now (generated-only): 15 metric groups
2026-04-05 12:14:31 [INFO] Computed (with real reference LOB data): 22 benchmark metric configs
2026-04-05 12:14:31 [INFO] Failed (with real reference LOB data): 2 benchmark metric configs
2026-04-05 12:14:31 [INFO] Skipped (needs true order-ID linkage): 2 metrics
2026-04-05 12:14:31 [INFO] 
── generating plots ───────────────────────────────────
2026-04-05 12:14:32 [INFO] saved mid_price.png
2026-04-05 12:14:32 [INFO] saved spread.png
2026-04-05 12:14:33 [INFO] saved returns_dist.png
2026-04-05 12:14:33 [INFO] saved autocorr.png
2026-04-05 12:14:34 [INFO] saved inter_arrival_time.png
2026-04-05 12:14:34 [INFO] saved l1_volume.png
2026-04-05 12:14:35 [INFO] saved volume_per_minute.png
2026-04-05 12:14:36 [INFO] saved orderbook_imbalance.png
2026-04-05 12:14:36 [INFO] saved orderflow_imbalance.png
2026-04-05 12:14:36 [INFO] saved event_type_counts.png
2026-04-05 12:14:36 [INFO] Skipped time-to-fill/time-to-cancel plots: requires true order-ID linkage (not available in synthetic IDs).
2026-04-05 12:14:37 [INFO] saved overview_panel.png
2026-04-05 12:14:37 [INFO] Wrote metrics summary: /finance_ML/zhanghaohan/stock_language_model/saved_LOB_stream/fixed_start_decoded_real_tokens_openbidanchor_exactprice_000617XSHE_20260405_120817/metrics_summary.json
2026-04-05 12:14:37 [INFO] 
── all computed metrics summary ─────────────────────
2026-04-05 12:14:37 [INFO]   acf_returns_1min: [1.0, 0.10507938649550043, -0.37127339578963364, -0.2761267885836818, 0.045336359821891326, -0.0022520774307800847]
2026-04-05 12:14:37 [INFO]   direction_counts: {"-1": 19472, "1": 21424}
2026-04-05 12:14:37 [INFO]   direction_fractions: {"-1": 0.4761, "1": 0.5239}
2026-04-05 12:14:37 [INFO]   event_type_counts: {"1": 26488, "2": 299, "3": 4714, "4": 9395}
2026-04-05 12:14:37 [INFO]   event_type_fractions: {"1": 0.6477, "2": 0.0073, "3": 0.1153, "4": 0.2297}
2026-04-05 12:14:37 [INFO]   iat_ms: {"mean": 13.595238095238095, "median": 0.0, "n": 31500, "n_exec_excluded": 9395, "p95": 60.0, "std": 23.305072962387914}
2026-04-05 12:14:37 [INFO]   l1_volume: {"ask_mean": 401724.59357883414, "ask_median": 240300.0, "bid_mean": 197496.75645539907, "bid_median": 27900.0}
2026-04-05 12:14:37 [INFO]   mid_price: {"end_cny": 9.545, "end_price_int": 95450.0, "mean_cny": 9.411967307316118, "mean_price_int": 94119.67307316119, "mean_ticks_0p01": 941.1967307316119, "start_cny": 9.345, "start_price_int": 93450.0, "std_cny": 0.0775348653440933, "std_price_int": 775.3486534409332, "std_ticks_0p01": 7.753486534409331, "total_return_bps": 214.01819154628132}
2026-04-05 12:14:37 [INFO]   ob_imbalance: {"mean": -0.33540478149820663, "median": -0.6745535296807805, "std": 0.6998599951795682}
2026-04-05 12:14:37 [INFO]   orderflow_imbalance: {"mean": 364.88290518678303, "n": 40796, "std": 2219.902999536292}
2026-04-05 12:14:37 [INFO]   returns_1min: {"kurtosis": 2.6085535909810993, "mean": 0.003331213092547358, "n": 7, "skew": 1.3329751152666036, "std": 0.004753612114317858}
2026-04-05 12:14:37 [INFO]   spread_ticks: {"mean": 1.926814358372457, "median": 1.0, "n": 40896, "pct_zero_spread": 0.0, "std": 2.7337576462953947, "tick_size_cny": 0.01, "tick_size_price_int": 100}
2026-04-05 12:14:37 [INFO]   total_volume_5lvl: {"ask_mean": 2614412.267067684, "bid_mean": 714364.6327513694}
2026-04-05 12:14:37 [INFO]   volatility_1min: 0.004753612114317858
2026-04-05 12:14:37 [INFO]   volume_per_minute: {"mean": 7418518.240957585, "n": 427, "total": 3167707288.888889}
2026-04-05 12:14:37 [INFO]   [real-vs-generated comparative metrics]
2026-04-05 12:14:37 [INFO]   ask_cancellation_depth: {"l1_by_group": 0.14551988818313577, "n_generated": 2841, "n_real": 3436, "wasserstein": 0.03928497829269376}
2026-04-05 12:14:37 [INFO]   ask_cancellation_levels: {"l1_by_group": 0.13494621887437913, "n_generated": 1806, "n_real": 1818, "wasserstein": 0.21266884586219773}
2026-04-05 12:14:37 [INFO]   ask_volume: {"l1_by_group": 0.6183857872111959, "n_generated": 40896, "n_real": 72762, "wasserstein": 1.2221250320078485}
2026-04-05 12:14:37 [INFO]   ask_volume | spread: {"n_generated": 40896, "n_real": 72762, "num_condition_groups": 57, "per_group": {"1": {"n": 2, "wasserstein": null}, "10": {"n": 176, "wasserstein": null}, "11": {"n": 88, "wasserstein": null}, "12": {"n": 59, "wasserstein": null}, "13": {"n": 10, "wasserstein": null}, "14": {"n": 91, "wasserstein": null}, "15": {"n": 77, "wasserstein": null}, "16": {"n": 353, "wasserstein": null}, "17": {"n": 97, "wasserstein": null}, "18": {"n": 121, "wasserstein": null}, "19": {"n": 773, "wasserstein": null}, "2": {"n": 9, "wasserstein": null}, "20": {"n": 591, "wasserstein": null}, "21": {"n": 881, "wasserstein": null}, "22": {"n": 1369, "wasserstein": null}, "23": {"n": 2510, "wasserstein": null}, "24": {"n": 4776, "wasserstein": null}, "25": {"n": 2776, "wasserstein": null}, "26": {"n": 2480, "wasserstein": null}, "27": {"n": 1654, "wasserstein": null}, "28": {"n": 2339, "wasserstein": null}, "29": {"n": 972, "wasserstein": null}, "3": {"n": 40, "wasserstein": null}, "30": {"n": 1610, "wasserstein": null}, "31": {"n": 3157, "wasserstein": null}, "32": {"n": 3651, "wasserstein": null}, "33": {"n": 4786, "wasserstein": null}, "34": {"n": 8433, "wasserstein": null}, "35": {"n": 7198, "wasserstein": null}, "36": {"n": 3938, "wasserstein": null}, "37": {"n": 6463, "wasserstein": null}, "38": {"n": 3933, "wasserstein": null}, "39": {"n": 3771, "wasserstein": null}, "4": {"n": 18, "wasserstein": null}, "40": {"n": 32164, "wasserstein": 0.8299680736123709}, "41": {"n": 6725, "wasserstein": null}, "42": {"n": 1853, "wasserstein": null}, "43": {"n": 463, "wasserstein": null}, "44": {"n": 255, "wasserstein": null}, "45": {"n": 202, "wasserstein": null}, "46": {"n": 396, "wasserstein": null}, "47": {"n": 281, "wasserstein": null}, "48": {"n": 33, "wasserstein": null}, "49": {"n": 46, "wasserstein": null}, "5": {"n": 57, "wasserstein": null}, "50": {"n": 36, "wasserstein": null}, "51": {"n": 17, "wasserstein": null}, "52": {"n": 131, "wasserstein": null}, "53": {"n": 732, "wasserstein": null}, "54": {"n": 143, "wasserstein": null}, "55": {"n": 10, "wasserstein": null}, "56": {"n": 169, "wasserstein": null}, "57": {"n": 68, "wasserstein": null}, "6": {"n": 38, "wasserstein": null}, "7": {"n": 591, "wasserstein": null}, "8": {"n": 43, "wasserstein": null}, "9": {"n": 3, "wasserstein": null}}, "weighted_wasserstein": null}
2026-04-05 12:14:37 [INFO]   ask_volume_touch: {"l1_by_group": 0.7749231835401883, "n_generated": 40896, "n_real": 72762, "wasserstein": 1.2148912562642789}
2026-04-05 12:14:37 [INFO]   bid_cancellation_depth: {"l1_by_group": 0.13588683495660236, "n_generated": 2150, "n_real": 1755, "wasserstein": 0.08030092289942338}
2026-04-05 12:14:37 [INFO]   bid_cancellation_levels: {"l1_by_group": 0.12967417512062618, "n_generated": 1259, "n_real": 1405, "wasserstein": 0.08189087334162733}
2026-04-05 12:14:37 [INFO]   bid_volume: {"l1_by_group": 0.5654483141576893, "n_generated": 40896, "n_real": 72762, "wasserstein": 0.8602308526076063}
2026-04-05 12:14:37 [INFO]   bid_volume_touch: {"l1_by_group": 0.2364530557404145, "n_generated": 40896, "n_real": 72762, "wasserstein": 0.42072607035541343}
2026-04-05 12:14:37 [INFO]   limit_ask_order_depth: {"l1_by_group": 0.3961407098929869, "n_generated": 17098, "n_real": 20696, "wasserstein": 0.1954288550737326}
2026-04-05 12:14:37 [INFO]   limit_ask_order_levels: {"l1_by_group": 0.3684049349852247, "n_generated": 15621, "n_real": 18026, "wasserstein": 0.580463844890227}
2026-04-05 12:14:37 [INFO]   limit_bid_order_depth: {"l1_by_group": 0.2704010326987945, "n_generated": 9382, "n_real": 4902, "wasserstein": 0.11850017737147062}
2026-04-05 12:14:37 [INFO]   limit_bid_order_levels: {"l1_by_group": 0.24202452917501885, "n_generated": 8421, "n_real": 15752, "wasserstein": 0.5020012664585648}
2026-04-05 12:14:37 [INFO]   log_inter_arrival_time: {"l1_by_group": 0.0690526722322265, "n_generated": 40895, "n_real": 72761, "wasserstein": 0.1476965921018859}
2026-04-05 12:14:37 [INFO]   ofi: {"l1_by_group": 0.38697535473571404, "n_generated": 40796, "n_real": 72662, "wasserstein": 0.42348061958437205}
2026-04-05 12:14:37 [INFO]   ofi_down: {"l1_by_group": 0.4135075839081915, "n_generated": 432, "n_real": 5267, "wasserstein": 0.8231860345758248}
2026-04-05 12:14:37 [INFO]   ofi_stay: {"l1_by_group": 0.3785959007604939, "n_generated": 39850, "n_real": 62107, "wasserstein": 0.3907263379052681}
2026-04-05 12:14:37 [INFO]   ofi_up: {"l1_by_group": 0.4324723815928658, "n_generated": 513, "n_real": 5287, "wasserstein": 0.9775748086357223}
2026-04-05 12:14:37 [INFO]   orderbook_imbalance: {"l1_by_group": 0.5047242844637343, "n_generated": 40896, "n_real": 72762, "wasserstein": 1.022586286644278}
2026-04-05 12:14:37 [INFO]   spread: {"l1_by_group": 0.9611335587257085, "n_generated": 40896, "n_real": 72762, "wasserstein": 1.3449025293338708}
2026-04-05 12:14:37 [INFO]   spread | time: {"n_generated": 40896, "n_real": 72762, "num_condition_groups": 1, "per_group": {"10": {"n": 113658, "wasserstein": 1.3449025293338708}}, "weighted_wasserstein": 1.3449025293338708}
2026-04-05 12:14:37 [INFO]   vol_per_min: {"l1_by_group": 0.145511840577387, "n_generated": 427, "n_real": 599, "wasserstein": 0.09922841962101259}
