[2026-04-04 22:24:46] [INFO] Experiment folder: /finance_ML/zhanghaohan/stock_language_model/saved_LOB_stream/fixed_start_decoded_real_tokens_openbidanchor_txncomplete_000981XSHE_20260404_222446
[2026-04-04 22:24:46] [INFO] Loading and normalizing snapshot table...
scripts/hist_script/replay_decoded_real_tokens_openbidanchor_txncomplete_fixed_start.py:117: DtypeWarning: Columns (1,2,3,5,6,7,8,9,10,11,12,13,14,15,16,17,18,19,20,21,22,23,24,25,26,27,28,29,30,31,32,33,34,35,36,37,38,39,40,41,42,43,44,45,46,47,48,49,50,51,52,53,54,55,56,57,58,59,60,61,62,63,64,65,66,67,68,69,70,71,72,73,74,75,76,77,78,79,80,81,82,83,84,85,86,88) have mixed types. Specify dtype option on import or set low_memory=False.
  lob_info = pd.read_csv(lob_snap_path, header=None, names=columns)
[2026-04-04 22:30:12] [INFO] Loading processed real-flow orders...
[2026-04-04 22:30:16] [INFO] Window rows=9814 tokenizable_rows=9814
[2026-04-04 22:30:16] [INFO] Tokenizable side counts={49.0: 2750, 99.0: 2007, 129.0: 1804, 50.0: 1662, 130.0: 1591}
2026-04-04 22:30:18 [INFO] ======================================================================
2026-04-04 22:30:18 [INFO] decoded real-token open-anchor txn-complete evaluation
2026-04-04 22:30:18 [INFO] ======================================================================
2026-04-04 22:30:18 [INFO] Evaluating: /finance_ML/zhanghaohan/stock_language_model/saved_LOB_stream/fixed_start_decoded_real_tokens_openbidanchor_txncomplete_000981XSHE_20260404_222446
2026-04-04 22:30:18 [INFO] 
── loading data ───────────────────────────────────────
2026-04-04 22:30:18 [INFO] Loading LOBSTER data from /finance_ML/zhanghaohan/stock_language_model/saved_LOB_stream/fixed_start_decoded_real_tokens_openbidanchor_txncomplete_000981XSHE_20260404_222446
2026-04-04 22:30:18 [INFO] Loaded 7,880 rows | 10 book levels | date 2025-07-10
2026-04-04 22:30:18 [INFO] Loading real reference LOBSTER data from /finance_ML/zhanghaohan/stock_language_model/saved_LOB_stream/fixed_start_realflow_generate_lobster_000981XSHE_20260403_232134
2026-04-04 22:30:18 [INFO] Loading LOBSTER data from /finance_ML/zhanghaohan/stock_language_model/saved_LOB_stream/fixed_start_realflow_generate_lobster_000981XSHE_20260403_232134
2026-04-04 22:30:18 [INFO] Loaded 10,869 rows | 10 book levels | date 2025-07-10
2026-04-04 22:30:18 [INFO] 
── computing metrics ──────────────────────────────────
/finance_ML/zhanghaohan/mycondaenv/lib/python3.8/site-packages/statsmodels/tsa/stattools.py:693: RuntimeWarning: invalid value encountered in divide
  acf = avf[: nlags + 1] / avf[0]
2026-04-04 22:30:18 [WARNING] Reference metric log_time_to_cancel skipped: <lambda>() got an unexpected keyword argument 'include_groups'
2026-04-04 22:30:19 [WARNING] Reference conditional metric spread | volatility skipped: Invalid frequency: 0.1s
2026-04-04 22:30:19 [INFO] Computed now (generated-only): 15 metric groups
2026-04-04 22:30:19 [INFO] Computed (with real reference LOB data): 22 benchmark metric configs
2026-04-04 22:30:19 [INFO] Failed (with real reference LOB data): 2 benchmark metric configs
2026-04-04 22:30:19 [INFO] Skipped (needs true order-ID linkage): 2 metrics
2026-04-04 22:30:19 [INFO] 
── generating plots ───────────────────────────────────
2026-04-04 22:30:20 [INFO] saved mid_price.png
2026-04-04 22:30:20 [INFO] saved spread.png
2026-04-04 22:30:21 [INFO] saved returns_dist.png
/finance_ML/zhanghaohan/mycondaenv/lib/python3.8/site-packages/statsmodels/tsa/stattools.py:693: RuntimeWarning: invalid value encountered in divide
  acf = avf[: nlags + 1] / avf[0]
2026-04-04 22:30:21 [INFO] saved autocorr.png
2026-04-04 22:30:21 [INFO] saved inter_arrival_time.png
2026-04-04 22:30:22 [INFO] saved l1_volume.png
2026-04-04 22:30:22 [INFO] saved volume_per_minute.png
2026-04-04 22:30:23 [INFO] saved orderbook_imbalance.png
2026-04-04 22:30:23 [INFO] saved orderflow_imbalance.png
2026-04-04 22:30:24 [INFO] saved event_type_counts.png
2026-04-04 22:30:24 [INFO] Skipped time-to-fill/time-to-cancel plots: requires true order-ID linkage (not available in synthetic IDs).
2026-04-04 22:30:25 [INFO] saved overview_panel.png
2026-04-04 22:30:25 [INFO] Wrote metrics summary: /finance_ML/zhanghaohan/stock_language_model/saved_LOB_stream/fixed_start_decoded_real_tokens_openbidanchor_txncomplete_000981XSHE_20260404_222446/metrics_summary.json
2026-04-04 22:30:25 [INFO] 
── all computed metrics summary ─────────────────────
2026-04-04 22:30:25 [INFO]   acf_returns_1min: [NaN, NaN, NaN, NaN, NaN, NaN, NaN, NaN, NaN]
2026-04-04 22:30:25 [INFO]   direction_counts: {"-1": 2406, "1": 5474}
2026-04-04 22:30:25 [INFO]   direction_fractions: {"-1": 0.3053, "1": 0.6947}
2026-04-04 22:30:25 [INFO]   event_type_counts: {"1": 4412, "2": 7, "3": 1985, "4": 1476}
2026-04-04 22:30:25 [INFO]   event_type_fractions: {"1": 0.5599, "2": 0.0009, "3": 0.2519, "4": 0.1873}
2026-04-04 22:30:25 [INFO]   iat_ms: {"mean": 97.22630017179448, "median": 60.0, "n": 6403, "n_exec_excluded": 1476, "p95": 300.0, "std": 121.11551894858911}
2026-04-04 22:30:25 [INFO]   l1_volume: {"ask_mean": 10036485.696827412, "ask_median": 9741596.0, "bid_mean": 6303607.534010152, "bid_median": 6576775.0}
2026-04-04 22:30:25 [INFO]   mid_price: {"end_cny": 2.115, "end_price_int": 21150.0, "mean_cny": 2.1143153553299503, "mean_price_int": 21143.153553299493, "mean_ticks_0p01": 211.43153553299493, "start_cny": 2.105, "start_price_int": 21050.0, "std_cny": 0.0025224299545031676, "std_price_int": 25.224299545031087, "std_ticks_0p01": 0.2522429954503109, "total_return_bps": 47.50593824228044}
2026-04-04 22:30:25 [INFO]   ob_imbalance: {"mean": -0.2542942991099239, "median": -0.1825305484512904, "std": 0.34066026212833317}
2026-04-04 22:30:25 [INFO]   orderflow_imbalance: {"mean": 2384.144215938303, "n": 7780, "std": 5043.72008756596}
2026-04-04 22:30:25 [INFO]   returns_1min: {"kurtosis": 0.0, "mean": 0.0, "n": 10, "skew": 0.0, "std": 0.0}
2026-04-04 22:30:25 [INFO]   spread_ticks: {"mean": 1.0006345177664975, "median": 1.0, "n": 7880, "pct_zero_spread": 0.0, "std": 0.0251832411611587, "tick_size_cny": 0.01, "tick_size_price_int": 100}
2026-04-04 22:30:25 [INFO]   total_volume_5lvl: {"ask_mean": 67050042.746192895, "bid_mean": 70076828.44149746}
2026-04-04 22:30:25 [INFO]   volatility_1min: 0.0
2026-04-04 22:30:25 [INFO]   volume_per_minute: {"mean": 2377723.939047619, "n": 375, "total": 891646477.1428571}
2026-04-04 22:30:25 [INFO]   [real-vs-generated comparative metrics]
2026-04-04 22:30:25 [INFO]   ask_cancellation_depth: {"l1_by_group": 0.006329113924050632, "n_generated": 474, "n_real": 474, "wasserstein": 0.0031586826695060776}
2026-04-04 22:30:25 [INFO]   ask_cancellation_levels: {"l1_by_group": 0.0, "n_generated": 458, "n_real": 458, "wasserstein": 0.0}
2026-04-04 22:30:25 [INFO]   ask_volume: {"l1_by_group": 0.478932247116444, "n_generated": 7880, "n_real": 10869, "wasserstein": 0.8643225527959361}
2026-04-04 22:30:25 [INFO]   ask_volume | spread: {"n_generated": 7880, "n_real": 10869, "num_condition_groups": 8, "per_group": {"1": {"n": 1, "wasserstein": null}, "2": {"n": 1, "wasserstein": null}, "3": {"n": 2, "wasserstein": null}, "4": {"n": 13, "wasserstein": null}, "5": {"n": 72, "wasserstein": null}, "6": {"n": 1566, "wasserstein": null}, "7": {"n": 17087, "wasserstein": 0.7298228600910003}, "8": {"n": 7, "wasserstein": 1.0378341132585251}}, "weighted_wasserstein": null}
2026-04-04 22:30:25 [INFO]   ask_volume_touch: {"l1_by_group": 0.6917834940614882, "n_generated": 7880, "n_real": 10869, "wasserstein": 0.6827360804480473}
2026-04-04 22:30:25 [INFO]   bid_cancellation_depth: {"l1_by_group": 0.010487310172664866, "n_generated": 1518, "n_real": 1520, "wasserstein": 0.012830489851252451}
2026-04-04 22:30:25 [INFO]   bid_cancellation_levels: {"l1_by_group": 0.009823957122203571, "n_generated": 1503, "n_real": 1509, "wasserstein": 0.014317803121401223}
2026-04-04 22:30:25 [INFO]   bid_volume: {"l1_by_group": 0.38647928981647145, "n_generated": 7880, "n_real": 10869, "wasserstein": 0.2655192503607944}
2026-04-04 22:30:25 [INFO]   bid_volume_touch: {"l1_by_group": 0.6050643496405975, "n_generated": 7880, "n_real": 10869, "wasserstein": 0.5838778302246683}
2026-04-04 22:30:25 [INFO]   limit_ask_order_depth: {"l1_by_group": 0.029825177162722292, "n_generated": 1662, "n_real": 1728, "wasserstein": 0.029868859481387643}
2026-04-04 22:30:25 [INFO]   limit_ask_order_levels: {"l1_by_group": 0.23214210034701208, "n_generated": 1422, "n_real": 2489, "wasserstein": 0.3734261869559307}
2026-04-04 22:30:25 [INFO]   limit_bid_order_depth: {"l1_by_group": 0.009946059728983016, "n_generated": 2750, "n_real": 2764, "wasserstein": 0.016633124489943984}
2026-04-04 22:30:25 [INFO]   limit_bid_order_levels: {"l1_by_group": 0.13923002273500995, "n_generated": 2710, "n_real": 3772, "wasserstein": 0.21456327287911497}
2026-04-04 22:30:25 [INFO]   log_inter_arrival_time: {"l1_by_group": 0.21722762244535646, "n_generated": 7879, "n_real": 10868, "wasserstein": 0.4804768837461935}
2026-04-04 22:30:25 [INFO]   ofi: {"l1_by_group": 0.20119374115122884, "n_generated": 7780, "n_real": 10769, "wasserstein": 0.16866850927989702}
2026-04-04 22:30:25 [INFO]   ofi_down: {"l1_by_group": 0.9708646616541353, "n_generated": 3, "n_real": 1064, "wasserstein": 1.0175322157573357}
2026-04-04 22:30:25 [INFO]   ofi_stay: {"l1_by_group": 0.19773487425076977, "n_generated": 7771, "n_real": 8638, "wasserstein": 0.17539818314420647}
2026-04-04 22:30:25 [INFO]   ofi_up: {"l1_by_group": 0.9624765478424014, "n_generated": 5, "n_real": 1066, "wasserstein": 1.5430206463504486}
2026-04-04 22:30:25 [INFO]   orderbook_imbalance: {"l1_by_group": 0.5879353239058788, "n_generated": 7880, "n_real": 10869, "wasserstein": 0.30684380456489224}
2026-04-04 22:30:25 [INFO]   spread: {"l1_by_group": 0.1522679179317325, "n_generated": 7880, "n_real": 10869, "wasserstein": 0.4986679706514267}
2026-04-04 22:30:25 [INFO]   spread | time: {"n_generated": 7880, "n_real": 10869, "num_condition_groups": 1, "per_group": {"10": {"n": 18749, "wasserstein": 0.4986679706514267}}, "weighted_wasserstein": 0.4986679706514267}
2026-04-04 22:30:25 [INFO]   vol_per_min: {"l1_by_group": 0.21823927765237017, "n_generated": 375, "n_real": 443, "wasserstein": 0.05870454552265352}
