[2026-04-04 21:22:30] [INFO] Experiment folder: /finance_ML/zhanghaohan/stock_language_model/saved_LOB_stream/fixed_start_decoded_real_tokens_openbidanchor_002263XSHE_20260404_212230
[2026-04-04 21:22:30] [INFO] Loading and normalizing snapshot table...
scripts/hist_script/replay_decoded_real_tokens_openbidanchor_fixed_start.py:117: DtypeWarning: Columns (1,2,3,5,6,7,8,9,10,11,12,13,14,15,16,17,18,19,20,21,22,23,24,25,26,27,28,29,30,31,32,33,34,35,36,37,38,39,40,41,42,43,44,45,46,47,48,49,50,51,52,53,54,55,56,57,58,59,60,61,62,63,64,65,66,67,68,69,70,71,72,73,74,75,76,77,78,79,80,81,82,83,84,85,86,88) have mixed types. Specify dtype option on import or set low_memory=False.
  lob_info = pd.read_csv(lob_snap_path, header=None, names=columns)
[2026-04-04 21:27:54] [INFO] Loading processed real-flow orders...
[2026-04-04 21:28:02] [INFO] Window rows=41603 tokenizable_rows=19624
[2026-04-04 21:28:02] [INFO] Tokenizable side counts={49.0: 9030, 50.0: 6987, 99.0: 3607}
2026-04-04 21:28:07 [INFO] ======================================================================
2026-04-04 21:28:07 [INFO] decoded real-token open-anchor evaluation
2026-04-04 21:28:07 [INFO] ======================================================================
2026-04-04 21:28:07 [INFO] Evaluating: /finance_ML/zhanghaohan/stock_language_model/saved_LOB_stream/fixed_start_decoded_real_tokens_openbidanchor_002263XSHE_20260404_212230
2026-04-04 21:28:07 [INFO] 
── loading data ───────────────────────────────────────
2026-04-04 21:28:07 [INFO] Loading LOBSTER data from /finance_ML/zhanghaohan/stock_language_model/saved_LOB_stream/fixed_start_decoded_real_tokens_openbidanchor_002263XSHE_20260404_212230
2026-04-04 21:28:08 [INFO] Loaded 24,998 rows | 10 book levels | date 2025-07-10
2026-04-04 21:28:08 [INFO] Loading real reference LOBSTER data from /finance_ML/zhanghaohan/stock_language_model/saved_LOB_stream/fixed_start_realflow_generate_lobster_002263XSHE_20260403_232134
2026-04-04 21:28:08 [INFO] Loading LOBSTER data from /finance_ML/zhanghaohan/stock_language_model/saved_LOB_stream/fixed_start_realflow_generate_lobster_002263XSHE_20260403_232134
2026-04-04 21:28:08 [INFO] Loaded 41,451 rows | 10 book levels | date 2025-07-10
2026-04-04 21:28:08 [INFO] 
── computing metrics ──────────────────────────────────
2026-04-04 21:28:09 [WARNING] Reference metric log_time_to_cancel skipped: <lambda>() got an unexpected keyword argument 'include_groups'
2026-04-04 21:28:12 [WARNING] Reference conditional metric spread | volatility skipped: Invalid frequency: 0.1s
2026-04-04 21:28:12 [INFO] Computed now (generated-only): 15 metric groups
2026-04-04 21:28:12 [INFO] Computed (with real reference LOB data): 22 benchmark metric configs
2026-04-04 21:28:12 [INFO] Failed (with real reference LOB data): 2 benchmark metric configs
2026-04-04 21:28:12 [INFO] Skipped (needs true order-ID linkage): 2 metrics
2026-04-04 21:28:12 [INFO] 
── generating plots ───────────────────────────────────
2026-04-04 21:28:12 [INFO] saved mid_price.png
2026-04-04 21:28:13 [INFO] saved spread.png
2026-04-04 21:28:13 [INFO] saved returns_dist.png
2026-04-04 21:28:14 [INFO] saved autocorr.png
2026-04-04 21:28:14 [INFO] saved inter_arrival_time.png
2026-04-04 21:28:14 [INFO] saved l1_volume.png
2026-04-04 21:28:15 [INFO] saved volume_per_minute.png
2026-04-04 21:28:16 [INFO] saved orderbook_imbalance.png
2026-04-04 21:28:16 [INFO] saved orderflow_imbalance.png
2026-04-04 21:28:17 [INFO] saved event_type_counts.png
2026-04-04 21:28:17 [INFO] Skipped time-to-fill/time-to-cancel plots: requires true order-ID linkage (not available in synthetic IDs).
2026-04-04 21:28:18 [INFO] saved overview_panel.png
2026-04-04 21:28:18 [INFO] Wrote metrics summary: /finance_ML/zhanghaohan/stock_language_model/saved_LOB_stream/fixed_start_decoded_real_tokens_openbidanchor_002263XSHE_20260404_212230/metrics_summary.json
2026-04-04 21:28:18 [INFO] 
── all computed metrics summary ─────────────────────
2026-04-04 21:28:18 [INFO]   acf_returns_1min: [1.0, 0.2691929137628474, -0.20212828523747986, -0.3974271467300582, -0.26595558134694375, 0.06423116079295296]
2026-04-04 21:28:18 [INFO]   direction_counts: {"-1": 10830, "1": 14168}
2026-04-04 21:28:18 [INFO]   direction_fractions: {"-1": 0.4332, "1": 0.5668}
2026-04-04 21:28:18 [INFO]   event_type_counts: {"1": 16017, "2": 93, "3": 3379, "4": 5509}
2026-04-04 21:28:18 [INFO]   event_type_fractions: {"1": 0.6407, "2": 0.0037, "3": 0.1352, "4": 0.2204}
2026-04-04 21:28:18 [INFO]   iat_ms: {"mean": 21.888341543513956, "median": 10.0, "n": 19488, "n_exec_excluded": 5509, "p95": 90.0, "std": 34.97883226150559}
2026-04-04 21:28:18 [INFO]   l1_volume: {"ask_mean": 272832.5986078886, "ask_median": 125100.0, "bid_mean": 422685.11480918474, "bid_median": 351500.0}
2026-04-04 21:28:18 [INFO]   mid_price: {"end_cny": 4.395, "end_price_int": 43950.0, "mean_cny": 4.375670853668294, "mean_price_int": 43756.708536682934, "mean_ticks_0p01": 437.56708536682936, "start_cny": 4.345, "start_price_int": 43450.0, "std_cny": 0.018773606077509913, "std_price_int": 187.7360607751018, "std_ticks_0p01": 1.8773606077510179, "total_return_bps": 115.07479861910141}
2026-04-04 21:28:18 [INFO]   ob_imbalance: {"mean": 0.1937361765990581, "median": 0.3107434649252617, "std": 0.609635946160951}
2026-04-04 21:28:18 [INFO]   orderflow_imbalance: {"mean": 43.62727929954213, "n": 24898, "std": 1385.4955802375734}
2026-04-04 21:28:18 [INFO]   returns_1min: {"kurtosis": 2.298886648595902, "mean": 0.0006515730467945449, "n": 7, "skew": 1.4178512171011772, "std": 0.003154338741325582}
2026-04-04 21:28:18 [INFO]   spread_ticks: {"mean": 1.0222417793423473, "median": 1.0, "n": 24998, "pct_zero_spread": 0.0, "std": 0.15016007656250507, "tick_size_cny": 0.01, "tick_size_price_int": 100}
2026-04-04 21:28:18 [INFO]   total_volume_5lvl: {"ask_mean": 1425539.5863669093, "bid_mean": 2784798.719897592}
2026-04-04 21:28:18 [INFO]   volatility_1min: 0.003154338741325582
2026-04-04 21:28:18 [INFO]   volume_per_minute: {"mean": 2978852.4258760107, "n": 424, "total": 1263033428.5714285}
2026-04-04 21:28:18 [INFO]   [real-vs-generated comparative metrics]
2026-04-04 21:28:18 [INFO]   ask_cancellation_depth: {"l1_by_group": 0.2655603692254104, "n_generated": 1088, "n_real": 1351, "wasserstein": 0.1073606971355684}
2026-04-04 21:28:18 [INFO]   ask_cancellation_levels: {"l1_by_group": 0.23173071601202883, "n_generated": 809, "n_real": 938, "wasserstein": 0.28851349667159787}
2026-04-04 21:28:18 [INFO]   ask_volume: {"l1_by_group": 0.5586567569057065, "n_generated": 24998, "n_real": 41451, "wasserstein": 0.5781825088098701}
2026-04-04 21:28:18 [INFO]   ask_volume | spread: {"n_generated": 24998, "n_real": 41451, "num_condition_groups": 21, "per_group": {"1": {"n": 1, "wasserstein": null}, "10": {"n": 224, "wasserstein": null}, "11": {"n": 537, "wasserstein": null}, "12": {"n": 1984, "wasserstein": null}, "13": {"n": 6604, "wasserstein": null}, "14": {"n": 5115, "wasserstein": null}, "15": {"n": 3673, "wasserstein": null}, "16": {"n": 2999, "wasserstein": null}, "17": {"n": 5397, "wasserstein": null}, "18": {"n": 11977, "wasserstein": null}, "19": {"n": 27053, "wasserstein": 0.6687644210021951}, "2": {"n": 4, "wasserstein": null}, "20": {"n": 545, "wasserstein": 1.1231860340799469}, "21": {"n": 10, "wasserstein": null}, "3": {"n": 28, "wasserstein": null}, "4": {"n": 24, "wasserstein": null}, "5": {"n": 20, "wasserstein": null}, "6": {"n": 63, "wasserstein": null}, "7": {"n": 22, "wasserstein": null}, "8": {"n": 65, "wasserstein": null}, "9": {"n": 104, "wasserstein": null}}, "weighted_wasserstein": null}
2026-04-04 21:28:18 [INFO]   ask_volume_touch: {"l1_by_group": 8.000640051206513e-05, "n_generated": 24998, "n_real": 41451, "wasserstein": 0.9518203386542713}
2026-04-04 21:28:18 [INFO]   bid_cancellation_depth: {"l1_by_group": 0.26514027642530547, "n_generated": 2380, "n_real": 2097, "wasserstein": 0.1550764794347607}
2026-04-04 21:28:18 [INFO]   bid_cancellation_levels: {"l1_by_group": 0.03915707277369223, "n_generated": 1782, "n_real": 1765, "wasserstein": 0.02838048605928619}
2026-04-04 21:28:18 [INFO]   bid_volume: {"l1_by_group": 0.6449190514865325, "n_generated": 24998, "n_real": 41451, "wasserstein": 0.4480514664389052}
2026-04-04 21:28:18 [INFO]   bid_volume_touch: {"l1_by_group": 0.41967834423690037, "n_generated": 24998, "n_real": 41451, "wasserstein": 0.8882983576979177}
2026-04-04 21:28:18 [INFO]   limit_ask_order_depth: {"l1_by_group": 0.598003564727995, "n_generated": 6991, "n_real": 10065, "wasserstein": 0.14447314711831796}
2026-04-04 21:28:18 [INFO]   limit_ask_order_levels: {"l1_by_group": 0.41571161134515744, "n_generated": 6124, "n_real": 11615, "wasserstein": 0.3666769606851453}
2026-04-04 21:28:18 [INFO]   limit_bid_order_depth: {"l1_by_group": 0.49053347042976425, "n_generated": 9022, "n_real": 3727, "wasserstein": 0.40153493309710636}
2026-04-04 21:28:18 [INFO]   limit_bid_order_levels: {"l1_by_group": 0.13496672996143688, "n_generated": 8479, "n_real": 11008, "wasserstein": 0.17567318865671352}
2026-04-04 21:28:18 [INFO]   log_inter_arrival_time: {"l1_by_group": 0.06321201487483684, "n_generated": 24997, "n_real": 41450, "wasserstein": 0.12891059917025438}
2026-04-04 21:28:18 [INFO]   ofi: {"l1_by_group": 0.32643209882157515, "n_generated": 24898, "n_real": 41351, "wasserstein": 0.3527659901674749}
2026-04-04 21:28:18 [INFO]   ofi_down: {"l1_by_group": 0.4094310451453308, "n_generated": 100, "n_real": 3234, "wasserstein": 0.5300446199425031}
2026-04-04 21:28:18 [INFO]   ofi_stay: {"l1_by_group": 0.3131544779361283, "n_generated": 24705, "n_real": 34877, "wasserstein": 0.32684822162890126}
2026-04-04 21:28:18 [INFO]   ofi_up: {"l1_by_group": 0.5149133522155256, "n_generated": 92, "n_real": 3239, "wasserstein": 0.7216749406286149}
2026-04-04 21:28:18 [INFO]   orderbook_imbalance: {"l1_by_group": 0.3624948421484681, "n_generated": 24998, "n_real": 41451, "wasserstein": 0.3001563907819974}
2026-04-04 21:28:18 [INFO]   spread: {"l1_by_group": 0.9370340884417745, "n_generated": 24998, "n_real": 41451, "wasserstein": 1.3288043986117195}
2026-04-04 21:28:18 [INFO]   spread | time: {"n_generated": 24998, "n_real": 41451, "num_condition_groups": 1, "per_group": {"10": {"n": 66449, "wasserstein": 1.3288043986117195}}, "weighted_wasserstein": 1.3288043986117195}
2026-04-04 21:28:18 [INFO]   vol_per_min: {"l1_by_group": 0.14201115641098572, "n_generated": 424, "n_real": 597, "wasserstein": 0.2633282073641458}
