[2026-04-05 12:34:24] [INFO] Experiment folder: /finance_ML/zhanghaohan/stock_language_model/saved_LOB_stream/fixed_start_decoded_real_tokens_openbidanchor_exactprice_exactqty_002366XSHE_20260405_123424
[2026-04-05 12:34:24] [INFO] Loading and normalizing snapshot table...
scripts/hist_script/replay_decoded_real_tokens_openbidanchor_exactprice_fixed_start.py:117: DtypeWarning: Columns (1,2,3,5,6,7,8,9,10,11,12,13,14,15,16,17,18,19,20,21,22,23,24,25,26,27,28,29,30,31,32,33,34,35,36,37,38,39,40,41,42,43,44,45,46,47,48,49,50,51,52,53,54,55,56,57,58,59,60,61,62,63,64,65,66,67,68,69,70,71,72,73,74,75,76,77,78,79,80,81,82,83,84,85,86,88) have mixed types. Specify dtype option on import or set low_memory=False.
  lob_info = pd.read_csv(lob_snap_path, header=None, names=columns)
[2026-04-05 12:39:38] [INFO] Loading processed real-flow orders...
[2026-04-05 12:39:45] [INFO] Window rows=33523 tokenizable_rows=16955
[2026-04-05 12:39:45] [INFO] Tokenizable side counts={49.0: 6913, 50.0: 6887, 99.0: 3155}
2026-04-05 12:39:50 [INFO] ======================================================================
2026-04-05 12:39:50 [INFO] decoded real-token open-anchor exact-price evaluation
2026-04-05 12:39:50 [INFO] ======================================================================
2026-04-05 12:39:50 [INFO] Evaluating: /finance_ML/zhanghaohan/stock_language_model/saved_LOB_stream/fixed_start_decoded_real_tokens_openbidanchor_exactprice_exactqty_002366XSHE_20260405_123424
2026-04-05 12:39:50 [INFO] 
── loading data ───────────────────────────────────────
2026-04-05 12:39:50 [INFO] Loading LOBSTER data from /finance_ML/zhanghaohan/stock_language_model/saved_LOB_stream/fixed_start_decoded_real_tokens_openbidanchor_exactprice_exactqty_002366XSHE_20260405_123424
2026-04-05 12:39:50 [INFO] Loaded 21,346 rows | 10 book levels | date 2025-07-10
2026-04-05 12:39:50 [INFO] Loading real reference LOBSTER data from /finance_ML/zhanghaohan/stock_language_model/saved_LOB_stream/fixed_start_realflow_generate_lobster_002366XSHE_20260403_232134
2026-04-05 12:39:50 [INFO] Loading LOBSTER data from /finance_ML/zhanghaohan/stock_language_model/saved_LOB_stream/fixed_start_realflow_generate_lobster_002366XSHE_20260403_232134
2026-04-05 12:39:51 [INFO] Loaded 33,282 rows | 10 book levels | date 2025-07-10
2026-04-05 12:39:51 [INFO] 
── computing metrics ──────────────────────────────────
2026-04-05 12:39:51 [WARNING] Reference metric log_time_to_cancel skipped: <lambda>() got an unexpected keyword argument 'include_groups'
2026-04-05 12:39:54 [WARNING] Reference conditional metric spread | volatility skipped: Invalid frequency: 0.1s
2026-04-05 12:39:54 [INFO] Computed now (generated-only): 15 metric groups
2026-04-05 12:39:54 [INFO] Computed (with real reference LOB data): 22 benchmark metric configs
2026-04-05 12:39:54 [INFO] Failed (with real reference LOB data): 2 benchmark metric configs
2026-04-05 12:39:54 [INFO] Skipped (needs true order-ID linkage): 2 metrics
2026-04-05 12:39:54 [INFO] 
── generating plots ───────────────────────────────────
2026-04-05 12:39:54 [INFO] saved mid_price.png
2026-04-05 12:39:55 [INFO] saved spread.png
2026-04-05 12:39:55 [INFO] saved returns_dist.png
2026-04-05 12:39:56 [INFO] saved autocorr.png
2026-04-05 12:39:56 [INFO] saved inter_arrival_time.png
2026-04-05 12:39:56 [INFO] saved l1_volume.png
2026-04-05 12:39:57 [INFO] saved volume_per_minute.png
2026-04-05 12:39:58 [INFO] saved orderbook_imbalance.png
2026-04-05 12:39:59 [INFO] saved orderflow_imbalance.png
2026-04-05 12:39:59 [INFO] saved event_type_counts.png
2026-04-05 12:39:59 [INFO] Skipped time-to-fill/time-to-cancel plots: requires true order-ID linkage (not available in synthetic IDs).
2026-04-05 12:40:00 [INFO] saved overview_panel.png
2026-04-05 12:40:00 [INFO] Wrote metrics summary: /finance_ML/zhanghaohan/stock_language_model/saved_LOB_stream/fixed_start_decoded_real_tokens_openbidanchor_exactprice_exactqty_002366XSHE_20260405_123424/metrics_summary.json
2026-04-05 12:40:00 [INFO] 
── all computed metrics summary ─────────────────────
2026-04-05 12:40:00 [INFO]   acf_returns_1min: [1.0, -0.5317594427295437, 0.2998321370892948, -0.0623560184575028, -0.14074061200089003, 0.05485746107627157]
2026-04-05 12:40:00 [INFO]   direction_counts: {"-1": 10662, "1": 10684}
2026-04-05 12:40:00 [INFO]   direction_fractions: {"-1": 0.4995, "1": 0.5005}
2026-04-05 12:40:00 [INFO]   event_type_counts: {"1": 13800, "2": 133, "3": 2866, "4": 4547}
2026-04-05 12:40:00 [INFO]   event_type_fractions: {"1": 0.6465, "2": 0.0062, "3": 0.1343, "4": 0.213}
2026-04-05 12:40:00 [INFO]   iat_ms: {"mean": 26.766281700202406, "median": 10.0, "n": 16798, "n_exec_excluded": 4547, "p95": 100.0, "std": 40.0855966496423}
2026-04-05 12:40:00 [INFO]   l1_volume: {"ask_mean": 42713.815234704394, "ask_median": 23600.0, "bid_mean": 36105.44364283707, "bid_median": 24600.0}
2026-04-05 12:40:00 [INFO]   mid_price: {"end_cny": 9.505, "end_price_int": 95050.0, "mean_cny": 9.505404525438019, "mean_price_int": 95054.04525438021, "mean_ticks_0p01": 950.5404525438021, "start_cny": 9.47, "start_price_int": 94700.0, "std_cny": 0.0365392589932937, "std_price_int": 365.39258993293726, "std_ticks_0p01": 3.6539258993293724, "total_return_bps": 36.95881731784478}
2026-04-05 12:40:00 [INFO]   ob_imbalance: {"mean": -0.039484220930246436, "median": -0.09684947491248541, "std": 0.6543892104273121}
2026-04-05 12:40:00 [INFO]   orderflow_imbalance: {"mean": 3.876070789795726, "n": 21246, "std": 519.4908094391637}
2026-04-05 12:40:00 [INFO]   returns_1min: {"kurtosis": -0.47501373406928415, "mean": 0.0007534676899960045, "n": 7, "skew": 0.7663545168679738, "std": 0.004476861829858822}
2026-04-05 12:40:00 [INFO]   spread_ticks: {"mean": 1.3179839091339327, "median": 1.0, "n": 21130, "pct_zero_spread": 0.0101189918485899, "std": 0.7655333276301467, "tick_size_cny": 0.01, "tick_size_price_int": 100}
2026-04-05 12:40:00 [INFO]   total_volume_5lvl: {"ask_mean": 346273.33926731005, "bid_mean": 464911.7258502764}
2026-04-05 12:40:00 [INFO]   volatility_1min: 0.004476861829858822
2026-04-05 12:40:00 [INFO]   volume_per_minute: {"mean": 1301355.016348305, "n": 447, "total": 581705692.3076923}
2026-04-05 12:40:00 [INFO]   [real-vs-generated comparative metrics]
2026-04-05 12:40:00 [INFO]   ask_cancellation_depth: {"l1_by_group": 0.1338684563863019, "n_generated": 1541, "n_real": 1665, "wasserstein": 0.037554421781744965}
2026-04-05 12:40:00 [INFO]   ask_cancellation_levels: {"l1_by_group": 0.19024715572157447, "n_generated": 723, "n_real": 842, "wasserstein": 0.439528616714525}
2026-04-05 12:40:00 [INFO]   ask_volume: {"l1_by_group": 0.2165356310856825, "n_generated": 21346, "n_real": 33282, "wasserstein": 0.34994336217656696}
2026-04-05 12:40:00 [INFO]   ask_volume | spread: {"n_generated": 21346, "n_real": 33282, "num_condition_groups": 32, "per_group": {"1": {"n": 1, "wasserstein": null}, "10": {"n": 29, "wasserstein": null}, "11": {"n": 33, "wasserstein": null}, "12": {"n": 2, "wasserstein": null}, "13": {"n": 2, "wasserstein": null}, "14": {"n": 15, "wasserstein": null}, "15": {"n": 82, "wasserstein": null}, "16": {"n": 45, "wasserstein": null}, "17": {"n": 21, "wasserstein": null}, "18": {"n": 203, "wasserstein": null}, "19": {"n": 2221, "wasserstein": null}, "2": {"n": 1, "wasserstein": null}, "20": {"n": 5196, "wasserstein": null}, "21": {"n": 4342, "wasserstein": null}, "22": {"n": 2422, "wasserstein": null}, "23": {"n": 2242, "wasserstein": null}, "24": {"n": 3111, "wasserstein": null}, "25": {"n": 4351, "wasserstein": null}, "26": {"n": 4418, "wasserstein": 2.1922689042853807}, "27": {"n": 20957, "wasserstein": 0.4363348889930535}, "28": {"n": 3521, "wasserstein": 0.5992920380819079}, "29": {"n": 693, "wasserstein": 0.8670650332170989}, "3": {"n": 19, "wasserstein": null}, "30": {"n": 237, "wasserstein": null}, "31": {"n": 387, "wasserstein": null}, "32": {"n": 23, "wasserstein": null}, "4": {"n": 1, "wasserstein": null}, "5": {"n": 16, "wasserstein": null}, "6": {"n": 1, "wasserstein": null}, "7": {"n": 4, "wasserstein": null}, "8": {"n": 12, "wasserstein": null}, "9": {"n": 20, "wasserstein": null}}, "weighted_wasserstein": null}
2026-04-05 12:40:00 [INFO]   ask_volume_touch: {"l1_by_group": 0.7015761688910225, "n_generated": 21346, "n_real": 33282, "wasserstein": 0.938705825384124}
2026-04-05 12:40:00 [INFO]   bid_cancellation_depth: {"l1_by_group": 0.14402164370879955, "n_generated": 1457, "n_real": 1290, "wasserstein": 0.052194068878126304}
2026-04-05 12:40:00 [INFO]   bid_cancellation_levels: {"l1_by_group": 0.048349222707392434, "n_generated": 737, "n_real": 761, "wasserstein": 0.035208444521212204}
2026-04-05 12:40:00 [INFO]   bid_volume: {"l1_by_group": 0.3349620366080526, "n_generated": 21346, "n_real": 33282, "wasserstein": 0.2651508413745882}
2026-04-05 12:40:00 [INFO]   bid_volume_touch: {"l1_by_group": 0.17824495070483126, "n_generated": 21346, "n_real": 33282, "wasserstein": 0.09752212242141695}
2026-04-05 12:40:00 [INFO]   limit_ask_order_depth: {"l1_by_group": 0.4084382498420779, "n_generated": 6893, "n_real": 9316, "wasserstein": 0.13594679030689721}
2026-04-05 12:40:00 [INFO]   limit_ask_order_levels: {"l1_by_group": 0.49950617669698744, "n_generated": 5034, "n_real": 8621, "wasserstein": 0.6430022224214591}
2026-04-05 12:40:00 [INFO]   limit_bid_order_depth: {"l1_by_group": 0.25186718972289357, "n_generated": 6776, "n_real": 3610, "wasserstein": 0.254226412534281}
2026-04-05 12:40:00 [INFO]   limit_bid_order_levels: {"l1_by_group": 0.05016318617184909, "n_generated": 5783, "n_real": 8452, "wasserstein": 0.09613982102629962}
2026-04-05 12:40:00 [INFO]   log_inter_arrival_time: {"l1_by_group": 0.06119640442662934, "n_generated": 21345, "n_real": 33281, "wasserstein": 0.12314059915877186}
2026-04-05 12:40:00 [INFO]   ofi: {"l1_by_group": 0.29300660128301326, "n_generated": 21246, "n_real": 33182, "wasserstein": 0.3676207886461851}
2026-04-05 12:40:00 [INFO]   ofi_down: {"l1_by_group": 0.2617170557469065, "n_generated": 455, "n_real": 3015, "wasserstein": 0.3406435841307406}
2026-04-05 12:40:00 [INFO]   ofi_stay: {"l1_by_group": 0.29113588513090044, "n_generated": 20355, "n_real": 27149, "wasserstein": 0.35180226286830407}
2026-04-05 12:40:00 [INFO]   ofi_up: {"l1_by_group": 0.27159353700677, "n_generated": 435, "n_real": 3017, "wasserstein": 0.35662643087289403}
2026-04-05 12:40:00 [INFO]   orderbook_imbalance: {"l1_by_group": 0.2895644094679159, "n_generated": 21346, "n_real": 33282, "wasserstein": 0.5776649575925151}
2026-04-05 12:40:00 [INFO]   spread: {"l1_by_group": 0.8490240884951396, "n_generated": 21346, "n_real": 33282, "wasserstein": 1.3431662187511115}
2026-04-05 12:40:00 [INFO]   spread | time: {"n_generated": 21346, "n_real": 33282, "num_condition_groups": 1, "per_group": {"10": {"n": 54628, "wasserstein": 1.3431662187511115}}, "weighted_wasserstein": 1.3431662187511115}
2026-04-05 12:40:00 [INFO]   vol_per_min: {"l1_by_group": 0.182371514294479, "n_generated": 447, "n_real": 598, "wasserstein": 0.25922752524730003}
