[2026-04-04 21:22:30] [INFO] Experiment folder: /finance_ML/zhanghaohan/stock_language_model/saved_LOB_stream/fixed_start_decoded_real_tokens_openbidanchor_002366XSHE_20260404_212230
[2026-04-04 21:22:30] [INFO] Loading and normalizing snapshot table...
scripts/hist_script/replay_decoded_real_tokens_openbidanchor_fixed_start.py:117: DtypeWarning: Columns (1,2,3,5,6,7,8,9,10,11,12,13,14,15,16,17,18,19,20,21,22,23,24,25,26,27,28,29,30,31,32,33,34,35,36,37,38,39,40,41,42,43,44,45,46,47,48,49,50,51,52,53,54,55,56,57,58,59,60,61,62,63,64,65,66,67,68,69,70,71,72,73,74,75,76,77,78,79,80,81,82,83,84,85,86,88) have mixed types. Specify dtype option on import or set low_memory=False.
  lob_info = pd.read_csv(lob_snap_path, header=None, names=columns)
[2026-04-04 21:27:45] [INFO] Loading processed real-flow orders...
[2026-04-04 21:27:52] [INFO] Window rows=33523 tokenizable_rows=16955
[2026-04-04 21:27:52] [INFO] Tokenizable side counts={49.0: 6913, 50.0: 6887, 99.0: 3155}
2026-04-04 21:27:56 [INFO] ======================================================================
2026-04-04 21:27:56 [INFO] decoded real-token open-anchor evaluation
2026-04-04 21:27:56 [INFO] ======================================================================
2026-04-04 21:27:56 [INFO] Evaluating: /finance_ML/zhanghaohan/stock_language_model/saved_LOB_stream/fixed_start_decoded_real_tokens_openbidanchor_002366XSHE_20260404_212230
2026-04-04 21:27:56 [INFO] 
── loading data ───────────────────────────────────────
2026-04-04 21:27:56 [INFO] Loading LOBSTER data from /finance_ML/zhanghaohan/stock_language_model/saved_LOB_stream/fixed_start_decoded_real_tokens_openbidanchor_002366XSHE_20260404_212230
2026-04-04 21:27:57 [INFO] Loaded 21,510 rows | 10 book levels | date 2025-07-10
2026-04-04 21:27:57 [INFO] Loading real reference LOBSTER data from /finance_ML/zhanghaohan/stock_language_model/saved_LOB_stream/fixed_start_realflow_generate_lobster_002366XSHE_20260403_232134
2026-04-04 21:27:57 [INFO] Loading LOBSTER data from /finance_ML/zhanghaohan/stock_language_model/saved_LOB_stream/fixed_start_realflow_generate_lobster_002366XSHE_20260403_232134
2026-04-04 21:27:57 [INFO] Loaded 33,282 rows | 10 book levels | date 2025-07-10
2026-04-04 21:27:57 [INFO] 
── computing metrics ──────────────────────────────────
2026-04-04 21:27:58 [WARNING] Reference metric log_time_to_cancel skipped: <lambda>() got an unexpected keyword argument 'include_groups'
2026-04-04 21:28:00 [WARNING] Reference conditional metric spread | volatility skipped: Invalid frequency: 0.1s
2026-04-04 21:28:00 [INFO] Computed now (generated-only): 15 metric groups
2026-04-04 21:28:00 [INFO] Computed (with real reference LOB data): 22 benchmark metric configs
2026-04-04 21:28:00 [INFO] Failed (with real reference LOB data): 2 benchmark metric configs
2026-04-04 21:28:00 [INFO] Skipped (needs true order-ID linkage): 2 metrics
2026-04-04 21:28:00 [INFO] 
── generating plots ───────────────────────────────────
2026-04-04 21:28:00 [INFO] saved mid_price.png
2026-04-04 21:28:01 [INFO] saved spread.png
2026-04-04 21:28:02 [INFO] saved returns_dist.png
2026-04-04 21:28:02 [INFO] saved autocorr.png
2026-04-04 21:28:02 [INFO] saved inter_arrival_time.png
2026-04-04 21:28:03 [INFO] saved l1_volume.png
2026-04-04 21:28:04 [INFO] saved volume_per_minute.png
2026-04-04 21:28:04 [INFO] saved orderbook_imbalance.png
2026-04-04 21:28:05 [INFO] saved orderflow_imbalance.png
2026-04-04 21:28:05 [INFO] saved event_type_counts.png
2026-04-04 21:28:05 [INFO] Skipped time-to-fill/time-to-cancel plots: requires true order-ID linkage (not available in synthetic IDs).
2026-04-04 21:28:06 [INFO] saved overview_panel.png
2026-04-04 21:28:06 [INFO] Wrote metrics summary: /finance_ML/zhanghaohan/stock_language_model/saved_LOB_stream/fixed_start_decoded_real_tokens_openbidanchor_002366XSHE_20260404_212230/metrics_summary.json
2026-04-04 21:28:06 [INFO] 
── all computed metrics summary ─────────────────────
2026-04-04 21:28:06 [INFO]   acf_returns_1min: [1.0, -0.40973204586369444, 0.5150051386719574, -0.357265709317511, 0.07432212583338678, -0.23916740364482494]
2026-04-04 21:28:06 [INFO]   direction_counts: {"-1": 10648, "1": 10862}
2026-04-04 21:28:06 [INFO]   direction_fractions: {"-1": 0.495, "1": 0.505}
2026-04-04 21:28:06 [INFO]   event_type_counts: {"1": 13800, "2": 171, "3": 2770, "4": 4769}
2026-04-04 21:28:06 [INFO]   event_type_fractions: {"1": 0.6416, "2": 0.0079, "3": 0.1288, "4": 0.2217}
2026-04-04 21:28:06 [INFO]   iat_ms: {"mean": 26.859020310633213, "median": 10.0, "n": 16740, "n_exec_excluded": 4769, "p95": 100.0, "std": 40.12127449298514}
2026-04-04 21:28:06 [INFO]   l1_volume: {"ask_mean": 80127.73593677359, "ask_median": 22850.0, "bid_mean": 124927.43840074383, "bid_median": 22200.0}
2026-04-04 21:28:06 [INFO]   mid_price: {"end_cny": 9.515, "end_price_int": 95150.0, "mean_cny": 9.501731287773127, "mean_price_int": 95017.31287773128, "mean_ticks_0p01": 950.1731287773129, "start_cny": 9.47, "start_price_int": 94700.0, "std_cny": 0.031972136768771836, "std_price_int": 319.72136768771844, "std_ticks_0p01": 3.197213676877185, "total_return_bps": 47.51847940865916}
2026-04-04 21:28:06 [INFO]   ob_imbalance: {"mean": 0.02168732790870784, "median": 0.06498419952508387, "std": 0.7906033326692548}
2026-04-04 21:28:06 [INFO]   orderflow_imbalance: {"mean": 32.72554880896777, "n": 21410, "std": 454.9061574591}
2026-04-04 21:28:06 [INFO]   returns_1min: {"kurtosis": -0.9702876024717719, "mean": 0.0009036855196702069, "n": 7, "skew": 0.8032774080807806, "std": 0.002813456778963431}
2026-04-04 21:28:06 [INFO]   spread_ticks: {"mean": 1.3534611090435429, "median": 1.0, "n": 21496, "pct_zero_spread": 0.0006508600650860065, "std": 0.6310712099223744, "tick_size_cny": 0.01, "tick_size_price_int": 100}
2026-04-04 21:28:06 [INFO]   total_volume_5lvl: {"ask_mean": 559976.8619246862, "bid_mean": 671060.0650860065}
2026-04-04 21:28:06 [INFO]   volatility_1min: 0.002813456778963431
2026-04-04 21:28:06 [INFO]   volume_per_minute: {"mean": 1258925.824175824, "n": 448, "total": 563998769.2307692}
2026-04-04 21:28:06 [INFO]   [real-vs-generated comparative metrics]
2026-04-04 21:28:06 [INFO]   ask_cancellation_depth: {"l1_by_group": 0.10616700800669263, "n_generated": 1522, "n_real": 1665, "wasserstein": 0.03436434845793606}
2026-04-04 21:28:06 [INFO]   ask_cancellation_levels: {"l1_by_group": 0.13844202116173612, "n_generated": 704, "n_real": 842, "wasserstein": 0.3146908935760264}
2026-04-04 21:28:06 [INFO]   ask_volume: {"l1_by_group": 0.5679783938394836, "n_generated": 21510, "n_real": 33282, "wasserstein": 1.143528654167568}
2026-04-04 21:28:06 [INFO]   ask_volume | spread: {"n_generated": 21510, "n_real": 33282, "num_condition_groups": 32, "per_group": {"1": {"n": 1, "wasserstein": null}, "10": {"n": 29, "wasserstein": null}, "11": {"n": 33, "wasserstein": null}, "12": {"n": 2, "wasserstein": null}, "13": {"n": 2, "wasserstein": null}, "14": {"n": 15, "wasserstein": null}, "15": {"n": 82, "wasserstein": null}, "16": {"n": 45, "wasserstein": null}, "17": {"n": 21, "wasserstein": null}, "18": {"n": 203, "wasserstein": null}, "19": {"n": 2221, "wasserstein": null}, "2": {"n": 1, "wasserstein": null}, "20": {"n": 5196, "wasserstein": null}, "21": {"n": 4342, "wasserstein": null}, "22": {"n": 2422, "wasserstein": null}, "23": {"n": 2242, "wasserstein": null}, "24": {"n": 3111, "wasserstein": null}, "25": {"n": 4351, "wasserstein": null}, "26": {"n": 4216, "wasserstein": 0.7109258805276777}, "27": {"n": 19647, "wasserstein": 0.5148063775321068}, "28": {"n": 5138, "wasserstein": 0.6842755326408718}, "29": {"n": 1200, "wasserstein": 0.6462077299042868}, "3": {"n": 19, "wasserstein": null}, "30": {"n": 182, "wasserstein": null}, "31": {"n": 9, "wasserstein": null}, "32": {"n": 8, "wasserstein": null}, "4": {"n": 1, "wasserstein": null}, "5": {"n": 16, "wasserstein": null}, "6": {"n": 1, "wasserstein": null}, "7": {"n": 4, "wasserstein": null}, "8": {"n": 12, "wasserstein": null}, "9": {"n": 20, "wasserstein": null}}, "weighted_wasserstein": null}
2026-04-04 21:28:06 [INFO]   ask_volume_touch: {"l1_by_group": 0.717354198268681, "n_generated": 21510, "n_real": 33282, "wasserstein": 0.908431430900149}
2026-04-04 21:28:06 [INFO]   bid_cancellation_depth: {"l1_by_group": 0.09819305753685212, "n_generated": 1402, "n_real": 1290, "wasserstein": 0.04992435661136642}
2026-04-04 21:28:06 [INFO]   bid_cancellation_levels: {"l1_by_group": 0.10068988173455977, "n_generated": 752, "n_real": 761, "wasserstein": 0.10188594705066326}
2026-04-04 21:28:06 [INFO]   bid_volume: {"l1_by_group": 0.5439608880521192, "n_generated": 21510, "n_real": 33282, "wasserstein": 0.9518691049119423}
2026-04-04 21:28:06 [INFO]   bid_volume_touch: {"l1_by_group": 0.28236253705182973, "n_generated": 21510, "n_real": 33282, "wasserstein": 0.6296345281515341}
2026-04-04 21:28:06 [INFO]   limit_ask_order_depth: {"l1_by_group": 0.28996131610702885, "n_generated": 7174, "n_real": 9316, "wasserstein": 0.0985489743902143}
2026-04-04 21:28:06 [INFO]   limit_ask_order_levels: {"l1_by_group": 0.3523127824984377, "n_generated": 5286, "n_real": 8621, "wasserstein": 0.3735667742368128}
2026-04-04 21:28:06 [INFO]   limit_bid_order_depth: {"l1_by_group": 0.20056984327425828, "n_generated": 6616, "n_real": 3610, "wasserstein": 0.2366848335267558}
2026-04-04 21:28:06 [INFO]   limit_bid_order_levels: {"l1_by_group": 0.228986093940868, "n_generated": 5601, "n_real": 8452, "wasserstein": 0.2452188627328164}
2026-04-04 21:28:06 [INFO]   log_inter_arrival_time: {"l1_by_group": 0.056524038663338445, "n_generated": 21509, "n_real": 33281, "wasserstein": 0.11390931743153722}
2026-04-04 21:28:06 [INFO]   ofi: {"l1_by_group": 0.2694362747837349, "n_generated": 21410, "n_real": 33182, "wasserstein": 0.3187982748148758}
2026-04-04 21:28:06 [INFO]   ofi_down: {"l1_by_group": 0.3529788034616832, "n_generated": 476, "n_real": 3015, "wasserstein": 0.2901577218432731}
2026-04-04 21:28:06 [INFO]   ofi_stay: {"l1_by_group": 0.26315695425418106, "n_generated": 20444, "n_real": 27149, "wasserstein": 0.3040967615857152}
2026-04-04 21:28:06 [INFO]   ofi_up: {"l1_by_group": 0.3074073094997468, "n_generated": 489, "n_real": 3017, "wasserstein": 0.32096624636071774}
2026-04-04 21:28:06 [INFO]   orderbook_imbalance: {"l1_by_group": 0.3721016474156812, "n_generated": 21510, "n_real": 33282, "wasserstein": 0.48363351957305895}
2026-04-04 21:28:06 [INFO]   spread: {"l1_by_group": 0.8584922202786434, "n_generated": 21510, "n_real": 33282, "wasserstein": 1.3577750428900395}
2026-04-04 21:28:06 [INFO]   spread | time: {"n_generated": 21510, "n_real": 33282, "num_condition_groups": 1, "per_group": {"10": {"n": 54792, "wasserstein": 1.3577750428900395}}, "weighted_wasserstein": 1.3577750428900395}
2026-04-04 21:28:06 [INFO]   vol_per_min: {"l1_by_group": 0.19032937171524128, "n_generated": 448, "n_real": 598, "wasserstein": 0.28375799981096367}
