[2026-04-04 22:24:46] [INFO] Experiment folder: /finance_ML/zhanghaohan/stock_language_model/saved_LOB_stream/fixed_start_decoded_real_tokens_openbidanchor_txncomplete_002263XSHE_20260404_222446
[2026-04-04 22:24:46] [INFO] Loading and normalizing snapshot table...
scripts/hist_script/replay_decoded_real_tokens_openbidanchor_txncomplete_fixed_start.py:117: DtypeWarning: Columns (1,2,3,5,6,7,8,9,10,11,12,13,14,15,16,17,18,19,20,21,22,23,24,25,26,27,28,29,30,31,32,33,34,35,36,37,38,39,40,41,42,43,44,45,46,47,48,49,50,51,52,53,54,55,56,57,58,59,60,61,62,63,64,65,66,67,68,69,70,71,72,73,74,75,76,77,78,79,80,81,82,83,84,85,86,88) have mixed types. Specify dtype option on import or set low_memory=False.
  lob_info = pd.read_csv(lob_snap_path, header=None, names=columns)
[2026-04-04 22:30:07] [INFO] Loading processed real-flow orders...
[2026-04-04 22:30:14] [INFO] Window rows=36305 tokenizable_rows=36305
[2026-04-04 22:30:14] [INFO] Tokenizable side counts={129.0: 10990, 130.0: 10989, 49.0: 6287, 50.0: 4432, 99.0: 3607}
2026-04-04 22:30:22 [INFO] ======================================================================
2026-04-04 22:30:22 [INFO] decoded real-token open-anchor txn-complete evaluation
2026-04-04 22:30:22 [INFO] ======================================================================
2026-04-04 22:30:22 [INFO] Evaluating: /finance_ML/zhanghaohan/stock_language_model/saved_LOB_stream/fixed_start_decoded_real_tokens_openbidanchor_txncomplete_002263XSHE_20260404_222446
2026-04-04 22:30:22 [INFO] 
── loading data ───────────────────────────────────────
2026-04-04 22:30:22 [INFO] Loading LOBSTER data from /finance_ML/zhanghaohan/stock_language_model/saved_LOB_stream/fixed_start_decoded_real_tokens_openbidanchor_txncomplete_002263XSHE_20260404_222446
2026-04-04 22:30:22 [INFO] Loaded 16,154 rows | 10 book levels | date 2025-07-10
2026-04-04 22:30:22 [INFO] Loading real reference LOBSTER data from /finance_ML/zhanghaohan/stock_language_model/saved_LOB_stream/fixed_start_realflow_generate_lobster_002263XSHE_20260403_232134
2026-04-04 22:30:22 [INFO] Loading LOBSTER data from /finance_ML/zhanghaohan/stock_language_model/saved_LOB_stream/fixed_start_realflow_generate_lobster_002263XSHE_20260403_232134
2026-04-04 22:30:23 [INFO] Loaded 41,451 rows | 10 book levels | date 2025-07-10
2026-04-04 22:30:23 [INFO] 
── computing metrics ──────────────────────────────────
/finance_ML/zhanghaohan/mycondaenv/lib/python3.8/site-packages/statsmodels/tsa/stattools.py:693: RuntimeWarning: invalid value encountered in divide
  acf = avf[: nlags + 1] / avf[0]
2026-04-04 22:30:23 [WARNING] Reference metric log_time_to_cancel skipped: <lambda>() got an unexpected keyword argument 'include_groups'
2026-04-04 22:30:26 [WARNING] Reference conditional metric spread | volatility skipped: Invalid frequency: 0.1s
2026-04-04 22:30:26 [INFO] Computed now (generated-only): 15 metric groups
2026-04-04 22:30:26 [INFO] Computed (with real reference LOB data): 22 benchmark metric configs
2026-04-04 22:30:26 [INFO] Failed (with real reference LOB data): 2 benchmark metric configs
2026-04-04 22:30:26 [INFO] Skipped (needs true order-ID linkage): 2 metrics
2026-04-04 22:30:26 [INFO] 
── generating plots ───────────────────────────────────
2026-04-04 22:30:26 [INFO] saved mid_price.png
2026-04-04 22:30:27 [INFO] saved spread.png
2026-04-04 22:30:27 [INFO] saved returns_dist.png
/finance_ML/zhanghaohan/mycondaenv/lib/python3.8/site-packages/statsmodels/tsa/stattools.py:693: RuntimeWarning: invalid value encountered in divide
  acf = avf[: nlags + 1] / avf[0]
2026-04-04 22:30:27 [INFO] saved autocorr.png
2026-04-04 22:30:28 [INFO] saved inter_arrival_time.png
2026-04-04 22:30:28 [INFO] saved l1_volume.png
2026-04-04 22:30:29 [INFO] saved volume_per_minute.png
2026-04-04 22:30:30 [INFO] saved orderbook_imbalance.png
2026-04-04 22:30:30 [INFO] saved orderflow_imbalance.png
2026-04-04 22:30:30 [INFO] saved event_type_counts.png
2026-04-04 22:30:30 [INFO] Skipped time-to-fill/time-to-cancel plots: requires true order-ID linkage (not available in synthetic IDs).
2026-04-04 22:30:31 [INFO] saved overview_panel.png
2026-04-04 22:30:31 [INFO] Wrote metrics summary: /finance_ML/zhanghaohan/stock_language_model/saved_LOB_stream/fixed_start_decoded_real_tokens_openbidanchor_txncomplete_002263XSHE_20260404_222446/metrics_summary.json
2026-04-04 22:30:31 [INFO] 
── all computed metrics summary ─────────────────────
2026-04-04 22:30:31 [INFO]   acf_returns_1min: [NaN, NaN, NaN, NaN, NaN, NaN, NaN, NaN, NaN]
2026-04-04 22:30:31 [INFO]   direction_counts: {"-1": 6042, "1": 10112}
2026-04-04 22:30:31 [INFO]   direction_fractions: {"-1": 0.374, "1": 0.626}
2026-04-04 22:30:31 [INFO]   event_type_counts: {"1": 7060, "2": 101, "3": 2973, "4": 6020}
2026-04-04 22:30:31 [INFO]   event_type_fractions: {"1": 0.437, "2": 0.0063, "3": 0.184, "4": 0.3727}
2026-04-04 22:30:31 [INFO]   iat_ms: {"mean": 59.91216816342643, "median": 40.0, "n": 10133, "n_exec_excluded": 6020, "p95": 200.0, "std": 71.60573131373272}
2026-04-04 22:30:31 [INFO]   l1_volume: {"ask_mean": 76165.35842515786, "ask_median": 76200.0, "bid_mean": 391431.8132970162, "bid_median": 484694.0}
2026-04-04 22:30:31 [INFO]   mid_price: {"end_cny": 4.345, "end_price_int": 43450.0, "mean_cny": 4.344991952457596, "mean_price_int": 43449.919524575955, "mean_ticks_0p01": 434.49919524575955, "start_cny": 4.345, "start_price_int": 43450.0, "std_cny": 0.00026083335336458036, "std_price_int": 2.6083335336458577, "std_ticks_0p01": 0.026083335336458593, "total_return_bps": 0.0}
2026-04-04 22:30:31 [INFO]   ob_imbalance: {"mean": 0.5998597049504095, "median": 0.728290907016299, "std": 0.22053475742311637}
2026-04-04 22:30:31 [INFO]   orderflow_imbalance: {"mean": 27.11230845895104, "n": 16054, "std": 211.1317683545924}
2026-04-04 22:30:31 [INFO]   returns_1min: {"kurtosis": 0.0, "mean": 0.0, "n": 10, "skew": 0.0, "std": 0.0}
2026-04-04 22:30:31 [INFO]   spread_ticks: {"mean": 1.0004952333787298, "median": 1.0, "n": 16154, "pct_zero_spread": 0.0, "std": 0.022249017199807798, "tick_size_cny": 0.01, "tick_size_price_int": 100}
2026-04-04 22:30:31 [INFO]   total_volume_5lvl: {"ask_mean": 988718.1169988858, "bid_mean": 3686560.849201436}
2026-04-04 22:30:31 [INFO]   volatility_1min: 0.0
2026-04-04 22:30:31 [INFO]   volume_per_minute: {"mean": 1201062.6231653735, "n": 563, "total": 676198256.8421053}
2026-04-04 22:30:31 [INFO]   [real-vs-generated comparative metrics]
2026-04-04 22:30:31 [INFO]   ask_cancellation_depth: {"l1_by_group": 0.4048043610040575, "n_generated": 1171, "n_real": 1351, "wasserstein": 0.22345453802761778}
2026-04-04 22:30:31 [INFO]   ask_cancellation_levels: {"l1_by_group": 0.14432710397591875, "n_generated": 850, "n_real": 938, "wasserstein": 0.3254515935899941}
2026-04-04 22:30:31 [INFO]   ask_volume: {"l1_by_group": 0.5776795107721221, "n_generated": 16154, "n_real": 41451, "wasserstein": 0.4111759196760965}
2026-04-04 22:30:31 [INFO]   ask_volume | spread: {"n_generated": 16154, "n_real": 41451, "num_condition_groups": 20, "per_group": {"1": {"n": 1, "wasserstein": null}, "10": {"n": 224, "wasserstein": null}, "11": {"n": 537, "wasserstein": null}, "12": {"n": 1984, "wasserstein": null}, "13": {"n": 6604, "wasserstein": null}, "14": {"n": 5115, "wasserstein": null}, "15": {"n": 3673, "wasserstein": null}, "16": {"n": 2999, "wasserstein": null}, "17": {"n": 5397, "wasserstein": null}, "18": {"n": 11977, "wasserstein": null}, "19": {"n": 18747, "wasserstein": 0.11991795711373829}, "2": {"n": 4, "wasserstein": null}, "20": {"n": 17, "wasserstein": null}, "3": {"n": 28, "wasserstein": null}, "4": {"n": 24, "wasserstein": null}, "5": {"n": 20, "wasserstein": null}, "6": {"n": 63, "wasserstein": null}, "7": {"n": 22, "wasserstein": null}, "8": {"n": 65, "wasserstein": null}, "9": {"n": 104, "wasserstein": null}}, "weighted_wasserstein": null}
2026-04-04 22:30:31 [INFO]   ask_volume_touch: {"l1_by_group": 2.4124870328794868e-05, "n_generated": 16154, "n_real": 41451, "wasserstein": 0.1354112715827631}
2026-04-04 22:30:31 [INFO]   bid_cancellation_depth: {"l1_by_group": 0.3839970069596207, "n_generated": 1903, "n_real": 2097, "wasserstein": 0.17593434979476047}
2026-04-04 22:30:31 [INFO]   bid_cancellation_levels: {"l1_by_group": 0.1859603272256719, "n_generated": 1782, "n_real": 1765, "wasserstein": 0.1827097658292887}
2026-04-04 22:30:31 [INFO]   bid_volume: {"l1_by_group": 0.7634318277087483, "n_generated": 16154, "n_real": 41451, "wasserstein": 1.3165552407547494}
2026-04-04 22:30:31 [INFO]   bid_volume_touch: {"l1_by_group": 0.6789246112497576, "n_generated": 16154, "n_real": 41451, "wasserstein": 1.0959314281147994}
2026-04-04 22:30:31 [INFO]   limit_ask_order_depth: {"l1_by_group": 0.6406382206990303, "n_generated": 4432, "n_real": 10065, "wasserstein": 0.40467083601810083}
2026-04-04 22:30:31 [INFO]   limit_ask_order_levels: {"l1_by_group": 0.4029648464752772, "n_generated": 3712, "n_real": 11615, "wasserstein": 0.7620822491477824}
2026-04-04 22:30:31 [INFO]   limit_bid_order_depth: {"l1_by_group": 0.4998892241771858, "n_generated": 2628, "n_real": 3727, "wasserstein": 0.11481980529842374}
2026-04-04 22:30:31 [INFO]   limit_bid_order_levels: {"l1_by_group": 0.48662299970088985, "n_generated": 2488, "n_real": 11008, "wasserstein": 0.9551457956533215}
2026-04-04 22:30:31 [INFO]   log_inter_arrival_time: {"l1_by_group": 0.30087373925916655, "n_generated": 16153, "n_real": 41450, "wasserstein": 0.6159254486047225}
2026-04-04 22:30:31 [INFO]   ofi: {"l1_by_group": 0.4451620842653312, "n_generated": 16054, "n_real": 41351, "wasserstein": 0.42870703576827984}
2026-04-04 22:30:31 [INFO]   ofi_down: {"l1_by_group": 0.9891774891774892, "n_generated": 3, "n_real": 3234, "wasserstein": 1.246032355785704}
2026-04-04 22:30:31 [INFO]   ofi_stay: {"l1_by_group": 0.45493809821941195, "n_generated": 16047, "n_real": 34877, "wasserstein": 0.44566476879953426}
2026-04-04 22:30:31 [INFO]   ofi_up: {"l1_by_group": 0.9888854584748378, "n_generated": 3, "n_real": 3239, "wasserstein": 1.3346199706088036}
2026-04-04 22:30:31 [INFO]   orderbook_imbalance: {"l1_by_group": 0.6283164502102476, "n_generated": 16154, "n_real": 41451, "wasserstein": 1.0333134587875101}
2026-04-04 22:30:31 [INFO]   spread: {"l1_by_group": 0.9370340884417746, "n_generated": 16154, "n_real": 41451, "wasserstein": 1.3034682025990165}
2026-04-04 22:30:31 [INFO]   spread | time: {"n_generated": 16154, "n_real": 41451, "num_condition_groups": 1, "per_group": {"10": {"n": 57605, "wasserstein": 1.3034682025990165}}, "weighted_wasserstein": 1.3034682025990165}
2026-04-04 22:30:31 [INFO]   vol_per_min: {"l1_by_group": 0.48347123420536664, "n_generated": 563, "n_real": 597, "wasserstein": 0.6116288271389757}
