
================ 20250710 | 000981_XSHE | openbidanchor ================
Reading Order Post data...
/finance_ML/zhanghaohan/stock_language_model/utility/sim_helper_unified.py:736: DtypeWarning: Columns (0,1,2,3,4,5,6,7,9,11) have mixed types. Specify dtype option on import or set low_memory=False.
  order_post = pd.read_csv(order_post_dir, header=None, names=col_names)
Cleaning Order Post data...
Reading Liquidity Mask data...
Unpivoting Liquidity Mask data...
Merging DataFrames...
Merge complete!
Filtering merged data for high liquidity...
Filtering out pre-market data (before 09:30:00)...
Filtering for specific OrdType...
Looking up fixed L1 bid anchors at 09:31:00...
/finance_ML/zhanghaohan/stock_language_model/utility/sim_helper_unified.py:60: DtypeWarning: Columns (2,27,47) have mixed types. Specify dtype option on import or set low_memory=False.
  lob_info = pd.read_csv(
Reading Order Transaction data...
/finance_ML/zhanghaohan/stock_language_model/utility/sim_helper_unified.py:816: DtypeWarning: Columns (0,1,2,3,4,5,6,7,8,9,12) have mixed types. Specify dtype option on import or set low_memory=False.
  order_transac = pd.read_csv(order_transac_dir, header=None, names=order_transac_col_names)
Expanding transaction rows for bid/offer order matches...
Matching transaction rows back to posted orders...
Real-flow open-anchor processing complete!
[20250710] stock: 000981_XSHE
[20250710] rows: 216731
[20250710] stocks: 1
[anchor] {'anchor_time': '09:31:00', 'anchor_bid_price': 2.09, 'anchor_bid_tick': 209, 'anchor_ask_price': 2.1, 'anchor_update_time': '09:31:00.000'}
[cache] df -> /finance_ML/zhanghaohan/stock_language_model/saved_LOB_stream/processed_real_flow/final_result_for_merge_realflow_openbidanchor_20250710_000981XSHE_20260404_2101.joblib
[cache] bin_record -> /finance_ML/zhanghaohan/stock_language_model/saved_LOB_stream/processed_real_flow/bin_record_realflow_openbidanchor_20250710_000981XSHE_20260404_2101.json
[cache] summary -> /finance_ML/zhanghaohan/stock_language_model/saved_LOB_stream/processed_real_flow/final_result_for_merge_realflow_openbidanchor_20250710_000981XSHE_20260404_2101.json
