[2026-04-05 12:08:17] [INFO] Experiment folder: /finance_ML/zhanghaohan/stock_language_model/saved_LOB_stream/fixed_start_decoded_real_tokens_openbidanchor_exactprice_002263XSHE_20260405_120817
[2026-04-05 12:08:17] [INFO] Loading and normalizing snapshot table...
scripts/hist_script/replay_decoded_real_tokens_openbidanchor_exactprice_fixed_start.py:117: DtypeWarning: Columns (1,2,3,5,6,7,8,9,10,11,12,13,14,15,16,17,18,19,20,21,22,23,24,25,26,27,28,29,30,31,32,33,34,35,36,37,38,39,40,41,42,43,44,45,46,47,48,49,50,51,52,53,54,55,56,57,58,59,60,61,62,63,64,65,66,67,68,69,70,71,72,73,74,75,76,77,78,79,80,81,82,83,84,85,86,88) have mixed types. Specify dtype option on import or set low_memory=False.
  lob_info = pd.read_csv(lob_snap_path, header=None, names=columns)
[2026-04-05 12:14:09] [INFO] Loading processed real-flow orders...
[2026-04-05 12:14:17] [INFO] Window rows=41603 tokenizable_rows=19624
[2026-04-05 12:14:17] [INFO] Tokenizable side counts={49.0: 9030, 50.0: 6987, 99.0: 3607}
2026-04-05 12:14:23 [INFO] ======================================================================
2026-04-05 12:14:23 [INFO] decoded real-token open-anchor exact-price evaluation
2026-04-05 12:14:23 [INFO] ======================================================================
2026-04-05 12:14:23 [INFO] Evaluating: /finance_ML/zhanghaohan/stock_language_model/saved_LOB_stream/fixed_start_decoded_real_tokens_openbidanchor_exactprice_002263XSHE_20260405_120817
2026-04-05 12:14:23 [INFO] 
── loading data ───────────────────────────────────────
2026-04-05 12:14:23 [INFO] Loading LOBSTER data from /finance_ML/zhanghaohan/stock_language_model/saved_LOB_stream/fixed_start_decoded_real_tokens_openbidanchor_exactprice_002263XSHE_20260405_120817
2026-04-05 12:14:23 [INFO] Loaded 25,008 rows | 10 book levels | date 2025-07-10
2026-04-05 12:14:23 [INFO] Loading real reference LOBSTER data from /finance_ML/zhanghaohan/stock_language_model/saved_LOB_stream/fixed_start_realflow_generate_lobster_002263XSHE_20260403_232134
2026-04-05 12:14:23 [INFO] Loading LOBSTER data from /finance_ML/zhanghaohan/stock_language_model/saved_LOB_stream/fixed_start_realflow_generate_lobster_002263XSHE_20260403_232134
2026-04-05 12:14:23 [INFO] Loaded 41,451 rows | 10 book levels | date 2025-07-10
2026-04-05 12:14:23 [INFO] 
── computing metrics ──────────────────────────────────
2026-04-05 12:14:24 [WARNING] Reference metric log_time_to_cancel skipped: <lambda>() got an unexpected keyword argument 'include_groups'
2026-04-05 12:14:27 [WARNING] Reference conditional metric spread | volatility skipped: Invalid frequency: 0.1s
2026-04-05 12:14:27 [INFO] Computed now (generated-only): 15 metric groups
2026-04-05 12:14:27 [INFO] Computed (with real reference LOB data): 22 benchmark metric configs
2026-04-05 12:14:27 [INFO] Failed (with real reference LOB data): 2 benchmark metric configs
2026-04-05 12:14:27 [INFO] Skipped (needs true order-ID linkage): 2 metrics
2026-04-05 12:14:27 [INFO] 
── generating plots ───────────────────────────────────
2026-04-05 12:14:28 [INFO] saved mid_price.png
2026-04-05 12:14:29 [INFO] saved spread.png
2026-04-05 12:14:29 [INFO] saved returns_dist.png
2026-04-05 12:14:29 [INFO] saved autocorr.png
2026-04-05 12:14:30 [INFO] saved inter_arrival_time.png
2026-04-05 12:14:30 [INFO] saved l1_volume.png
2026-04-05 12:14:31 [INFO] saved volume_per_minute.png
2026-04-05 12:14:32 [INFO] saved orderbook_imbalance.png
2026-04-05 12:14:32 [INFO] saved orderflow_imbalance.png
2026-04-05 12:14:33 [INFO] saved event_type_counts.png
2026-04-05 12:14:33 [INFO] Skipped time-to-fill/time-to-cancel plots: requires true order-ID linkage (not available in synthetic IDs).
2026-04-05 12:14:34 [INFO] saved overview_panel.png
2026-04-05 12:14:34 [INFO] Wrote metrics summary: /finance_ML/zhanghaohan/stock_language_model/saved_LOB_stream/fixed_start_decoded_real_tokens_openbidanchor_exactprice_002263XSHE_20260405_120817/metrics_summary.json
2026-04-05 12:14:34 [INFO] 
── all computed metrics summary ─────────────────────
2026-04-05 12:14:34 [INFO]   acf_returns_1min: [1.0, 0.2691929137628474, -0.20212828523747986, -0.3974271467300582, -0.26595558134694375, 0.06423116079295296]
2026-04-05 12:14:34 [INFO]   direction_counts: {"-1": 10840, "1": 14168}
2026-04-05 12:14:34 [INFO]   direction_fractions: {"-1": 0.4335, "1": 0.5665}
2026-04-05 12:14:34 [INFO]   event_type_counts: {"1": 16017, "2": 108, "3": 3374, "4": 5509}
2026-04-05 12:14:34 [INFO]   event_type_fractions: {"1": 0.6405, "2": 0.0043, "3": 0.1349, "4": 0.2203}
2026-04-05 12:14:34 [INFO]   iat_ms: {"mean": 21.877115601600163, "median": 10.0, "n": 19498, "n_exec_excluded": 5509, "p95": 90.0, "std": 34.97483878522665}
2026-04-05 12:14:34 [INFO]   l1_volume: {"ask_mean": 273315.97888675623, "ask_median": 125200.0, "bid_mean": 422550.99568138196, "bid_median": 349800.0}
2026-04-05 12:14:34 [INFO]   mid_price: {"end_cny": 4.395, "end_price_int": 43950.0, "mean_cny": 4.37569217850288, "mean_price_int": 43756.92178502879, "mean_ticks_0p01": 437.5692178502879, "start_cny": 4.345, "start_price_int": 43450.0, "std_cny": 0.018772481506376896, "std_price_int": 187.72481506377162, "std_ticks_0p01": 1.877248150637716, "total_return_bps": 115.07479861910141}
2026-04-05 12:14:34 [INFO]   ob_imbalance: {"mean": 0.19344364164812677, "median": 0.3100338218714769, "std": 0.6094396237820514}
2026-04-05 12:14:34 [INFO]   orderflow_imbalance: {"mean": 43.34880359723783, "n": 24908, "std": 1384.6704044441203}
2026-04-05 12:14:34 [INFO]   returns_1min: {"kurtosis": 2.298886648595902, "mean": 0.0006515730467945449, "n": 7, "skew": 1.4178512171011772, "std": 0.003154338741325582}
2026-04-05 12:14:34 [INFO]   spread_ticks: {"mean": 1.0222328854766474, "median": 1.0, "n": 25008, "pct_zero_spread": 0.0, "std": 0.1501307085266016, "tick_size_cny": 0.01, "tick_size_price_int": 100}
2026-04-05 12:14:34 [INFO]   total_volume_5lvl: {"ask_mean": 1425222.0089571336, "bid_mean": 2783952.659149072}
2026-04-05 12:14:34 [INFO]   volatility_1min: 0.003154338741325582
2026-04-05 12:14:34 [INFO]   volume_per_minute: {"mean": 2978852.4258760107, "n": 424, "total": 1263033428.5714285}
2026-04-05 12:14:34 [INFO]   [real-vs-generated comparative metrics]
2026-04-05 12:14:34 [INFO]   ask_cancellation_depth: {"l1_by_group": 0.27170725590839406, "n_generated": 1098, "n_real": 1351, "wasserstein": 0.0882019084162882}
2026-04-05 12:14:34 [INFO]   ask_cancellation_levels: {"l1_by_group": 0.2320124161260943, "n_generated": 803, "n_real": 938, "wasserstein": 0.2988659643838787}
2026-04-05 12:14:34 [INFO]   ask_volume: {"l1_by_group": 0.5575196178953935, "n_generated": 25008, "n_real": 41451, "wasserstein": 0.5543076192344767}
2026-04-05 12:14:34 [INFO]   ask_volume | spread: {"n_generated": 25008, "n_real": 41451, "num_condition_groups": 21, "per_group": {"1": {"n": 1, "wasserstein": null}, "10": {"n": 224, "wasserstein": null}, "11": {"n": 537, "wasserstein": null}, "12": {"n": 1984, "wasserstein": null}, "13": {"n": 6604, "wasserstein": null}, "14": {"n": 5115, "wasserstein": null}, "15": {"n": 3673, "wasserstein": null}, "16": {"n": 2999, "wasserstein": null}, "17": {"n": 5397, "wasserstein": null}, "18": {"n": 11977, "wasserstein": null}, "19": {"n": 27063, "wasserstein": 0.66897430636026}, "2": {"n": 4, "wasserstein": null}, "20": {"n": 545, "wasserstein": 1.1183927942103788}, "21": {"n": 10, "wasserstein": null}, "3": {"n": 28, "wasserstein": null}, "4": {"n": 24, "wasserstein": null}, "5": {"n": 20, "wasserstein": null}, "6": {"n": 63, "wasserstein": null}, "7": {"n": 22, "wasserstein": null}, "8": {"n": 65, "wasserstein": null}, "9": {"n": 104, "wasserstein": null}}, "weighted_wasserstein": null}
2026-04-05 12:14:34 [INFO]   ask_volume_touch: {"l1_by_group": 7.997440818939438e-05, "n_generated": 25008, "n_real": 41451, "wasserstein": 0.9519058948299712}
2026-04-05 12:14:34 [INFO]   bid_cancellation_depth: {"l1_by_group": 0.25953402820355614, "n_generated": 2380, "n_real": 2097, "wasserstein": 0.1409611839835605}
2026-04-05 12:14:34 [INFO]   bid_cancellation_levels: {"l1_by_group": 0.0398403151657598, "n_generated": 1779, "n_real": 1765, "wasserstein": 0.027214336638424225}
2026-04-05 12:14:34 [INFO]   bid_volume: {"l1_by_group": 0.6452966504724422, "n_generated": 25008, "n_real": 41451, "wasserstein": 0.4480646053709417}
2026-04-05 12:14:34 [INFO]   bid_volume_touch: {"l1_by_group": 0.41948309189246463, "n_generated": 25008, "n_real": 41451, "wasserstein": 0.8879272428095683}
2026-04-05 12:14:34 [INFO]   limit_ask_order_depth: {"l1_by_group": 0.5981148994132901, "n_generated": 6991, "n_real": 10065, "wasserstein": 0.154488736394045}
2026-04-05 12:14:34 [INFO]   limit_ask_order_levels: {"l1_by_group": 0.4161604175670107, "n_generated": 6123, "n_real": 11615, "wasserstein": 0.36696262050090006}
2026-04-05 12:14:34 [INFO]   limit_bid_order_depth: {"l1_by_group": 0.4911249649591016, "n_generated": 9022, "n_real": 3727, "wasserstein": 0.4023812774113986}
2026-04-05 12:14:34 [INFO]   limit_bid_order_levels: {"l1_by_group": 0.13534260399679326, "n_generated": 8485, "n_real": 11008, "wasserstein": 0.17770406789998666}
2026-04-05 12:14:34 [INFO]   log_inter_arrival_time: {"l1_by_group": 0.0632358910554502, "n_generated": 25007, "n_real": 41450, "wasserstein": 0.12893687955566444}
2026-04-05 12:14:34 [INFO]   ofi: {"l1_by_group": 0.3270673412199602, "n_generated": 24908, "n_real": 41351, "wasserstein": 0.3529794448877812}
2026-04-05 12:14:34 [INFO]   ofi_down: {"l1_by_group": 0.4534755720470006, "n_generated": 100, "n_real": 3234, "wasserstein": 0.5526882491771801}
2026-04-05 12:14:34 [INFO]   ofi_stay: {"l1_by_group": 0.314425120746438, "n_generated": 24715, "n_real": 34877, "wasserstein": 0.32705238008655013}
2026-04-05 12:14:34 [INFO]   ofi_up: {"l1_by_group": 0.49262050820838443, "n_generated": 92, "n_real": 3239, "wasserstein": 0.7164890642196211}
2026-04-05 12:14:34 [INFO]   orderbook_imbalance: {"l1_by_group": 0.3636853692524406, "n_generated": 25008, "n_real": 41451, "wasserstein": 0.30011803388846847}
2026-04-05 12:14:34 [INFO]   spread: {"l1_by_group": 0.9370340884417746, "n_generated": 25008, "n_real": 41451, "wasserstein": 1.3288335872173913}
2026-04-05 12:14:34 [INFO]   spread | time: {"n_generated": 25008, "n_real": 41451, "num_condition_groups": 1, "per_group": {"10": {"n": 66459, "wasserstein": 1.3288335872173913}}, "weighted_wasserstein": 1.3288335872173913}
2026-04-05 12:14:34 [INFO]   vol_per_min: {"l1_by_group": 0.14201115641098572, "n_generated": 424, "n_real": 597, "wasserstein": 0.2633282073641458}
