
================ 20250710 | 002263_XSHE | openbidanchor_txncomplete ================
Reading Order Post data...
/finance_ML/zhanghaohan/stock_language_model/utility/sim_helper_unified.py:1040: DtypeWarning: Columns (0,1,2,3,4,5,6,7,9,11) have mixed types. Specify dtype option on import or set low_memory=False.
  order_post = pd.read_csv(order_post_dir, header=None, names=col_names)
Cleaning Order Post data...
Reading Liquidity Mask data...
Unpivoting Liquidity Mask data...
Merging DataFrames...
Merge complete!
Filtering merged data for high liquidity...
Filtering out pre-market data (before 09:30:00)...
Filtering for specific OrdType...
Looking up fixed L1 bid anchors at 09:31:00...
/finance_ML/zhanghaohan/stock_language_model/utility/sim_helper_unified.py:60: DtypeWarning: Columns (2,27,47) have mixed types. Specify dtype option on import or set low_memory=False.
  lob_info = pd.read_csv(
Reading Order Transaction data...
/finance_ML/zhanghaohan/stock_language_model/utility/sim_helper_unified.py:1120: DtypeWarning: Columns (0,1,2,3,4,5,6,7,8,9,12) have mixed types. Specify dtype option on import or set low_memory=False.
  order_transac = pd.read_csv(order_transac_dir, header=None, names=order_transac_col_names)
Expanding transaction rows for bid/offer order matches...
Matching transaction rows back to posted orders...
Real-flow open-anchor txn-complete processing complete!
[20250710] stock: 002263_XSHE
[20250710] rows: 764870
[20250710] stocks: 1
[anchor] {'anchor_time': '09:31:00', 'anchor_bid_price': 4.45, 'anchor_bid_tick': 445, 'anchor_ask_price': 4.46, 'anchor_update_time': '09:31:00.000'}
[schema] {'49': 'bid_post', '50': 'ask_post', '99': 'cancel', '129': 'transaction_complete_resting_bid', '130': 'transaction_complete_resting_ask'}
[cache] df -> /finance_ML/zhanghaohan/stock_language_model/saved_LOB_stream/processed_real_flow/final_result_for_merge_realflow_openbidanchor_txncomplete_20250710_002263XSHE_20260404_2207.joblib
[cache] bin_record -> /finance_ML/zhanghaohan/stock_language_model/saved_LOB_stream/processed_real_flow/bin_record_realflow_openbidanchor_txncomplete_20250710_002263XSHE_20260404_2207.json
[cache] summary -> /finance_ML/zhanghaohan/stock_language_model/saved_LOB_stream/processed_real_flow/final_result_for_merge_realflow_openbidanchor_txncomplete_20250710_002263XSHE_20260404_2207.json
