[2026-04-04 22:24:46] [INFO] Experiment folder: /finance_ML/zhanghaohan/stock_language_model/saved_LOB_stream/fixed_start_decoded_real_tokens_openbidanchor_txncomplete_000617XSHE_20260404_222446
[2026-04-04 22:24:46] [INFO] Loading and normalizing snapshot table...
scripts/hist_script/replay_decoded_real_tokens_openbidanchor_txncomplete_fixed_start.py:117: DtypeWarning: Columns (1,2,3,5,6,7,8,9,10,11,12,13,14,15,16,17,18,19,20,21,22,23,24,25,26,27,28,29,30,31,32,33,34,35,36,37,38,39,40,41,42,43,44,45,46,47,48,49,50,51,52,53,54,55,56,57,58,59,60,61,62,63,64,65,66,67,68,69,70,71,72,73,74,75,76,77,78,79,80,81,82,83,84,85,86,88) have mixed types. Specify dtype option on import or set low_memory=False.
  lob_info = pd.read_csv(lob_snap_path, header=None, names=columns)
[2026-04-04 22:30:02] [INFO] Loading processed real-flow orders...
[2026-04-04 22:30:12] [INFO] Window rows=66758 tokenizable_rows=66758
[2026-04-04 22:30:12] [INFO] Tokenizable side counts={130.0: 21857, 129.0: 21856, 50.0: 9543, 49.0: 7961, 99.0: 5541}
2026-04-04 22:30:26 [INFO] ======================================================================
2026-04-04 22:30:26 [INFO] decoded real-token open-anchor txn-complete evaluation
2026-04-04 22:30:26 [INFO] ======================================================================
2026-04-04 22:30:26 [INFO] Evaluating: /finance_ML/zhanghaohan/stock_language_model/saved_LOB_stream/fixed_start_decoded_real_tokens_openbidanchor_txncomplete_000617XSHE_20260404_222446
2026-04-04 22:30:26 [INFO] 
── loading data ───────────────────────────────────────
2026-04-04 22:30:26 [INFO] Loading LOBSTER data from /finance_ML/zhanghaohan/stock_language_model/saved_LOB_stream/fixed_start_decoded_real_tokens_openbidanchor_txncomplete_000617XSHE_20260404_222446
2026-04-04 22:30:27 [INFO] Loaded 29,360 rows | 10 book levels | date 2025-07-10
2026-04-04 22:30:27 [INFO] Loading real reference LOBSTER data from /finance_ML/zhanghaohan/stock_language_model/saved_LOB_stream/fixed_start_realflow_generate_lobster_000617XSHE_20260403_232134
2026-04-04 22:30:27 [INFO] Loading LOBSTER data from /finance_ML/zhanghaohan/stock_language_model/saved_LOB_stream/fixed_start_realflow_generate_lobster_000617XSHE_20260403_232134
2026-04-04 22:30:28 [INFO] Loaded 72,762 rows | 10 book levels | date 2025-07-10
2026-04-04 22:30:28 [INFO] 
── computing metrics ──────────────────────────────────
2026-04-04 22:30:29 [WARNING] Reference metric log_time_to_cancel skipped: <lambda>() got an unexpected keyword argument 'include_groups'
2026-04-04 22:30:33 [WARNING] Reference conditional metric spread | volatility skipped: Invalid frequency: 0.1s
2026-04-04 22:30:33 [INFO] Computed now (generated-only): 15 metric groups
2026-04-04 22:30:33 [INFO] Computed (with real reference LOB data): 22 benchmark metric configs
2026-04-04 22:30:33 [INFO] Failed (with real reference LOB data): 2 benchmark metric configs
2026-04-04 22:30:33 [INFO] Skipped (needs true order-ID linkage): 2 metrics
2026-04-04 22:30:33 [INFO] 
── generating plots ───────────────────────────────────
2026-04-04 22:30:33 [INFO] saved mid_price.png
2026-04-04 22:30:34 [INFO] saved spread.png
2026-04-04 22:30:34 [INFO] saved returns_dist.png
2026-04-04 22:30:35 [INFO] saved autocorr.png
2026-04-04 22:30:35 [INFO] saved inter_arrival_time.png
2026-04-04 22:30:36 [INFO] saved l1_volume.png
2026-04-04 22:30:36 [INFO] saved volume_per_minute.png
2026-04-04 22:30:37 [INFO] saved orderbook_imbalance.png
2026-04-04 22:30:38 [INFO] saved orderflow_imbalance.png
2026-04-04 22:30:38 [INFO] saved event_type_counts.png
2026-04-04 22:30:38 [INFO] Skipped time-to-fill/time-to-cancel plots: requires true order-ID linkage (not available in synthetic IDs).
2026-04-04 22:30:39 [INFO] saved overview_panel.png
2026-04-04 22:30:39 [INFO] Wrote metrics summary: /finance_ML/zhanghaohan/stock_language_model/saved_LOB_stream/fixed_start_decoded_real_tokens_openbidanchor_txncomplete_000617XSHE_20260404_222446/metrics_summary.json
2026-04-04 22:30:39 [INFO] 
── all computed metrics summary ─────────────────────
2026-04-04 22:30:39 [INFO]   acf_returns_1min: [1.0, -0.5, -5.515198722685442e-17, 5.720557497351987e-17, -3.0656375233425385e-17, -2.2442024246763582e-17, 7.664093808356347e-17, -9.196912570027617e-17, 0.0]
2026-04-04 22:30:39 [INFO]   direction_counts: {"-1": 13465, "1": 15895}
2026-04-04 22:30:39 [INFO]   direction_fractions: {"-1": 0.4586, "1": 0.5414}
2026-04-04 22:30:39 [INFO]   event_type_counts: {"1": 11928, "2": 255, "3": 4216, "4": 12961}
2026-04-04 22:30:39 [INFO]   event_type_fractions: {"1": 0.4063, "2": 0.0087, "3": 0.1436, "4": 0.4415}
2026-04-04 22:30:39 [INFO]   iat_ms: {"mean": 36.78985242102696, "median": 20.0, "n": 16398, "n_exec_excluded": 12961, "p95": 120.0, "std": 46.153778182926835}
2026-04-04 22:30:39 [INFO]   l1_volume: {"ask_mean": 229727.3532016349, "ask_median": 220886.0, "bid_mean": 73156.48140326976, "bid_median": 49700.0}
2026-04-04 22:30:39 [INFO]   mid_price: {"end_cny": 9.325, "end_price_int": 93250.0, "mean_cny": 9.323739100817438, "mean_price_int": 93237.39100817438, "mean_ticks_0p01": 932.3739100817438, "start_cny": 9.345, "start_price_int": 93450.0, "std_cny": 0.0032966541342074373, "std_price_int": 32.96654134207577, "std_ticks_0p01": 0.3296654134207577, "total_return_bps": -21.401819154628356}
2026-04-04 22:30:39 [INFO]   ob_imbalance: {"mean": -0.4869867144306659, "median": -0.49403963247305854, "std": 0.49231202561736936}
2026-04-04 22:30:39 [INFO]   orderflow_imbalance: {"mean": 6.679220779220781, "n": 29260, "std": 413.420687869085}
2026-04-04 22:30:39 [INFO]   returns_1min: {"kurtosis": 4.500000000000001, "mean": 0.0, "n": 10, "skew": 0.0, "std": 0.0005057988905758817}
2026-04-04 22:30:39 [INFO]   spread_ticks: {"mean": 1.1131471389645777, "median": 1.0, "n": 29360, "pct_zero_spread": 0.0, "std": 0.3180656352086473, "tick_size_cny": 0.01, "tick_size_price_int": 100}
2026-04-04 22:30:39 [INFO]   total_volume_5lvl: {"ask_mean": 1238370.8041553134, "bid_mean": 2372032.172411444}
2026-04-04 22:30:39 [INFO]   volatility_1min: 0.0005057988905758817
2026-04-04 22:30:39 [INFO]   volume_per_minute: {"mean": 2890256.1204013377, "n": 598, "total": 1728373160.0}
2026-04-04 22:30:39 [INFO]   [real-vs-generated comparative metrics]
2026-04-04 22:30:39 [INFO]   ask_cancellation_depth: {"l1_by_group": 0.3684943215132175, "n_generated": 3147, "n_real": 3436, "wasserstein": 0.4292808747628055}
2026-04-04 22:30:39 [INFO]   ask_cancellation_levels: {"l1_by_group": 0.11453695244836205, "n_generated": 1604, "n_real": 1818, "wasserstein": 0.18047301521331588}
2026-04-04 22:30:39 [INFO]   ask_volume: {"l1_by_group": 0.5704015665796148, "n_generated": 29360, "n_real": 72762, "wasserstein": 1.2689774965492044}
2026-04-04 22:30:39 [INFO]   ask_volume | spread: {"n_generated": 29360, "n_real": 72762, "num_condition_groups": 42, "per_group": {"1": {"n": 2, "wasserstein": null}, "10": {"n": 176, "wasserstein": null}, "11": {"n": 88, "wasserstein": null}, "12": {"n": 59, "wasserstein": null}, "13": {"n": 10, "wasserstein": null}, "14": {"n": 91, "wasserstein": null}, "15": {"n": 77, "wasserstein": null}, "16": {"n": 353, "wasserstein": null}, "17": {"n": 97, "wasserstein": null}, "18": {"n": 121, "wasserstein": null}, "19": {"n": 773, "wasserstein": null}, "2": {"n": 9, "wasserstein": null}, "20": {"n": 591, "wasserstein": null}, "21": {"n": 881, "wasserstein": null}, "22": {"n": 1369, "wasserstein": null}, "23": {"n": 2510, "wasserstein": null}, "24": {"n": 4776, "wasserstein": null}, "25": {"n": 2776, "wasserstein": null}, "26": {"n": 2480, "wasserstein": null}, "27": {"n": 1654, "wasserstein": null}, "28": {"n": 2339, "wasserstein": null}, "29": {"n": 972, "wasserstein": null}, "3": {"n": 40, "wasserstein": null}, "30": {"n": 1610, "wasserstein": null}, "31": {"n": 3157, "wasserstein": null}, "32": {"n": 3651, "wasserstein": null}, "33": {"n": 4786, "wasserstein": null}, "34": {"n": 8433, "wasserstein": null}, "35": {"n": 7198, "wasserstein": null}, "36": {"n": 3938, "wasserstein": null}, "37": {"n": 6463, "wasserstein": null}, "38": {"n": 3933, "wasserstein": null}, "39": {"n": 3771, "wasserstein": null}, "4": {"n": 18, "wasserstein": null}, "40": {"n": 28878, "wasserstein": 0.7404161901850781}, "41": {"n": 3298, "wasserstein": null}, "42": {"n": 12, "wasserstein": null}, "5": {"n": 57, "wasserstein": null}, "6": {"n": 38, "wasserstein": null}, "7": {"n": 591, "wasserstein": null}, "8": {"n": 43, "wasserstein": null}, "9": {"n": 3, "wasserstein": null}}, "weighted_wasserstein": null}
2026-04-04 22:30:39 [INFO]   ask_volume_touch: {"l1_by_group": 0.9157041448335123, "n_generated": 29360, "n_real": 72762, "wasserstein": 1.5425181262347996}
2026-04-04 22:30:39 [INFO]   bid_cancellation_depth: {"l1_by_group": 0.2436417010885096, "n_generated": 1316, "n_real": 1755, "wasserstein": 0.20674196139019185}
2026-04-04 22:30:39 [INFO]   bid_cancellation_levels: {"l1_by_group": 0.1011141034272707, "n_generated": 888, "n_real": 1405, "wasserstein": 0.06847385919617403}
2026-04-04 22:30:39 [INFO]   bid_volume: {"l1_by_group": 0.9257565650004304, "n_generated": 29360, "n_real": 72762, "wasserstein": 1.8702794707450396}
2026-04-04 22:30:39 [INFO]   bid_volume_touch: {"l1_by_group": 0.5197496801374074, "n_generated": 29360, "n_real": 72762, "wasserstein": 0.19376068883344544}
2026-04-04 22:30:39 [INFO]   limit_ask_order_depth: {"l1_by_group": 0.5453009444232904, "n_generated": 9370, "n_real": 20696, "wasserstein": 0.76782217211474}
2026-04-04 22:30:39 [INFO]   limit_ask_order_levels: {"l1_by_group": 0.280419352204089, "n_generated": 7079, "n_real": 18026, "wasserstein": 0.6854268128816732}
2026-04-04 22:30:39 [INFO]   limit_bid_order_depth: {"l1_by_group": 0.2671654498538836, "n_generated": 2558, "n_real": 4902, "wasserstein": 0.08186175831499053}
2026-04-04 22:30:39 [INFO]   limit_bid_order_levels: {"l1_by_group": 0.4577804934823091, "n_generated": 2112, "n_real": 15752, "wasserstein": 0.9105178100022038}
2026-04-04 22:30:39 [INFO]   log_inter_arrival_time: {"l1_by_group": 0.27316776018969086, "n_generated": 29359, "n_real": 72761, "wasserstein": 0.5699739292305358}
2026-04-04 22:30:39 [INFO]   ofi: {"l1_by_group": 0.559816346825411, "n_generated": 29260, "n_real": 72662, "wasserstein": 0.4260459237744061}
2026-04-04 22:30:39 [INFO]   ofi_down: {"l1_by_group": 0.4233267822597612, "n_generated": 74, "n_real": 5267, "wasserstein": 0.34550922662787076}
2026-04-04 22:30:39 [INFO]   ofi_stay: {"l1_by_group": 0.5705789192633228, "n_generated": 29113, "n_real": 62107, "wasserstein": 0.4457215755554644}
2026-04-04 22:30:39 [INFO]   ofi_up: {"l1_by_group": 0.47820124834499705, "n_generated": 72, "n_real": 5287, "wasserstein": 0.36955898364765916}
2026-04-04 22:30:39 [INFO]   orderbook_imbalance: {"l1_by_group": 0.7099826609871444, "n_generated": 29360, "n_real": 72762, "wasserstein": 1.2452799095982037}
2026-04-04 22:30:39 [INFO]   spread: {"l1_by_group": 0.9611335587257086, "n_generated": 29360, "n_real": 72762, "wasserstein": 1.2965422815089143}
2026-04-04 22:30:39 [INFO]   spread | time: {"n_generated": 29360, "n_real": 72762, "num_condition_groups": 1, "per_group": {"10": {"n": 102122, "wasserstein": 1.2965422815089143}}, "weighted_wasserstein": 1.2965422815089143}
2026-04-04 22:30:39 [INFO]   vol_per_min: {"l1_by_group": 0.4150702676143628, "n_generated": 598, "n_real": 599, "wasserstein": 0.4784156741988478}
