[2026-04-04 16:39:38] [INFO] Experiment folder: /finance_ML/zhanghaohan/stock_language_model/saved_LOB_stream/fixed_start_decoded_real_tokens_002366XSHE_20260404_163938
[2026-04-04 16:39:38] [INFO] Loading and normalizing snapshot table...
scripts/hist_script/replay_decoded_real_tokens_fixed_start.py:117: DtypeWarning: Columns (1,2,3,5,6,7,8,9,10,11,12,13,14,15,16,17,18,19,20,21,22,23,24,25,26,27,28,29,30,31,32,33,34,35,36,37,38,39,40,41,42,43,44,45,46,47,48,49,50,51,52,53,54,55,56,57,58,59,60,61,62,63,64,65,66,67,68,69,70,71,72,73,74,75,76,77,78,79,80,81,82,83,84,85,86,88) have mixed types. Specify dtype option on import or set low_memory=False.
  lob_info = pd.read_csv(lob_snap_path, header=None, names=columns)
[2026-04-04 16:44:54] [INFO] Loading processed real-flow orders...
[2026-04-04 16:45:03] [INFO] Window rows=33523 tokenizable_rows=16955
[2026-04-04 16:45:03] [INFO] Tokenizable side counts={49.0: 6913, 50.0: 6887, 99.0: 3155}
[2026-04-04 16:45:12] [DONE] Decoded real-token fixed-start replay export complete.
[2026-04-04 16:45:12] [DONE] Raw replay log: /finance_ML/zhanghaohan/stock_language_model/saved_LOB_stream/fixed_start_decoded_real_tokens_002366XSHE_20260404_163938/raw_generation_log.csv
[2026-04-04 16:45:12] [DONE] LOBSTER message CSV: /finance_ML/zhanghaohan/stock_language_model/saved_LOB_stream/fixed_start_decoded_real_tokens_002366XSHE_20260404_163938/002366XSHE_2025-07-10_36000000_36600000_message_10.csv
[2026-04-04 16:45:12] [DONE] LOBSTER orderbook CSV: /finance_ML/zhanghaohan/stock_language_model/saved_LOB_stream/fixed_start_decoded_real_tokens_002366XSHE_20260404_163938/002366XSHE_2025-07-10_36000000_36600000_orderbook_10.csv
[2026-04-04 16:45:12] [DONE] Notes JSON: /finance_ML/zhanghaohan/stock_language_model/saved_LOB_stream/fixed_start_decoded_real_tokens_002366XSHE_20260404_163938/generation_notes.json
2026-04-04 16:45:12 [INFO] ======================================================================
2026-04-04 16:45:12 [INFO] decoded real-token replay evaluation
2026-04-04 16:45:12 [INFO] ======================================================================
2026-04-04 16:45:12 [INFO] Evaluating: /finance_ML/zhanghaohan/stock_language_model/saved_LOB_stream/fixed_start_decoded_real_tokens_002366XSHE_20260404_163938
2026-04-04 16:45:12 [INFO] 
── loading data ───────────────────────────────────────
2026-04-04 16:45:12 [INFO] Loading LOBSTER data from /finance_ML/zhanghaohan/stock_language_model/saved_LOB_stream/fixed_start_decoded_real_tokens_002366XSHE_20260404_163938
2026-04-04 16:45:12 [INFO] Loaded 21,064 rows | 10 book levels | date 2025-07-10
2026-04-04 16:45:12 [INFO] Loading real reference LOBSTER data from /finance_ML/zhanghaohan/stock_language_model/saved_LOB_stream/fixed_start_realflow_generate_lobster_002366XSHE_20260403_232134
2026-04-04 16:45:12 [INFO] Loading LOBSTER data from /finance_ML/zhanghaohan/stock_language_model/saved_LOB_stream/fixed_start_realflow_generate_lobster_002366XSHE_20260403_232134
2026-04-04 16:45:12 [INFO] Loaded 33,282 rows | 10 book levels | date 2025-07-10
2026-04-04 16:45:12 [INFO] 
── computing metrics ──────────────────────────────────
2026-04-04 16:45:13 [WARNING] Reference metric log_time_to_cancel skipped: <lambda>() got an unexpected keyword argument 'include_groups'
2026-04-04 16:45:15 [WARNING] Reference conditional metric spread | volatility skipped: Invalid frequency: 0.1s
2026-04-04 16:45:15 [INFO] Computed now (generated-only): 15 metric groups
2026-04-04 16:45:15 [INFO] Computed (with real reference LOB data): 22 benchmark metric configs
2026-04-04 16:45:15 [INFO] Failed (with real reference LOB data): 2 benchmark metric configs
2026-04-04 16:45:15 [INFO] Skipped (needs true order-ID linkage): 2 metrics
2026-04-04 16:45:15 [INFO] 
── generating plots ───────────────────────────────────
2026-04-04 16:45:16 [INFO] saved mid_price.png
2026-04-04 16:45:16 [INFO] saved spread.png
2026-04-04 16:45:17 [INFO] saved returns_dist.png
2026-04-04 16:45:17 [INFO] saved autocorr.png
2026-04-04 16:45:17 [INFO] saved inter_arrival_time.png
2026-04-04 16:45:18 [INFO] saved l1_volume.png
2026-04-04 16:45:19 [INFO] saved volume_per_minute.png
2026-04-04 16:45:19 [INFO] saved orderbook_imbalance.png
2026-04-04 16:45:20 [INFO] saved orderflow_imbalance.png
2026-04-04 16:45:20 [INFO] saved event_type_counts.png
2026-04-04 16:45:20 [INFO] Skipped time-to-fill/time-to-cancel plots: requires true order-ID linkage (not available in synthetic IDs).
2026-04-04 16:45:21 [INFO] saved overview_panel.png
2026-04-04 16:45:21 [INFO] Wrote metrics summary: /finance_ML/zhanghaohan/stock_language_model/saved_LOB_stream/fixed_start_decoded_real_tokens_002366XSHE_20260404_163938/metrics_summary.json
2026-04-04 16:45:21 [INFO] 
── all computed metrics summary ─────────────────────
2026-04-04 16:45:21 [INFO]   acf_returns_1min: [1.0, -0.18287304633646664, 0.06597718251762337, 0.003265841765408331, 0.03442830276290887, -0.15519211098690516]
2026-04-04 16:45:21 [INFO]   direction_counts: {"-1": 10481, "1": 10583}
2026-04-04 16:45:21 [INFO]   direction_fractions: {"-1": 0.4976, "1": 0.5024}
2026-04-04 16:45:21 [INFO]   event_type_counts: {"1": 13800, "2": 171, "3": 2692, "4": 4401}
2026-04-04 16:45:21 [INFO]   event_type_fractions: {"1": 0.6551, "2": 0.0081, "3": 0.1278, "4": 0.2089}
2026-04-04 16:45:21 [INFO]   iat_ms: {"mean": 26.834713719841556, "median": 10.0, "n": 16662, "n_exec_excluded": 4401, "p95": 100.0, "std": 37.91665302701662}
2026-04-04 16:45:21 [INFO]   l1_volume: {"ask_mean": 115953.98912837068, "ask_median": 50532.0, "bid_mean": 46270.871724268894, "bid_median": 25900.0}
2026-04-04 16:45:21 [INFO]   mid_price: {"end_cny": 9.55, "end_price_int": 95500.0, "mean_cny": 9.552616786935056, "mean_price_int": 95526.16786935055, "mean_ticks_0p01": 955.2616786935055, "start_cny": 9.47, "start_price_int": 94700.0, "std_cny": 0.036609085860638886, "std_price_int": 366.0908586063874, "std_ticks_0p01": 3.6609085860638744, "total_return_bps": 84.47729672650395}
2026-04-04 16:45:21 [INFO]   ob_imbalance: {"mean": -0.161413519803941, "median": -0.3316873083509219, "std": 0.6668802261276292}
2026-04-04 16:45:21 [INFO]   orderflow_imbalance: {"mean": 41.58047128410609, "n": 20964, "std": 675.1293292634672}
2026-04-04 16:45:21 [INFO]   returns_1min: {"kurtosis": 2.124828320737577, "mean": 0.0008251157469127333, "n": 7, "skew": 1.3981972929641135, "std": 0.003590516413725216}
2026-04-04 16:45:21 [INFO]   spread_ticks: {"mean": 1.6592754380133896, "median": 2.0, "n": 21061, "pct_zero_spread": 0.0001424230915305735, "std": 0.6159852454104293, "tick_size_cny": 0.01, "tick_size_price_int": 100}
2026-04-04 16:45:21 [INFO]   total_volume_5lvl: {"ask_mean": 651654.6217717433, "bid_mean": 351783.7256931257}
2026-04-04 16:45:21 [INFO]   volatility_1min: 0.003590516413725216
2026-04-04 16:45:21 [INFO]   volume_per_minute: {"mean": 1351369.3576222437, "n": 447, "total": 604062102.8571429}
2026-04-04 16:45:21 [INFO]   [real-vs-generated comparative metrics]
2026-04-04 16:45:21 [INFO]   ask_cancellation_depth: {"l1_by_group": 0.2271010517512849, "n_generated": 1501, "n_real": 1665, "wasserstein": 0.12419955057654661}
2026-04-04 16:45:21 [INFO]   ask_cancellation_levels: {"l1_by_group": 0.29561413755954463, "n_generated": 732, "n_real": 842, "wasserstein": 0.5288562244743313}
2026-04-04 16:45:21 [INFO]   ask_volume: {"l1_by_group": 0.5619650482784125, "n_generated": 21064, "n_real": 33282, "wasserstein": 1.0371591946974685}
2026-04-04 16:45:21 [INFO]   ask_volume | spread: {"n_generated": 21064, "n_real": 33282, "num_condition_groups": 31, "per_group": {"1": {"n": 1, "wasserstein": null}, "10": {"n": 29, "wasserstein": null}, "11": {"n": 33, "wasserstein": null}, "12": {"n": 2, "wasserstein": null}, "13": {"n": 2, "wasserstein": null}, "14": {"n": 15, "wasserstein": null}, "15": {"n": 82, "wasserstein": null}, "16": {"n": 45, "wasserstein": null}, "17": {"n": 21, "wasserstein": null}, "18": {"n": 203, "wasserstein": null}, "19": {"n": 2221, "wasserstein": null}, "2": {"n": 1, "wasserstein": null}, "20": {"n": 5196, "wasserstein": null}, "21": {"n": 4342, "wasserstein": null}, "22": {"n": 2422, "wasserstein": null}, "23": {"n": 2242, "wasserstein": null}, "24": {"n": 3111, "wasserstein": null}, "25": {"n": 4351, "wasserstein": null}, "26": {"n": 4205, "wasserstein": 0.7459547552150718}, "27": {"n": 12614, "wasserstein": 0.6807903663417583}, "28": {"n": 12178, "wasserstein": 0.5640610891645177}, "29": {"n": 621, "wasserstein": 0.5600970696686233}, "3": {"n": 19, "wasserstein": null}, "30": {"n": 317, "wasserstein": null}, "31": {"n": 19, "wasserstein": null}, "4": {"n": 1, "wasserstein": null}, "5": {"n": 16, "wasserstein": null}, "6": {"n": 1, "wasserstein": null}, "7": {"n": 4, "wasserstein": null}, "8": {"n": 12, "wasserstein": null}, "9": {"n": 20, "wasserstein": null}}, "weighted_wasserstein": null}
2026-04-04 16:45:21 [INFO]   ask_volume_touch: {"l1_by_group": 0.7062044928224787, "n_generated": 21064, "n_real": 33282, "wasserstein": 0.9188617401524564}
2026-04-04 16:45:21 [INFO]   bid_cancellation_depth: {"l1_by_group": 0.23774114125436296, "n_generated": 1357, "n_real": 1290, "wasserstein": 0.3030173181839539}
2026-04-04 16:45:21 [INFO]   bid_cancellation_levels: {"l1_by_group": 0.2071986499196222, "n_generated": 985, "n_real": 761, "wasserstein": 0.4477627338206316}
2026-04-04 16:45:21 [INFO]   bid_volume: {"l1_by_group": 0.38469337443544566, "n_generated": 21064, "n_real": 33282, "wasserstein": 0.24351569758775954}
2026-04-04 16:45:21 [INFO]   bid_volume_touch: {"l1_by_group": 0.2503126358458338, "n_generated": 21064, "n_real": 33282, "wasserstein": 0.21042880907258282}
2026-04-04 16:45:21 [INFO]   limit_ask_order_depth: {"l1_by_group": 0.3433420097337297, "n_generated": 7106, "n_real": 9316, "wasserstein": 0.16009678940788968}
2026-04-04 16:45:21 [INFO]   limit_ask_order_levels: {"l1_by_group": 0.4714152017800086, "n_generated": 5280, "n_real": 8621, "wasserstein": 0.5245509501609131}
2026-04-04 16:45:21 [INFO]   limit_bid_order_depth: {"l1_by_group": 0.21992853508516633, "n_generated": 6691, "n_real": 3610, "wasserstein": 0.1476617684080987}
2026-04-04 16:45:21 [INFO]   limit_bid_order_levels: {"l1_by_group": 0.09242001454378834, "n_generated": 5718, "n_real": 8452, "wasserstein": 0.1393906375146609}
2026-04-04 16:45:21 [INFO]   log_inter_arrival_time: {"l1_by_group": 0.06556662854000818, "n_generated": 21063, "n_real": 33281, "wasserstein": 0.13197800224090872}
2026-04-04 16:45:21 [INFO]   ofi: {"l1_by_group": 0.3544777606302849, "n_generated": 20964, "n_real": 33182, "wasserstein": 0.4550214993833762}
2026-04-04 16:45:21 [INFO]   ofi_down: {"l1_by_group": 0.40881613438185416, "n_generated": 155, "n_real": 3015, "wasserstein": 0.7472507375054458}
2026-04-04 16:45:21 [INFO]   ofi_stay: {"l1_by_group": 0.3460028886053013, "n_generated": 20646, "n_real": 27149, "wasserstein": 0.42816805497080823}
2026-04-04 16:45:21 [INFO]   ofi_up: {"l1_by_group": 0.41086927165813486, "n_generated": 162, "n_real": 3017, "wasserstein": 0.7539737539815905}
2026-04-04 16:45:21 [INFO]   orderbook_imbalance: {"l1_by_group": 0.3400898873060564, "n_generated": 21064, "n_real": 33282, "wasserstein": 0.7381335354691219}
2026-04-04 16:45:21 [INFO]   spread: {"l1_by_group": 0.8590006572521989, "n_generated": 21064, "n_real": 33282, "wasserstein": 1.4094265796708554}
2026-04-04 16:45:21 [INFO]   spread | time: {"n_generated": 21064, "n_real": 33282, "num_condition_groups": 1, "per_group": {"10": {"n": 54346, "wasserstein": 1.4094265796708554}}, "weighted_wasserstein": 1.4094265796708554}
2026-04-04 16:45:21 [INFO]   vol_per_min: {"l1_by_group": 0.1900780379041248, "n_generated": 447, "n_real": 598, "wasserstein": 0.22784916000104294}
[2026-04-04 16:45:21] [DONE] Evaluation summary JSON: /finance_ML/zhanghaohan/stock_language_model/saved_LOB_stream/fixed_start_decoded_real_tokens_002366XSHE_20260404_163938/metrics_summary.json
[2026-04-04 16:45:21] [DONE] Evaluation log: /finance_ML/zhanghaohan/stock_language_model/saved_LOB_stream/fixed_start_decoded_real_tokens_002366XSHE_20260404_163938/eval.log
