[2026-04-04 16:39:36] [INFO] Experiment folder: /finance_ML/zhanghaohan/stock_language_model/saved_LOB_stream/fixed_start_decoded_real_tokens_000981XSHE_20260404_163936
[2026-04-04 16:39:36] [INFO] Loading and normalizing snapshot table...
scripts/hist_script/replay_decoded_real_tokens_fixed_start.py:117: DtypeWarning: Columns (1,2,3,5,6,7,8,9,10,11,12,13,14,15,16,17,18,19,20,21,22,23,24,25,26,27,28,29,30,31,32,33,34,35,36,37,38,39,40,41,42,43,44,45,46,47,48,49,50,51,52,53,54,55,56,57,58,59,60,61,62,63,64,65,66,67,68,69,70,71,72,73,74,75,76,77,78,79,80,81,82,83,84,85,86,88) have mixed types. Specify dtype option on import or set low_memory=False.
  lob_info = pd.read_csv(lob_snap_path, header=None, names=columns)
[2026-04-04 16:44:53] [INFO] Loading processed real-flow orders...
[2026-04-04 16:44:57] [INFO] Window rows=10882 tokenizable_rows=7487
[2026-04-04 16:44:57] [INFO] Tokenizable side counts={49.0: 3630, 99.0: 2007, 50.0: 1850}
[2026-04-04 16:45:06] [DONE] Decoded real-token fixed-start replay export complete.
[2026-04-04 16:45:06] [DONE] Raw replay log: /finance_ML/zhanghaohan/stock_language_model/saved_LOB_stream/fixed_start_decoded_real_tokens_000981XSHE_20260404_163936/raw_generation_log.csv
[2026-04-04 16:45:06] [DONE] LOBSTER message CSV: /finance_ML/zhanghaohan/stock_language_model/saved_LOB_stream/fixed_start_decoded_real_tokens_000981XSHE_20260404_163936/000981XSHE_2025-07-10_36000000_36600000_message_10.csv
[2026-04-04 16:45:06] [DONE] LOBSTER orderbook CSV: /finance_ML/zhanghaohan/stock_language_model/saved_LOB_stream/fixed_start_decoded_real_tokens_000981XSHE_20260404_163936/000981XSHE_2025-07-10_36000000_36600000_orderbook_10.csv
[2026-04-04 16:45:06] [DONE] Notes JSON: /finance_ML/zhanghaohan/stock_language_model/saved_LOB_stream/fixed_start_decoded_real_tokens_000981XSHE_20260404_163936/generation_notes.json
2026-04-04 16:45:06 [INFO] ======================================================================
2026-04-04 16:45:06 [INFO] decoded real-token replay evaluation
2026-04-04 16:45:06 [INFO] ======================================================================
2026-04-04 16:45:06 [INFO] Evaluating: /finance_ML/zhanghaohan/stock_language_model/saved_LOB_stream/fixed_start_decoded_real_tokens_000981XSHE_20260404_163936
2026-04-04 16:45:06 [INFO] 
── loading data ───────────────────────────────────────
2026-04-04 16:45:06 [INFO] Loading LOBSTER data from /finance_ML/zhanghaohan/stock_language_model/saved_LOB_stream/fixed_start_decoded_real_tokens_000981XSHE_20260404_163936
2026-04-04 16:45:06 [INFO] Loaded 8,562 rows | 10 book levels | date 2025-07-10
2026-04-04 16:45:06 [INFO] Loading real reference LOBSTER data from /finance_ML/zhanghaohan/stock_language_model/saved_LOB_stream/fixed_start_realflow_generate_lobster_000981XSHE_20260403_232134
2026-04-04 16:45:06 [INFO] Loading LOBSTER data from /finance_ML/zhanghaohan/stock_language_model/saved_LOB_stream/fixed_start_realflow_generate_lobster_000981XSHE_20260403_232134
2026-04-04 16:45:06 [INFO] Loaded 10,869 rows | 10 book levels | date 2025-07-10
2026-04-04 16:45:06 [INFO] 
── computing metrics ──────────────────────────────────
/finance_ML/zhanghaohan/mycondaenv/lib/python3.8/site-packages/statsmodels/tsa/stattools.py:693: RuntimeWarning: invalid value encountered in divide
  acf = avf[: nlags + 1] / avf[0]
2026-04-04 16:45:06 [WARNING] Reference metric log_time_to_cancel skipped: <lambda>() got an unexpected keyword argument 'include_groups'
2026-04-04 16:45:07 [WARNING] Reference metric ofi_up skipped: empty real or generated sample after cleaning
2026-04-04 16:45:07 [WARNING] Reference metric ofi_down skipped: empty real or generated sample after cleaning
2026-04-04 16:45:07 [WARNING] Reference conditional metric spread | volatility skipped: Invalid frequency: 0.1s
2026-04-04 16:45:07 [INFO] Computed now (generated-only): 15 metric groups
2026-04-04 16:45:07 [INFO] Computed (with real reference LOB data): 20 benchmark metric configs
2026-04-04 16:45:07 [INFO] Failed (with real reference LOB data): 4 benchmark metric configs
2026-04-04 16:45:07 [INFO] Skipped (needs true order-ID linkage): 2 metrics
2026-04-04 16:45:07 [INFO] 
── generating plots ───────────────────────────────────
2026-04-04 16:45:08 [INFO] saved mid_price.png
2026-04-04 16:45:08 [INFO] saved spread.png
2026-04-04 16:45:09 [INFO] saved returns_dist.png
/finance_ML/zhanghaohan/mycondaenv/lib/python3.8/site-packages/statsmodels/tsa/stattools.py:693: RuntimeWarning: invalid value encountered in divide
  acf = avf[: nlags + 1] / avf[0]
2026-04-04 16:45:09 [INFO] saved autocorr.png
2026-04-04 16:45:09 [INFO] saved inter_arrival_time.png
2026-04-04 16:45:10 [INFO] saved l1_volume.png
2026-04-04 16:45:11 [INFO] saved volume_per_minute.png
2026-04-04 16:45:11 [INFO] saved orderbook_imbalance.png
2026-04-04 16:45:12 [INFO] saved orderflow_imbalance.png
2026-04-04 16:45:12 [INFO] saved event_type_counts.png
2026-04-04 16:45:12 [INFO] Skipped time-to-fill/time-to-cancel plots: requires true order-ID linkage (not available in synthetic IDs).
2026-04-04 16:45:13 [INFO] saved overview_panel.png
2026-04-04 16:45:13 [INFO] Wrote metrics summary: /finance_ML/zhanghaohan/stock_language_model/saved_LOB_stream/fixed_start_decoded_real_tokens_000981XSHE_20260404_163936/metrics_summary.json
2026-04-04 16:45:13 [INFO] 
── all computed metrics summary ─────────────────────
2026-04-04 16:45:13 [INFO]   acf_returns_1min: [NaN, NaN, NaN, NaN, NaN, NaN, NaN, NaN]
2026-04-04 16:45:13 [INFO]   direction_counts: {"-1": 2510, "1": 6052}
2026-04-04 16:45:13 [INFO]   direction_fractions: {"-1": 0.2932, "1": 0.7068}
2026-04-04 16:45:13 [INFO]   event_type_counts: {"1": 5480, "2": 9, "3": 1990, "4": 1083}
2026-04-04 16:45:13 [INFO]   event_type_fractions: {"1": 0.64, "2": 0.0011, "3": 0.2324, "4": 0.1265}
2026-04-04 16:45:13 [INFO]   iat_ms: {"mean": 72.81893554426317, "median": 40.0, "n": 7478, "n_exec_excluded": 1083, "p95": 260.0, "std": 94.34553632535449}
2026-04-04 16:45:13 [INFO]   l1_volume: {"ask_mean": 4540987.383321654, "ask_median": 4373083.0, "bid_mean": 19498089.80553609, "bid_median": 20003340.0}
2026-04-04 16:45:13 [INFO]   mid_price: {"end_cny": 2.105, "end_price_int": 21050.0, "mean_cny": 2.105, "mean_price_int": 21050.0, "mean_ticks_0p01": 210.5, "start_cny": 2.105, "start_price_int": 21050.0, "std_cny": 0.0, "std_price_int": 0.0, "std_ticks_0p01": 0.0, "total_return_bps": 0.0}
2026-04-04 16:45:13 [INFO]   ob_imbalance: {"mean": 0.6211302058250324, "median": 0.6421592991884717, "std": 0.06170464636754429}
2026-04-04 16:45:13 [INFO]   orderflow_imbalance: {"mean": 758.3320727960293, "n": 8462, "std": 2994.8814477452015}
2026-04-04 16:45:13 [INFO]   returns_1min: {"kurtosis": 0.0, "mean": 0.0, "n": 9, "skew": 0.0, "std": 0.0}
2026-04-04 16:45:13 [INFO]   spread_ticks: {"mean": 1.0, "median": 1.0, "n": 8562, "pct_zero_spread": 0.0, "std": 0.0, "tick_size_cny": 0.01, "tick_size_price_int": 100}
2026-04-04 16:45:13 [INFO]   total_volume_5lvl: {"ask_mean": 62581514.01027797, "bid_mean": 77235374.1633964}
2026-04-04 16:45:13 [INFO]   volatility_1min: 0.0
2026-04-04 16:45:13 [INFO]   volume_per_minute: {"mean": 1444865.412371134, "n": 388, "total": 560607780.0}
2026-04-04 16:45:13 [INFO]   [real-vs-generated comparative metrics]
2026-04-04 16:45:13 [INFO]   ask_cancellation_depth: {"l1_by_group": 0.20317566067066392, "n_generated": 475, "n_real": 474, "wasserstein": 0.22589221764030187}
2026-04-04 16:45:13 [INFO]   ask_cancellation_levels: {"l1_by_group": 0.19146130545708198, "n_generated": 457, "n_real": 458, "wasserstein": 0.3183268286387502}
2026-04-04 16:45:13 [INFO]   ask_volume: {"l1_by_group": 0.7502228391980098, "n_generated": 8562, "n_real": 10869, "wasserstein": 0.9830846991017944}
2026-04-04 16:45:13 [INFO]   ask_volume | spread: {"n_generated": 8562, "n_real": 10869, "num_condition_groups": 8, "per_group": {"1": {"n": 1, "wasserstein": null}, "2": {"n": 1, "wasserstein": null}, "3": {"n": 2, "wasserstein": null}, "4": {"n": 13, "wasserstein": null}, "5": {"n": 72, "wasserstein": null}, "6": {"n": 1566, "wasserstein": null}, "7": {"n": 17774, "wasserstein": 1.7957266377630405}, "8": {"n": 2, "wasserstein": null}}, "weighted_wasserstein": null}
2026-04-04 16:45:13 [INFO]   ask_volume_touch: {"l1_by_group": 0.9584966224830938, "n_generated": 8562, "n_real": 10869, "wasserstein": 1.6745165378306164}
2026-04-04 16:45:13 [INFO]   bid_cancellation_depth: {"l1_by_group": 0.5270375742505872, "n_generated": 1524, "n_real": 1520, "wasserstein": 0.3004091506691885}
2026-04-04 16:45:13 [INFO]   bid_cancellation_levels: {"l1_by_group": 0.5281643472498343, "n_generated": 1509, "n_real": 1509, "wasserstein": 0.36872969462538535}
2026-04-04 16:45:13 [INFO]   bid_volume: {"l1_by_group": 0.5313949724124267, "n_generated": 8562, "n_real": 10869, "wasserstein": 0.7134630950428005}
2026-04-04 16:45:13 [INFO]   bid_volume_touch: {"l1_by_group": 0.9266721869537217, "n_generated": 8562, "n_real": 10869, "wasserstein": 1.6632900494287295}
2026-04-04 16:45:13 [INFO]   limit_ask_order_depth: {"l1_by_group": 0.2499650023121053, "n_generated": 2563, "n_real": 1728, "wasserstein": 0.2720275708139523}
2026-04-04 16:45:13 [INFO]   limit_ask_order_levels: {"l1_by_group": 0.07027612576768195, "n_generated": 2321, "n_real": 2489, "wasserstein": 0.03425773148792653}
2026-04-04 16:45:13 [INFO]   limit_bid_order_depth: {"l1_by_group": 0.3356871267637638, "n_generated": 2917, "n_real": 2764, "wasserstein": 0.16636265223009888}
2026-04-04 16:45:13 [INFO]   limit_bid_order_levels: {"l1_by_group": 0.35242628203112836, "n_generated": 2867, "n_real": 3772, "wasserstein": 0.3730157245285886}
2026-04-04 16:45:13 [INFO]   log_inter_arrival_time: {"l1_by_group": 0.07811031762058145, "n_generated": 8561, "n_real": 10868, "wasserstein": 0.164520843696083}
2026-04-04 16:45:13 [INFO]   ofi: {"l1_by_group": 0.29622188429681834, "n_generated": 8462, "n_real": 10769, "wasserstein": 0.3784594638526583}
2026-04-04 16:45:13 [INFO]   ofi_stay: {"l1_by_group": 0.28429344133450896, "n_generated": 8461, "n_real": 8638, "wasserstein": 0.38553437361240595}
2026-04-04 16:45:13 [INFO]   orderbook_imbalance: {"l1_by_group": 0.9523680851586482, "n_generated": 8562, "n_real": 10869, "wasserstein": 1.5896169632580373}
2026-04-04 16:45:13 [INFO]   spread: {"l1_by_group": 0.15245192750023007, "n_generated": 8562, "n_real": 10869, "wasserstein": 0.5068380311231278}
2026-04-04 16:45:13 [INFO]   spread | time: {"n_generated": 8562, "n_real": 10869, "num_condition_groups": 1, "per_group": {"10": {"n": 19431, "wasserstein": 0.5068380311231278}}, "weighted_wasserstein": 0.5068380311231278}
2026-04-04 16:45:13 [INFO]   vol_per_min: {"l1_by_group": 0.13052989225291475, "n_generated": 388, "n_real": 443, "wasserstein": 0.09336044977624562}
[2026-04-04 16:45:13] [DONE] Evaluation summary JSON: /finance_ML/zhanghaohan/stock_language_model/saved_LOB_stream/fixed_start_decoded_real_tokens_000981XSHE_20260404_163936/metrics_summary.json
[2026-04-04 16:45:13] [DONE] Evaluation log: /finance_ML/zhanghaohan/stock_language_model/saved_LOB_stream/fixed_start_decoded_real_tokens_000981XSHE_20260404_163936/eval.log
