[2026-04-05 12:34:24] [INFO] Experiment folder: /finance_ML/zhanghaohan/stock_language_model/saved_LOB_stream/fixed_start_decoded_real_tokens_openbidanchor_exactprice_exactqty_000981XSHE_20260405_123424
[2026-04-05 12:34:24] [INFO] Loading and normalizing snapshot table...
scripts/hist_script/replay_decoded_real_tokens_openbidanchor_exactprice_fixed_start.py:117: DtypeWarning: Columns (1,2,3,5,6,7,8,9,10,11,12,13,14,15,16,17,18,19,20,21,22,23,24,25,26,27,28,29,30,31,32,33,34,35,36,37,38,39,40,41,42,43,44,45,46,47,48,49,50,51,52,53,54,55,56,57,58,59,60,61,62,63,64,65,66,67,68,69,70,71,72,73,74,75,76,77,78,79,80,81,82,83,84,85,86,88) have mixed types. Specify dtype option on import or set low_memory=False.
  lob_info = pd.read_csv(lob_snap_path, header=None, names=columns)
[2026-04-05 12:39:54] [INFO] Loading processed real-flow orders...
[2026-04-05 12:39:57] [INFO] Window rows=10882 tokenizable_rows=7487
[2026-04-05 12:39:57] [INFO] Tokenizable side counts={49.0: 3630, 99.0: 2007, 50.0: 1850}
2026-04-05 12:40:00 [INFO] ======================================================================
2026-04-05 12:40:00 [INFO] decoded real-token open-anchor exact-price evaluation
2026-04-05 12:40:00 [INFO] ======================================================================
2026-04-05 12:40:00 [INFO] Evaluating: /finance_ML/zhanghaohan/stock_language_model/saved_LOB_stream/fixed_start_decoded_real_tokens_openbidanchor_exactprice_exactqty_000981XSHE_20260405_123424
2026-04-05 12:40:00 [INFO] 
── loading data ───────────────────────────────────────
2026-04-05 12:40:00 [INFO] Loading LOBSTER data from /finance_ML/zhanghaohan/stock_language_model/saved_LOB_stream/fixed_start_decoded_real_tokens_openbidanchor_exactprice_exactqty_000981XSHE_20260405_123424
2026-04-05 12:40:00 [INFO] Loaded 8,543 rows | 10 book levels | date 2025-07-10
2026-04-05 12:40:00 [INFO] Loading real reference LOBSTER data from /finance_ML/zhanghaohan/stock_language_model/saved_LOB_stream/fixed_start_realflow_generate_lobster_000981XSHE_20260403_232134
2026-04-05 12:40:00 [INFO] Loading LOBSTER data from /finance_ML/zhanghaohan/stock_language_model/saved_LOB_stream/fixed_start_realflow_generate_lobster_000981XSHE_20260403_232134
2026-04-05 12:40:00 [INFO] Loaded 10,869 rows | 10 book levels | date 2025-07-10
2026-04-05 12:40:00 [INFO] 
── computing metrics ──────────────────────────────────
/finance_ML/zhanghaohan/mycondaenv/lib/python3.8/site-packages/statsmodels/tsa/stattools.py:693: RuntimeWarning: invalid value encountered in divide
  acf = avf[: nlags + 1] / avf[0]
2026-04-05 12:40:00 [WARNING] Reference metric log_time_to_cancel skipped: <lambda>() got an unexpected keyword argument 'include_groups'
2026-04-05 12:40:01 [WARNING] Reference metric ofi_down skipped: empty real or generated sample after cleaning
2026-04-05 12:40:01 [WARNING] Reference conditional metric spread | volatility skipped: Invalid frequency: 0.1s
2026-04-05 12:40:01 [INFO] Computed now (generated-only): 15 metric groups
2026-04-05 12:40:01 [INFO] Computed (with real reference LOB data): 21 benchmark metric configs
2026-04-05 12:40:01 [INFO] Failed (with real reference LOB data): 3 benchmark metric configs
2026-04-05 12:40:01 [INFO] Skipped (needs true order-ID linkage): 2 metrics
2026-04-05 12:40:01 [INFO] 
── generating plots ───────────────────────────────────
2026-04-05 12:40:01 [INFO] saved mid_price.png
2026-04-05 12:40:02 [INFO] saved spread.png
2026-04-05 12:40:03 [INFO] saved returns_dist.png
/finance_ML/zhanghaohan/mycondaenv/lib/python3.8/site-packages/statsmodels/tsa/stattools.py:693: RuntimeWarning: invalid value encountered in divide
  acf = avf[: nlags + 1] / avf[0]
2026-04-05 12:40:03 [INFO] saved autocorr.png
2026-04-05 12:40:03 [INFO] saved inter_arrival_time.png
2026-04-05 12:40:04 [INFO] saved l1_volume.png
2026-04-05 12:40:05 [INFO] saved volume_per_minute.png
2026-04-05 12:40:05 [INFO] saved orderbook_imbalance.png
2026-04-05 12:40:06 [INFO] saved orderflow_imbalance.png
2026-04-05 12:40:06 [INFO] saved event_type_counts.png
2026-04-05 12:40:06 [INFO] Skipped time-to-fill/time-to-cancel plots: requires true order-ID linkage (not available in synthetic IDs).
2026-04-05 12:40:07 [INFO] saved overview_panel.png
2026-04-05 12:40:07 [INFO] Wrote metrics summary: /finance_ML/zhanghaohan/stock_language_model/saved_LOB_stream/fixed_start_decoded_real_tokens_openbidanchor_exactprice_exactqty_000981XSHE_20260405_123424/metrics_summary.json
2026-04-05 12:40:07 [INFO] 
── all computed metrics summary ─────────────────────
2026-04-05 12:40:07 [INFO]   acf_returns_1min: [NaN, NaN, NaN, NaN, NaN, NaN, NaN, NaN]
2026-04-05 12:40:07 [INFO]   direction_counts: {"-1": 2512, "1": 6031}
2026-04-05 12:40:07 [INFO]   direction_fractions: {"-1": 0.294, "1": 0.706}
2026-04-05 12:40:07 [INFO]   event_type_counts: {"1": 5480, "2": 5, "3": 1989, "4": 1069}
2026-04-05 12:40:07 [INFO]   event_type_fractions: {"1": 0.6415, "2": 0.0006, "3": 0.2328, "4": 0.1251}
2026-04-05 12:40:07 [INFO]   iat_ms: {"mean": 74.5858423658504, "median": 40.0, "n": 7473, "n_exec_excluded": 1069, "p95": 260.0, "std": 106.30935373426708}
2026-04-05 12:40:07 [INFO]   l1_volume: {"ask_mean": 10257489.359709704, "ask_median": 10698000.0, "bid_mean": 8937783.776191033, "bid_median": 10903800.0}
2026-04-05 12:40:07 [INFO]   mid_price: {"end_cny": 2.115, "end_price_int": 21150.0, "mean_cny": 2.114625424324009, "mean_price_int": 21146.25424324008, "mean_ticks_0p01": 211.4625424324008, "start_cny": 2.105, "start_price_int": 21050.0, "std_cny": 0.001898913349220218, "std_price_int": 18.98913349220174, "std_ticks_0p01": 0.18989133492201737, "total_return_bps": 47.50593824228044}
2026-04-05 12:40:07 [INFO]   ob_imbalance: {"mean": -0.11423636306356828, "median": 0.007208186816559538, "std": 0.31246642297127974}
2026-04-05 12:40:07 [INFO]   orderflow_imbalance: {"mean": 2604.7949780883573, "n": 8443, "std": 6413.755028991603}
2026-04-05 12:40:07 [INFO]   returns_1min: {"kurtosis": 0.0, "mean": 0.0, "n": 9, "skew": 0.0, "std": 0.0}
2026-04-05 12:40:07 [INFO]   spread_ticks: {"mean": 1.0, "median": 1.0, "n": 8543, "pct_zero_spread": 0.0, "std": 0.0, "tick_size_cny": 0.01, "tick_size_price_int": 100}
2026-04-05 12:40:07 [INFO]   total_volume_5lvl: {"ask_mean": 67683954.27835655, "bid_mean": 71391684.68921925}
2026-04-05 12:40:07 [INFO]   volatility_1min: 0.0
2026-04-05 12:40:07 [INFO]   volume_per_minute: {"mean": 2384781.100036914, "n": 387, "total": 922910285.7142857}
2026-04-05 12:40:07 [INFO]   [real-vs-generated comparative metrics]
2026-04-05 12:40:07 [INFO]   ask_cancellation_depth: {"l1_by_group": 0.0, "n_generated": 474, "n_real": 474, "wasserstein": 0.0}
2026-04-05 12:40:07 [INFO]   ask_cancellation_levels: {"l1_by_group": 0.0, "n_generated": 458, "n_real": 458, "wasserstein": 0.0}
2026-04-05 12:40:07 [INFO]   ask_volume: {"l1_by_group": 0.7410020952600714, "n_generated": 8543, "n_real": 10869, "wasserstein": 0.6062432768630245}
2026-04-05 12:40:07 [INFO]   ask_volume | spread: {"n_generated": 8543, "n_real": 10869, "num_condition_groups": 8, "per_group": {"1": {"n": 1, "wasserstein": null}, "2": {"n": 1, "wasserstein": null}, "3": {"n": 2, "wasserstein": null}, "4": {"n": 13, "wasserstein": null}, "5": {"n": 72, "wasserstein": null}, "6": {"n": 1566, "wasserstein": null}, "7": {"n": 17755, "wasserstein": 0.827287852030102}, "8": {"n": 2, "wasserstein": null}}, "weighted_wasserstein": null}
2026-04-05 12:40:07 [INFO]   ask_volume_touch: {"l1_by_group": 0.7565002004709185, "n_generated": 8543, "n_real": 10869, "wasserstein": 0.7280655990846747}
2026-04-05 12:40:07 [INFO]   bid_cancellation_depth: {"l1_by_group": 0.0, "n_generated": 1520, "n_real": 1520, "wasserstein": 0.0}
2026-04-05 12:40:07 [INFO]   bid_cancellation_levels: {"l1_by_group": 0.0, "n_generated": 1509, "n_real": 1509, "wasserstein": 0.0}
2026-04-05 12:40:07 [INFO]   bid_volume: {"l1_by_group": 0.13290645181207156, "n_generated": 8543, "n_real": 10869, "wasserstein": 0.2055645403150095}
2026-04-05 12:40:07 [INFO]   bid_volume_touch: {"l1_by_group": 0.17445677302809587, "n_generated": 8543, "n_real": 10869, "wasserstein": 0.24508400075444464}
2026-04-05 12:40:07 [INFO]   limit_ask_order_depth: {"l1_by_group": 0.18329654398694523, "n_generated": 2542, "n_real": 1728, "wasserstein": 0.23104224240871926}
2026-04-05 12:40:07 [INFO]   limit_ask_order_levels: {"l1_by_group": 0.030156668489922083, "n_generated": 2302, "n_real": 2489, "wasserstein": 0.04597730384313344}
2026-04-05 12:40:07 [INFO]   limit_bid_order_depth: {"l1_by_group": 0.02748653060500712, "n_generated": 2938, "n_real": 2764, "wasserstein": 0.03114130929395441}
2026-04-05 12:40:07 [INFO]   limit_bid_order_levels: {"l1_by_group": 0.11011471290971253, "n_generated": 2892, "n_real": 3772, "wasserstein": 0.16380707651617538}
2026-04-05 12:40:07 [INFO]   log_inter_arrival_time: {"l1_by_group": 0.07931516289598335, "n_generated": 8542, "n_real": 10868, "wasserstein": 0.1674750339334891}
2026-04-05 12:40:07 [INFO]   ofi: {"l1_by_group": 0.15833153024426794, "n_generated": 8443, "n_real": 10769, "wasserstein": 0.14748122282039086}
2026-04-05 12:40:07 [INFO]   ofi_stay: {"l1_by_group": 0.1544033262053299, "n_generated": 8441, "n_real": 8638, "wasserstein": 0.1501746567817774}
2026-04-05 12:40:07 [INFO]   ofi_up: {"l1_by_group": 1.0, "n_generated": 1, "n_real": 1066, "wasserstein": 6.291072174679642}
2026-04-05 12:40:07 [INFO]   orderbook_imbalance: {"l1_by_group": 0.5658883329005565, "n_generated": 8543, "n_real": 10869, "wasserstein": 0.4836105045672091}
2026-04-05 12:40:07 [INFO]   spread: {"l1_by_group": 0.15245192750023007, "n_generated": 8543, "n_real": 10869, "wasserstein": 0.5066099992605492}
2026-04-05 12:40:07 [INFO]   spread | time: {"n_generated": 8543, "n_real": 10869, "num_condition_groups": 1, "per_group": {"10": {"n": 19412, "wasserstein": 0.5066099992605492}}, "weighted_wasserstein": 0.5066099992605492}
2026-04-05 12:40:07 [INFO]   vol_per_min: {"l1_by_group": 0.13758669163152343, "n_generated": 387, "n_real": 443, "wasserstein": 0.05667127873216179}
