[2026-04-10 12:40:13] [INFO] Experiment folder: /finance_ML/zhanghaohan/stock_language_model/saved_LOB_stream/pool_0709_0710_eval_0710_model_variants/sentence_k3_center_win50/sentence_k3_center_win50_T10_k0_ep3/fixed_start_model_blankgpt2_tokens_dynamic_anchor_txncomplete_002366XSHE_20260410_124013
[2026-04-10 12:40:13] [INFO] checkpoint: /finance_ML/zhanghaohan/stock_language_model/training_runs/pool_0709_0710_train0709_sentence_k3_baseline_win50_ep3_center_phase1diag/002366XSHE/model_cache/preGPT2sentS2IP_20250709_txncomplete_002366XSHE_win50_k3_20260409_140623_best.pt
[2026-04-10 12:40:13] [INFO] device: cuda greedy=False
/finance_ML/zhanghaohan/stock_language_model/scripts/hist_script/replay_decoded_real_tokens_openbidanchor_txncomplete_fixed_start.py:117: DtypeWarning: Columns (1,2,3,5,6,7,8,9,10,11,12,13,14,15,16,17,18,19,20,21,22,23,24,25,26,27,28,29,30,31,32,33,34,35,36,37,38,39,40,41,42,43,44,45,46,47,48,49,50,51,52,53,54,55,56,57,58,59,60,61,62,63,64,65,66,67,68,69,70,71,72,73,74,75,76,77,78,79,80,81,82,83,84,85,86,88) have mixed types. Specify dtype option on import or set low_memory=False.
  lob_info = pd.read_csv(lob_snap_path, header=None, names=columns)
[2026-04-10 12:50:59] [INFO] tokenizable_rows=29363 token_exact_match_rate_all=0.001839 tail_after_seed=0.000136
[2026-04-10 12:51:04] [INFO] Running eval vs clean reference...
2026-04-10 12:51:04 [INFO] ======================================================================
2026-04-10 12:51:04 [INFO] decoded real-token open-anchor txn-complete evaluation
2026-04-10 12:51:04 [INFO] ======================================================================
2026-04-10 12:51:04 [INFO] Evaluating: /finance_ML/zhanghaohan/stock_language_model/saved_LOB_stream/pool_0709_0710_eval_0710_model_variants/sentence_k3_center_win50/sentence_k3_center_win50_T10_k0_ep3/fixed_start_model_blankgpt2_tokens_dynamic_anchor_txncomplete_002366XSHE_20260410_124013
2026-04-10 12:51:04 [INFO] 
── loading data ───────────────────────────────────────
2026-04-10 12:51:04 [INFO] Loading LOBSTER data from /finance_ML/zhanghaohan/stock_language_model/saved_LOB_stream/pool_0709_0710_eval_0710_model_variants/sentence_k3_center_win50/sentence_k3_center_win50_T10_k0_ep3/fixed_start_model_blankgpt2_tokens_dynamic_anchor_txncomplete_002366XSHE_20260410_124013
2026-04-10 12:51:05 [INFO] Loaded 6,680 rows | 10 book levels | date 2025-07-10
2026-04-10 12:51:05 [INFO] Loading real reference LOBSTER data from /finance_ML/zhanghaohan/stock_language_model/saved_LOB_stream/fixed_start_realflow_generate_lobster_openbidanchor_txncomplete_002366XSHE_20260405_132652
2026-04-10 12:51:05 [INFO] Loading LOBSTER data from /finance_ML/zhanghaohan/stock_language_model/saved_LOB_stream/fixed_start_realflow_generate_lobster_openbidanchor_txncomplete_002366XSHE_20260405_132652
2026-04-10 12:51:05 [INFO] Loaded 18,950 rows | 10 book levels | date 2025-07-10
2026-04-10 12:51:05 [INFO] 
── computing metrics ──────────────────────────────────
/finance_ML/zhanghaohan/mycondaenv/lib/python3.8/site-packages/statsmodels/tsa/stattools.py:693: RuntimeWarning: invalid value encountered in divide
  acf = avf[: nlags + 1] / avf[0]
2026-04-10 12:51:05 [WARNING] Reference metric log_time_to_cancel skipped: <lambda>() got an unexpected keyword argument 'include_groups'
2026-04-10 12:51:06 [WARNING] Reference conditional metric spread | volatility skipped: Invalid frequency: 0.1s
2026-04-10 12:51:06 [INFO] Computed now (generated-only): 15 metric groups
2026-04-10 12:51:06 [INFO] Computed (with real reference LOB data): 22 benchmark metric configs
2026-04-10 12:51:06 [INFO] Failed (with real reference LOB data): 2 benchmark metric configs
2026-04-10 12:51:06 [INFO] Skipped (needs true order-ID linkage): 2 metrics
2026-04-10 12:51:06 [INFO] 
── LOB-Bench-style overall aggregates (reference_comparison) ──
2026-04-10 12:51:06 [INFO]   Wasserstein aggregate: n=21  mean=0.693674  median=0.687696  iqm=0.650964  (lower is better)
2026-04-10 12:51:06 [INFO]   L1_by_group aggregate: n=20  mean=0.556404  median=0.582963  iqm=0.568898  (lower is better)
2026-04-10 12:51:06 [INFO] 
── generating plots ───────────────────────────────────
2026-04-10 12:51:09 [INFO] saved mid_price.png
2026-04-10 12:51:09 [INFO] saved spread.png
2026-04-10 12:51:10 [INFO] saved inter_arrival_time.png
2026-04-10 12:51:10 [INFO] saved l1_volume.png
2026-04-10 12:51:11 [INFO] saved volume_per_minute.png
2026-04-10 12:51:11 [INFO] saved orderbook_imbalance.png
2026-04-10 12:51:12 [INFO] saved orderflow_imbalance.png
2026-04-10 12:51:12 [INFO] saved event_type_counts.png
2026-04-10 12:51:12 [INFO] Skipped time-to-fill/time-to-cancel plots: requires true order-ID linkage (not available in synthetic IDs).
2026-04-10 12:51:13 [INFO] saved overview_panel.png
2026-04-10 12:51:13 [INFO] Wrote metrics summary: /finance_ML/zhanghaohan/stock_language_model/saved_LOB_stream/pool_0709_0710_eval_0710_model_variants/sentence_k3_center_win50/sentence_k3_center_win50_T10_k0_ep3/fixed_start_model_blankgpt2_tokens_dynamic_anchor_txncomplete_002366XSHE_20260410_124013/metrics_summary.json
2026-04-10 12:51:13 [INFO] 
── all computed metrics summary ─────────────────────
2026-04-10 12:51:13 [INFO]   acf_returns_1min: [NaN]
2026-04-10 12:51:13 [INFO]   direction_counts: {"-1": 3209, "1": 3471}
2026-04-10 12:51:13 [INFO]   direction_fractions: {"-1": 0.4804, "1": 0.5196}
2026-04-10 12:51:13 [INFO]   event_type_counts: {"1": 2451, "2": 209, "3": 820, "4": 3200}
2026-04-10 12:51:13 [INFO]   event_type_fractions: {"1": 0.3669, "2": 0.0313, "3": 0.1228, "4": 0.479}
2026-04-10 12:51:13 [INFO]   iat_ms: {"mean": 25.251509054325957, "median": 10.0, "n": 3479, "n_exec_excluded": 3200, "p95": 90.0, "std": 37.01232613164088}
2026-04-10 12:51:13 [INFO]   l1_volume: {"ask_mean": 8780.64371257485, "ask_median": 600.0, "bid_mean": 47038.66766467066, "bid_median": 9300.0}
2026-04-10 12:51:13 [INFO]   mid_price: {"end_cny": 9.475, "end_price_int": 94750.0, "mean_cny": 9.472243263473054, "mean_price_int": 94722.43263473053, "mean_ticks_0p01": 947.2243263473054, "start_cny": 9.47, "start_price_int": 94700.0, "std_cny": 0.004314165305967184, "std_price_int": 43.14165305967283, "std_ticks_0p01": 0.43141653059672813, "total_return_bps": 5.27983104540608}
2026-04-10 12:51:13 [INFO]   ob_imbalance: {"mean": 0.7299901992418323, "median": 0.9175257731958762, "std": 0.531867557491143}
2026-04-10 12:51:13 [INFO]   orderflow_imbalance: {"mean": 3.953191489361702, "n": 6580, "std": 16.898684093401275}
2026-04-10 12:51:13 [INFO]   returns_1min: {"kurtosis": null, "mean": 0.0005278437705040773, "n": 1, "skew": null, "std": null}
2026-04-10 12:51:13 [INFO]   spread_ticks: {"mean": 1.4070359281437126, "median": 1.0, "n": 6680, "pct_zero_spread": 0.0, "std": 0.4913184488119922, "tick_size_cny": 0.01, "tick_size_price_int": 100}
2026-04-10 12:51:13 [INFO]   total_volume_5lvl: {"ask_mean": 356594.8053892216, "bid_mean": 305795.1946107784}
2026-04-10 12:51:13 [INFO]   volatility_1min: 0.0
2026-04-10 12:51:13 [INFO]   volume_per_minute: {"mean": 2147122.0689655175, "n": 87, "total": 186799620.0}
2026-04-10 12:51:13 [INFO]   [real-vs-generated comparative metrics]
2026-04-10 12:51:13 [INFO]   ask_cancellation_depth: {"l1_by_group": 0.48774910963790735, "n_generated": 898, "n_real": 1539, "wasserstein": 0.7526588508119696}
2026-04-10 12:51:13 [INFO]   ask_cancellation_levels: {"l1_by_group": 0.40092687278344674, "n_generated": 118, "n_real": 779, "wasserstein": 0.692525905978853}
2026-04-10 12:51:13 [INFO]   ask_volume: {"l1_by_group": 0.6517862164852354, "n_generated": 6680, "n_real": 18950, "wasserstein": 0.6167298949705183}
2026-04-10 12:51:13 [INFO]   ask_volume | spread: {"n_generated": 6680, "n_real": 18950, "num_condition_groups": 7, "per_group": {"1": {"n": 1904, "wasserstein": null}, "2": {"n": 18541, "wasserstein": 0.7990035912686642}, "3": {"n": 4484, "wasserstein": 0.4971914880680828}, "4": {"n": 551, "wasserstein": null}, "5": {"n": 63, "wasserstein": null}, "6": {"n": 84, "wasserstein": null}, "7": {"n": 3, "wasserstein": null}}, "weighted_wasserstein": null}
2026-04-10 12:51:13 [INFO]   ask_volume_touch: {"l1_by_group": 0.8399102586383961, "n_generated": 6680, "n_real": 18950, "wasserstein": 0.5268521325813493}
2026-04-10 12:51:13 [INFO]   bid_cancellation_depth: {"l1_by_group": 0.2635491726993575, "n_generated": 129, "n_real": 1391, "wasserstein": 0.31786614204178754}
2026-04-10 12:51:13 [INFO]   bid_cancellation_levels: {"l1_by_group": 0.31300020008003204, "n_generated": 51, "n_real": 784, "wasserstein": 0.41604944556842494}
2026-04-10 12:51:13 [INFO]   bid_volume: {"l1_by_group": 0.8192342755123001, "n_generated": 6680, "n_real": 18950, "wasserstein": 0.8047677304883623}
2026-04-10 12:51:13 [INFO]   bid_volume_touch: {"l1_by_group": 0.7853279983568482, "n_generated": 6680, "n_real": 18950, "wasserstein": 0.4489765714432311}
2026-04-10 12:51:13 [INFO]   limit_ask_order_depth: {"l1_by_group": 0.6782406739296845, "n_generated": 2203, "n_real": 4671, "wasserstein": 1.0966367394793624}
2026-04-10 12:51:13 [INFO]   limit_ask_order_levels: {"l1_by_group": 0.5141395908543922, "n_generated": 63, "n_real": 3324, "wasserstein": 1.6512874990164361}
2026-04-10 12:51:13 [INFO]   limit_bid_order_depth: {"l1_by_group": 0.43492289574613685, "n_generated": 248, "n_real": 4054, "wasserstein": 0.580902515515833}
2026-04-10 12:51:13 [INFO]   limit_bid_order_levels: {"l1_by_group": 0.2516713158907272, "n_generated": 115, "n_real": 3616, "wasserstein": 0.5404575356683067}
2026-04-10 12:51:13 [INFO]   log_inter_arrival_time: {"l1_by_group": 0.24269331511362274, "n_generated": 6679, "n_real": 18949, "wasserstein": 0.5237129442568753}
2026-04-10 12:51:13 [INFO]   ofi: {"l1_by_group": 0.748481291269259, "n_generated": 6580, "n_real": 18850, "wasserstein": 0.694803024525819}
2026-04-10 12:51:13 [INFO]   ofi_down: {"l1_by_group": 0.839344262295082, "n_generated": 3, "n_real": 305, "wasserstein": 0.6290745807886382}
2026-04-10 12:51:13 [INFO]   ofi_stay: {"l1_by_group": 0.7637116870176102, "n_generated": 6571, "n_real": 18232, "wasserstein": 0.697791686270171}
2026-04-10 12:51:13 [INFO]   ofi_up: {"l1_by_group": 0.8205128205128205, "n_generated": 5, "n_real": 312, "wasserstein": 0.617545416569643}
2026-04-10 12:51:13 [INFO]   orderbook_imbalance: {"l1_by_group": 0.6951274232537563, "n_generated": 6680, "n_real": 18950, "wasserstein": 0.867744024646764}
2026-04-10 12:51:13 [INFO]   spread: {"l1_by_group": 0.31389608645505823, "n_generated": 6680, "n_real": 18950, "wasserstein": 0.6876960150879059}
2026-04-10 12:51:13 [INFO]   spread | time: {"n_generated": 6680, "n_real": 18950, "num_condition_groups": 1, "per_group": {"10": {"n": 25630, "wasserstein": 0.6876960150879059}}, "weighted_wasserstein": 0.6876960150879059}
2026-04-10 12:51:13 [INFO]   vol_per_min: {"l1_by_group": 0.26386128969413597, "n_generated": 87, "n_real": 590, "wasserstein": 0.7153766984713714}
[2026-04-10 12:51:13] [DONE] metrics_summary: /finance_ML/zhanghaohan/stock_language_model/saved_LOB_stream/pool_0709_0710_eval_0710_model_variants/sentence_k3_center_win50/sentence_k3_center_win50_T10_k0_ep3/fixed_start_model_blankgpt2_tokens_dynamic_anchor_txncomplete_002366XSHE_20260410_124013/metrics_summary.json
