[2026-04-08 17:04:15] [INFO] Experiment folder: /finance_ML/zhanghaohan/stock_language_model/saved_LOB_stream/pool_0709_0710_eval_0710_model_variants/sentence_preset_s2ip_k5/sentence_s2ip_k5_T10_k0_win50/fixed_start_model_blankgpt2_tokens_dynamic_anchor_txncomplete_002366XSHE_20260408_170415
[2026-04-08 17:04:15] [INFO] checkpoint: /finance_ML/zhanghaohan/stock_language_model/training_runs/pool_0709_0710_train0709_sentence_preset_s2ip_win50_k5/002366XSHE/model_cache/preGPT2sentS2IP_20250709_txncomplete_002366XSHE_win50_k5_20260408_082344_best.pt
[2026-04-08 17:04:15] [INFO] device: cuda greedy=False
/finance_ML/zhanghaohan/stock_language_model/scripts/hist_script/replay_decoded_real_tokens_openbidanchor_txncomplete_fixed_start.py:117: DtypeWarning: Columns (1,2,3,5,6,7,8,9,10,11,12,13,14,15,16,17,18,19,20,21,22,23,24,25,26,27,28,29,30,31,32,33,34,35,36,37,38,39,40,41,42,43,44,45,46,47,48,49,50,51,52,53,54,55,56,57,58,59,60,61,62,63,64,65,66,67,68,69,70,71,72,73,74,75,76,77,78,79,80,81,82,83,84,85,86,88) have mixed types. Specify dtype option on import or set low_memory=False.
  lob_info = pd.read_csv(lob_snap_path, header=None, names=columns)
[2026-04-08 17:12:42] [INFO] tokenizable_rows=29363 token_exact_match_rate_all=0.001771 tail_after_seed=0.000068
[2026-04-08 17:12:47] [INFO] Running eval vs clean reference...
2026-04-08 17:12:47 [INFO] ======================================================================
2026-04-08 17:12:47 [INFO] decoded real-token open-anchor txn-complete evaluation
2026-04-08 17:12:47 [INFO] ======================================================================
2026-04-08 17:12:47 [INFO] Evaluating: /finance_ML/zhanghaohan/stock_language_model/saved_LOB_stream/pool_0709_0710_eval_0710_model_variants/sentence_preset_s2ip_k5/sentence_s2ip_k5_T10_k0_win50/fixed_start_model_blankgpt2_tokens_dynamic_anchor_txncomplete_002366XSHE_20260408_170415
2026-04-08 17:12:47 [INFO] 
── loading data ───────────────────────────────────────
2026-04-08 17:12:47 [INFO] Loading LOBSTER data from /finance_ML/zhanghaohan/stock_language_model/saved_LOB_stream/pool_0709_0710_eval_0710_model_variants/sentence_preset_s2ip_k5/sentence_s2ip_k5_T10_k0_win50/fixed_start_model_blankgpt2_tokens_dynamic_anchor_txncomplete_002366XSHE_20260408_170415
2026-04-08 17:12:47 [INFO] Loaded 7,167 rows | 10 book levels | date 2025-07-10
2026-04-08 17:12:47 [INFO] Loading real reference LOBSTER data from /finance_ML/zhanghaohan/stock_language_model/saved_LOB_stream/fixed_start_realflow_generate_lobster_openbidanchor_txncomplete_002366XSHE_20260405_132652
2026-04-08 17:12:47 [INFO] Loading LOBSTER data from /finance_ML/zhanghaohan/stock_language_model/saved_LOB_stream/fixed_start_realflow_generate_lobster_openbidanchor_txncomplete_002366XSHE_20260405_132652
2026-04-08 17:12:48 [INFO] Loaded 18,950 rows | 10 book levels | date 2025-07-10
2026-04-08 17:12:48 [INFO] 
── computing metrics ──────────────────────────────────
/finance_ML/zhanghaohan/mycondaenv/lib/python3.8/site-packages/statsmodels/tsa/stattools.py:693: RuntimeWarning: invalid value encountered in divide
  acf = avf[: nlags + 1] / avf[0]
2026-04-08 17:12:48 [WARNING] Reference metric log_time_to_cancel skipped: <lambda>() got an unexpected keyword argument 'include_groups'
2026-04-08 17:12:49 [WARNING] Reference conditional metric spread | volatility skipped: Invalid frequency: 0.1s
2026-04-08 17:12:49 [INFO] Computed now (generated-only): 15 metric groups
2026-04-08 17:12:49 [INFO] Computed (with real reference LOB data): 22 benchmark metric configs
2026-04-08 17:12:49 [INFO] Failed (with real reference LOB data): 2 benchmark metric configs
2026-04-08 17:12:49 [INFO] Skipped (needs true order-ID linkage): 2 metrics
2026-04-08 17:12:49 [INFO] 
── LOB-Bench-style overall aggregates (reference_comparison) ──
2026-04-08 17:12:49 [INFO]   Wasserstein aggregate: n=21  mean=0.642967  median=0.569932  iqm=0.583629  (lower is better)
2026-04-08 17:12:49 [INFO]   L1_by_group aggregate: n=20  mean=0.504053  median=0.532242  iqm=0.525261  (lower is better)
2026-04-08 17:12:49 [INFO] 
── generating plots ───────────────────────────────────
2026-04-08 17:12:50 [INFO] saved mid_price.png
2026-04-08 17:12:50 [INFO] saved spread.png
2026-04-08 17:12:51 [INFO] saved inter_arrival_time.png
2026-04-08 17:12:51 [INFO] saved l1_volume.png
2026-04-08 17:12:52 [INFO] saved volume_per_minute.png
2026-04-08 17:12:53 [INFO] saved orderbook_imbalance.png
2026-04-08 17:12:53 [INFO] saved orderflow_imbalance.png
2026-04-08 17:12:53 [INFO] saved event_type_counts.png
2026-04-08 17:12:53 [INFO] Skipped time-to-fill/time-to-cancel plots: requires true order-ID linkage (not available in synthetic IDs).
2026-04-08 17:12:54 [INFO] saved overview_panel.png
2026-04-08 17:12:54 [INFO] Wrote metrics summary: /finance_ML/zhanghaohan/stock_language_model/saved_LOB_stream/pool_0709_0710_eval_0710_model_variants/sentence_preset_s2ip_k5/sentence_s2ip_k5_T10_k0_win50/fixed_start_model_blankgpt2_tokens_dynamic_anchor_txncomplete_002366XSHE_20260408_170415/metrics_summary.json
2026-04-08 17:12:54 [INFO] 
── all computed metrics summary ─────────────────────
2026-04-08 17:12:54 [INFO]   acf_returns_1min: [NaN]
2026-04-08 17:12:54 [INFO]   direction_counts: {"-1": 3464, "1": 3703}
2026-04-08 17:12:54 [INFO]   direction_fractions: {"-1": 0.4833, "1": 0.5167}
2026-04-08 17:12:54 [INFO]   event_type_counts: {"1": 2434, "2": 145, "3": 747, "4": 3841}
2026-04-08 17:12:54 [INFO]   event_type_fractions: {"1": 0.3396, "2": 0.0202, "3": 0.1042, "4": 0.5359}
2026-04-08 17:12:54 [INFO]   iat_ms: {"mean": 27.834586466165412, "median": 10.0, "n": 3325, "n_exec_excluded": 3841, "p95": 100.0, "std": 39.11171102620326}
2026-04-08 17:12:54 [INFO]   l1_volume: {"ask_mean": 72447.95981582251, "ask_median": 93300.0, "bid_mean": 31565.280870657178, "bid_median": 6300.0}
2026-04-08 17:12:54 [INFO]   mid_price: {"end_cny": 9.475, "end_price_int": 94750.0, "mean_cny": 9.48000488349379, "mean_price_int": 94800.04883493792, "mean_ticks_0p01": 948.0004883493791, "start_cny": 9.47, "start_price_int": 94700.0, "std_cny": 0.007525422807282617, "std_price_int": 75.25422807282824, "std_ticks_0p01": 0.7525422807282823, "total_return_bps": 5.27983104540608}
2026-04-08 17:12:54 [INFO]   ob_imbalance: {"mean": -0.4503530659438108, "median": -0.8734939759036144, "std": 0.715684505821175}
2026-04-08 17:12:54 [INFO]   orderflow_imbalance: {"mean": -6.58808546766662, "n": 7067, "std": 76.43535628530066}
2026-04-08 17:12:54 [INFO]   returns_1min: {"kurtosis": null, "mean": -0.001054852418487684, "n": 1, "skew": null, "std": null}
2026-04-08 17:12:54 [INFO]   spread_ticks: {"mean": 1.231059020510674, "median": 1.0, "n": 7167, "pct_zero_spread": 0.0, "std": 0.6059715700288848, "tick_size_cny": 0.01, "tick_size_price_int": 100}
2026-04-08 17:12:54 [INFO]   total_volume_5lvl: {"ask_mean": 331861.28142877074, "bid_mean": 366160.30947397795}
2026-04-08 17:12:54 [INFO]   volatility_1min: 0.0
2026-04-08 17:12:54 [INFO]   volume_per_minute: {"mean": 2369626.7701863353, "n": 92, "total": 218005662.85714287}
2026-04-08 17:12:54 [INFO]   [real-vs-generated comparative metrics]
2026-04-08 17:12:54 [INFO]   ask_cancellation_depth: {"l1_by_group": 0.3477096756593208, "n_generated": 655, "n_real": 1539, "wasserstein": 0.5311599686409196}
2026-04-08 17:12:54 [INFO]   ask_cancellation_levels: {"l1_by_group": 0.32496275404551966, "n_generated": 137, "n_real": 779, "wasserstein": 0.4323539146537681}
2026-04-08 17:12:54 [INFO]   ask_volume: {"l1_by_group": 0.7151184500346612, "n_generated": 7167, "n_real": 18950, "wasserstein": 0.7801616165637992}
2026-04-08 17:12:54 [INFO]   ask_volume | spread: {"n_generated": 7167, "n_real": 18950, "num_condition_groups": 7, "per_group": {"1": {"n": 1904, "wasserstein": null}, "2": {"n": 20770, "wasserstein": 1.423982183163361}, "3": {"n": 2063, "wasserstein": 0.6354386174354396}, "4": {"n": 1230, "wasserstein": 1.7039681869722132}, "5": {"n": 63, "wasserstein": null}, "6": {"n": 84, "wasserstein": null}, "7": {"n": 3, "wasserstein": null}}, "weighted_wasserstein": null}
2026-04-08 17:12:54 [INFO]   ask_volume_touch: {"l1_by_group": 0.7306203417672541, "n_generated": 7167, "n_real": 18950, "wasserstein": 1.3934878208306973}
2026-04-08 17:12:54 [INFO]   bid_cancellation_depth: {"l1_by_group": 0.2932745616493439, "n_generated": 236, "n_real": 1391, "wasserstein": 0.19437465149219127}
2026-04-08 17:12:54 [INFO]   bid_cancellation_levels: {"l1_by_group": 0.16534640171858214, "n_generated": 133, "n_real": 784, "wasserstein": 0.1435995489547261}
2026-04-08 17:12:54 [INFO]   bid_volume: {"l1_by_group": 0.7524521029211505, "n_generated": 7167, "n_real": 18950, "wasserstein": 0.7945221400038642}
2026-04-08 17:12:54 [INFO]   bid_volume_touch: {"l1_by_group": 0.6689978363895206, "n_generated": 7167, "n_real": 18950, "wasserstein": 0.4178753681850855}
2026-04-08 17:12:54 [INFO]   limit_ask_order_depth: {"l1_by_group": 0.6234553859594758, "n_generated": 1855, "n_real": 4671, "wasserstein": 0.9305751939506457}
2026-04-08 17:12:54 [INFO]   limit_ask_order_levels: {"l1_by_group": 0.5057020121456357, "n_generated": 129, "n_real": 3324, "wasserstein": 1.6041037133223037}
2026-04-08 17:12:54 [INFO]   limit_bid_order_depth: {"l1_by_group": 0.4328461282189577, "n_generated": 579, "n_real": 4054, "wasserstein": 0.35789463631363366}
2026-04-08 17:12:54 [INFO]   limit_bid_order_levels: {"l1_by_group": 0.4499554300197612, "n_generated": 412, "n_real": 3616, "wasserstein": 0.6969265947017578}
2026-04-08 17:12:54 [INFO]   log_inter_arrival_time: {"l1_by_group": 0.30101346406759205, "n_generated": 7166, "n_real": 18949, "wasserstein": 0.5699324590109789}
2026-04-08 17:12:54 [INFO]   ofi: {"l1_by_group": 0.6698623144371474, "n_generated": 7067, "n_real": 18850, "wasserstein": 0.6394056156346059}
2026-04-08 17:12:54 [INFO]   ofi_down: {"l1_by_group": 0.5587822014051521, "n_generated": 7, "n_real": 305, "wasserstein": 0.36854315512836433}
2026-04-08 17:12:54 [INFO]   ofi_stay: {"l1_by_group": 0.679780255318683, "n_generated": 7054, "n_real": 18232, "wasserstein": 0.6424645748328486}
2026-04-08 17:12:54 [INFO]   ofi_up: {"l1_by_group": 0.6474358974358974, "n_generated": 5, "n_real": 312, "wasserstein": 0.5465717832776824}
2026-04-08 17:12:54 [INFO]   orderbook_imbalance: {"l1_by_group": 0.7059220489100403, "n_generated": 7167, "n_real": 18950, "wasserstein": 0.9890279062244679}
2026-04-08 17:12:54 [INFO]   spread: {"l1_by_group": 0.1599508815875165, "n_generated": 7167, "n_real": 18950, "wasserstein": 0.2793854747165306}
2026-04-08 17:12:54 [INFO]   spread | time: {"n_generated": 7167, "n_real": 18950, "num_condition_groups": 1, "per_group": {"10": {"n": 26117, "wasserstein": 0.2793854747165306}}, "weighted_wasserstein": 0.2793854747165306}
2026-04-08 17:12:54 [INFO]   vol_per_min: {"l1_by_group": 0.3478629329403095, "n_generated": 92, "n_real": 590, "wasserstein": 0.9105452304800055}
[2026-04-08 17:12:54] [DONE] metrics_summary: /finance_ML/zhanghaohan/stock_language_model/saved_LOB_stream/pool_0709_0710_eval_0710_model_variants/sentence_preset_s2ip_k5/sentence_s2ip_k5_T10_k0_win50/fixed_start_model_blankgpt2_tokens_dynamic_anchor_txncomplete_002366XSHE_20260408_170415/metrics_summary.json
