[2026-04-08 22:18:30] [INFO] Experiment folder: /finance_ML/zhanghaohan/stock_language_model/saved_LOB_stream/pool_0709_0710_eval_0710_model_variants/sentence_k3_win100/sentence_k3_win100_T10_k0_ep3/fixed_start_model_blankgpt2_tokens_dynamic_anchor_txncomplete_002366XSHE_20260408_221830
[2026-04-08 22:18:30] [INFO] checkpoint: /finance_ML/zhanghaohan/stock_language_model/training_runs/pool_0709_0710_train0709_sentence_k3_baseline_win100_ep3/002366XSHE/model_cache/preGPT2sentS2IP_20250709_txncomplete_002366XSHE_win100_k3_20260408_192805_best.pt
[2026-04-08 22:18:30] [INFO] device: cuda greedy=False
/finance_ML/zhanghaohan/stock_language_model/scripts/hist_script/replay_decoded_real_tokens_openbidanchor_txncomplete_fixed_start.py:117: DtypeWarning: Columns (1,2,3,5,6,7,8,9,10,11,12,13,14,15,16,17,18,19,20,21,22,23,24,25,26,27,28,29,30,31,32,33,34,35,36,37,38,39,40,41,42,43,44,45,46,47,48,49,50,51,52,53,54,55,56,57,58,59,60,61,62,63,64,65,66,67,68,69,70,71,72,73,74,75,76,77,78,79,80,81,82,83,84,85,86,88) have mixed types. Specify dtype option on import or set low_memory=False.
  lob_info = pd.read_csv(lob_snap_path, header=None, names=columns)
[2026-04-08 22:27:56] [INFO] tokenizable_rows=29363 token_exact_match_rate_all=0.003474 tail_after_seed=0.000068
[2026-04-08 22:28:02] [INFO] Running eval vs clean reference...
2026-04-08 22:28:02 [INFO] ======================================================================
2026-04-08 22:28:02 [INFO] decoded real-token open-anchor txn-complete evaluation
2026-04-08 22:28:02 [INFO] ======================================================================
2026-04-08 22:28:02 [INFO] Evaluating: /finance_ML/zhanghaohan/stock_language_model/saved_LOB_stream/pool_0709_0710_eval_0710_model_variants/sentence_k3_win100/sentence_k3_win100_T10_k0_ep3/fixed_start_model_blankgpt2_tokens_dynamic_anchor_txncomplete_002366XSHE_20260408_221830
2026-04-08 22:28:02 [INFO] 
── loading data ───────────────────────────────────────
2026-04-08 22:28:02 [INFO] Loading LOBSTER data from /finance_ML/zhanghaohan/stock_language_model/saved_LOB_stream/pool_0709_0710_eval_0710_model_variants/sentence_k3_win100/sentence_k3_win100_T10_k0_ep3/fixed_start_model_blankgpt2_tokens_dynamic_anchor_txncomplete_002366XSHE_20260408_221830
2026-04-08 22:28:02 [INFO] Loaded 7,058 rows | 10 book levels | date 2025-07-10
2026-04-08 22:28:02 [INFO] Loading real reference LOBSTER data from /finance_ML/zhanghaohan/stock_language_model/saved_LOB_stream/fixed_start_realflow_generate_lobster_openbidanchor_txncomplete_002366XSHE_20260405_132652
2026-04-08 22:28:02 [INFO] Loading LOBSTER data from /finance_ML/zhanghaohan/stock_language_model/saved_LOB_stream/fixed_start_realflow_generate_lobster_openbidanchor_txncomplete_002366XSHE_20260405_132652
2026-04-08 22:28:02 [INFO] Loaded 18,950 rows | 10 book levels | date 2025-07-10
2026-04-08 22:28:02 [INFO] 
── computing metrics ──────────────────────────────────
/finance_ML/zhanghaohan/mycondaenv/lib/python3.8/site-packages/statsmodels/tsa/stattools.py:693: RuntimeWarning: invalid value encountered in divide
  acf = avf[: nlags + 1] / avf[0]
2026-04-08 22:28:03 [WARNING] Reference metric log_time_to_cancel skipped: <lambda>() got an unexpected keyword argument 'include_groups'
2026-04-08 22:28:04 [WARNING] Reference conditional metric spread | volatility skipped: Invalid frequency: 0.1s
2026-04-08 22:28:04 [INFO] Computed now (generated-only): 15 metric groups
2026-04-08 22:28:04 [INFO] Computed (with real reference LOB data): 22 benchmark metric configs
2026-04-08 22:28:04 [INFO] Failed (with real reference LOB data): 2 benchmark metric configs
2026-04-08 22:28:04 [INFO] Skipped (needs true order-ID linkage): 2 metrics
2026-04-08 22:28:04 [INFO] 
── LOB-Bench-style overall aggregates (reference_comparison) ──
2026-04-08 22:28:04 [INFO]   Wasserstein aggregate: n=21  mean=0.624716  median=0.586182  iqm=0.572892  (lower is better)
2026-04-08 22:28:04 [INFO]   L1_by_group aggregate: n=20  mean=0.546346  median=0.556444  iqm=0.561194  (lower is better)
2026-04-08 22:28:04 [INFO] 
── generating plots ───────────────────────────────────
2026-04-08 22:28:05 [INFO] saved mid_price.png
2026-04-08 22:28:06 [INFO] saved spread.png
2026-04-08 22:28:06 [INFO] saved inter_arrival_time.png
2026-04-08 22:28:06 [INFO] saved l1_volume.png
2026-04-08 22:28:07 [INFO] saved volume_per_minute.png
2026-04-08 22:28:08 [INFO] saved orderbook_imbalance.png
2026-04-08 22:28:08 [INFO] saved orderflow_imbalance.png
2026-04-08 22:28:08 [INFO] saved event_type_counts.png
2026-04-08 22:28:08 [INFO] Skipped time-to-fill/time-to-cancel plots: requires true order-ID linkage (not available in synthetic IDs).
2026-04-08 22:28:09 [INFO] saved overview_panel.png
2026-04-08 22:28:09 [INFO] Wrote metrics summary: /finance_ML/zhanghaohan/stock_language_model/saved_LOB_stream/pool_0709_0710_eval_0710_model_variants/sentence_k3_win100/sentence_k3_win100_T10_k0_ep3/fixed_start_model_blankgpt2_tokens_dynamic_anchor_txncomplete_002366XSHE_20260408_221830/metrics_summary.json
2026-04-08 22:28:09 [INFO] 
── all computed metrics summary ─────────────────────
2026-04-08 22:28:09 [INFO]   acf_returns_1min: [NaN]
2026-04-08 22:28:09 [INFO]   direction_counts: {"-1": 4232, "1": 2826}
2026-04-08 22:28:09 [INFO]   direction_fractions: {"-1": 0.5996, "1": 0.4004}
2026-04-08 22:28:09 [INFO]   event_type_counts: {"1": 2931, "2": 144, "3": 818, "4": 3165}
2026-04-08 22:28:09 [INFO]   event_type_fractions: {"1": 0.4153, "2": 0.0204, "3": 0.1159, "4": 0.4484}
2026-04-08 22:28:09 [INFO]   iat_ms: {"mean": 20.50616649537513, "median": 10.0, "n": 3892, "n_exec_excluded": 3165, "p95": 70.0, "std": 29.23993412481936}
2026-04-08 22:28:09 [INFO]   l1_volume: {"ask_mean": 10668.872201756873, "ask_median": 9200.0, "bid_mean": 67137.85775007085, "bid_median": 65000.0}
2026-04-08 22:28:09 [INFO]   mid_price: {"end_cny": 9.465, "end_price_int": 94650.0, "mean_cny": 9.465440634740721, "mean_price_int": 94654.4063474072, "mean_ticks_0p01": 946.544063474072, "start_cny": 9.47, "start_price_int": 94700.0, "std_cny": 0.0014545022749527317, "std_price_int": 14.54502274952529, "std_ticks_0p01": 0.14545022749525288, "total_return_bps": -5.27983104540608}
2026-04-08 22:28:09 [INFO]   ob_imbalance: {"mean": 0.7467249054147188, "median": 0.7393767705382436, "std": 0.19689428641728351}
2026-04-08 22:28:09 [INFO]   orderflow_imbalance: {"mean": -5.592124173613107, "n": 6958, "std": 34.47125916692361}
2026-04-08 22:28:09 [INFO]   returns_1min: {"kurtosis": null, "mean": 0.0, "n": 1, "skew": null, "std": null}
2026-04-08 22:28:09 [INFO]   spread_ticks: {"mean": 1.0838764522527629, "median": 1.0, "n": 7058, "pct_zero_spread": 0.0, "std": 0.2772220800348164, "tick_size_cny": 0.01, "tick_size_price_int": 100}
2026-04-08 22:28:09 [INFO]   total_volume_5lvl: {"ask_mean": 426379.07622555963, "bid_mean": 428049.24681212805}
2026-04-08 22:28:09 [INFO]   volatility_1min: 0.0
2026-04-08 22:28:09 [INFO]   volume_per_minute: {"mean": 2261710.877346137, "n": 79, "total": 178675159.31034482}
2026-04-08 22:28:09 [INFO]   [real-vs-generated comparative metrics]
2026-04-08 22:28:09 [INFO]   ask_cancellation_depth: {"l1_by_group": 0.49887901829779413, "n_generated": 786, "n_real": 1539, "wasserstein": 0.8426016706536286}
2026-04-08 22:28:09 [INFO]   ask_cancellation_levels: {"l1_by_group": 0.24235199973325774, "n_generated": 77, "n_real": 779, "wasserstein": 0.21039374931253063}
2026-04-08 22:28:09 [INFO]   ask_volume: {"l1_by_group": 0.8462422999481867, "n_generated": 7058, "n_real": 18950, "wasserstein": 0.6901860273659571}
2026-04-08 22:28:09 [INFO]   ask_volume | spread: {"n_generated": 7058, "n_real": 18950, "num_condition_groups": 7, "per_group": {"1": {"n": 1904, "wasserstein": null}, "2": {"n": 21046, "wasserstein": 0.5589838757785575}, "3": {"n": 2357, "wasserstein": 1.4910078434169272}, "4": {"n": 551, "wasserstein": null}, "5": {"n": 63, "wasserstein": null}, "6": {"n": 84, "wasserstein": null}, "7": {"n": 3, "wasserstein": null}}, "weighted_wasserstein": null}
2026-04-08 22:28:09 [INFO]   ask_volume_touch: {"l1_by_group": 0.6409821075431535, "n_generated": 7058, "n_real": 18950, "wasserstein": 0.45135480404832057}
2026-04-08 22:28:09 [INFO]   bid_cancellation_depth: {"l1_by_group": 0.32425182294341176, "n_generated": 175, "n_real": 1391, "wasserstein": 0.3352741973776384}
2026-04-08 22:28:09 [INFO]   bid_cancellation_levels: {"l1_by_group": 0.16419567827130857, "n_generated": 85, "n_real": 784, "wasserstein": 0.13061845177552797}
2026-04-08 22:28:09 [INFO]   bid_volume: {"l1_by_group": 0.8755480223792161, "n_generated": 7058, "n_real": 18950, "wasserstein": 1.396604012142945}
2026-04-08 22:28:09 [INFO]   bid_volume_touch: {"l1_by_group": 0.9133382729304347, "n_generated": 7058, "n_real": 18950, "wasserstein": 0.9456263616952644}
2026-04-08 22:28:09 [INFO]   limit_ask_order_depth: {"l1_by_group": 0.6746530726546068, "n_generated": 2532, "n_real": 4671, "wasserstein": 1.0807599510555848}
2026-04-08 22:28:09 [INFO]   limit_ask_order_levels: {"l1_by_group": 0.20998796630565583, "n_generated": 96, "n_real": 3324, "wasserstein": 0.2768576319655977}
2026-04-08 22:28:09 [INFO]   limit_bid_order_depth: {"l1_by_group": 0.5161658462881427, "n_generated": 399, "n_real": 4054, "wasserstein": 0.48142838025475837}
2026-04-08 22:28:09 [INFO]   limit_bid_order_levels: {"l1_by_group": 0.5008968238328975, "n_generated": 247, "n_real": 3616, "wasserstein": 0.8038720875501877}
2026-04-08 22:28:09 [INFO]   log_inter_arrival_time: {"l1_by_group": 0.3093218760651909, "n_generated": 7057, "n_real": 18949, "wasserstein": 0.5014660355632654}
2026-04-08 22:28:09 [INFO]   ofi: {"l1_by_group": 0.7302579554629787, "n_generated": 6958, "n_real": 18850, "wasserstein": 0.6850883551114118}
2026-04-08 22:28:09 [INFO]   ofi_down: {"l1_by_group": 0.5967213114754097, "n_generated": 3, "n_real": 305, "wasserstein": 0.4482097038708154}
2026-04-08 22:28:09 [INFO]   ofi_stay: {"l1_by_group": 0.7178931718078357, "n_generated": 6952, "n_real": 18232, "wasserstein": 0.6883115463619136}
2026-04-08 22:28:09 [INFO]   ofi_up: {"l1_by_group": 0.8141025641025641, "n_generated": 2, "n_real": 312, "wasserstein": 0.5861819593616345}
2026-04-08 22:28:09 [INFO]   orderbook_imbalance: {"l1_by_group": 0.7931671764520286, "n_generated": 7058, "n_real": 18950, "wasserstein": 0.9750291985721053}
2026-04-08 22:28:09 [INFO]   spread: {"l1_by_group": 0.1467304079055485, "n_generated": 7058, "n_real": 18950, "wasserstein": 0.34800441838694024}
2026-04-08 22:28:09 [INFO]   spread | time: {"n_generated": 7058, "n_real": 18950, "num_condition_groups": 1, "per_group": {"10": {"n": 26008, "wasserstein": 0.34800441838694024}}, "weighted_wasserstein": 0.34800441838694024}
2026-04-08 22:28:09 [INFO]   vol_per_min: {"l1_by_group": 0.41124222269899147, "n_generated": 79, "n_real": 590, "wasserstein": 0.8931696977777238}
[2026-04-08 22:28:09] [DONE] metrics_summary: /finance_ML/zhanghaohan/stock_language_model/saved_LOB_stream/pool_0709_0710_eval_0710_model_variants/sentence_k3_win100/sentence_k3_win100_T10_k0_ep3/fixed_start_model_blankgpt2_tokens_dynamic_anchor_txncomplete_002366XSHE_20260408_221830/metrics_summary.json
