[2026-04-08 19:06:49] [INFO] Experiment folder: /finance_ML/zhanghaohan/stock_language_model/saved_LOB_stream/pool_0709_0710_eval_0710_model_variants/sentence_s2ip_AB_fixed_sampling/sentence_s2ip_varB_T10_k0_win50/fixed_start_model_blankgpt2_tokens_dynamic_anchor_txncomplete_002366XSHE_20260408_190649
[2026-04-08 19:06:49] [INFO] checkpoint: /finance_ML/zhanghaohan/stock_language_model/training_runs/pool_0709_0710_train0709_sentence_s2ip_B_trainable_center_sep_k3/002366XSHE/model_cache/preGPT2sentS2IP_20250709_txncomplete_002366XSHE_win50_k3_20260408_172451_best.pt
[2026-04-08 19:06:49] [INFO] device: cuda greedy=False
/finance_ML/zhanghaohan/stock_language_model/scripts/hist_script/replay_decoded_real_tokens_openbidanchor_txncomplete_fixed_start.py:117: DtypeWarning: Columns (1,2,3,5,6,7,8,9,10,11,12,13,14,15,16,17,18,19,20,21,22,23,24,25,26,27,28,29,30,31,32,33,34,35,36,37,38,39,40,41,42,43,44,45,46,47,48,49,50,51,52,53,54,55,56,57,58,59,60,61,62,63,64,65,66,67,68,69,70,71,72,73,74,75,76,77,78,79,80,81,82,83,84,85,86,88) have mixed types. Specify dtype option on import or set low_memory=False.
  lob_info = pd.read_csv(lob_snap_path, header=None, names=columns)
[2026-04-08 19:15:38] [INFO] tokenizable_rows=29363 token_exact_match_rate_all=0.001805 tail_after_seed=0.000102
[2026-04-08 19:15:43] [INFO] Running eval vs clean reference...
2026-04-08 19:15:43 [INFO] ======================================================================
2026-04-08 19:15:43 [INFO] decoded real-token open-anchor txn-complete evaluation
2026-04-08 19:15:43 [INFO] ======================================================================
2026-04-08 19:15:43 [INFO] Evaluating: /finance_ML/zhanghaohan/stock_language_model/saved_LOB_stream/pool_0709_0710_eval_0710_model_variants/sentence_s2ip_AB_fixed_sampling/sentence_s2ip_varB_T10_k0_win50/fixed_start_model_blankgpt2_tokens_dynamic_anchor_txncomplete_002366XSHE_20260408_190649
2026-04-08 19:15:43 [INFO] 
── loading data ───────────────────────────────────────
2026-04-08 19:15:43 [INFO] Loading LOBSTER data from /finance_ML/zhanghaohan/stock_language_model/saved_LOB_stream/pool_0709_0710_eval_0710_model_variants/sentence_s2ip_AB_fixed_sampling/sentence_s2ip_varB_T10_k0_win50/fixed_start_model_blankgpt2_tokens_dynamic_anchor_txncomplete_002366XSHE_20260408_190649
2026-04-08 19:15:43 [INFO] Loaded 10,491 rows | 10 book levels | date 2025-07-10
2026-04-08 19:15:43 [INFO] Loading real reference LOBSTER data from /finance_ML/zhanghaohan/stock_language_model/saved_LOB_stream/fixed_start_realflow_generate_lobster_openbidanchor_txncomplete_002366XSHE_20260405_132652
2026-04-08 19:15:43 [INFO] Loading LOBSTER data from /finance_ML/zhanghaohan/stock_language_model/saved_LOB_stream/fixed_start_realflow_generate_lobster_openbidanchor_txncomplete_002366XSHE_20260405_132652
2026-04-08 19:15:44 [INFO] Loaded 18,950 rows | 10 book levels | date 2025-07-10
2026-04-08 19:15:44 [INFO] 
── computing metrics ──────────────────────────────────
/finance_ML/zhanghaohan/mycondaenv/lib/python3.8/site-packages/statsmodels/tsa/stattools.py:693: RuntimeWarning: invalid value encountered in divide
  acf = avf[: nlags + 1] / avf[0]
2026-04-08 19:15:44 [WARNING] Reference metric log_time_to_cancel skipped: <lambda>() got an unexpected keyword argument 'include_groups'
2026-04-08 19:15:45 [WARNING] Reference conditional metric spread | volatility skipped: Invalid frequency: 0.1s
2026-04-08 19:15:45 [INFO] Computed now (generated-only): 15 metric groups
2026-04-08 19:15:45 [INFO] Computed (with real reference LOB data): 22 benchmark metric configs
2026-04-08 19:15:45 [INFO] Failed (with real reference LOB data): 2 benchmark metric configs
2026-04-08 19:15:45 [INFO] Skipped (needs true order-ID linkage): 2 metrics
2026-04-08 19:15:45 [INFO] 
── LOB-Bench-style overall aggregates (reference_comparison) ──
2026-04-08 19:15:45 [INFO]   Wasserstein aggregate: n=20  mean=0.552692  median=0.510677  iqm=0.518328  (lower is better)
2026-04-08 19:15:45 [INFO]   L1_by_group aggregate: n=20  mean=0.491756  median=0.556717  iqm=0.505344  (lower is better)
2026-04-08 19:15:45 [INFO] 
── generating plots ───────────────────────────────────
2026-04-08 19:15:46 [INFO] saved mid_price.png
2026-04-08 19:15:46 [INFO] saved spread.png
2026-04-08 19:15:47 [INFO] saved inter_arrival_time.png
2026-04-08 19:15:47 [INFO] saved l1_volume.png
2026-04-08 19:15:48 [INFO] saved volume_per_minute.png
2026-04-08 19:15:48 [INFO] saved orderbook_imbalance.png
2026-04-08 19:15:49 [INFO] saved orderflow_imbalance.png
2026-04-08 19:15:49 [INFO] saved event_type_counts.png
2026-04-08 19:15:49 [INFO] Skipped time-to-fill/time-to-cancel plots: requires true order-ID linkage (not available in synthetic IDs).
2026-04-08 19:15:50 [INFO] saved overview_panel.png
2026-04-08 19:15:50 [INFO] Wrote metrics summary: /finance_ML/zhanghaohan/stock_language_model/saved_LOB_stream/pool_0709_0710_eval_0710_model_variants/sentence_s2ip_AB_fixed_sampling/sentence_s2ip_varB_T10_k0_win50/fixed_start_model_blankgpt2_tokens_dynamic_anchor_txncomplete_002366XSHE_20260408_190649/metrics_summary.json
2026-04-08 19:15:50 [INFO] 
── all computed metrics summary ─────────────────────
2026-04-08 19:15:50 [INFO]   acf_returns_1min: [NaN, NaN]
2026-04-08 19:15:50 [INFO]   direction_counts: {"-1": 5788, "1": 4703}
2026-04-08 19:15:50 [INFO]   direction_fractions: {"-1": 0.5517, "1": 0.4483}
2026-04-08 19:15:50 [INFO]   event_type_counts: {"1": 3836, "2": 184, "3": 1140, "4": 5331}
2026-04-08 19:15:50 [INFO]   event_type_fractions: {"1": 0.3656, "2": 0.0175, "3": 0.1087, "4": 0.5081}
2026-04-08 19:15:50 [INFO]   iat_ms: {"mean": 1074.3283582089553, "median": 10.0, "n": 5159, "n_exec_excluded": 5331, "p95": 90.0, "std": 75185.02563702615}
2026-04-08 19:15:50 [INFO]   l1_volume: {"ask_mean": 26829.556191020874, "ask_median": 22100.0, "bid_mean": 38098.93737489277, "bid_median": 31400.0}
2026-04-08 19:15:50 [INFO]   mid_price: {"end_cny": 9.465, "end_price_int": 94650.0, "mean_cny": 9.46528262320084, "mean_price_int": 94652.82623200839, "mean_ticks_0p01": 946.5282623200839, "start_cny": 9.47, "start_price_int": 94700.0, "std_cny": 0.0016377640076221972, "std_price_int": 16.377640076222256, "std_ticks_0p01": 0.16377640076222258, "total_return_bps": -5.27983104540608}
2026-04-08 19:15:50 [INFO]   ob_imbalance: {"mean": 0.16372024334815874, "median": 0.2855796418473139, "std": 0.34782069011606404}
2026-04-08 19:15:50 [INFO]   orderflow_imbalance: {"mean": -9.4398036762583, "n": 10391, "std": 48.69683717014189}
2026-04-08 19:15:50 [INFO]   returns_1min: {"kurtosis": null, "mean": 0.0, "n": 2, "skew": null, "std": 0.0}
2026-04-08 19:15:50 [INFO]   spread_ticks: {"mean": 1.053665046230102, "median": 1.0, "n": 10491, "pct_zero_spread": 0.0, "std": 0.3191962288381922, "tick_size_cny": 0.01, "tick_size_price_int": 100}
2026-04-08 19:15:50 [INFO]   total_volume_5lvl: {"ask_mean": 402181.7574111143, "bid_mean": 237456.87455914594}
2026-04-08 19:15:50 [INFO]   volatility_1min: 0.0
2026-04-08 19:15:50 [INFO]   volume_per_minute: {"mean": 2345526.3237049417, "n": 142, "total": 333064737.9661017}
2026-04-08 19:15:50 [INFO]   [real-vs-generated comparative metrics]
2026-04-08 19:15:50 [INFO]   ask_cancellation_depth: {"l1_by_group": 0.31417575277224397, "n_generated": 910, "n_real": 1539, "wasserstein": 0.41368287398230125}
2026-04-08 19:15:50 [INFO]   ask_cancellation_levels: {"l1_by_group": 0.24321780059905862, "n_generated": 195, "n_real": 779, "wasserstein": 0.27970288807416266}
2026-04-08 19:15:50 [INFO]   ask_volume: {"l1_by_group": 0.5769866318384724, "n_generated": 10491, "n_real": 18950, "wasserstein": 0.5834694300638628}
2026-04-08 19:15:50 [INFO]   ask_volume | spread: {"n_generated": 10491, "n_real": 18950, "num_condition_groups": 7, "per_group": {"1": {"n": 1904, "wasserstein": null}, "2": {"n": 24776, "wasserstein": 0.7131680540719909}, "3": {"n": 1792, "wasserstein": 0.591196899718835}, "4": {"n": 819, "wasserstein": 1.844016453881049}, "5": {"n": 63, "wasserstein": null}, "6": {"n": 84, "wasserstein": null}, "7": {"n": 3, "wasserstein": null}}, "weighted_wasserstein": null}
2026-04-08 19:15:50 [INFO]   ask_volume_touch: {"l1_by_group": 0.7160022625248078, "n_generated": 10491, "n_real": 18950, "wasserstein": 0.5534027063733465}
2026-04-08 19:15:50 [INFO]   bid_cancellation_depth: {"l1_by_group": 0.2568009668781712, "n_generated": 414, "n_real": 1391, "wasserstein": 0.16683860430184394}
2026-04-08 19:15:50 [INFO]   bid_cancellation_levels: {"l1_by_group": 0.20689182047320923, "n_generated": 251, "n_real": 784, "wasserstein": 0.2529930134534239}
2026-04-08 19:15:50 [INFO]   bid_volume: {"l1_by_group": 0.6851365449817647, "n_generated": 10491, "n_real": 18950, "wasserstein": 1.2656260857777581}
2026-04-08 19:15:50 [INFO]   bid_volume_touch: {"l1_by_group": 0.7021653941850899, "n_generated": 10491, "n_real": 18950, "wasserstein": 0.3504861441730024}
2026-04-08 19:15:50 [INFO]   limit_ask_order_depth: {"l1_by_group": 0.5369811218521227, "n_generated": 2102, "n_real": 4671, "wasserstein": 0.7055626672507834}
2026-04-08 19:15:50 [INFO]   limit_ask_order_levels: {"l1_by_group": 0.18177709814554985, "n_generated": 229, "n_real": 3324, "wasserstein": 0.2706621689521897}
2026-04-08 19:15:50 [INFO]   limit_bid_order_depth: {"l1_by_group": 0.5548770946319268, "n_generated": 1734, "n_real": 4054, "wasserstein": 0.3848763346491124}
2026-04-08 19:15:50 [INFO]   limit_bid_order_levels: {"l1_by_group": 0.5585578366956904, "n_generated": 1491, "n_real": 3616, "wasserstein": 1.0717553939698266}
2026-04-08 19:15:50 [INFO]   log_inter_arrival_time: {"l1_by_group": 0.21677911624806354, "n_generated": 10490, "n_real": 18949, "wasserstein": 0.46795135645940744}
2026-04-08 19:15:50 [INFO]   ofi: {"l1_by_group": 0.5844432095005702, "n_generated": 10391, "n_real": 18850, "wasserstein": 0.6803460319892349}
2026-04-08 19:15:50 [INFO]   ofi_down: {"l1_by_group": 0.8131147540983605, "n_generated": 1, "n_real": 305, "wasserstein": 0.627103614288842}
2026-04-08 19:15:50 [INFO]   ofi_stay: {"l1_by_group": 0.5831325948545281, "n_generated": 10388, "n_real": 18232, "wasserstein": 0.6843669187689886}
2026-04-08 19:15:50 [INFO]   ofi_up: {"l1_by_group": 0.8141025641025641, "n_generated": 1, "n_real": 312, "wasserstein": 0.6242421105533882}
2026-04-08 19:15:50 [INFO]   orderbook_imbalance: {"l1_by_group": 0.6613647783035038, "n_generated": 10491, "n_real": 18950, "wasserstein": 0.43404545995151395}
2026-04-08 19:15:50 [INFO]   spread: {"l1_by_group": 0.20248751977131296, "n_generated": 10491, "n_real": 18950, "wasserstein": 0.4141561759474781}
2026-04-08 19:15:50 [INFO]   spread | time: {"n_generated": 10491, "n_real": 18950, "num_condition_groups": 2, "per_group": {"10": {"n": 21386, "wasserstein": 0.4463796329885356}, "12": {"n": 8055, "wasserstein": null}}, "weighted_wasserstein": null}
2026-04-08 19:15:50 [INFO]   vol_per_min: {"l1_by_group": 0.4261160181427548, "n_generated": 142, "n_real": 590, "wasserstein": 0.8225702931340011}
[2026-04-08 19:15:50] [DONE] metrics_summary: /finance_ML/zhanghaohan/stock_language_model/saved_LOB_stream/pool_0709_0710_eval_0710_model_variants/sentence_s2ip_AB_fixed_sampling/sentence_s2ip_varB_T10_k0_win50/fixed_start_model_blankgpt2_tokens_dynamic_anchor_txncomplete_002366XSHE_20260408_190649/metrics_summary.json
