[2026-04-08 16:30:43] [INFO] Experiment folder: /finance_ML/zhanghaohan/stock_language_model/saved_LOB_stream/pool_0709_0710_eval_0710_model_variants/sentence_preset_s2ip_k3/sentence_preset_s2ip_k3_repick6_T12_k200/fixed_start_model_blankgpt2_tokens_dynamic_anchor_txncomplete_000981XSHE_20260408_163043
[2026-04-08 16:30:43] [INFO] checkpoint: /finance_ML/zhanghaohan/stock_language_model/training_runs/pool_0709_0710_train0709_sentence_preset_s2ip_win50_k3/000981XSHE/model_cache/preGPT2sentS2IP_20250709_txncomplete_000981XSHE_win50_k3_20260408_082345_best.pt
[2026-04-08 16:30:43] [INFO] device: cuda greedy=False
/finance_ML/zhanghaohan/stock_language_model/scripts/hist_script/replay_decoded_real_tokens_openbidanchor_txncomplete_fixed_start.py:117: DtypeWarning: Columns (1,2,3,5,6,7,8,9,10,11,12,13,14,15,16,17,18,19,20,21,22,23,24,25,26,27,28,29,30,31,32,33,34,35,36,37,38,39,40,41,42,43,44,45,46,47,48,49,50,51,52,53,54,55,56,57,58,59,60,61,62,63,64,65,66,67,68,69,70,71,72,73,74,75,76,77,78,79,80,81,82,83,84,85,86,88) have mixed types. Specify dtype option on import or set low_memory=False.
  lob_info = pd.read_csv(lob_snap_path, header=None, names=columns)
[2026-04-08 16:37:55] [INFO] tokenizable_rows=9814 token_exact_match_rate_all=0.006114 tail_after_seed=0.001024
[2026-04-08 16:37:57] [INFO] Running eval vs clean reference...
2026-04-08 16:37:57 [INFO] ======================================================================
2026-04-08 16:37:57 [INFO] decoded real-token open-anchor txn-complete evaluation
2026-04-08 16:37:57 [INFO] ======================================================================
2026-04-08 16:37:57 [INFO] Evaluating: /finance_ML/zhanghaohan/stock_language_model/saved_LOB_stream/pool_0709_0710_eval_0710_model_variants/sentence_preset_s2ip_k3/sentence_preset_s2ip_k3_repick6_T12_k200/fixed_start_model_blankgpt2_tokens_dynamic_anchor_txncomplete_000981XSHE_20260408_163043
2026-04-08 16:37:57 [INFO] 
── loading data ───────────────────────────────────────
2026-04-08 16:37:57 [INFO] Loading LOBSTER data from /finance_ML/zhanghaohan/stock_language_model/saved_LOB_stream/pool_0709_0710_eval_0710_model_variants/sentence_preset_s2ip_k3/sentence_preset_s2ip_k3_repick6_T12_k200/fixed_start_model_blankgpt2_tokens_dynamic_anchor_txncomplete_000981XSHE_20260408_163043
2026-04-08 16:37:57 [INFO] Loaded 4,734 rows | 10 book levels | date 2025-07-10
2026-04-08 16:37:57 [INFO] Loading real reference LOBSTER data from /finance_ML/zhanghaohan/stock_language_model/saved_LOB_stream/fixed_start_realflow_generate_lobster_openbidanchor_txncomplete_000981XSHE_20260405_132652
2026-04-08 16:37:57 [INFO] Loading LOBSTER data from /finance_ML/zhanghaohan/stock_language_model/saved_LOB_stream/fixed_start_realflow_generate_lobster_openbidanchor_txncomplete_000981XSHE_20260405_132652
2026-04-08 16:37:58 [INFO] Loaded 8,000 rows | 10 book levels | date 2025-07-10
2026-04-08 16:37:58 [INFO] 
── computing metrics ──────────────────────────────────
/finance_ML/zhanghaohan/mycondaenv/lib/python3.8/site-packages/statsmodels/tsa/stattools.py:693: RuntimeWarning: invalid value encountered in divide
  acf = avf[: nlags + 1] / avf[0]
2026-04-08 16:37:58 [WARNING] Reference metric log_time_to_cancel skipped: <lambda>() got an unexpected keyword argument 'include_groups'
2026-04-08 16:37:58 [WARNING] Reference metric ofi_up skipped: empty real or generated sample after cleaning
2026-04-08 16:37:58 [WARNING] Reference metric ofi_down skipped: empty real or generated sample after cleaning
2026-04-08 16:37:58 [WARNING] Reference conditional metric spread | volatility skipped: Invalid frequency: 0.1s
2026-04-08 16:37:58 [INFO] Computed now (generated-only): 15 metric groups
2026-04-08 16:37:58 [INFO] Computed (with real reference LOB data): 20 benchmark metric configs
2026-04-08 16:37:58 [INFO] Failed (with real reference LOB data): 4 benchmark metric configs
2026-04-08 16:37:58 [INFO] Skipped (needs true order-ID linkage): 2 metrics
2026-04-08 16:37:58 [INFO] 
── LOB-Bench-style overall aggregates (reference_comparison) ──
2026-04-08 16:37:58 [INFO]   Wasserstein aggregate: n=19  mean=0.999681  median=1.07046  iqm=1.04932  (lower is better)
2026-04-08 16:37:58 [INFO]   L1_by_group aggregate: n=18  mean=0.722827  median=0.853988  iqm=0.814893  (lower is better)
2026-04-08 16:37:58 [INFO] 
── generating plots ───────────────────────────────────
2026-04-08 16:37:59 [INFO] saved mid_price.png
2026-04-08 16:38:00 [INFO] saved spread.png
2026-04-08 16:38:00 [INFO] saved inter_arrival_time.png
2026-04-08 16:38:00 [INFO] saved l1_volume.png
2026-04-08 16:38:01 [INFO] saved volume_per_minute.png
2026-04-08 16:38:01 [INFO] saved orderbook_imbalance.png
2026-04-08 16:38:02 [INFO] saved orderflow_imbalance.png
2026-04-08 16:38:02 [INFO] saved event_type_counts.png
2026-04-08 16:38:02 [INFO] Skipped time-to-fill/time-to-cancel plots: requires true order-ID linkage (not available in synthetic IDs).
2026-04-08 16:38:03 [INFO] saved overview_panel.png
2026-04-08 16:38:03 [INFO] Wrote metrics summary: /finance_ML/zhanghaohan/stock_language_model/saved_LOB_stream/pool_0709_0710_eval_0710_model_variants/sentence_preset_s2ip_k3/sentence_preset_s2ip_k3_repick6_T12_k200/fixed_start_model_blankgpt2_tokens_dynamic_anchor_txncomplete_000981XSHE_20260408_163043/metrics_summary.json
2026-04-08 16:38:03 [INFO] 
── all computed metrics summary ─────────────────────
2026-04-08 16:38:03 [INFO]   acf_returns_1min: [NaN]
2026-04-08 16:38:03 [INFO]   direction_counts: {"-1": 2152, "1": 2582}
2026-04-08 16:38:03 [INFO]   direction_fractions: {"-1": 0.4546, "1": 0.5454}
2026-04-08 16:38:03 [INFO]   event_type_counts: {"1": 887, "2": 1, "3": 1544, "4": 2302}
2026-04-08 16:38:03 [INFO]   event_type_fractions: {"1": 0.1874, "2": 0.0002, "3": 0.3262, "4": 0.4863}
2026-04-08 16:38:03 [INFO]   iat_ms: {"mean": 45.109008638420406, "median": 0.0, "n": 2431, "n_exec_excluded": 2302, "p95": 230.0, "std": 97.29414506365224}
2026-04-08 16:38:03 [INFO]   l1_volume: {"ask_mean": 6446422.056611745, "ask_median": 6391620.0, "bid_mean": 15564818.284326151, "bid_median": 15521391.0}
2026-04-08 16:38:03 [INFO]   mid_price: {"end_cny": 2.105, "end_price_int": 21050.0, "mean_cny": 2.1050000000000004, "mean_price_int": 21050.0, "mean_ticks_0p01": 210.5, "start_cny": 2.105, "start_price_int": 21050.0, "std_cny": 4.441361215081294e-16, "std_price_int": 0.0, "std_ticks_0p01": 0.0, "total_return_bps": 0.0}
2026-04-08 16:38:03 [INFO]   ob_imbalance: {"mean": 0.4145124023854229, "median": 0.41626404955000024, "std": 0.014443266584830278}
2026-04-08 16:38:03 [INFO]   orderflow_imbalance: {"mean": 208.68731117824768, "n": 4634, "std": 2288.975825673136}
2026-04-08 16:38:03 [INFO]   returns_1min: {"kurtosis": null, "mean": 0.0, "n": 1, "skew": null, "std": null}
2026-04-08 16:38:03 [INFO]   spread_ticks: {"mean": 1.0, "median": 1.0, "n": 4734, "pct_zero_spread": 0.0, "std": 0.0, "tick_size_cny": 0.01, "tick_size_price_int": 100}
2026-04-08 16:38:03 [INFO]   total_volume_5lvl: {"ask_mean": 63541672.09885932, "bid_mean": 66697284.132234894}
2026-04-08 16:38:03 [INFO]   volatility_1min: 0.0
2026-04-08 16:38:03 [INFO]   volume_per_minute: {"mean": 9656053.49748984, "n": 94, "total": 907669028.764045}
2026-04-08 16:38:03 [INFO]   [real-vs-generated comparative metrics]
2026-04-08 16:38:03 [INFO]   ask_cancellation_depth: {"l1_by_group": 0.9683544303797469, "n_generated": 1, "n_real": 474, "wasserstein": 0.9782017019994462}
2026-04-08 16:38:03 [INFO]   ask_cancellation_levels: {"l1_by_group": 0.9672489082969432, "n_generated": 1, "n_real": 458, "wasserstein": 1.499275233669829}
2026-04-08 16:38:03 [INFO]   ask_volume: {"l1_by_group": 0.8457010456273764, "n_generated": 4734, "n_real": 8000, "wasserstein": 1.1431299039678802}
2026-04-08 16:38:03 [INFO]   ask_volume | spread: {"n_generated": 4734, "n_real": 8000, "num_condition_groups": 2, "per_group": {"1": {"n": 12732, "wasserstein": 1.7314197177833257}, "2": {"n": 2, "wasserstein": null}}, "weighted_wasserstein": null}
2026-04-08 16:38:03 [INFO]   ask_volume_touch: {"l1_by_group": 0.9745, "n_generated": 4734, "n_real": 8000, "wasserstein": 1.7314866475618311}
2026-04-08 16:38:03 [INFO]   bid_cancellation_depth: {"l1_by_group": 0.6261964821379874, "n_generated": 1544, "n_real": 1520, "wasserstein": 1.0018805531406914}
2026-04-08 16:38:03 [INFO]   bid_cancellation_levels: {"l1_by_group": 0.6240239907704034, "n_generated": 1544, "n_real": 1509, "wasserstein": 1.070456143813339}
2026-04-08 16:38:03 [INFO]   bid_volume: {"l1_by_group": 0.9199408534009295, "n_generated": 4734, "n_real": 8000, "wasserstein": 1.8014717768579427}
2026-04-08 16:38:03 [INFO]   bid_volume_touch: {"l1_by_group": 0.9336713138994508, "n_generated": 4734, "n_real": 8000, "wasserstein": 1.3952147071643028}
2026-04-08 16:38:03 [INFO]   limit_ask_order_depth: {"l1_by_group": 0.38056558363417564, "n_generated": 48, "n_real": 1662, "wasserstein": 0.3423171139499912}
2026-04-08 16:38:03 [INFO]   limit_ask_order_levels: {"l1_by_group": 0.32430575998429984, "n_generated": 43, "n_real": 1422, "wasserstein": 0.6226794029808361}
2026-04-08 16:38:03 [INFO]   limit_bid_order_depth: {"l1_by_group": 0.8554959367212048, "n_generated": 839, "n_real": 2750, "wasserstein": 1.2372074302682667}
2026-04-08 16:38:03 [INFO]   limit_bid_order_levels: {"l1_by_group": 0.852480245592416, "n_generated": 855, "n_real": 2705, "wasserstein": 1.5085310285691884}
2026-04-08 16:38:03 [INFO]   log_inter_arrival_time: {"l1_by_group": 0.5715466176352543, "n_generated": 4733, "n_real": 7999, "wasserstein": 1.1745068774660576}
2026-04-08 16:38:03 [INFO]   ofi: {"l1_by_group": 0.8976749725474342, "n_generated": 4634, "n_real": 7900, "wasserstein": 0.7218065477075923}
2026-04-08 16:38:03 [INFO]   ofi_stay: {"l1_by_group": 0.8976283667010366, "n_generated": 4633, "n_real": 7895, "wasserstein": 0.721488467819043}
2026-04-08 16:38:03 [INFO]   orderbook_imbalance: {"l1_by_group": 0.9744999999999999, "n_generated": 4734, "n_real": 8000, "wasserstein": 1.5482360426513284}
2026-04-08 16:38:03 [INFO]   spread: {"l1_by_group": 0.00024999999999998624, "n_generated": 4734, "n_real": 8000, "wasserstein": 0.01994915424043844}
2026-04-08 16:38:03 [INFO]   spread | time: {"n_generated": 4734, "n_real": 8000, "num_condition_groups": 1, "per_group": {"10": {"n": 12734, "wasserstein": 0.01994915424043844}}, "weighted_wasserstein": 0.01994915424043844}
2026-04-08 16:38:03 [INFO]   vol_per_min: {"l1_by_group": 0.3968056888086235, "n_generated": 94, "n_real": 377, "wasserstein": 0.4561574992421095}
[2026-04-08 16:38:03] [DONE] metrics_summary: /finance_ML/zhanghaohan/stock_language_model/saved_LOB_stream/pool_0709_0710_eval_0710_model_variants/sentence_preset_s2ip_k3/sentence_preset_s2ip_k3_repick6_T12_k200/fixed_start_model_blankgpt2_tokens_dynamic_anchor_txncomplete_000981XSHE_20260408_163043/metrics_summary.json
