[2026-04-08 16:30:43] [INFO] Experiment folder: /finance_ML/zhanghaohan/stock_language_model/saved_LOB_stream/pool_0709_0710_eval_0710_model_variants/sentence_preset_s2ip_k5/sentence_preset_s2ip_k5_repick6_T12_k200/fixed_start_model_blankgpt2_tokens_dynamic_anchor_txncomplete_000981XSHE_20260408_163043
[2026-04-08 16:30:43] [INFO] checkpoint: /finance_ML/zhanghaohan/stock_language_model/training_runs/pool_0709_0710_train0709_sentence_preset_s2ip_win50_k5/000981XSHE/model_cache/preGPT2sentS2IP_20250709_txncomplete_000981XSHE_win50_k5_20260408_082345_best.pt
[2026-04-08 16:30:43] [INFO] device: cuda greedy=False
/finance_ML/zhanghaohan/stock_language_model/scripts/hist_script/replay_decoded_real_tokens_openbidanchor_txncomplete_fixed_start.py:117: DtypeWarning: Columns (1,2,3,5,6,7,8,9,10,11,12,13,14,15,16,17,18,19,20,21,22,23,24,25,26,27,28,29,30,31,32,33,34,35,36,37,38,39,40,41,42,43,44,45,46,47,48,49,50,51,52,53,54,55,56,57,58,59,60,61,62,63,64,65,66,67,68,69,70,71,72,73,74,75,76,77,78,79,80,81,82,83,84,85,86,88) have mixed types. Specify dtype option on import or set low_memory=False.
  lob_info = pd.read_csv(lob_snap_path, header=None, names=columns)
[2026-04-08 16:37:55] [INFO] tokenizable_rows=9814 token_exact_match_rate_all=0.006318 tail_after_seed=0.001229
[2026-04-08 16:37:57] [INFO] Running eval vs clean reference...
2026-04-08 16:37:57 [INFO] ======================================================================
2026-04-08 16:37:57 [INFO] decoded real-token open-anchor txn-complete evaluation
2026-04-08 16:37:57 [INFO] ======================================================================
2026-04-08 16:37:57 [INFO] Evaluating: /finance_ML/zhanghaohan/stock_language_model/saved_LOB_stream/pool_0709_0710_eval_0710_model_variants/sentence_preset_s2ip_k5/sentence_preset_s2ip_k5_repick6_T12_k200/fixed_start_model_blankgpt2_tokens_dynamic_anchor_txncomplete_000981XSHE_20260408_163043
2026-04-08 16:37:57 [INFO] 
── loading data ───────────────────────────────────────
2026-04-08 16:37:57 [INFO] Loading LOBSTER data from /finance_ML/zhanghaohan/stock_language_model/saved_LOB_stream/pool_0709_0710_eval_0710_model_variants/sentence_preset_s2ip_k5/sentence_preset_s2ip_k5_repick6_T12_k200/fixed_start_model_blankgpt2_tokens_dynamic_anchor_txncomplete_000981XSHE_20260408_163043
2026-04-08 16:37:57 [INFO] Loaded 3,734 rows | 10 book levels | date 2025-07-10
2026-04-08 16:37:57 [INFO] Loading real reference LOBSTER data from /finance_ML/zhanghaohan/stock_language_model/saved_LOB_stream/fixed_start_realflow_generate_lobster_openbidanchor_txncomplete_000981XSHE_20260405_132652
2026-04-08 16:37:57 [INFO] Loading LOBSTER data from /finance_ML/zhanghaohan/stock_language_model/saved_LOB_stream/fixed_start_realflow_generate_lobster_openbidanchor_txncomplete_000981XSHE_20260405_132652
2026-04-08 16:37:57 [INFO] Loaded 8,000 rows | 10 book levels | date 2025-07-10
2026-04-08 16:37:57 [INFO] 
── computing metrics ──────────────────────────────────
/finance_ML/zhanghaohan/mycondaenv/lib/python3.8/site-packages/statsmodels/tsa/stattools.py:693: RuntimeWarning: invalid value encountered in divide
  acf = avf[: nlags + 1] / avf[0]
2026-04-08 16:37:57 [WARNING] Reference metric log_time_to_cancel skipped: <lambda>() got an unexpected keyword argument 'include_groups'
2026-04-08 16:37:58 [WARNING] Reference metric ask_cancellation_depth skipped: empty real or generated sample after cleaning
2026-04-08 16:37:58 [WARNING] Reference metric ask_cancellation_levels skipped: empty real or generated sample after cleaning
2026-04-08 16:37:58 [WARNING] Reference metric ofi_up skipped: empty real or generated sample after cleaning
2026-04-08 16:37:58 [WARNING] Reference metric ofi_down skipped: empty real or generated sample after cleaning
2026-04-08 16:37:58 [WARNING] Reference conditional metric spread | volatility skipped: Invalid frequency: 0.1s
2026-04-08 16:37:58 [INFO] Computed now (generated-only): 15 metric groups
2026-04-08 16:37:58 [INFO] Computed (with real reference LOB data): 18 benchmark metric configs
2026-04-08 16:37:58 [INFO] Failed (with real reference LOB data): 6 benchmark metric configs
2026-04-08 16:37:58 [INFO] Skipped (needs true order-ID linkage): 2 metrics
2026-04-08 16:37:58 [INFO] 
── LOB-Bench-style overall aggregates (reference_comparison) ──
2026-04-08 16:37:58 [INFO]   Wasserstein aggregate: n=17  mean=0.962163  median=0.998235  iqm=0.981479  (lower is better)
2026-04-08 16:37:58 [INFO]   L1_by_group aggregate: n=16  mean=0.697722  median=0.847995  iqm=0.789059  (lower is better)
2026-04-08 16:37:58 [INFO] 
── generating plots ───────────────────────────────────
2026-04-08 16:37:59 [INFO] saved mid_price.png
2026-04-08 16:37:59 [INFO] saved spread.png
2026-04-08 16:38:00 [INFO] saved inter_arrival_time.png
2026-04-08 16:38:00 [INFO] saved l1_volume.png
2026-04-08 16:38:01 [INFO] saved volume_per_minute.png
2026-04-08 16:38:01 [INFO] saved orderbook_imbalance.png
2026-04-08 16:38:02 [INFO] saved orderflow_imbalance.png
2026-04-08 16:38:02 [INFO] saved event_type_counts.png
2026-04-08 16:38:02 [INFO] Skipped time-to-fill/time-to-cancel plots: requires true order-ID linkage (not available in synthetic IDs).
2026-04-08 16:38:03 [INFO] saved overview_panel.png
2026-04-08 16:38:03 [INFO] Wrote metrics summary: /finance_ML/zhanghaohan/stock_language_model/saved_LOB_stream/pool_0709_0710_eval_0710_model_variants/sentence_preset_s2ip_k5/sentence_preset_s2ip_k5_repick6_T12_k200/fixed_start_model_blankgpt2_tokens_dynamic_anchor_txncomplete_000981XSHE_20260408_163043/metrics_summary.json
2026-04-08 16:38:03 [INFO] 
── all computed metrics summary ─────────────────────
2026-04-08 16:38:03 [INFO]   acf_returns_1min: [NaN]
2026-04-08 16:38:03 [INFO]   direction_counts: {"-1": 2323, "1": 1411}
2026-04-08 16:38:03 [INFO]   direction_fractions: {"-1": 0.6221, "1": 0.3779}
2026-04-08 16:38:03 [INFO]   event_type_counts: {"1": 840, "3": 443, "4": 2451}
2026-04-08 16:38:03 [INFO]   event_type_fractions: {"1": 0.225, "3": 0.1186, "4": 0.6564}
2026-04-08 16:38:03 [INFO]   iat_ms: {"mean": 81.68486739469579, "median": 30.0, "n": 1282, "n_exec_excluded": 2451, "p95": 329.50000000000045, "std": 121.52607776615989}
2026-04-08 16:38:03 [INFO]   l1_volume: {"ask_mean": 6851810.492769148, "ask_median": 6801609.0, "bid_mean": 15662892.652919121, "bid_median": 15762600.0}
2026-04-08 16:38:03 [INFO]   mid_price: {"end_cny": 2.105, "end_price_int": 21050.0, "mean_cny": 2.105, "mean_price_int": 21050.0, "mean_ticks_0p01": 210.5, "start_cny": 2.105, "start_price_int": 21050.0, "std_cny": 0.0, "std_price_int": 0.0, "std_ticks_0p01": 0.0, "total_return_bps": 0.0}
2026-04-08 16:38:03 [INFO]   ob_imbalance: {"mean": 0.39143531261114894, "median": 0.3971329551148901, "std": 0.013830556090905584}
2026-04-08 16:38:03 [INFO]   orderflow_imbalance: {"mean": 87.08833241607044, "n": 3634, "std": 2350.0714877464175}
2026-04-08 16:38:03 [INFO]   returns_1min: {"kurtosis": null, "mean": 0.0, "n": 1, "skew": null, "std": null}
2026-04-08 16:38:03 [INFO]   spread_ticks: {"mean": 1.0, "median": 1.0, "n": 3734, "pct_zero_spread": 0.0, "std": 0.0, "tick_size_cny": 0.01, "tick_size_price_int": 100}
2026-04-08 16:38:03 [INFO]   total_volume_5lvl: {"ask_mean": 64047283.8993037, "bid_mean": 67906700.51874666}
2026-04-08 16:38:03 [INFO]   volatility_1min: 0.0
2026-04-08 16:38:03 [INFO]   volume_per_minute: {"mean": 10190421.218637994, "n": 93, "total": 947709173.3333334}
2026-04-08 16:38:03 [INFO]   [real-vs-generated comparative metrics]
2026-04-08 16:38:03 [INFO]   ask_volume: {"l1_by_group": 0.8482570299946436, "n_generated": 3734, "n_real": 8000, "wasserstein": 1.1726040783097118}
2026-04-08 16:38:03 [INFO]   ask_volume | spread: {"n_generated": 3734, "n_real": 8000, "num_condition_groups": 2, "per_group": {"1": {"n": 11732, "wasserstein": 1.7029686449302828}, "2": {"n": 2, "wasserstein": null}}, "weighted_wasserstein": null}
2026-04-08 16:38:03 [INFO]   ask_volume_touch: {"l1_by_group": 0.9765, "n_generated": 3734, "n_real": 8000, "wasserstein": 1.7030576021497579}
2026-04-08 16:38:03 [INFO]   bid_cancellation_depth: {"l1_by_group": 0.7624287156944277, "n_generated": 443, "n_real": 1520, "wasserstein": 0.9159674033642793}
2026-04-08 16:38:03 [INFO]   bid_cancellation_levels: {"l1_by_group": 0.7634359753994884, "n_generated": 442, "n_real": 1509, "wasserstein": 0.9982354676857372}
2026-04-08 16:38:03 [INFO]   bid_volume: {"l1_by_group": 0.871625, "n_generated": 3734, "n_real": 8000, "wasserstein": 1.8001822713998739}
2026-04-08 16:38:03 [INFO]   bid_volume_touch: {"l1_by_group": 0.917875, "n_generated": 3734, "n_real": 8000, "wasserstein": 1.3947814807858774}
2026-04-08 16:38:03 [INFO]   limit_ask_order_depth: {"l1_by_group": 0.3845228177358141, "n_generated": 52, "n_real": 1662, "wasserstein": 0.3806609349711647}
2026-04-08 16:38:03 [INFO]   limit_ask_order_levels: {"l1_by_group": 0.3029184247538678, "n_generated": 48, "n_real": 1422, "wasserstein": 0.5886480660321528}
2026-04-08 16:38:03 [INFO]   limit_bid_order_depth: {"l1_by_group": 0.8481255191508998, "n_generated": 788, "n_real": 2750, "wasserstein": 1.3120004692439644}
2026-04-08 16:38:03 [INFO]   limit_bid_order_levels: {"l1_by_group": 0.847863974007187, "n_generated": 805, "n_real": 2705, "wasserstein": 1.59921936380925}
2026-04-08 16:38:03 [INFO]   log_inter_arrival_time: {"l1_by_group": 0.5215046469611273, "n_generated": 3733, "n_real": 7999, "wasserstein": 1.1023368687334814}
2026-04-08 16:38:03 [INFO]   ofi: {"l1_by_group": 0.8603962575674189, "n_generated": 3634, "n_real": 7900, "wasserstein": 0.6745385930714396}
2026-04-08 16:38:03 [INFO]   ofi_stay: {"l1_by_group": 0.8604621941540382, "n_generated": 3633, "n_real": 7895, "wasserstein": 0.6742009354118407}
2026-04-08 16:38:03 [INFO]   orderbook_imbalance: {"l1_by_group": 0.980625, "n_generated": 3734, "n_real": 8000, "wasserstein": 1.517465940321543}
2026-04-08 16:38:03 [INFO]   spread: {"l1_by_group": 0.00024999999999998624, "n_generated": 3734, "n_real": 8000, "wasserstein": 0.019149902227615402}
2026-04-08 16:38:03 [INFO]   spread | time: {"n_generated": 3734, "n_real": 8000, "num_condition_groups": 1, "per_group": {"10": {"n": 11734, "wasserstein": 0.019149902227615402}}, "weighted_wasserstein": 0.019149902227615402}
2026-04-08 16:38:03 [INFO]   vol_per_min: {"l1_by_group": 0.41675936225435667, "n_generated": 93, "n_real": 377, "wasserstein": 0.4845753146854927}
[2026-04-08 16:38:03] [DONE] metrics_summary: /finance_ML/zhanghaohan/stock_language_model/saved_LOB_stream/pool_0709_0710_eval_0710_model_variants/sentence_preset_s2ip_k5/sentence_preset_s2ip_k5_repick6_T12_k200/fixed_start_model_blankgpt2_tokens_dynamic_anchor_txncomplete_000981XSHE_20260408_163043/metrics_summary.json
