[2026-04-08 16:30:43] [INFO] Experiment folder: /finance_ML/zhanghaohan/stock_language_model/saved_LOB_stream/pool_0709_0710_eval_0710_model_variants/sentence_preset_s2ip_k3/sentence_preset_s2ip_k3_repick6_T13_k400/fixed_start_model_blankgpt2_tokens_dynamic_anchor_txncomplete_000617XSHE_20260408_163043
[2026-04-08 16:30:43] [INFO] checkpoint: /finance_ML/zhanghaohan/stock_language_model/training_runs/pool_0709_0710_train0709_sentence_preset_s2ip_win50_k3/000617XSHE/model_cache/preGPT2sentS2IP_20250709_txncomplete_000617XSHE_win50_k3_20260408_082344_best.pt
[2026-04-08 16:30:43] [INFO] device: cuda greedy=False
/finance_ML/zhanghaohan/stock_language_model/scripts/hist_script/replay_decoded_real_tokens_openbidanchor_txncomplete_fixed_start.py:117: DtypeWarning: Columns (1,2,3,5,6,7,8,9,10,11,12,13,14,15,16,17,18,19,20,21,22,23,24,25,26,27,28,29,30,31,32,33,34,35,36,37,38,39,40,41,42,43,44,45,46,47,48,49,50,51,52,53,54,55,56,57,58,59,60,61,62,63,64,65,66,67,68,69,70,71,72,73,74,75,76,77,78,79,80,81,82,83,84,85,86,88) have mixed types. Specify dtype option on import or set low_memory=False.
  lob_info = pd.read_csv(lob_snap_path, header=None, names=columns)
[2026-04-08 16:43:37] [INFO] tokenizable_rows=66758 token_exact_match_rate_all=0.001348 tail_after_seed=0.000600
[2026-04-08 16:43:53] [INFO] Running eval vs clean reference...
2026-04-08 16:43:53 [INFO] ======================================================================
2026-04-08 16:43:53 [INFO] decoded real-token open-anchor txn-complete evaluation
2026-04-08 16:43:53 [INFO] ======================================================================
2026-04-08 16:43:53 [INFO] Evaluating: /finance_ML/zhanghaohan/stock_language_model/saved_LOB_stream/pool_0709_0710_eval_0710_model_variants/sentence_preset_s2ip_k3/sentence_preset_s2ip_k3_repick6_T13_k400/fixed_start_model_blankgpt2_tokens_dynamic_anchor_txncomplete_000617XSHE_20260408_163043
2026-04-08 16:43:53 [INFO] 
── loading data ───────────────────────────────────────
2026-04-08 16:43:53 [INFO] Loading LOBSTER data from /finance_ML/zhanghaohan/stock_language_model/saved_LOB_stream/pool_0709_0710_eval_0710_model_variants/sentence_preset_s2ip_k3/sentence_preset_s2ip_k3_repick6_T13_k400/fixed_start_model_blankgpt2_tokens_dynamic_anchor_txncomplete_000617XSHE_20260408_163043
2026-04-08 16:43:54 [INFO] Loaded 37,307 rows | 10 book levels | date 2025-07-10
2026-04-08 16:43:54 [INFO] Loading real reference LOBSTER data from /finance_ML/zhanghaohan/stock_language_model/saved_LOB_stream/fixed_start_realflow_generate_lobster_openbidanchor_txncomplete_000617XSHE_20260405_132652
2026-04-08 16:43:54 [INFO] Loading LOBSTER data from /finance_ML/zhanghaohan/stock_language_model/saved_LOB_stream/fixed_start_realflow_generate_lobster_openbidanchor_txncomplete_000617XSHE_20260405_132652
2026-04-08 16:43:54 [INFO] Loaded 30,961 rows | 10 book levels | date 2025-07-10
2026-04-08 16:43:54 [INFO] 
── computing metrics ──────────────────────────────────
2026-04-08 16:43:55 [WARNING] Reference metric log_time_to_cancel skipped: <lambda>() got an unexpected keyword argument 'include_groups'
2026-04-08 16:43:58 [WARNING] Reference conditional metric spread | volatility skipped: Invalid frequency: 0.1s
2026-04-08 16:43:58 [INFO] Computed now (generated-only): 15 metric groups
2026-04-08 16:43:58 [INFO] Computed (with real reference LOB data): 22 benchmark metric configs
2026-04-08 16:43:58 [INFO] Failed (with real reference LOB data): 2 benchmark metric configs
2026-04-08 16:43:58 [INFO] Skipped (needs true order-ID linkage): 2 metrics
2026-04-08 16:43:58 [INFO] 
── LOB-Bench-style overall aggregates (reference_comparison) ──
2026-04-08 16:43:58 [INFO]   Wasserstein aggregate: n=21  mean=0.559087  median=0.42017  iqm=0.383872  (lower is better)
2026-04-08 16:43:58 [INFO]   L1_by_group aggregate: n=20  mean=0.470751  median=0.424486  iqm=0.437107  (lower is better)
2026-04-08 16:43:58 [INFO] 
── generating plots ───────────────────────────────────
2026-04-08 16:43:59 [INFO] saved mid_price.png
2026-04-08 16:43:59 [INFO] saved spread.png
2026-04-08 16:44:00 [INFO] saved returns_dist.png
2026-04-08 16:44:00 [INFO] saved autocorr.png
2026-04-08 16:44:01 [INFO] saved inter_arrival_time.png
2026-04-08 16:44:01 [INFO] saved l1_volume.png
2026-04-08 16:44:02 [INFO] saved volume_per_minute.png
2026-04-08 16:44:02 [INFO] saved orderbook_imbalance.png
2026-04-08 16:44:03 [INFO] saved orderflow_imbalance.png
2026-04-08 16:44:03 [INFO] saved event_type_counts.png
2026-04-08 16:44:03 [INFO] Skipped time-to-fill/time-to-cancel plots: requires true order-ID linkage (not available in synthetic IDs).
2026-04-08 16:44:04 [INFO] saved overview_panel.png
2026-04-08 16:44:04 [INFO] Wrote metrics summary: /finance_ML/zhanghaohan/stock_language_model/saved_LOB_stream/pool_0709_0710_eval_0710_model_variants/sentence_preset_s2ip_k3/sentence_preset_s2ip_k3_repick6_T13_k400/fixed_start_model_blankgpt2_tokens_dynamic_anchor_txncomplete_000617XSHE_20260408_163043/metrics_summary.json
2026-04-08 16:44:04 [INFO] 
── all computed metrics summary ─────────────────────
2026-04-08 16:44:04 [INFO]   acf_returns_1min: [1.0, -0.7500000000000001, 0.5, -0.25000000000000006]
2026-04-08 16:44:04 [INFO]   direction_counts: {"-1": 16151, "1": 21156}
2026-04-08 16:44:04 [INFO]   direction_fractions: {"-1": 0.4329, "1": 0.5671}
2026-04-08 16:44:04 [INFO]   event_type_counts: {"1": 16949, "2": 58, "3": 1620, "4": 18680}
2026-04-08 16:44:04 [INFO]   event_type_fractions: {"1": 0.4543, "2": 0.0016, "3": 0.0434, "4": 0.5007}
2026-04-08 16:44:04 [INFO]   iat_ms: {"mean": 18.264791152152906, "median": 10.0, "n": 18626, "n_exec_excluded": 18680, "p95": 60.0, "std": 24.443462281848813}
2026-04-08 16:44:04 [INFO]   l1_volume: {"ask_mean": 416371.9833543303, "ask_median": 106021.0, "bid_mean": 582270.1782239258, "bid_median": 468540.0}
2026-04-08 16:44:04 [INFO]   mid_price: {"end_cny": 9.345, "end_price_int": 93450.0, "mean_cny": 9.347219422628461, "mean_price_int": 93472.19422628461, "mean_ticks_0p01": 934.7219422628461, "start_cny": 9.345, "start_price_int": 93450.0, "std_cny": 0.004063446999969584, "std_price_int": 40.634469999696904, "std_ticks_0p01": 0.4063446999969689, "total_return_bps": 0.0}
2026-04-08 16:44:04 [INFO]   ob_imbalance: {"mean": 0.3025746480281946, "median": 0.6286226204591907, "std": 0.6897848240393546}
2026-04-08 16:44:04 [INFO]   orderflow_imbalance: {"mean": -8.931007606095621, "n": 37207, "std": 995.4767237038997}
2026-04-08 16:44:04 [INFO]   returns_1min: {"kurtosis": -3.0, "mean": 0.0, "n": 5, "skew": 0.0, "std": 0.0010695188185270155}
2026-04-08 16:44:04 [INFO]   spread_ticks: {"mean": 1.0338274318492509, "median": 1.0, "n": 37307, "pct_zero_spread": 0.0, "std": 0.18255777424498273, "tick_size_cny": 0.01, "tick_size_price_int": 100}
2026-04-08 16:44:04 [INFO]   total_volume_5lvl: {"ask_mean": 3438532.8686037473, "bid_mean": 4160544.8048355537}
2026-04-08 16:44:04 [INFO]   volatility_1min: 0.0010695188185270155
2026-04-08 16:44:04 [INFO]   volume_per_minute: {"mean": 7775243.0, "n": 340, "total": 2643582620.0}
2026-04-08 16:44:04 [INFO]   [real-vs-generated comparative metrics]
2026-04-08 16:44:04 [INFO]   ask_cancellation_depth: {"l1_by_group": 0.7932131495227996, "n_generated": 73, "n_real": 2829, "wasserstein": 1.064705166855631}
2026-04-08 16:44:04 [INFO]   ask_cancellation_levels: {"l1_by_group": 0.4765535436656878, "n_generated": 74, "n_real": 1721, "wasserstein": 0.6669022927330358}
2026-04-08 16:44:04 [INFO]   ask_volume: {"l1_by_group": 0.9184207265087417, "n_generated": 37307, "n_real": 30961, "wasserstein": 1.790229215515748}
2026-04-08 16:44:04 [INFO]   ask_volume | spread: {"n_generated": 37307, "n_real": 30961, "num_condition_groups": 7, "per_group": {"1": {"n": 64924, "wasserstein": 0.7730077982327532}, "2": {"n": 2810, "wasserstein": 1.59799732722081}, "3": {"n": 277, "wasserstein": 1.56334422246337}, "4": {"n": 199, "wasserstein": null}, "5": {"n": 25, "wasserstein": null}, "6": {"n": 27, "wasserstein": null}, "7": {"n": 6, "wasserstein": null}}, "weighted_wasserstein": null}
2026-04-08 16:44:04 [INFO]   ask_volume_touch: {"l1_by_group": 0.7911799709783031, "n_generated": 37307, "n_real": 30961, "wasserstein": 0.8022418261107269}
2026-04-08 16:44:04 [INFO]   bid_cancellation_depth: {"l1_by_group": 0.3033588846431257, "n_generated": 1605, "n_real": 1624, "wasserstein": 0.14675761630455153}
2026-04-08 16:44:04 [INFO]   bid_cancellation_levels: {"l1_by_group": 0.14453768697821356, "n_generated": 893, "n_real": 984, "wasserstein": 0.16625936803863928}
2026-04-08 16:44:04 [INFO]   bid_volume: {"l1_by_group": 0.9117339124507469, "n_generated": 37307, "n_real": 30961, "wasserstein": 1.5384888333659612}
2026-04-08 16:44:04 [INFO]   bid_volume_touch: {"l1_by_group": 0.8028608406499019, "n_generated": 37307, "n_real": 30961, "wasserstein": 1.2422653954390241}
2026-04-08 16:44:04 [INFO]   limit_ask_order_depth: {"l1_by_group": 0.6563615667642824, "n_generated": 4428, "n_real": 9528, "wasserstein": 0.5054107084751596}
2026-04-08 16:44:04 [INFO]   limit_ask_order_levels: {"l1_by_group": 0.3213988649573053, "n_generated": 4028, "n_real": 8079, "wasserstein": 0.5785487581132901}
2026-04-08 16:44:04 [INFO]   limit_bid_order_depth: {"l1_by_group": 0.29947408818175997, "n_generated": 12521, "n_real": 3699, "wasserstein": 0.1959382618099325}
2026-04-08 16:44:04 [INFO]   limit_bid_order_levels: {"l1_by_group": 0.19047065339629235, "n_generated": 9571, "n_real": 3162, "wasserstein": 0.24136651921019073}
2026-04-08 16:44:04 [INFO]   log_inter_arrival_time: {"l1_by_group": 0.15793868185054089, "n_generated": 37306, "n_real": 30960, "wasserstein": 0.18747406362390343}
2026-04-08 16:44:04 [INFO]   ofi: {"l1_by_group": 0.357494025098177, "n_generated": 37207, "n_real": 30861, "wasserstein": 0.2668716290163036}
2026-04-08 16:44:04 [INFO]   ofi_down: {"l1_by_group": 0.4479807642587517, "n_generated": 166, "n_real": 233, "wasserstein": 0.420207649777505}
2026-04-08 16:44:04 [INFO]   ofi_stay: {"l1_by_group": 0.36442273632020866, "n_generated": 36874, "n_real": 30389, "wasserstein": 0.2691959615554338}
2026-04-08 16:44:04 [INFO]   ofi_up: {"l1_by_group": 0.42315480409031087, "n_generated": 166, "n_real": 238, "wasserstein": 0.4201696043616282}
2026-04-08 16:44:04 [INFO]   orderbook_imbalance: {"l1_by_group": 0.4258175911794562, "n_generated": 37307, "n_real": 30961, "wasserstein": 0.2162363420294621}
2026-04-08 16:44:04 [INFO]   spread: {"l1_by_group": 0.03412769797513224, "n_generated": 37307, "n_real": 30961, "wasserstein": 0.19766991193854533}
2026-04-08 16:44:04 [INFO]   spread | time: {"n_generated": 37307, "n_real": 30961, "num_condition_groups": 1, "per_group": {"10": {"n": 68268, "wasserstein": 0.19766991193854533}}, "weighted_wasserstein": 0.19766991193854533}
2026-04-08 16:44:04 [INFO]   vol_per_min: {"l1_by_group": 0.5945240272274713, "n_generated": 340, "n_real": 579, "wasserstein": 0.6262090659323445}
[2026-04-08 16:44:04] [DONE] metrics_summary: /finance_ML/zhanghaohan/stock_language_model/saved_LOB_stream/pool_0709_0710_eval_0710_model_variants/sentence_preset_s2ip_k3/sentence_preset_s2ip_k3_repick6_T13_k400/fixed_start_model_blankgpt2_tokens_dynamic_anchor_txncomplete_000617XSHE_20260408_163043/metrics_summary.json
