[2026-04-10 12:40:13] [INFO] Experiment folder: /finance_ML/zhanghaohan/stock_language_model/saved_LOB_stream/pool_0709_0710_eval_0710_model_variants/sentence_k3_center_win50/sentence_k3_center_win50_T10_k0_ep3/fixed_start_model_blankgpt2_tokens_dynamic_anchor_txncomplete_000617XSHE_20260410_124013
[2026-04-10 12:40:13] [INFO] checkpoint: /finance_ML/zhanghaohan/stock_language_model/training_runs/pool_0709_0710_train0709_sentence_k3_baseline_win50_ep3_center_phase1diag/000617XSHE/model_cache/preGPT2sentS2IP_20250709_txncomplete_000617XSHE_win50_k3_20260409_140622_best.pt
[2026-04-10 12:40:13] [INFO] device: cuda greedy=False
/finance_ML/zhanghaohan/stock_language_model/scripts/hist_script/replay_decoded_real_tokens_openbidanchor_txncomplete_fixed_start.py:117: DtypeWarning: Columns (1,2,3,5,6,7,8,9,10,11,12,13,14,15,16,17,18,19,20,21,22,23,24,25,26,27,28,29,30,31,32,33,34,35,36,37,38,39,40,41,42,43,44,45,46,47,48,49,50,51,52,53,54,55,56,57,58,59,60,61,62,63,64,65,66,67,68,69,70,71,72,73,74,75,76,77,78,79,80,81,82,83,84,85,86,88) have mixed types. Specify dtype option on import or set low_memory=False.
  lob_info = pd.read_csv(lob_snap_path, header=None, names=columns)
[2026-04-10 12:54:42] [INFO] tokenizable_rows=66758 token_exact_match_rate_all=0.001258 tail_after_seed=0.000510
[2026-04-10 12:54:57] [INFO] Running eval vs clean reference...
2026-04-10 12:54:57 [INFO] ======================================================================
2026-04-10 12:54:57 [INFO] decoded real-token open-anchor txn-complete evaluation
2026-04-10 12:54:57 [INFO] ======================================================================
2026-04-10 12:54:57 [INFO] Evaluating: /finance_ML/zhanghaohan/stock_language_model/saved_LOB_stream/pool_0709_0710_eval_0710_model_variants/sentence_k3_center_win50/sentence_k3_center_win50_T10_k0_ep3/fixed_start_model_blankgpt2_tokens_dynamic_anchor_txncomplete_000617XSHE_20260410_124013
2026-04-10 12:54:57 [INFO] 
── loading data ───────────────────────────────────────
2026-04-10 12:54:57 [INFO] Loading LOBSTER data from /finance_ML/zhanghaohan/stock_language_model/saved_LOB_stream/pool_0709_0710_eval_0710_model_variants/sentence_k3_center_win50/sentence_k3_center_win50_T10_k0_ep3/fixed_start_model_blankgpt2_tokens_dynamic_anchor_txncomplete_000617XSHE_20260410_124013
2026-04-10 12:54:57 [INFO] Loaded 29,338 rows | 10 book levels | date 2025-07-10
2026-04-10 12:54:57 [INFO] Loading real reference LOBSTER data from /finance_ML/zhanghaohan/stock_language_model/saved_LOB_stream/fixed_start_realflow_generate_lobster_openbidanchor_txncomplete_000617XSHE_20260405_132652
2026-04-10 12:54:57 [INFO] Loading LOBSTER data from /finance_ML/zhanghaohan/stock_language_model/saved_LOB_stream/fixed_start_realflow_generate_lobster_openbidanchor_txncomplete_000617XSHE_20260405_132652
2026-04-10 12:54:57 [INFO] Loaded 30,961 rows | 10 book levels | date 2025-07-10
2026-04-10 12:54:58 [INFO] 
── computing metrics ──────────────────────────────────
2026-04-10 12:54:59 [WARNING] Reference metric log_time_to_cancel skipped: <lambda>() got an unexpected keyword argument 'include_groups'
2026-04-10 12:55:01 [WARNING] Reference conditional metric spread | volatility skipped: Invalid frequency: 0.1s
2026-04-10 12:55:01 [INFO] Computed now (generated-only): 15 metric groups
2026-04-10 12:55:01 [INFO] Computed (with real reference LOB data): 22 benchmark metric configs
2026-04-10 12:55:01 [INFO] Failed (with real reference LOB data): 2 benchmark metric configs
2026-04-10 12:55:01 [INFO] Skipped (needs true order-ID linkage): 2 metrics
2026-04-10 12:55:01 [INFO] 
── LOB-Bench-style overall aggregates (reference_comparison) ──
2026-04-10 12:55:01 [INFO]   Wasserstein aggregate: n=20  mean=0.470884  median=0.451165  iqm=0.446598  (lower is better)
2026-04-10 12:55:01 [INFO]   L1_by_group aggregate: n=20  mean=0.400974  median=0.358653  iqm=0.369616  (lower is better)
2026-04-10 12:55:01 [INFO] 
── generating plots ───────────────────────────────────
2026-04-10 12:55:03 [INFO] saved mid_price.png
2026-04-10 12:55:04 [INFO] saved spread.png
2026-04-10 12:55:04 [INFO] saved returns_dist.png
2026-04-10 12:55:05 [INFO] saved autocorr.png
2026-04-10 12:55:05 [INFO] saved inter_arrival_time.png
2026-04-10 12:55:06 [INFO] saved l1_volume.png
2026-04-10 12:55:06 [INFO] saved volume_per_minute.png
2026-04-10 12:55:07 [INFO] saved orderbook_imbalance.png
2026-04-10 12:55:07 [INFO] saved orderflow_imbalance.png
2026-04-10 12:55:08 [INFO] saved event_type_counts.png
2026-04-10 12:55:08 [INFO] Skipped time-to-fill/time-to-cancel plots: requires true order-ID linkage (not available in synthetic IDs).
2026-04-10 12:55:09 [INFO] saved overview_panel.png
2026-04-10 12:55:09 [INFO] Wrote metrics summary: /finance_ML/zhanghaohan/stock_language_model/saved_LOB_stream/pool_0709_0710_eval_0710_model_variants/sentence_k3_center_win50/sentence_k3_center_win50_T10_k0_ep3/fixed_start_model_blankgpt2_tokens_dynamic_anchor_txncomplete_000617XSHE_20260410_124013/metrics_summary.json
2026-04-10 12:55:09 [INFO] 
── all computed metrics summary ─────────────────────
2026-04-10 12:55:09 [INFO]   acf_returns_1min: [1.0, -0.3094299604118015, -0.37440051017488657, 0.15320910291464188, 0.04085157471668656]
2026-04-10 12:55:09 [INFO]   direction_counts: {"-1": 14962, "1": 14376}
2026-04-10 12:55:09 [INFO]   direction_fractions: {"-1": 0.51, "1": 0.49}
2026-04-10 12:55:09 [INFO]   event_type_counts: {"1": 12330, "2": 164, "3": 1906, "4": 14938}
2026-04-10 12:55:09 [INFO]   event_type_fractions: {"1": 0.4203, "2": 0.0056, "3": 0.065, "4": 0.5092}
2026-04-10 12:55:09 [INFO]   iat_ms: {"mean": 400.34307938051256, "median": 0.0, "n": 14399, "n_exec_excluded": 14938, "p95": 120.0, "std": 45002.46989047261}
2026-04-10 12:55:09 [INFO]   l1_volume: {"ask_mean": 55611.56697798077, "ask_median": 16400.0, "bid_mean": 60164.42511418638, "bid_median": 45850.0}
2026-04-10 12:55:09 [INFO]   mid_price: {"end_cny": 9.34, "end_price_int": 93400.0, "mean_cny": 9.340526961619743, "mean_price_int": 93405.26961619742, "mean_ticks_0p01": 934.0526961619743, "start_cny": 9.345, "start_price_int": 93450.0, "std_cny": 0.012758895665232042, "std_price_int": 127.5889566523178, "std_ticks_0p01": 1.2758895665231784, "total_return_bps": -5.350454788657366}
2026-04-10 12:55:09 [INFO]   ob_imbalance: {"mean": 0.08145701021271178, "median": 0.12098604807615776, "std": 0.6009133829370825}
2026-04-10 12:55:09 [INFO]   orderflow_imbalance: {"mean": -41.09462343525549, "n": 29238, "std": 480.2297234338485}
2026-04-10 12:55:09 [INFO]   returns_1min: {"kurtosis": 4.285718866335866, "mean": 0.00026749901093214845, "n": 6, "skew": 2.044143151790749, "std": 0.002051395071260075}
2026-04-10 12:55:09 [INFO]   spread_ticks: {"mean": 1.4446110846001772, "median": 1.0, "n": 29338, "pct_zero_spread": 0.0, "std": 0.7795161300597911, "tick_size_cny": 0.01, "tick_size_price_int": 100}
2026-04-10 12:55:09 [INFO]   total_volume_5lvl: {"ask_mean": 538985.6050173836, "bid_mean": 828225.8340036812}
2026-04-10 12:55:09 [INFO]   volatility_1min: 0.002051395071260075
2026-04-10 12:55:09 [INFO]   volume_per_minute: {"mean": 3373649.3672900917, "n": 359, "total": 1211140122.857143}
2026-04-10 12:55:09 [INFO]   [real-vs-generated comparative metrics]
2026-04-10 12:55:09 [INFO]   ask_cancellation_depth: {"l1_by_group": 0.46775861460422413, "n_generated": 671, "n_real": 2829, "wasserstein": 0.3956532860318599}
2026-04-10 12:55:09 [INFO]   ask_cancellation_levels: {"l1_by_group": 0.38581357536591965, "n_generated": 337, "n_real": 1721, "wasserstein": 0.6956295524003675}
2026-04-10 12:55:09 [INFO]   ask_volume: {"l1_by_group": 0.575169578239792, "n_generated": 29338, "n_real": 30961, "wasserstein": 1.0073440805776996}
2026-04-10 12:55:09 [INFO]   ask_volume | spread: {"n_generated": 29338, "n_real": 30961, "num_condition_groups": 7, "per_group": {"1": {"n": 49068, "wasserstein": 0.4487048475076729}, "2": {"n": 7900, "wasserstein": 0.6510138540315848}, "3": {"n": 2240, "wasserstein": 0.812777688886602}, "4": {"n": 791, "wasserstein": 0.6138526083583448}, "5": {"n": 245, "wasserstein": 2.7147456424696466}, "6": {"n": 49, "wasserstein": 0.2840816846950502}, "7": {"n": 6, "wasserstein": null}}, "weighted_wasserstein": null}
2026-04-10 12:55:09 [INFO]   ask_volume_touch: {"l1_by_group": 0.7208205298814494, "n_generated": 29338, "n_real": 30961, "wasserstein": 0.42616152423867965}
2026-04-10 12:55:09 [INFO]   bid_cancellation_depth: {"l1_by_group": 0.2838143921578335, "n_generated": 1393, "n_real": 1624, "wasserstein": 0.2873615402315816}
2026-04-10 12:55:09 [INFO]   bid_cancellation_levels: {"l1_by_group": 0.2572060487242729, "n_generated": 1157, "n_real": 984, "wasserstein": 0.21054797939356562}
2026-04-10 12:55:09 [INFO]   bid_volume: {"l1_by_group": 0.7318782399446014, "n_generated": 29338, "n_real": 30961, "wasserstein": 1.183093055789397}
2026-04-10 12:55:09 [INFO]   bid_volume_touch: {"l1_by_group": 0.5155837311344055, "n_generated": 29338, "n_real": 30961, "wasserstein": 0.4883879755244094}
2026-04-10 12:55:09 [INFO]   limit_ask_order_depth: {"l1_by_group": 0.49647622469607944, "n_generated": 2026, "n_real": 9528, "wasserstein": 0.7311555584719578}
2026-04-10 12:55:09 [INFO]   limit_ask_order_levels: {"l1_by_group": 0.21878588494989065, "n_generated": 1082, "n_real": 8079, "wasserstein": 0.15874228181346853}
2026-04-10 12:55:09 [INFO]   limit_bid_order_depth: {"l1_by_group": 0.45305319005136524, "n_generated": 10304, "n_real": 3699, "wasserstein": 0.4089270463641208}
2026-04-10 12:55:09 [INFO]   limit_bid_order_levels: {"l1_by_group": 0.3707352933258205, "n_generated": 9985, "n_real": 3162, "wasserstein": 0.595873501123658}
2026-04-10 12:55:09 [INFO]   log_inter_arrival_time: {"l1_by_group": 0.25585921738641015, "n_generated": 29337, "n_real": 30960, "wasserstein": 0.5123475825040712}
2026-04-10 12:55:09 [INFO]   ofi: {"l1_by_group": 0.30846827522835574, "n_generated": 29238, "n_real": 30861, "wasserstein": 0.13362231168634578}
2026-04-10 12:55:09 [INFO]   ofi_down: {"l1_by_group": 0.24365635117837509, "n_generated": 114, "n_real": 233, "wasserstein": 0.3427963959485736}
2026-04-10 12:55:09 [INFO]   ofi_stay: {"l1_by_group": 0.3465706174422585, "n_generated": 29020, "n_real": 30389, "wasserstein": 0.12875045754964945}
2026-04-10 12:55:09 [INFO]   ofi_up: {"l1_by_group": 0.3262625438524925, "n_generated": 103, "n_real": 238, "wasserstein": 0.4761682623240904}
2026-04-10 12:55:09 [INFO]   orderbook_imbalance: {"l1_by_group": 0.6765637322114985, "n_generated": 29338, "n_real": 30961, "wasserstein": 0.5860143203671283}
2026-04-10 12:55:09 [INFO]   spread: {"l1_by_group": 0.24412159120998403, "n_generated": 29338, "n_real": 30961, "wasserstein": 0.5421588568401213}
2026-04-10 12:55:09 [INFO]   spread | time: {"n_generated": 29338, "n_real": 30961, "num_condition_groups": 2, "per_group": {"10": {"n": 55828, "wasserstein": 0.530429384823593}, "12": {"n": 4471, "wasserstein": null}}, "weighted_wasserstein": null}
2026-04-10 12:55:09 [INFO]   vol_per_min: {"l1_by_group": 0.14087298723666297, "n_generated": 359, "n_real": 579, "wasserstein": 0.10693735179488796}
[2026-04-10 12:55:09] [DONE] metrics_summary: /finance_ML/zhanghaohan/stock_language_model/saved_LOB_stream/pool_0709_0710_eval_0710_model_variants/sentence_k3_center_win50/sentence_k3_center_win50_T10_k0_ep3/fixed_start_model_blankgpt2_tokens_dynamic_anchor_txncomplete_000617XSHE_20260410_124013/metrics_summary.json
