[2026-04-08 22:18:30] [INFO] Experiment folder: /finance_ML/zhanghaohan/stock_language_model/saved_LOB_stream/pool_0709_0710_eval_0710_model_variants/sentence_k3_win100/sentence_k3_win100_T10_k0_ep3/fixed_start_model_blankgpt2_tokens_dynamic_anchor_txncomplete_000981XSHE_20260408_221830
[2026-04-08 22:18:30] [INFO] checkpoint: /finance_ML/zhanghaohan/stock_language_model/training_runs/pool_0709_0710_train0709_sentence_k3_baseline_win100_ep3/000981XSHE/model_cache/preGPT2sentS2IP_20250709_txncomplete_000981XSHE_win100_k3_20260408_192805_best.pt
[2026-04-08 22:18:30] [INFO] device: cuda greedy=False
/finance_ML/zhanghaohan/stock_language_model/scripts/hist_script/replay_decoded_real_tokens_openbidanchor_txncomplete_fixed_start.py:117: DtypeWarning: Columns (1,2,3,5,6,7,8,9,10,11,12,13,14,15,16,17,18,19,20,21,22,23,24,25,26,27,28,29,30,31,32,33,34,35,36,37,38,39,40,41,42,43,44,45,46,47,48,49,50,51,52,53,54,55,56,57,58,59,60,61,62,63,64,65,66,67,68,69,70,71,72,73,74,75,76,77,78,79,80,81,82,83,84,85,86,88) have mixed types. Specify dtype option on import or set low_memory=False.
  lob_info = pd.read_csv(lob_snap_path, header=None, names=columns)
[2026-04-08 22:25:19] [INFO] tokenizable_rows=9814 token_exact_match_rate_all=0.010190 tail_after_seed=0.000000
[2026-04-08 22:25:21] [INFO] Running eval vs clean reference...
2026-04-08 22:25:21 [INFO] ======================================================================
2026-04-08 22:25:21 [INFO] decoded real-token open-anchor txn-complete evaluation
2026-04-08 22:25:21 [INFO] ======================================================================
2026-04-08 22:25:21 [INFO] Evaluating: /finance_ML/zhanghaohan/stock_language_model/saved_LOB_stream/pool_0709_0710_eval_0710_model_variants/sentence_k3_win100/sentence_k3_win100_T10_k0_ep3/fixed_start_model_blankgpt2_tokens_dynamic_anchor_txncomplete_000981XSHE_20260408_221830
2026-04-08 22:25:21 [INFO] 
── loading data ───────────────────────────────────────
2026-04-08 22:25:21 [INFO] Loading LOBSTER data from /finance_ML/zhanghaohan/stock_language_model/saved_LOB_stream/pool_0709_0710_eval_0710_model_variants/sentence_k3_win100/sentence_k3_win100_T10_k0_ep3/fixed_start_model_blankgpt2_tokens_dynamic_anchor_txncomplete_000981XSHE_20260408_221830
2026-04-08 22:25:21 [INFO] Loaded 3,569 rows | 10 book levels | date 2025-07-10
2026-04-08 22:25:21 [INFO] Loading real reference LOBSTER data from /finance_ML/zhanghaohan/stock_language_model/saved_LOB_stream/fixed_start_realflow_generate_lobster_openbidanchor_txncomplete_000981XSHE_20260405_132652
2026-04-08 22:25:21 [INFO] Loading LOBSTER data from /finance_ML/zhanghaohan/stock_language_model/saved_LOB_stream/fixed_start_realflow_generate_lobster_openbidanchor_txncomplete_000981XSHE_20260405_132652
2026-04-08 22:25:21 [INFO] Loaded 8,000 rows | 10 book levels | date 2025-07-10
2026-04-08 22:25:21 [INFO] 
── computing metrics ──────────────────────────────────
/finance_ML/zhanghaohan/mycondaenv/lib/python3.8/site-packages/statsmodels/tsa/stattools.py:693: RuntimeWarning: invalid value encountered in divide
  acf = avf[: nlags + 1] / avf[0]
2026-04-08 22:25:22 [WARNING] Reference metric log_time_to_cancel skipped: <lambda>() got an unexpected keyword argument 'include_groups'
2026-04-08 22:25:22 [WARNING] Reference metric ofi_up skipped: empty real or generated sample after cleaning
2026-04-08 22:25:22 [WARNING] Reference metric ofi_down skipped: empty real or generated sample after cleaning
2026-04-08 22:25:22 [WARNING] Reference conditional metric spread | volatility skipped: Invalid frequency: 0.1s
2026-04-08 22:25:22 [INFO] Computed now (generated-only): 15 metric groups
2026-04-08 22:25:22 [INFO] Computed (with real reference LOB data): 20 benchmark metric configs
2026-04-08 22:25:22 [INFO] Failed (with real reference LOB data): 4 benchmark metric configs
2026-04-08 22:25:22 [INFO] Skipped (needs true order-ID linkage): 2 metrics
2026-04-08 22:25:22 [INFO] 
── LOB-Bench-style overall aggregates (reference_comparison) ──
2026-04-08 22:25:22 [INFO]   Wasserstein aggregate: n=18  mean=0.945261  median=0.9611  iqm=0.980606  (lower is better)
2026-04-08 22:25:22 [INFO]   L1_by_group aggregate: n=18  mean=0.60593  median=0.703297  iqm=0.663498  (lower is better)
2026-04-08 22:25:22 [INFO] 
── generating plots ───────────────────────────────────
2026-04-08 22:25:23 [INFO] saved mid_price.png
2026-04-08 22:25:24 [INFO] saved spread.png
2026-04-08 22:25:24 [INFO] saved returns_dist.png
2026-04-08 22:25:24 [INFO] saved inter_arrival_time.png
2026-04-08 22:25:25 [INFO] saved l1_volume.png
2026-04-08 22:25:25 [INFO] saved volume_per_minute.png
2026-04-08 22:25:26 [INFO] saved orderbook_imbalance.png
2026-04-08 22:25:26 [INFO] saved orderflow_imbalance.png
2026-04-08 22:25:27 [INFO] saved event_type_counts.png
2026-04-08 22:25:27 [INFO] Skipped time-to-fill/time-to-cancel plots: requires true order-ID linkage (not available in synthetic IDs).
2026-04-08 22:25:27 [INFO] saved overview_panel.png
2026-04-08 22:25:27 [INFO] Wrote metrics summary: /finance_ML/zhanghaohan/stock_language_model/saved_LOB_stream/pool_0709_0710_eval_0710_model_variants/sentence_k3_win100/sentence_k3_win100_T10_k0_ep3/fixed_start_model_blankgpt2_tokens_dynamic_anchor_txncomplete_000981XSHE_20260408_221830/metrics_summary.json
2026-04-08 22:25:27 [INFO] 
── all computed metrics summary ─────────────────────
2026-04-08 22:25:27 [INFO]   acf_returns_1min: [NaN, NaN]
2026-04-08 22:25:27 [INFO]   direction_counts: {"-1": 2467, "1": 1102}
2026-04-08 22:25:27 [INFO]   direction_fractions: {"-1": 0.6912, "1": 0.3088}
2026-04-08 22:25:27 [INFO]   event_type_counts: {"1": 831, "2": 1, "3": 346, "4": 2391}
2026-04-08 22:25:27 [INFO]   event_type_fractions: {"1": 0.2328, "2": 0.0003, "3": 0.0969, "4": 0.6699}
2026-04-08 22:25:27 [INFO]   iat_ms: {"mean": 4764.375531011045, "median": 110.0, "n": 1177, "n_exec_excluded": 2391, "p95": 540.0, "std": 157399.93053185788}
2026-04-08 22:25:27 [INFO]   l1_volume: {"ask_mean": 7703598.094704399, "ask_median": 7674300.0, "bid_mean": 16295746.623704119, "bid_median": 16314200.0}
2026-04-08 22:25:27 [INFO]   mid_price: {"end_cny": 2.105, "end_price_int": 21050.0, "mean_cny": 2.1050000000000004, "mean_price_int": 21050.0, "mean_ticks_0p01": 210.5, "start_cny": 2.105, "start_price_int": 21050.0, "std_cny": 4.441514377225533e-16, "std_price_int": 0.0, "std_ticks_0p01": 0.0, "total_return_bps": 0.0}
2026-04-08 22:25:27 [INFO]   ob_imbalance: {"mean": 0.35804340928381473, "median": 0.36016841403172356, "std": 0.006705851734115654}
2026-04-08 22:25:27 [INFO]   orderflow_imbalance: {"mean": 91.65696166042088, "n": 3469, "std": 1176.9369536159227}
2026-04-08 22:25:27 [INFO]   returns_1min: {"kurtosis": null, "mean": 0.0, "n": 3, "skew": 0.0, "std": 0.0}
2026-04-08 22:25:27 [INFO]   spread_ticks: {"mean": 1.0, "median": 1.0, "n": 3569, "pct_zero_spread": 0.0, "std": 0.0, "tick_size_cny": 0.01, "tick_size_price_int": 100}
2026-04-08 22:25:27 [INFO]   total_volume_5lvl: {"ask_mean": 65030906.024096385, "bid_mean": 62217943.39899132}
2026-04-08 22:25:27 [INFO]   volatility_1min: 0.0
2026-04-08 22:25:27 [INFO]   volume_per_minute: {"mean": 6648753.242195471, "n": 169, "total": 1123639297.9310346}
2026-04-08 22:25:27 [INFO]   [real-vs-generated comparative metrics]
2026-04-08 22:25:27 [INFO]   ask_cancellation_depth: {"l1_by_group": 0.23066104078762306, "n_generated": 36, "n_real": 474, "wasserstein": 0.2988572884784352}
2026-04-08 22:25:27 [INFO]   ask_cancellation_levels: {"l1_by_group": 0.17890697366679897, "n_generated": 33, "n_real": 458, "wasserstein": 0.15808849454852084}
2026-04-08 22:25:27 [INFO]   ask_volume: {"l1_by_group": 0.8652500000000001, "n_generated": 3569, "n_real": 8000, "wasserstein": 1.3232224736434475}
2026-04-08 22:25:27 [INFO]   ask_volume | spread: {"n_generated": 3569, "n_real": 8000, "num_condition_groups": 2, "per_group": {"1": {"n": 11567, "wasserstein": 1.609037623782393}, "2": {"n": 2, "wasserstein": null}}, "weighted_wasserstein": null}
2026-04-08 22:25:27 [INFO]   ask_volume_touch: {"l1_by_group": 0.9901334757635193, "n_generated": 3569, "n_real": 8000, "wasserstein": 1.6091272620538528}
2026-04-08 22:25:27 [INFO]   bid_cancellation_depth: {"l1_by_group": 0.5718437975968861, "n_generated": 311, "n_real": 1520, "wasserstein": 1.0258150780454538}
2026-04-08 22:25:27 [INFO]   bid_cancellation_levels: {"l1_by_group": 0.5783703575647565, "n_generated": 322, "n_real": 1509, "wasserstein": 1.1855753772784103}
2026-04-08 22:25:27 [INFO]   bid_volume: {"l1_by_group": 0.9568644228075092, "n_generated": 3569, "n_real": 8000, "wasserstein": 1.9247414044459847}
2026-04-08 22:25:27 [INFO]   bid_volume_touch: {"l1_by_group": 0.918, "n_generated": 3569, "n_real": 8000, "wasserstein": 1.4707061076596635}
2026-04-08 22:25:27 [INFO]   limit_ask_order_depth: {"l1_by_group": 0.34338841062667774, "n_generated": 104, "n_real": 1662, "wasserstein": 0.37030553311585107}
2026-04-08 22:25:27 [INFO]   limit_ask_order_levels: {"l1_by_group": 0.20886075949367086, "n_generated": 72, "n_real": 1422, "wasserstein": 0.12321047852879885}
2026-04-08 22:25:27 [INFO]   limit_bid_order_depth: {"l1_by_group": 0.8726322370889084, "n_generated": 727, "n_real": 2750, "wasserstein": 1.4744918670819853}
2026-04-08 22:25:27 [INFO]   limit_bid_order_levels: {"l1_by_group": 0.8767529023255135, "n_generated": 759, "n_real": 2705, "wasserstein": 1.8098278154004779}
2026-04-08 22:25:27 [INFO]   log_inter_arrival_time: {"l1_by_group": 0.4199631596326222, "n_generated": 3568, "n_real": 7999, "wasserstein": 0.8963856062065687}
2026-04-08 22:25:27 [INFO]   ofi: {"l1_by_group": 0.8283150216565529, "n_generated": 3469, "n_real": 7900, "wasserstein": 0.7865731386974668}
2026-04-08 22:25:28 [INFO]   ofi_stay: {"l1_by_group": 0.8282228981448407, "n_generated": 3468, "n_real": 7895, "wasserstein": 0.7862652098756929}
2026-04-08 22:25:28 [INFO]   orderbook_imbalance: {"l1_by_group": 0.9828749999999998, "n_generated": 3569, "n_real": 8000, "wasserstein": 1.4831540382748902}
2026-04-08 22:25:28 [INFO]   spread: {"l1_by_group": 0.00024999999999998624, "n_generated": 3569, "n_real": 8000, "wasserstein": 0.019014797011885853}
2026-04-08 22:25:28 [INFO]   spread | time: {"n_generated": 3569, "n_real": 8000, "num_condition_groups": 2, "per_group": {"10": {"n": 10387, "wasserstein": 0.018017352913739137}, "12": {"n": 1182, "wasserstein": null}}, "weighted_wasserstein": null}
2026-04-08 22:25:28 [INFO]   vol_per_min: {"l1_by_group": 0.25545806978167723, "n_generated": 169, "n_real": 377, "wasserstein": 0.26933272859676965}
[2026-04-08 22:25:28] [DONE] metrics_summary: /finance_ML/zhanghaohan/stock_language_model/saved_LOB_stream/pool_0709_0710_eval_0710_model_variants/sentence_k3_win100/sentence_k3_win100_T10_k0_ep3/fixed_start_model_blankgpt2_tokens_dynamic_anchor_txncomplete_000981XSHE_20260408_221830/metrics_summary.json
