[2026-04-08 22:32:43] [INFO] Experiment folder: /finance_ML/zhanghaohan/stock_language_model/saved_LOB_stream/pool_0709_0710_eval_0710_model_variants/blank_fixed_sampling_win100/blank_T10_k0_win100/fixed_start_model_blankgpt2_tokens_openbidanchor_txncomplete_002366XSHE_20260408_223243
[2026-04-08 22:32:43] [INFO] checkpoint: /finance_ML/zhanghaohan/stock_language_model/training_runs/pool_0709_0710_train0709_blank_gpt2_win100/002366XSHE/model_cache/blankGPT2_20250709_txncomplete_002366XSHE_win100_20260406_211031_best.pt
[2026-04-08 22:32:43] [INFO] device: cuda greedy=False
/finance_ML/zhanghaohan/stock_language_model/scripts/hist_script/replay_decoded_real_tokens_openbidanchor_txncomplete_fixed_start.py:117: DtypeWarning: Columns (1,2,3,5,6,7,8,9,10,11,12,13,14,15,16,17,18,19,20,21,22,23,24,25,26,27,28,29,30,31,32,33,34,35,36,37,38,39,40,41,42,43,44,45,46,47,48,49,50,51,52,53,54,55,56,57,58,59,60,61,62,63,64,65,66,67,68,69,70,71,72,73,74,75,76,77,78,79,80,81,82,83,84,85,86,88) have mixed types. Specify dtype option on import or set low_memory=False.
  lob_info = pd.read_csv(lob_snap_path, header=None, names=columns)
[2026-04-08 22:41:30] [INFO] tokenizable_rows=29363 token_exact_match_rate_all=0.003610 tail_after_seed=0.000205
[2026-04-08 22:41:36] [INFO] Running eval vs clean reference...
2026-04-08 22:41:36 [INFO] ======================================================================
2026-04-08 22:41:36 [INFO] decoded real-token open-anchor txn-complete evaluation
2026-04-08 22:41:36 [INFO] ======================================================================
2026-04-08 22:41:36 [INFO] Evaluating: /finance_ML/zhanghaohan/stock_language_model/saved_LOB_stream/pool_0709_0710_eval_0710_model_variants/blank_fixed_sampling_win100/blank_T10_k0_win100/fixed_start_model_blankgpt2_tokens_openbidanchor_txncomplete_002366XSHE_20260408_223243
2026-04-08 22:41:36 [INFO] 
── loading data ───────────────────────────────────────
2026-04-08 22:41:36 [INFO] Loading LOBSTER data from /finance_ML/zhanghaohan/stock_language_model/saved_LOB_stream/pool_0709_0710_eval_0710_model_variants/blank_fixed_sampling_win100/blank_T10_k0_win100/fixed_start_model_blankgpt2_tokens_openbidanchor_txncomplete_002366XSHE_20260408_223243
2026-04-08 22:41:36 [INFO] Loaded 10,017 rows | 10 book levels | date 2025-07-10
2026-04-08 22:41:36 [INFO] Loading real reference LOBSTER data from /finance_ML/zhanghaohan/stock_language_model/saved_LOB_stream/fixed_start_realflow_generate_lobster_openbidanchor_txncomplete_002366XSHE_20260405_132652
2026-04-08 22:41:36 [INFO] Loading LOBSTER data from /finance_ML/zhanghaohan/stock_language_model/saved_LOB_stream/fixed_start_realflow_generate_lobster_openbidanchor_txncomplete_002366XSHE_20260405_132652
2026-04-08 22:41:36 [INFO] Loaded 18,950 rows | 10 book levels | date 2025-07-10
2026-04-08 22:41:36 [INFO] 
── computing metrics ──────────────────────────────────
/finance_ML/zhanghaohan/mycondaenv/lib/python3.8/site-packages/statsmodels/tsa/stattools.py:693: RuntimeWarning: invalid value encountered in divide
  acf = avf[: nlags + 1] / avf[0]
2026-04-08 22:41:37 [WARNING] Reference metric log_time_to_cancel skipped: <lambda>() got an unexpected keyword argument 'include_groups'
2026-04-08 22:41:38 [WARNING] Reference conditional metric spread | volatility skipped: Invalid frequency: 0.1s
2026-04-08 22:41:38 [INFO] Computed now (generated-only): 15 metric groups
2026-04-08 22:41:38 [INFO] Computed (with real reference LOB data): 22 benchmark metric configs
2026-04-08 22:41:38 [INFO] Failed (with real reference LOB data): 2 benchmark metric configs
2026-04-08 22:41:38 [INFO] Skipped (needs true order-ID linkage): 2 metrics
2026-04-08 22:41:38 [INFO] 
── LOB-Bench-style overall aggregates (reference_comparison) ──
2026-04-08 22:41:38 [INFO]   Wasserstein aggregate: n=21  mean=0.55585  median=0.516911  iqm=0.504826  (lower is better)
2026-04-08 22:41:38 [INFO]   L1_by_group aggregate: n=20  mean=0.430851  median=0.470331  iqm=0.44624  (lower is better)
2026-04-08 22:41:38 [INFO] 
── generating plots ───────────────────────────────────
2026-04-08 22:41:39 [INFO] saved mid_price.png
2026-04-08 22:41:40 [INFO] saved spread.png
2026-04-08 22:41:41 [INFO] saved inter_arrival_time.png
2026-04-08 22:41:41 [INFO] saved l1_volume.png
2026-04-08 22:41:41 [INFO] saved volume_per_minute.png
2026-04-08 22:41:42 [INFO] saved orderbook_imbalance.png
2026-04-08 22:41:42 [INFO] saved orderflow_imbalance.png
2026-04-08 22:41:43 [INFO] saved event_type_counts.png
2026-04-08 22:41:43 [INFO] Skipped time-to-fill/time-to-cancel plots: requires true order-ID linkage (not available in synthetic IDs).
2026-04-08 22:41:44 [INFO] saved overview_panel.png
2026-04-08 22:41:44 [INFO] Wrote metrics summary: /finance_ML/zhanghaohan/stock_language_model/saved_LOB_stream/pool_0709_0710_eval_0710_model_variants/blank_fixed_sampling_win100/blank_T10_k0_win100/fixed_start_model_blankgpt2_tokens_openbidanchor_txncomplete_002366XSHE_20260408_223243/metrics_summary.json
2026-04-08 22:41:44 [INFO] 
── all computed metrics summary ─────────────────────
2026-04-08 22:41:44 [INFO]   acf_returns_1min: [NaN]
2026-04-08 22:41:44 [INFO]   direction_counts: {"-1": 5134, "1": 4883}
2026-04-08 22:41:44 [INFO]   direction_fractions: {"-1": 0.5125, "1": 0.4875}
2026-04-08 22:41:44 [INFO]   event_type_counts: {"1": 3706, "2": 156, "3": 1072, "4": 5083}
2026-04-08 22:41:44 [INFO]   event_type_fractions: {"1": 0.37, "2": 0.0156, "3": 0.107, "4": 0.5074}
2026-04-08 22:41:44 [INFO]   iat_ms: {"mean": 21.1939995945672, "median": 10.0, "n": 4933, "n_exec_excluded": 5083, "p95": 80.0, "std": 31.211894341998182}
2026-04-08 22:41:44 [INFO]   l1_volume: {"ask_mean": 18670.567235699313, "ask_median": 7600.0, "bid_mean": 87922.52630528102, "bid_median": 88100.0}
2026-04-08 22:41:44 [INFO]   mid_price: {"end_cny": 9.465, "end_price_int": 94650.0, "mean_cny": 9.466032245183191, "mean_price_int": 94660.32245183189, "mean_ticks_0p01": 946.6032245183188, "start_cny": 9.47, "start_price_int": 94700.0, "std_cny": 0.0033969391762814, "std_price_int": 33.96939176281383, "std_ticks_0p01": 0.33969391762813833, "total_return_bps": -5.27983104540608}
2026-04-08 22:41:44 [INFO]   ob_imbalance: {"mean": 0.6621906007868811, "median": 0.8395833333333333, "std": 0.4184041390961435}
2026-04-08 22:41:44 [INFO]   orderflow_imbalance: {"mean": 4.876273066451548, "n": 9917, "std": 129.5589406924018}
2026-04-08 22:41:44 [INFO]   returns_1min: {"kurtosis": null, "mean": 0.0, "n": 1, "skew": null, "std": null}
2026-04-08 22:41:44 [INFO]   spread_ticks: {"mean": 1.0694818808026356, "median": 1.0, "n": 10017, "pct_zero_spread": 0.0, "std": 0.289878618932466, "tick_size_cny": 0.01, "tick_size_price_int": 100}
2026-04-08 22:41:44 [INFO]   total_volume_5lvl: {"ask_mean": 383194.43945293, "bid_mean": 316062.2780273535}
2026-04-08 22:41:44 [INFO]   volatility_1min: 0.0
2026-04-08 22:41:44 [INFO]   volume_per_minute: {"mean": 3085511.468531469, "n": 104, "total": 320893192.72727275}
2026-04-08 22:41:44 [INFO]   [real-vs-generated comparative metrics]
2026-04-08 22:41:44 [INFO]   ask_cancellation_depth: {"l1_by_group": 0.3646446740156625, "n_generated": 861, "n_real": 1539, "wasserstein": 0.5887934031646098}
2026-04-08 22:41:44 [INFO]   ask_cancellation_levels: {"l1_by_group": 0.2582715640399188, "n_generated": 155, "n_real": 779, "wasserstein": 0.31754031604280897}
2026-04-08 22:41:44 [INFO]   ask_volume: {"l1_by_group": 0.5714473416300468, "n_generated": 10017, "n_real": 18950, "wasserstein": 0.5993188382323329}
2026-04-08 22:41:44 [INFO]   ask_volume | spread: {"n_generated": 10017, "n_real": 18950, "num_condition_groups": 7, "per_group": {"1": {"n": 1904, "wasserstein": null}, "2": {"n": 23998, "wasserstein": 0.30163174533417736}, "3": {"n": 2267, "wasserstein": 1.0166011094027958}, "4": {"n": 648, "wasserstein": 2.197203781889385}, "5": {"n": 63, "wasserstein": null}, "6": {"n": 84, "wasserstein": null}, "7": {"n": 3, "wasserstein": null}}, "weighted_wasserstein": null}
2026-04-08 22:41:44 [INFO]   ask_volume_touch: {"l1_by_group": 0.5962495420055036, "n_generated": 10017, "n_real": 18950, "wasserstein": 0.22259095980970203}
2026-04-08 22:41:44 [INFO]   bid_cancellation_depth: {"l1_by_group": 0.20229536818321864, "n_generated": 364, "n_real": 1391, "wasserstein": 0.13945286575423502}
2026-04-08 22:41:44 [INFO]   bid_cancellation_levels: {"l1_by_group": 0.15255993226985118, "n_generated": 229, "n_real": 784, "wasserstein": 0.162857629504087}
2026-04-08 22:41:44 [INFO]   bid_volume: {"l1_by_group": 0.695132823013542, "n_generated": 10017, "n_real": 18950, "wasserstein": 0.8335615402022165}
2026-04-08 22:41:44 [INFO]   bid_volume_touch: {"l1_by_group": 0.7252134748236705, "n_generated": 10017, "n_real": 18950, "wasserstein": 1.1792956531881609}
2026-04-08 22:41:44 [INFO]   limit_ask_order_depth: {"l1_by_group": 0.49147765713948116, "n_generated": 2696, "n_real": 4671, "wasserstein": 0.7801736867664429}
2026-04-08 22:41:44 [INFO]   limit_ask_order_levels: {"l1_by_group": 0.11505974690918008, "n_generated": 471, "n_real": 3324, "wasserstein": 0.09539789241691736}
2026-04-08 22:41:44 [INFO]   limit_bid_order_depth: {"l1_by_group": 0.5257923967039032, "n_generated": 1010, "n_real": 4054, "wasserstein": 0.36650444568407703}
2026-04-08 22:41:44 [INFO]   limit_bid_order_levels: {"l1_by_group": 0.5574159566015506, "n_generated": 969, "n_real": 3616, "wasserstein": 1.1833133377585061}
2026-04-08 22:41:44 [INFO]   log_inter_arrival_time: {"l1_by_group": 0.2911383529979665, "n_generated": 10016, "n_real": 18949, "wasserstein": 0.5851406131354042}
2026-04-08 22:41:44 [INFO]   ofi: {"l1_by_group": 0.5282006703383441, "n_generated": 9917, "n_real": 18850, "wasserstein": 0.516910653740433}
2026-04-08 22:41:44 [INFO]   ofi_down: {"l1_by_group": 0.3856981345392877, "n_generated": 58, "n_real": 305, "wasserstein": 0.4372430957821335}
2026-04-08 22:41:44 [INFO]   ofi_stay: {"l1_by_group": 0.5300996229997044, "n_generated": 9800, "n_real": 18232, "wasserstein": 0.525462936990734}
2026-04-08 22:41:44 [INFO]   ofi_up: {"l1_by_group": 0.33874889478337755, "n_generated": 58, "n_real": 312, "wasserstein": 0.3790508060794422}
2026-04-08 22:41:44 [INFO]   orderbook_imbalance: {"l1_by_group": 0.6675702387735046, "n_generated": 10017, "n_real": 18950, "wasserstein": 0.8067265455517157}
2026-04-08 22:41:44 [INFO]   spread: {"l1_by_group": 0.17080851734110059, "n_generated": 10017, "n_real": 18950, "wasserstein": 0.38724143521289583}
2026-04-08 22:41:44 [INFO]   spread | time: {"n_generated": 10017, "n_real": 18950, "num_condition_groups": 1, "per_group": {"10": {"n": 28967, "wasserstein": 0.38724143521289583}}, "weighted_wasserstein": 0.38724143521289583}
2026-04-08 22:41:44 [INFO]   vol_per_min: {"l1_by_group": 0.4491851368970013, "n_generated": 104, "n_real": 590, "wasserstein": 1.1790348511269866}
[2026-04-08 22:41:44] [DONE] metrics_summary: /finance_ML/zhanghaohan/stock_language_model/saved_LOB_stream/pool_0709_0710_eval_0710_model_variants/blank_fixed_sampling_win100/blank_T10_k0_win100/fixed_start_model_blankgpt2_tokens_openbidanchor_txncomplete_002366XSHE_20260408_223243/metrics_summary.json
