[2026-04-10 12:40:13] [INFO] Experiment folder: /finance_ML/zhanghaohan/stock_language_model/saved_LOB_stream/pool_0709_0710_eval_0710_model_variants/sentence_k3_center_win50/sentence_k3_center_win50_T10_k0_ep3/fixed_start_model_blankgpt2_tokens_dynamic_anchor_txncomplete_002263XSHE_20260410_124013
[2026-04-10 12:40:13] [INFO] checkpoint: /finance_ML/zhanghaohan/stock_language_model/training_runs/pool_0709_0710_train0709_sentence_k3_baseline_win50_ep3_center_phase1diag/002263XSHE/model_cache/preGPT2sentS2IP_20250709_txncomplete_002263XSHE_win50_k3_20260409_140622_best.pt
[2026-04-10 12:40:13] [INFO] device: cuda greedy=False
/finance_ML/zhanghaohan/stock_language_model/scripts/hist_script/replay_decoded_real_tokens_openbidanchor_txncomplete_fixed_start.py:117: DtypeWarning: Columns (1,2,3,5,6,7,8,9,10,11,12,13,14,15,16,17,18,19,20,21,22,23,24,25,26,27,28,29,30,31,32,33,34,35,36,37,38,39,40,41,42,43,44,45,46,47,48,49,50,51,52,53,54,55,56,57,58,59,60,61,62,63,64,65,66,67,68,69,70,71,72,73,74,75,76,77,78,79,80,81,82,83,84,85,86,88) have mixed types. Specify dtype option on import or set low_memory=False.
  lob_info = pd.read_csv(lob_snap_path, header=None, names=columns)
[2026-04-10 12:51:40] [INFO] tokenizable_rows=36305 token_exact_match_rate_all=0.001515 tail_after_seed=0.000138
[2026-04-10 12:51:48] [INFO] Running eval vs clean reference...
2026-04-10 12:51:48 [INFO] ======================================================================
2026-04-10 12:51:48 [INFO] decoded real-token open-anchor txn-complete evaluation
2026-04-10 12:51:48 [INFO] ======================================================================
2026-04-10 12:51:48 [INFO] Evaluating: /finance_ML/zhanghaohan/stock_language_model/saved_LOB_stream/pool_0709_0710_eval_0710_model_variants/sentence_k3_center_win50/sentence_k3_center_win50_T10_k0_ep3/fixed_start_model_blankgpt2_tokens_dynamic_anchor_txncomplete_002263XSHE_20260410_124013
2026-04-10 12:51:48 [INFO] 
── loading data ───────────────────────────────────────
2026-04-10 12:51:48 [INFO] Loading LOBSTER data from /finance_ML/zhanghaohan/stock_language_model/saved_LOB_stream/pool_0709_0710_eval_0710_model_variants/sentence_k3_center_win50/sentence_k3_center_win50_T10_k0_ep3/fixed_start_model_blankgpt2_tokens_dynamic_anchor_txncomplete_002263XSHE_20260410_124013
2026-04-10 12:51:48 [INFO] Loaded 12,342 rows | 10 book levels | date 2025-07-10
2026-04-10 12:51:48 [INFO] Loading real reference LOBSTER data from /finance_ML/zhanghaohan/stock_language_model/saved_LOB_stream/fixed_start_realflow_generate_lobster_openbidanchor_txncomplete_002263XSHE_20260405_132652
2026-04-10 12:51:48 [INFO] Loading LOBSTER data from /finance_ML/zhanghaohan/stock_language_model/saved_LOB_stream/fixed_start_realflow_generate_lobster_openbidanchor_txncomplete_002263XSHE_20260405_132652
2026-04-10 12:51:48 [INFO] Loaded 16,122 rows | 10 book levels | date 2025-07-10
2026-04-10 12:51:48 [INFO] 
── computing metrics ──────────────────────────────────
/finance_ML/zhanghaohan/mycondaenv/lib/python3.8/site-packages/statsmodels/tsa/stattools.py:693: RuntimeWarning: invalid value encountered in divide
  acf = avf[: nlags + 1] / avf[0]
2026-04-10 12:51:48 [WARNING] Reference metric log_time_to_cancel skipped: <lambda>() got an unexpected keyword argument 'include_groups'
2026-04-10 12:51:49 [WARNING] Reference metric ofi_up skipped: empty real or generated sample after cleaning
2026-04-10 12:51:49 [WARNING] Reference metric ofi_down skipped: empty real or generated sample after cleaning
2026-04-10 12:51:50 [WARNING] Reference conditional metric spread | volatility skipped: Invalid frequency: 0.1s
2026-04-10 12:51:50 [INFO] Computed now (generated-only): 15 metric groups
2026-04-10 12:51:50 [INFO] Computed (with real reference LOB data): 20 benchmark metric configs
2026-04-10 12:51:50 [INFO] Failed (with real reference LOB data): 4 benchmark metric configs
2026-04-10 12:51:50 [INFO] Skipped (needs true order-ID linkage): 2 metrics
2026-04-10 12:51:50 [INFO] 
── LOB-Bench-style overall aggregates (reference_comparison) ──
2026-04-10 12:51:50 [INFO]   Wasserstein aggregate: n=18  mean=0.786515  median=0.55225  iqm=0.573675  (lower is better)
2026-04-10 12:51:50 [INFO]   L1_by_group aggregate: n=18  mean=0.521075  median=0.560641  iqm=0.551073  (lower is better)
2026-04-10 12:51:50 [INFO] 
── generating plots ───────────────────────────────────
2026-04-10 12:51:52 [INFO] saved mid_price.png
2026-04-10 12:51:52 [INFO] saved spread.png
2026-04-10 12:51:53 [INFO] saved returns_dist.png
/finance_ML/zhanghaohan/mycondaenv/lib/python3.8/site-packages/statsmodels/tsa/stattools.py:693: RuntimeWarning: invalid value encountered in divide
  acf = avf[: nlags + 1] / avf[0]
2026-04-10 12:51:53 [INFO] saved autocorr.png
2026-04-10 12:51:54 [INFO] saved inter_arrival_time.png
2026-04-10 12:51:54 [INFO] saved l1_volume.png
2026-04-10 12:51:55 [INFO] saved volume_per_minute.png
2026-04-10 12:51:56 [INFO] saved orderbook_imbalance.png
2026-04-10 12:51:56 [INFO] saved orderflow_imbalance.png
2026-04-10 12:51:57 [INFO] saved event_type_counts.png
2026-04-10 12:51:57 [INFO] Skipped time-to-fill/time-to-cancel plots: requires true order-ID linkage (not available in synthetic IDs).
2026-04-10 12:51:58 [INFO] saved overview_panel.png
2026-04-10 12:51:58 [INFO] Wrote metrics summary: /finance_ML/zhanghaohan/stock_language_model/saved_LOB_stream/pool_0709_0710_eval_0710_model_variants/sentence_k3_center_win50/sentence_k3_center_win50_T10_k0_ep3/fixed_start_model_blankgpt2_tokens_dynamic_anchor_txncomplete_002263XSHE_20260410_124013/metrics_summary.json
2026-04-10 12:51:58 [INFO] 
── all computed metrics summary ─────────────────────
2026-04-10 12:51:58 [INFO]   acf_returns_1min: [NaN, NaN, NaN, NaN, NaN, NaN]
2026-04-10 12:51:58 [INFO]   direction_counts: {"-1": 5970, "1": 6372}
2026-04-10 12:51:58 [INFO]   direction_fractions: {"-1": 0.4837, "1": 0.5163}
2026-04-10 12:51:58 [INFO]   event_type_counts: {"1": 4395, "2": 197, "3": 1591, "4": 6159}
2026-04-10 12:51:58 [INFO]   event_type_fractions: {"1": 0.3561, "2": 0.016, "3": 0.1289, "4": 0.499}
2026-04-10 12:51:58 [INFO]   iat_ms: {"mean": 947.9197670656746, "median": 40.0, "n": 6182, "n_exec_excluded": 6159, "p95": 250.0, "std": 68683.65583654291}
2026-04-10 12:51:58 [INFO]   l1_volume: {"ask_mean": 76200.0, "ask_median": 76200.0, "bid_mean": 43599.63539134662, "bid_median": 40200.0}
2026-04-10 12:51:58 [INFO]   mid_price: {"end_cny": 4.345, "end_price_int": 43450.0, "mean_cny": 4.345, "mean_price_int": 43450.0, "mean_ticks_0p01": 434.5, "start_cny": 4.345, "start_price_int": 43450.0, "std_cny": 0.0, "std_price_int": 0.0, "std_ticks_0p01": 0.0, "total_return_bps": 0.0}
2026-04-10 12:51:58 [INFO]   ob_imbalance: {"mean": -0.2783279135970938, "median": -0.30927835051546393, "std": 0.08575501218242468}
2026-04-10 12:51:58 [INFO]   orderflow_imbalance: {"mean": 1.5409246855089038, "n": 12242, "std": 21.16181852415162}
2026-04-10 12:51:58 [INFO]   returns_1min: {"kurtosis": 0.0, "mean": 0.0, "n": 7, "skew": 0.0, "std": 0.0}
2026-04-10 12:51:58 [INFO]   spread_ticks: {"mean": 1.0, "median": 1.0, "n": 12342, "pct_zero_spread": 0.0, "std": 0.0, "tick_size_cny": 0.01, "tick_size_price_int": 100}
2026-04-10 12:51:58 [INFO]   total_volume_5lvl: {"ask_mean": 857594.9295089936, "bid_mean": 3893954.513044887}
2026-04-10 12:51:58 [INFO]   volatility_1min: 0.0
2026-04-10 12:51:58 [INFO]   volume_per_minute: {"mean": 1474330.7906228455, "n": 458, "total": 675243502.1052632}
2026-04-10 12:51:58 [INFO]   [real-vs-generated comparative metrics]
2026-04-10 12:51:58 [INFO]   ask_cancellation_depth: {"l1_by_group": 0.6698432885147968, "n_generated": 1712, "n_real": 1117, "wasserstein": 1.1988998085921763}
2026-04-10 12:51:58 [INFO]   ask_cancellation_levels: {"l1_by_group": 0.28010273972602745, "n_generated": 146, "n_real": 800, "wasserstein": 0.7008783785391132}
2026-04-10 12:51:58 [INFO]   ask_volume: {"l1_by_group": 0.7023597777206456, "n_generated": 12342, "n_real": 16122, "wasserstein": 0.626599059137053}
2026-04-10 12:51:58 [INFO]   ask_volume | spread: {"n_generated": 12342, "n_real": 16122, "num_condition_groups": 2, "per_group": {"1": {"n": 28451, "wasserstein": 0.031323217260175396}, "2": {"n": 13, "wasserstein": null}}, "weighted_wasserstein": null}
2026-04-10 12:51:58 [INFO]   ask_volume_touch: {"l1_by_group": 0.0005582433941198211, "n_generated": 12342, "n_real": 16122, "wasserstein": 0.03130510734566742}
2026-04-10 12:51:58 [INFO]   bid_cancellation_depth: {"l1_by_group": 0.40132958181617556, "n_generated": 76, "n_real": 1908, "wasserstein": 0.3006497403819197}
2026-04-10 12:51:58 [INFO]   bid_cancellation_levels: {"l1_by_group": 0.45143887617633244, "n_generated": 77, "n_real": 1714, "wasserstein": 0.8285327809879253}
2026-04-10 12:51:58 [INFO]   bid_volume: {"l1_by_group": 0.9096213805320237, "n_generated": 12342, "n_real": 16122, "wasserstein": 0.7159572208693652}
2026-04-10 12:51:58 [INFO]   bid_volume_touch: {"l1_by_group": 0.9814539139064631, "n_generated": 12342, "n_real": 16122, "wasserstein": 1.6384743339815127}
2026-04-10 12:51:58 [INFO]   limit_ask_order_depth: {"l1_by_group": 0.8020456571519955, "n_generated": 4244, "n_real": 4432, "wasserstein": 1.3067146485312775}
2026-04-10 12:51:58 [INFO]   limit_ask_order_levels: {"l1_by_group": 0.7725119886329997, "n_generated": 127, "n_real": 3724, "wasserstein": 2.9828311441594537}
2026-04-10 12:51:58 [INFO]   limit_bid_order_depth: {"l1_by_group": 0.3156430493815961, "n_generated": 151, "n_real": 2628, "wasserstein": 0.2945527912657885}
2026-04-10 12:51:58 [INFO]   limit_bid_order_levels: {"l1_by_group": 0.29341068194056885, "n_generated": 132, "n_real": 2476, "wasserstein": 0.4615640640401372}
2026-04-10 12:51:58 [INFO]   log_inter_arrival_time: {"l1_by_group": 0.01762166384724598, "n_generated": 12341, "n_real": 16121, "wasserstein": 0.009535682816870648}
2026-04-10 12:51:58 [INFO]   ofi: {"l1_by_group": 0.8081707452938371, "n_generated": 12242, "n_real": 16022, "wasserstein": 0.4779019262875135}
2026-04-10 12:51:58 [INFO]   ofi_stay: {"l1_by_group": 0.8118111625595764, "n_generated": 12241, "n_real": 16013, "wasserstein": 0.4773170166983669}
2026-04-10 12:51:58 [INFO]   orderbook_imbalance: {"l1_by_group": 0.9828185088698672, "n_generated": 12342, "n_real": 16122, "wasserstein": 1.9327907384881824}
2026-04-10 12:51:58 [INFO]   spread: {"l1_by_group": 0.0008063515692842109, "n_generated": 12342, "n_real": 16122, "wasserstein": 0.037739165552042875}
2026-04-10 12:51:58 [INFO]   spread | time: {"n_generated": 12342, "n_real": 16122, "num_condition_groups": 2, "per_group": {"10": {"n": 27233, "wasserstein": 0.036914433766765634}, "12": {"n": 1231, "wasserstein": null}}, "weighted_wasserstein": null}
2026-04-10 12:51:58 [INFO]   vol_per_min: {"l1_by_group": 0.1778013701374144, "n_generated": 458, "n_real": 545, "wasserstein": 0.13501747919825144}
[2026-04-10 12:51:58] [DONE] metrics_summary: /finance_ML/zhanghaohan/stock_language_model/saved_LOB_stream/pool_0709_0710_eval_0710_model_variants/sentence_k3_center_win50/sentence_k3_center_win50_T10_k0_ep3/fixed_start_model_blankgpt2_tokens_dynamic_anchor_txncomplete_002263XSHE_20260410_124013/metrics_summary.json
