[2026-04-08 19:06:54] [INFO] Experiment folder: /finance_ML/zhanghaohan/stock_language_model/saved_LOB_stream/pool_0709_0710_eval_0710_model_variants/sentence_s2ip_AB_fixed_sampling/sentence_s2ip_varA_T10_k0_win50/fixed_start_model_blankgpt2_tokens_dynamic_anchor_txncomplete_002366XSHE_20260408_190654
[2026-04-08 19:06:54] [INFO] checkpoint: /finance_ML/zhanghaohan/stock_language_model/training_runs/pool_0709_0710_train0709_sentence_s2ip_A_center_sep_k3/002366XSHE/model_cache/preGPT2sentS2IP_20250709_txncomplete_002366XSHE_win50_k3_20260408_172454_best.pt
[2026-04-08 19:06:54] [INFO] device: cuda greedy=False
/finance_ML/zhanghaohan/stock_language_model/scripts/hist_script/replay_decoded_real_tokens_openbidanchor_txncomplete_fixed_start.py:117: DtypeWarning: Columns (1,2,3,5,6,7,8,9,10,11,12,13,14,15,16,17,18,19,20,21,22,23,24,25,26,27,28,29,30,31,32,33,34,35,36,37,38,39,40,41,42,43,44,45,46,47,48,49,50,51,52,53,54,55,56,57,58,59,60,61,62,63,64,65,66,67,68,69,70,71,72,73,74,75,76,77,78,79,80,81,82,83,84,85,86,88) have mixed types. Specify dtype option on import or set low_memory=False.
  lob_info = pd.read_csv(lob_snap_path, header=None, names=columns)
[2026-04-08 19:16:43] [INFO] tokenizable_rows=29363 token_exact_match_rate_all=0.001975 tail_after_seed=0.000273
[2026-04-08 19:16:49] [INFO] Running eval vs clean reference...
2026-04-08 19:16:49 [INFO] ======================================================================
2026-04-08 19:16:49 [INFO] decoded real-token open-anchor txn-complete evaluation
2026-04-08 19:16:49 [INFO] ======================================================================
2026-04-08 19:16:49 [INFO] Evaluating: /finance_ML/zhanghaohan/stock_language_model/saved_LOB_stream/pool_0709_0710_eval_0710_model_variants/sentence_s2ip_AB_fixed_sampling/sentence_s2ip_varA_T10_k0_win50/fixed_start_model_blankgpt2_tokens_dynamic_anchor_txncomplete_002366XSHE_20260408_190654
2026-04-08 19:16:49 [INFO] 
── loading data ───────────────────────────────────────
2026-04-08 19:16:49 [INFO] Loading LOBSTER data from /finance_ML/zhanghaohan/stock_language_model/saved_LOB_stream/pool_0709_0710_eval_0710_model_variants/sentence_s2ip_AB_fixed_sampling/sentence_s2ip_varA_T10_k0_win50/fixed_start_model_blankgpt2_tokens_dynamic_anchor_txncomplete_002366XSHE_20260408_190654
2026-04-08 19:16:49 [INFO] Loaded 3,889 rows | 10 book levels | date 2025-07-10
2026-04-08 19:16:49 [INFO] Loading real reference LOBSTER data from /finance_ML/zhanghaohan/stock_language_model/saved_LOB_stream/fixed_start_realflow_generate_lobster_openbidanchor_txncomplete_002366XSHE_20260405_132652
2026-04-08 19:16:49 [INFO] Loading LOBSTER data from /finance_ML/zhanghaohan/stock_language_model/saved_LOB_stream/fixed_start_realflow_generate_lobster_openbidanchor_txncomplete_002366XSHE_20260405_132652
2026-04-08 19:16:49 [INFO] Loaded 18,950 rows | 10 book levels | date 2025-07-10
2026-04-08 19:16:49 [INFO] 
── computing metrics ──────────────────────────────────
/finance_ML/zhanghaohan/mycondaenv/lib/python3.8/site-packages/statsmodels/tsa/stattools.py:472: RuntimeWarning: Mean of empty slice.
  xo = x - x.mean()
/finance_ML/zhanghaohan/mycondaenv/lib/python3.8/site-packages/numpy/core/_methods.py:192: RuntimeWarning: invalid value encountered in scalar divide
  ret = ret.dtype.type(ret / rcount)
2026-04-08 19:16:49 [WARNING] autocorr skipped: negative dimensions are not allowed
2026-04-08 19:16:50 [WARNING] Reference metric log_time_to_cancel skipped: <lambda>() got an unexpected keyword argument 'include_groups'
2026-04-08 19:16:51 [WARNING] Reference conditional metric spread | volatility skipped: Invalid frequency: 0.1s
2026-04-08 19:16:51 [INFO] Computed now (generated-only): 14 metric groups
2026-04-08 19:16:51 [INFO] Computed (with real reference LOB data): 22 benchmark metric configs
2026-04-08 19:16:51 [INFO] Failed (with real reference LOB data): 2 benchmark metric configs
2026-04-08 19:16:51 [INFO] Skipped (needs true order-ID linkage): 2 metrics
2026-04-08 19:16:51 [INFO] 
── LOB-Bench-style overall aggregates (reference_comparison) ──
2026-04-08 19:16:51 [INFO]   Wasserstein aggregate: n=21  mean=0.708977  median=0.536731  iqm=0.690507  (lower is better)
2026-04-08 19:16:51 [INFO]   L1_by_group aggregate: n=20  mean=0.512829  median=0.555884  iqm=0.53014  (lower is better)
2026-04-08 19:16:51 [INFO] 
── generating plots ───────────────────────────────────
2026-04-08 19:16:52 [INFO] saved mid_price.png
2026-04-08 19:16:53 [INFO] saved spread.png
2026-04-08 19:16:53 [INFO] saved inter_arrival_time.png
2026-04-08 19:16:54 [INFO] saved l1_volume.png
2026-04-08 19:16:54 [INFO] saved volume_per_minute.png
2026-04-08 19:16:55 [INFO] saved orderbook_imbalance.png
2026-04-08 19:16:55 [INFO] saved orderflow_imbalance.png
2026-04-08 19:16:56 [INFO] saved event_type_counts.png
2026-04-08 19:16:56 [INFO] Skipped time-to-fill/time-to-cancel plots: requires true order-ID linkage (not available in synthetic IDs).
2026-04-08 19:16:57 [INFO] saved overview_panel.png
2026-04-08 19:16:57 [INFO] Wrote metrics summary: /finance_ML/zhanghaohan/stock_language_model/saved_LOB_stream/pool_0709_0710_eval_0710_model_variants/sentence_s2ip_AB_fixed_sampling/sentence_s2ip_varA_T10_k0_win50/fixed_start_model_blankgpt2_tokens_dynamic_anchor_txncomplete_002366XSHE_20260408_190654/metrics_summary.json
2026-04-08 19:16:57 [INFO] 
── all computed metrics summary ─────────────────────
2026-04-08 19:16:57 [INFO]   direction_counts: {"-1": 2365, "1": 1524}
2026-04-08 19:16:57 [INFO]   direction_fractions: {"-1": 0.6081, "1": 0.3919}
2026-04-08 19:16:57 [INFO]   event_type_counts: {"1": 1499, "2": 53, "3": 389, "4": 1948}
2026-04-08 19:16:57 [INFO]   event_type_fractions: {"1": 0.3854, "2": 0.0136, "3": 0.1, "4": 0.5009}
2026-04-08 19:16:57 [INFO]   iat_ms: {"mean": 27.417525773195877, "median": 20.0, "n": 1940, "n_exec_excluded": 1948, "p95": 90.0, "std": 34.55576626285778}
2026-04-08 19:16:57 [INFO]   l1_volume: {"ask_mean": 22551.308305476985, "ask_median": 3300.0, "bid_mean": 75784.98328619183, "bid_median": 78300.0}
2026-04-08 19:16:57 [INFO]   mid_price: {"end_cny": 9.45, "end_price_int": 94500.0, "mean_cny": 9.452631781949089, "mean_price_int": 94526.31781949087, "mean_ticks_0p01": 945.2631781949087, "start_cny": 9.47, "start_price_int": 94700.0, "std_cny": 0.004742296974507119, "std_price_int": 47.42296974506857, "std_ticks_0p01": 0.47422969745068555, "total_return_bps": -21.119324181626542}
2026-04-08 19:16:57 [INFO]   ob_imbalance: {"mean": 0.6865488885167141, "median": 0.9191176470588235, "std": 0.4530191409684645}
2026-04-08 19:16:57 [INFO]   orderflow_imbalance: {"mean": -40.4594879915545, "n": 3789, "std": 179.50225828645839}
2026-04-08 19:16:57 [INFO]   returns_1min: {"kurtosis": null, "mean": null, "n": 0, "skew": null, "std": null}
2026-04-08 19:16:57 [INFO]   spread_ticks: {"mean": 1.053354890864996, "median": 1.0, "n": 1237, "pct_zero_spread": 0.6819233736178967, "std": 0.22483107143356817, "tick_size_cny": 0.01, "tick_size_price_int": 100}
2026-04-08 19:16:57 [INFO]   total_volume_5lvl: {"ask_mean": 320917.54641295964, "bid_mean": 567305.0177423502}
2026-04-08 19:16:57 [INFO]   volatility_1min: 0.0
2026-04-08 19:16:57 [INFO]   volume_per_minute: {"mean": 2285147.9245283017, "n": 53, "total": 121112840.0}
2026-04-08 19:16:57 [INFO]   [real-vs-generated comparative metrics]
2026-04-08 19:16:57 [INFO]   ask_cancellation_depth: {"l1_by_group": 0.3078874007000775, "n_generated": 155, "n_real": 1539, "wasserstein": 0.2858461614440785}
2026-04-08 19:16:57 [INFO]   ask_cancellation_levels: {"l1_by_group": 0.2636713735558408, "n_generated": 90, "n_real": 779, "wasserstein": 0.30839775734236574}
2026-04-08 19:16:57 [INFO]   ask_volume: {"l1_by_group": 0.6798983670198944, "n_generated": 3889, "n_real": 18950, "wasserstein": 0.7629301529724408}
2026-04-08 19:16:57 [INFO]   ask_volume | spread: {"n_generated": 3889, "n_real": 18950, "num_condition_groups": 7, "per_group": {"1": {"n": 4556, "wasserstein": 1.3296090058936554}, "2": {"n": 15751, "wasserstein": 1.6891757036206703}, "3": {"n": 1831, "wasserstein": 0.5879470052548057}, "4": {"n": 551, "wasserstein": null}, "5": {"n": 63, "wasserstein": null}, "6": {"n": 84, "wasserstein": null}, "7": {"n": 3, "wasserstein": null}}, "weighted_wasserstein": null}
2026-04-08 19:16:57 [INFO]   ask_volume_touch: {"l1_by_group": 0.6865820991620368, "n_generated": 3889, "n_real": 18950, "wasserstein": 0.4596849192292157}
2026-04-08 19:16:57 [INFO]   bid_cancellation_depth: {"l1_by_group": 0.3407061549130834, "n_generated": 283, "n_real": 1391, "wasserstein": 0.20068396528582275}
2026-04-08 19:16:57 [INFO]   bid_cancellation_levels: {"l1_by_group": 0.16272998836840435, "n_generated": 193, "n_real": 784, "wasserstein": 0.1543914305838755}
2026-04-08 19:16:57 [INFO]   bid_volume: {"l1_by_group": 0.7256831018548358, "n_generated": 3889, "n_real": 18950, "wasserstein": 1.1262943986763936}
2026-04-08 19:16:57 [INFO]   bid_volume_touch: {"l1_by_group": 0.7785906667272755, "n_generated": 3889, "n_real": 18950, "wasserstein": 1.056738867472479}
2026-04-08 19:16:57 [INFO]   limit_ask_order_depth: {"l1_by_group": 0.32582207099486643, "n_generated": 423, "n_real": 4671, "wasserstein": 0.3328423971994198}
2026-04-08 19:16:57 [INFO]   limit_ask_order_levels: {"l1_by_group": 0.22491521715348428, "n_generated": 165, "n_real": 3324, "wasserstein": 0.474096038005754}
2026-04-08 19:16:57 [INFO]   limit_bid_order_depth: {"l1_by_group": 0.5303185712281562, "n_generated": 1062, "n_real": 4054, "wasserstein": 0.44662880636707936}
2026-04-08 19:16:57 [INFO]   limit_bid_order_levels: {"l1_by_group": 0.406536559484243, "n_generated": 884, "n_real": 3616, "wasserstein": 0.9879970439299117}
2026-04-08 19:16:57 [INFO]   log_inter_arrival_time: {"l1_by_group": 0.24886290512958004, "n_generated": 3888, "n_real": 18949, "wasserstein": 0.43082631944321964}
2026-04-08 19:16:57 [INFO]   ofi: {"l1_by_group": 0.6087870864494667, "n_generated": 3789, "n_real": 18850, "wasserstein": 0.5328508951001207}
2026-04-08 19:16:57 [INFO]   ofi_down: {"l1_by_group": 0.7151183970856102, "n_generated": 9, "n_real": 305, "wasserstein": 1.4762514285672168}
2026-04-08 19:16:57 [INFO]   ofi_stay: {"l1_by_group": 0.619457323238551, "n_generated": 3772, "n_real": 18232, "wasserstein": 0.5367311557815244}
2026-04-08 19:16:57 [INFO]   ofi_up: {"l1_by_group": 0.7756410256410255, "n_generated": 7, "n_real": 312, "wasserstein": 1.2156245028064037}
2026-04-08 19:16:57 [INFO]   orderbook_imbalance: {"l1_by_group": 0.7520875400544531, "n_generated": 3889, "n_real": 18950, "wasserstein": 0.8259510953680029}
2026-04-08 19:16:57 [INFO]   spread: {"l1_by_group": 0.5814484395809573, "n_generated": 3889, "n_real": 18950, "wasserstein": 1.096309277664721}
2026-04-08 19:16:57 [INFO]   spread | time: {"n_generated": 3889, "n_real": 18950, "num_condition_groups": 1, "per_group": {"10": {"n": 22839, "wasserstein": 1.096309277664721}}, "weighted_wasserstein": 1.096309277664721}
2026-04-08 19:16:57 [INFO]   vol_per_min: {"l1_by_group": 0.5218420211064918, "n_generated": 53, "n_real": 590, "wasserstein": 1.081137136972356}
[2026-04-08 19:16:57] [DONE] metrics_summary: /finance_ML/zhanghaohan/stock_language_model/saved_LOB_stream/pool_0709_0710_eval_0710_model_variants/sentence_s2ip_AB_fixed_sampling/sentence_s2ip_varA_T10_k0_win50/fixed_start_model_blankgpt2_tokens_dynamic_anchor_txncomplete_002366XSHE_20260408_190654/metrics_summary.json
