[2026-04-08 19:06:54] [INFO] Experiment folder: /finance_ML/zhanghaohan/stock_language_model/saved_LOB_stream/pool_0709_0710_eval_0710_model_variants/sentence_s2ip_AB_fixed_sampling/sentence_s2ip_varB_T10_k0_win50/fixed_start_model_blankgpt2_tokens_dynamic_anchor_txncomplete_000617XSHE_20260408_190654
[2026-04-08 19:06:54] [INFO] checkpoint: /finance_ML/zhanghaohan/stock_language_model/training_runs/pool_0709_0710_train0709_sentence_s2ip_B_trainable_center_sep_k3/000617XSHE/model_cache/preGPT2sentS2IP_20250709_txncomplete_000617XSHE_win50_k3_20260408_172455_best.pt
[2026-04-08 19:06:54] [INFO] device: cuda greedy=False
/finance_ML/zhanghaohan/stock_language_model/scripts/hist_script/replay_decoded_real_tokens_openbidanchor_txncomplete_fixed_start.py:117: DtypeWarning: Columns (1,2,3,5,6,7,8,9,10,11,12,13,14,15,16,17,18,19,20,21,22,23,24,25,26,27,28,29,30,31,32,33,34,35,36,37,38,39,40,41,42,43,44,45,46,47,48,49,50,51,52,53,54,55,56,57,58,59,60,61,62,63,64,65,66,67,68,69,70,71,72,73,74,75,76,77,78,79,80,81,82,83,84,85,86,88) have mixed types. Specify dtype option on import or set low_memory=False.
  lob_info = pd.read_csv(lob_snap_path, header=None, names=columns)
[2026-04-08 19:19:26] [INFO] tokenizable_rows=66758 token_exact_match_rate_all=0.002112 tail_after_seed=0.001364
[2026-04-08 19:19:40] [INFO] Running eval vs clean reference...
2026-04-08 19:19:40 [INFO] ======================================================================
2026-04-08 19:19:40 [INFO] decoded real-token open-anchor txn-complete evaluation
2026-04-08 19:19:40 [INFO] ======================================================================
2026-04-08 19:19:40 [INFO] Evaluating: /finance_ML/zhanghaohan/stock_language_model/saved_LOB_stream/pool_0709_0710_eval_0710_model_variants/sentence_s2ip_AB_fixed_sampling/sentence_s2ip_varB_T10_k0_win50/fixed_start_model_blankgpt2_tokens_dynamic_anchor_txncomplete_000617XSHE_20260408_190654
2026-04-08 19:19:40 [INFO] 
── loading data ───────────────────────────────────────
2026-04-08 19:19:40 [INFO] Loading LOBSTER data from /finance_ML/zhanghaohan/stock_language_model/saved_LOB_stream/pool_0709_0710_eval_0710_model_variants/sentence_s2ip_AB_fixed_sampling/sentence_s2ip_varB_T10_k0_win50/fixed_start_model_blankgpt2_tokens_dynamic_anchor_txncomplete_000617XSHE_20260408_190654
2026-04-08 19:19:40 [INFO] Loaded 26,671 rows | 10 book levels | date 2025-07-10
2026-04-08 19:19:40 [INFO] Loading real reference LOBSTER data from /finance_ML/zhanghaohan/stock_language_model/saved_LOB_stream/fixed_start_realflow_generate_lobster_openbidanchor_txncomplete_000617XSHE_20260405_132652
2026-04-08 19:19:40 [INFO] Loading LOBSTER data from /finance_ML/zhanghaohan/stock_language_model/saved_LOB_stream/fixed_start_realflow_generate_lobster_openbidanchor_txncomplete_000617XSHE_20260405_132652
2026-04-08 19:19:40 [INFO] Loaded 30,961 rows | 10 book levels | date 2025-07-10
2026-04-08 19:19:40 [INFO] 
── computing metrics ──────────────────────────────────
2026-04-08 19:19:41 [WARNING] Reference metric log_time_to_cancel skipped: <lambda>() got an unexpected keyword argument 'include_groups'
2026-04-08 19:19:44 [WARNING] Reference conditional metric spread | volatility skipped: Invalid frequency: 0.1s
2026-04-08 19:19:44 [INFO] Computed now (generated-only): 15 metric groups
2026-04-08 19:19:44 [INFO] Computed (with real reference LOB data): 22 benchmark metric configs
2026-04-08 19:19:44 [INFO] Failed (with real reference LOB data): 2 benchmark metric configs
2026-04-08 19:19:44 [INFO] Skipped (needs true order-ID linkage): 2 metrics
2026-04-08 19:19:44 [INFO] 
── LOB-Bench-style overall aggregates (reference_comparison) ──
2026-04-08 19:19:44 [INFO]   Wasserstein aggregate: n=21  mean=0.4052  median=0.368023  iqm=0.381637  (lower is better)
2026-04-08 19:19:44 [INFO]   L1_by_group aggregate: n=20  mean=0.412174  median=0.352541  iqm=0.375112  (lower is better)
2026-04-08 19:19:44 [INFO] 
── generating plots ───────────────────────────────────
2026-04-08 19:19:45 [INFO] saved mid_price.png
2026-04-08 19:19:46 [INFO] saved spread.png
2026-04-08 19:19:47 [INFO] saved returns_dist.png
2026-04-08 19:19:47 [INFO] saved inter_arrival_time.png
2026-04-08 19:19:47 [INFO] saved l1_volume.png
2026-04-08 19:19:48 [INFO] saved volume_per_minute.png
2026-04-08 19:19:49 [INFO] saved orderbook_imbalance.png
2026-04-08 19:19:49 [INFO] saved orderflow_imbalance.png
2026-04-08 19:19:50 [INFO] saved event_type_counts.png
2026-04-08 19:19:50 [INFO] Skipped time-to-fill/time-to-cancel plots: requires true order-ID linkage (not available in synthetic IDs).
2026-04-08 19:19:51 [INFO] saved overview_panel.png
2026-04-08 19:19:51 [INFO] Wrote metrics summary: /finance_ML/zhanghaohan/stock_language_model/saved_LOB_stream/pool_0709_0710_eval_0710_model_variants/sentence_s2ip_AB_fixed_sampling/sentence_s2ip_varB_T10_k0_win50/fixed_start_model_blankgpt2_tokens_dynamic_anchor_txncomplete_000617XSHE_20260408_190654/metrics_summary.json
2026-04-08 19:19:51 [INFO] 
── all computed metrics summary ─────────────────────
2026-04-08 19:19:51 [INFO]   acf_returns_1min: [1.0, -0.09930481442017147, 0.09395564468367962]
2026-04-08 19:19:51 [INFO]   direction_counts: {"-1": 12057, "1": 14614}
2026-04-08 19:19:51 [INFO]   direction_fractions: {"-1": 0.4521, "1": 0.5479}
2026-04-08 19:19:51 [INFO]   event_type_counts: {"1": 9733, "2": 150, "3": 1471, "4": 15317}
2026-04-08 19:19:51 [INFO]   event_type_fractions: {"1": 0.3649, "2": 0.0056, "3": 0.0552, "4": 0.5743}
2026-04-08 19:19:51 [INFO]   iat_ms: {"mean": 23.57174315158989, "median": 10.0, "n": 11353, "n_exec_excluded": 15317, "p95": 100.0, "std": 43.77559234873928}
2026-04-08 19:19:51 [INFO]   l1_volume: {"ask_mean": 19371.76757526902, "ask_median": 12700.0, "bid_mean": 119518.94987064601, "bid_median": 129800.0}
2026-04-08 19:19:51 [INFO]   mid_price: {"end_cny": 9.345, "end_price_int": 93450.0, "mean_cny": 9.314464212065538, "mean_price_int": 93144.6421206554, "mean_ticks_0p01": 931.446421206554, "start_cny": 9.345, "start_price_int": 93450.0, "std_cny": 0.02724380859025282, "std_price_int": 272.4380859025236, "std_ticks_0p01": 2.724380859025236, "total_return_bps": 0.0}
2026-04-08 19:19:51 [INFO]   ob_imbalance: {"mean": 0.4527654685008811, "median": 0.6813471502590673, "std": 0.6069247870518034}
2026-04-08 19:19:51 [INFO]   orderflow_imbalance: {"mean": 19.988365887621843, "n": 26571, "std": 488.5403509606756}
2026-04-08 19:19:51 [INFO]   returns_1min: {"kurtosis": 1.248727110727783, "mean": 0.0001337971666934834, "n": 4, "skew": 0.1702590272439631, "std": 0.004624705867480064}
2026-04-08 19:19:51 [INFO]   spread_ticks: {"mean": 1.233092074038918, "median": 1.0, "n": 16856, "pct_zero_spread": 0.3680026995613213, "std": 0.5431912493577967, "tick_size_cny": 0.01, "tick_size_price_int": 100}
2026-04-08 19:19:51 [INFO]   total_volume_5lvl: {"ask_mean": 510830.763150988, "bid_mean": 1681605.408683589}
2026-04-08 19:19:51 [INFO]   volatility_1min: 0.004624705867480064
2026-04-08 19:19:51 [INFO]   volume_per_minute: {"mean": 4203205.8270676695, "n": 266, "total": 1118052750.0}
2026-04-08 19:19:51 [INFO]   [real-vs-generated comparative metrics]
2026-04-08 19:19:51 [INFO]   ask_cancellation_depth: {"l1_by_group": 0.4922386587018826, "n_generated": 556, "n_real": 2829, "wasserstein": 0.6199978876345053}
2026-04-08 19:19:51 [INFO]   ask_cancellation_levels: {"l1_by_group": 0.28926121830391105, "n_generated": 485, "n_real": 1721, "wasserstein": 0.5857698114733518}
2026-04-08 19:19:51 [INFO]   ask_volume: {"l1_by_group": 0.5466305836441399, "n_generated": 26671, "n_real": 30961, "wasserstein": 0.7037995363572445}
2026-04-08 19:19:51 [INFO]   ask_volume | spread: {"n_generated": 26671, "n_real": 30961, "num_condition_groups": 8, "per_group": {"1": {"n": 9815, "wasserstein": null}, "2": {"n": 42674, "wasserstein": 0.37153664950483833}, "3": {"n": 3841, "wasserstein": 0.4967812347596189}, "4": {"n": 945, "wasserstein": 0.7376609044165463}, "5": {"n": 299, "wasserstein": 1.1205444491963819}, "6": {"n": 25, "wasserstein": null}, "7": {"n": 27, "wasserstein": null}, "8": {"n": 6, "wasserstein": null}}, "weighted_wasserstein": null}
2026-04-08 19:19:51 [INFO]   ask_volume_touch: {"l1_by_group": 0.8254196680346055, "n_generated": 26671, "n_real": 30961, "wasserstein": 0.39742975109820855}
2026-04-08 19:19:51 [INFO]   bid_cancellation_depth: {"l1_by_group": 0.3119860580014214, "n_generated": 1019, "n_real": 1624, "wasserstein": 0.3025217311608843}
2026-04-08 19:19:51 [INFO]   bid_cancellation_levels: {"l1_by_group": 0.21069336878202904, "n_generated": 844, "n_real": 984, "wasserstein": 0.2485332271110851}
2026-04-08 19:19:51 [INFO]   bid_volume: {"l1_by_group": 0.5962451384425135, "n_generated": 26671, "n_real": 30961, "wasserstein": 0.7733446288335362}
2026-04-08 19:19:51 [INFO]   bid_volume_touch: {"l1_by_group": 0.7042238953084953, "n_generated": 26671, "n_real": 30961, "wasserstein": 0.432387098180482}
2026-04-08 19:19:51 [INFO]   limit_ask_order_depth: {"l1_by_group": 0.3833205784752285, "n_generated": 2722, "n_real": 9528, "wasserstein": 0.3457913819589135}
2026-04-08 19:19:51 [INFO]   limit_ask_order_levels: {"l1_by_group": 0.23491714869205618, "n_generated": 2204, "n_real": 8079, "wasserstein": 0.16973146588972524}
2026-04-08 19:19:51 [INFO]   limit_bid_order_depth: {"l1_by_group": 0.5138248773524763, "n_generated": 6949, "n_real": 3699, "wasserstein": 0.29582203535197216}
2026-04-08 19:19:51 [INFO]   limit_bid_order_levels: {"l1_by_group": 0.35491854406729073, "n_generated": 6362, "n_real": 3162, "wasserstein": 0.46226006270592096}
2026-04-08 19:19:51 [INFO]   log_inter_arrival_time: {"l1_by_group": 0.23880710405385372, "n_generated": 26670, "n_real": 30960, "wasserstein": 0.4834191465434378}
2026-04-08 19:19:51 [INFO]   ofi: {"l1_by_group": 0.3466857371233415, "n_generated": 26571, "n_real": 30861, "wasserstein": 0.12327519840301439}
2026-04-08 19:19:51 [INFO]   ofi_down: {"l1_by_group": 0.2840026568567341, "n_generated": 168, "n_real": 233, "wasserstein": 0.2760545136526825}
2026-04-08 19:19:51 [INFO]   ofi_stay: {"l1_by_group": 0.3501637384667263, "n_generated": 26230, "n_real": 30389, "wasserstein": 0.1258265546132804}
2026-04-08 19:19:51 [INFO]   ofi_up: {"l1_by_group": 0.2894762556185265, "n_generated": 172, "n_real": 238, "wasserstein": 0.36802291018324745}
2026-04-08 19:19:51 [INFO]   orderbook_imbalance: {"l1_by_group": 0.6145498974387658, "n_generated": 26671, "n_real": 30961, "wasserstein": 0.14054616036954684}
2026-04-08 19:19:51 [INFO]   spread: {"l1_by_group": 0.4192395231204663, "n_generated": 26671, "n_real": 30961, "wasserstein": 0.7156275448890791}
2026-04-08 19:19:51 [INFO]   spread | time: {"n_generated": 26671, "n_real": 30961, "num_condition_groups": 1, "per_group": {"10": {"n": 57632, "wasserstein": 0.7156275448890791}}, "weighted_wasserstein": 0.7156275448890791}
2026-04-08 19:19:51 [INFO]   vol_per_min: {"l1_by_group": 0.23687456984429994, "n_generated": 266, "n_real": 579, "wasserstein": 0.22342220653132347}
[2026-04-08 19:19:51] [DONE] metrics_summary: /finance_ML/zhanghaohan/stock_language_model/saved_LOB_stream/pool_0709_0710_eval_0710_model_variants/sentence_s2ip_AB_fixed_sampling/sentence_s2ip_varB_T10_k0_win50/fixed_start_model_blankgpt2_tokens_dynamic_anchor_txncomplete_000617XSHE_20260408_190654/metrics_summary.json
