[2026-04-08 16:54:08] [INFO] Experiment folder: /finance_ML/zhanghaohan/stock_language_model/saved_LOB_stream/pool_0709_0710_eval_0710_model_variants/sentence_preset_s2ip_k3/sentence_s2ip_k3_T10_k0_win50/fixed_start_model_blankgpt2_tokens_dynamic_anchor_txncomplete_000981XSHE_20260408_165408
[2026-04-08 16:54:08] [INFO] checkpoint: /finance_ML/zhanghaohan/stock_language_model/training_runs/pool_0709_0710_train0709_sentence_preset_s2ip_win50_k3/000981XSHE/model_cache/preGPT2sentS2IP_20250709_txncomplete_000981XSHE_win50_k3_20260408_082345_best.pt
[2026-04-08 16:54:08] [INFO] device: cuda greedy=False
/finance_ML/zhanghaohan/stock_language_model/scripts/hist_script/replay_decoded_real_tokens_openbidanchor_txncomplete_fixed_start.py:117: DtypeWarning: Columns (1,2,3,5,6,7,8,9,10,11,12,13,14,15,16,17,18,19,20,21,22,23,24,25,26,27,28,29,30,31,32,33,34,35,36,37,38,39,40,41,42,43,44,45,46,47,48,49,50,51,52,53,54,55,56,57,58,59,60,61,62,63,64,65,66,67,68,69,70,71,72,73,74,75,76,77,78,79,80,81,82,83,84,85,86,88) have mixed types. Specify dtype option on import or set low_memory=False.
  lob_info = pd.read_csv(lob_snap_path, header=None, names=columns)
[2026-04-08 17:02:31] [INFO] tokenizable_rows=9814 token_exact_match_rate_all=0.005400 tail_after_seed=0.000307
[2026-04-08 17:02:33] [INFO] Running eval vs clean reference...
2026-04-08 17:02:33 [INFO] ======================================================================
2026-04-08 17:02:33 [INFO] decoded real-token open-anchor txn-complete evaluation
2026-04-08 17:02:33 [INFO] ======================================================================
2026-04-08 17:02:33 [INFO] Evaluating: /finance_ML/zhanghaohan/stock_language_model/saved_LOB_stream/pool_0709_0710_eval_0710_model_variants/sentence_preset_s2ip_k3/sentence_s2ip_k3_T10_k0_win50/fixed_start_model_blankgpt2_tokens_dynamic_anchor_txncomplete_000981XSHE_20260408_165408
2026-04-08 17:02:33 [INFO] 
── loading data ───────────────────────────────────────
2026-04-08 17:02:33 [INFO] Loading LOBSTER data from /finance_ML/zhanghaohan/stock_language_model/saved_LOB_stream/pool_0709_0710_eval_0710_model_variants/sentence_preset_s2ip_k3/sentence_s2ip_k3_T10_k0_win50/fixed_start_model_blankgpt2_tokens_dynamic_anchor_txncomplete_000981XSHE_20260408_165408
2026-04-08 17:02:33 [INFO] Loaded 5,311 rows | 10 book levels | date 2025-07-10
2026-04-08 17:02:33 [INFO] Loading real reference LOBSTER data from /finance_ML/zhanghaohan/stock_language_model/saved_LOB_stream/fixed_start_realflow_generate_lobster_openbidanchor_txncomplete_000981XSHE_20260405_132652
2026-04-08 17:02:33 [INFO] Loading LOBSTER data from /finance_ML/zhanghaohan/stock_language_model/saved_LOB_stream/fixed_start_realflow_generate_lobster_openbidanchor_txncomplete_000981XSHE_20260405_132652
2026-04-08 17:02:33 [INFO] Loaded 8,000 rows | 10 book levels | date 2025-07-10
2026-04-08 17:02:33 [INFO] 
── computing metrics ──────────────────────────────────
/finance_ML/zhanghaohan/mycondaenv/lib/python3.8/site-packages/statsmodels/tsa/stattools.py:693: RuntimeWarning: invalid value encountered in divide
  acf = avf[: nlags + 1] / avf[0]
2026-04-08 17:02:33 [WARNING] Reference metric log_time_to_cancel skipped: <lambda>() got an unexpected keyword argument 'include_groups'
2026-04-08 17:02:34 [WARNING] Reference metric ofi_up skipped: empty real or generated sample after cleaning
2026-04-08 17:02:34 [WARNING] Reference metric ofi_down skipped: empty real or generated sample after cleaning
2026-04-08 17:02:34 [WARNING] Reference conditional metric spread | volatility skipped: Invalid frequency: 0.1s
2026-04-08 17:02:34 [INFO] Computed now (generated-only): 15 metric groups
2026-04-08 17:02:34 [INFO] Computed (with real reference LOB data): 20 benchmark metric configs
2026-04-08 17:02:34 [INFO] Failed (with real reference LOB data): 4 benchmark metric configs
2026-04-08 17:02:34 [INFO] Skipped (needs true order-ID linkage): 2 metrics
2026-04-08 17:02:34 [INFO] 
── LOB-Bench-style overall aggregates (reference_comparison) ──
2026-04-08 17:02:34 [INFO]   Wasserstein aggregate: n=18  mean=0.80866  median=0.698064  iqm=0.773473  (lower is better)
2026-04-08 17:02:34 [INFO]   L1_by_group aggregate: n=18  mean=0.548067  median=0.528998  iqm=0.530027  (lower is better)
2026-04-08 17:02:34 [INFO] 
── generating plots ───────────────────────────────────
2026-04-08 17:02:35 [INFO] saved mid_price.png
2026-04-08 17:02:35 [INFO] saved spread.png
2026-04-08 17:02:36 [INFO] saved returns_dist.png
2026-04-08 17:02:36 [INFO] saved inter_arrival_time.png
2026-04-08 17:02:37 [INFO] saved l1_volume.png
2026-04-08 17:02:37 [INFO] saved volume_per_minute.png
2026-04-08 17:02:38 [INFO] saved orderbook_imbalance.png
2026-04-08 17:02:38 [INFO] saved orderflow_imbalance.png
2026-04-08 17:02:39 [INFO] saved event_type_counts.png
2026-04-08 17:02:39 [INFO] Skipped time-to-fill/time-to-cancel plots: requires true order-ID linkage (not available in synthetic IDs).
2026-04-08 17:02:40 [INFO] saved overview_panel.png
2026-04-08 17:02:40 [INFO] Wrote metrics summary: /finance_ML/zhanghaohan/stock_language_model/saved_LOB_stream/pool_0709_0710_eval_0710_model_variants/sentence_preset_s2ip_k3/sentence_s2ip_k3_T10_k0_win50/fixed_start_model_blankgpt2_tokens_dynamic_anchor_txncomplete_000981XSHE_20260408_165408/metrics_summary.json
2026-04-08 17:02:40 [INFO] 
── all computed metrics summary ─────────────────────
2026-04-08 17:02:40 [INFO]   acf_returns_1min: [NaN, NaN, NaN]
2026-04-08 17:02:40 [INFO]   direction_counts: {"-1": 3419, "1": 1892}
2026-04-08 17:02:40 [INFO]   direction_fractions: {"-1": 0.6438, "1": 0.3562}
2026-04-08 17:02:40 [INFO]   event_type_counts: {"1": 1493, "2": 2, "3": 718, "4": 3098}
2026-04-08 17:02:40 [INFO]   event_type_fractions: {"1": 0.2811, "2": 0.0004, "3": 0.1352, "4": 0.5833}
2026-04-08 17:02:40 [INFO]   iat_ms: {"mean": 2562.7893309222422, "median": 70.0, "n": 2212, "n_exec_excluded": 3098, "p95": 430.0, "std": 114822.99070220697}
2026-04-08 17:02:40 [INFO]   l1_volume: {"ask_mean": 8077931.095650537, "ask_median": 8073700.0, "bid_mean": 14053631.74110337, "bid_median": 13518103.0}
2026-04-08 17:02:40 [INFO]   mid_price: {"end_cny": 2.105, "end_price_int": 21050.0, "mean_cny": 2.105, "mean_price_int": 21050.0, "mean_ticks_0p01": 210.5, "start_cny": 2.105, "start_price_int": 21050.0, "std_cny": 0.0, "std_price_int": 0.0, "std_ticks_0p01": 0.0, "total_return_bps": 0.0}
2026-04-08 17:02:40 [INFO]   ob_imbalance: {"mean": 0.2684047192264339, "median": 0.2567886320676138, "std": 0.03461478729155265}
2026-04-08 17:02:40 [INFO]   orderflow_imbalance: {"mean": -542.9646900786797, "n": 5211, "std": 2562.5669713610137}
2026-04-08 17:02:40 [INFO]   returns_1min: {"kurtosis": 0.0, "mean": 0.0, "n": 4, "skew": 0.0, "std": 0.0}
2026-04-08 17:02:40 [INFO]   spread_ticks: {"mean": 1.0, "median": 1.0, "n": 5311, "pct_zero_spread": 0.0, "std": 0.0, "tick_size_cny": 0.01, "tick_size_price_int": 100}
2026-04-08 17:02:40 [INFO]   total_volume_5lvl: {"ask_mean": 65815321.37224628, "bid_mean": 59190149.10506496}
2026-04-08 17:02:40 [INFO]   volatility_1min: 0.0
2026-04-08 17:02:40 [INFO]   volume_per_minute: {"mean": 6995574.722222222, "n": 216, "total": 1511044140.0}
2026-04-08 17:02:40 [INFO]   [real-vs-generated comparative metrics]
2026-04-08 17:02:40 [INFO]   ask_cancellation_depth: {"l1_by_group": 0.1903602726387536, "n_generated": 91, "n_real": 474, "wasserstein": 0.17959649312360176}
2026-04-08 17:02:40 [INFO]   ask_cancellation_levels: {"l1_by_group": 0.15283842794759828, "n_generated": 84, "n_real": 458, "wasserstein": 0.11508376770278468}
2026-04-08 17:02:40 [INFO]   ask_volume: {"l1_by_group": 0.895375, "n_generated": 5311, "n_real": 8000, "wasserstein": 1.4668608550857773}
2026-04-08 17:02:40 [INFO]   ask_volume | spread: {"n_generated": 5311, "n_real": 8000, "num_condition_groups": 2, "per_group": {"1": {"n": 13309, "wasserstein": 1.5802868145965707}, "2": {"n": 2, "wasserstein": null}}, "weighted_wasserstein": null}
2026-04-08 17:02:40 [INFO]   ask_volume_touch: {"l1_by_group": 0.9933749999999999, "n_generated": 5311, "n_real": 8000, "wasserstein": 1.580342472294925}
2026-04-08 17:02:40 [INFO]   bid_cancellation_depth: {"l1_by_group": 0.34229353192201484, "n_generated": 629, "n_real": 1520, "wasserstein": 0.6160323312625576}
2026-04-08 17:02:40 [INFO]   bid_cancellation_levels: {"l1_by_group": 0.34432268945568306, "n_generated": 633, "n_real": 1509, "wasserstein": 0.7030914900857306}
2026-04-08 17:02:40 [INFO]   bid_volume: {"l1_by_group": 0.9827454810770099, "n_generated": 5311, "n_real": 8000, "wasserstein": 1.7618681973538566}
2026-04-08 17:02:40 [INFO]   bid_volume_touch: {"l1_by_group": 0.918, "n_generated": 5311, "n_real": 8000, "wasserstein": 1.16838179242446}
2026-04-08 17:02:40 [INFO]   limit_ask_order_depth: {"l1_by_group": 0.34801911371256994, "n_generated": 309, "n_real": 1662, "wasserstein": 0.3389684115118228}
2026-04-08 17:02:40 [INFO]   limit_ask_order_levels: {"l1_by_group": 0.23528229857343777, "n_generated": 217, "n_real": 1422, "wasserstein": 0.15697534926471815}
2026-04-08 17:02:40 [INFO]   limit_bid_order_depth: {"l1_by_group": 0.729556511056511, "n_generated": 1184, "n_real": 2750, "wasserstein": 1.1696222566642818}
2026-04-08 17:02:40 [INFO]   limit_bid_order_levels: {"l1_by_group": 0.7408563877728723, "n_generated": 1210, "n_real": 2705, "wasserstein": 1.463760577947072}
2026-04-08 17:02:40 [INFO]   log_inter_arrival_time: {"l1_by_group": 0.38096723013163847, "n_generated": 5310, "n_real": 7999, "wasserstein": 0.8059436826003623}
2026-04-08 17:02:40 [INFO]   ofi: {"l1_by_group": 0.6771683075480543, "n_generated": 5211, "n_real": 7900, "wasserstein": 0.6930357861023938}
2026-04-08 17:02:40 [INFO]   ofi_stay: {"l1_by_group": 0.6770292429791687, "n_generated": 5210, "n_real": 7895, "wasserstein": 0.6927090889667362}
2026-04-08 17:02:40 [INFO]   orderbook_imbalance: {"l1_by_group": 0.9933749999999999, "n_generated": 5311, "n_real": 8000, "wasserstein": 1.3746472446755043}
2026-04-08 17:02:40 [INFO]   spread: {"l1_by_group": 0.00024999999999998624, "n_generated": 5311, "n_real": 8000, "wasserstein": 0.020396078169490788}
2026-04-08 17:02:40 [INFO]   spread | time: {"n_generated": 5311, "n_real": 8000, "num_condition_groups": 2, "per_group": {"10": {"n": 12784, "wasserstein": 0.019988277937071024}, "12": {"n": 527, "wasserstein": null}}, "weighted_wasserstein": null}
2026-04-08 17:02:40 [INFO]   vol_per_min: {"l1_by_group": 0.26339768150112974, "n_generated": 216, "n_real": 377, "wasserstein": 0.24856255913935882}
[2026-04-08 17:02:40] [DONE] metrics_summary: /finance_ML/zhanghaohan/stock_language_model/saved_LOB_stream/pool_0709_0710_eval_0710_model_variants/sentence_preset_s2ip_k3/sentence_s2ip_k3_T10_k0_win50/fixed_start_model_blankgpt2_tokens_dynamic_anchor_txncomplete_000981XSHE_20260408_165408/metrics_summary.json
