[2026-04-08 16:30:43] [INFO] Experiment folder: /finance_ML/zhanghaohan/stock_language_model/saved_LOB_stream/pool_0709_0710_eval_0710_model_variants/sentence_preset_s2ip_k5/sentence_preset_s2ip_k5_repick6_T13_k400/fixed_start_model_blankgpt2_tokens_dynamic_anchor_txncomplete_000617XSHE_20260408_163043
[2026-04-08 16:30:43] [INFO] checkpoint: /finance_ML/zhanghaohan/stock_language_model/training_runs/pool_0709_0710_train0709_sentence_preset_s2ip_win50_k5/000617XSHE/model_cache/preGPT2sentS2IP_20250709_txncomplete_000617XSHE_win50_k5_20260408_082344_best.pt
[2026-04-08 16:30:43] [INFO] device: cuda greedy=False
/finance_ML/zhanghaohan/stock_language_model/scripts/hist_script/replay_decoded_real_tokens_openbidanchor_txncomplete_fixed_start.py:117: DtypeWarning: Columns (1,2,3,5,6,7,8,9,10,11,12,13,14,15,16,17,18,19,20,21,22,23,24,25,26,27,28,29,30,31,32,33,34,35,36,37,38,39,40,41,42,43,44,45,46,47,48,49,50,51,52,53,54,55,56,57,58,59,60,61,62,63,64,65,66,67,68,69,70,71,72,73,74,75,76,77,78,79,80,81,82,83,84,85,86,88) have mixed types. Specify dtype option on import or set low_memory=False.
  lob_info = pd.read_csv(lob_snap_path, header=None, names=columns)
[2026-04-08 16:43:43] [INFO] tokenizable_rows=66758 token_exact_match_rate_all=0.001348 tail_after_seed=0.000600
[2026-04-08 16:43:58] [INFO] Running eval vs clean reference...
2026-04-08 16:43:58 [INFO] ======================================================================
2026-04-08 16:43:58 [INFO] decoded real-token open-anchor txn-complete evaluation
2026-04-08 16:43:58 [INFO] ======================================================================
2026-04-08 16:43:58 [INFO] Evaluating: /finance_ML/zhanghaohan/stock_language_model/saved_LOB_stream/pool_0709_0710_eval_0710_model_variants/sentence_preset_s2ip_k5/sentence_preset_s2ip_k5_repick6_T13_k400/fixed_start_model_blankgpt2_tokens_dynamic_anchor_txncomplete_000617XSHE_20260408_163043
2026-04-08 16:43:58 [INFO] 
── loading data ───────────────────────────────────────
2026-04-08 16:43:58 [INFO] Loading LOBSTER data from /finance_ML/zhanghaohan/stock_language_model/saved_LOB_stream/pool_0709_0710_eval_0710_model_variants/sentence_preset_s2ip_k5/sentence_preset_s2ip_k5_repick6_T13_k400/fixed_start_model_blankgpt2_tokens_dynamic_anchor_txncomplete_000617XSHE_20260408_163043
2026-04-08 16:43:59 [INFO] Loaded 36,573 rows | 10 book levels | date 2025-07-10
2026-04-08 16:43:59 [INFO] Loading real reference LOBSTER data from /finance_ML/zhanghaohan/stock_language_model/saved_LOB_stream/fixed_start_realflow_generate_lobster_openbidanchor_txncomplete_000617XSHE_20260405_132652
2026-04-08 16:43:59 [INFO] Loading LOBSTER data from /finance_ML/zhanghaohan/stock_language_model/saved_LOB_stream/fixed_start_realflow_generate_lobster_openbidanchor_txncomplete_000617XSHE_20260405_132652
2026-04-08 16:43:59 [INFO] Loaded 30,961 rows | 10 book levels | date 2025-07-10
2026-04-08 16:43:59 [INFO] 
── computing metrics ──────────────────────────────────
2026-04-08 16:44:00 [WARNING] Reference metric log_time_to_cancel skipped: <lambda>() got an unexpected keyword argument 'include_groups'
2026-04-08 16:44:03 [WARNING] Reference conditional metric spread | volatility skipped: Invalid frequency: 0.1s
2026-04-08 16:44:03 [INFO] Computed now (generated-only): 15 metric groups
2026-04-08 16:44:03 [INFO] Computed (with real reference LOB data): 22 benchmark metric configs
2026-04-08 16:44:03 [INFO] Failed (with real reference LOB data): 2 benchmark metric configs
2026-04-08 16:44:03 [INFO] Skipped (needs true order-ID linkage): 2 metrics
2026-04-08 16:44:03 [INFO] 
── LOB-Bench-style overall aggregates (reference_comparison) ──
2026-04-08 16:44:03 [INFO]   Wasserstein aggregate: n=21  mean=0.502628  median=0.332404  iqm=0.360726  (lower is better)
2026-04-08 16:44:03 [INFO]   L1_by_group aggregate: n=20  mean=0.406034  median=0.340827  iqm=0.382998  (lower is better)
2026-04-08 16:44:03 [INFO] 
── generating plots ───────────────────────────────────
2026-04-08 16:44:03 [INFO] saved mid_price.png
2026-04-08 16:44:04 [INFO] saved spread.png
2026-04-08 16:44:04 [INFO] saved returns_dist.png
2026-04-08 16:44:05 [INFO] saved autocorr.png
2026-04-08 16:44:05 [INFO] saved inter_arrival_time.png
2026-04-08 16:44:06 [INFO] saved l1_volume.png
2026-04-08 16:44:06 [INFO] saved volume_per_minute.png
2026-04-08 16:44:07 [INFO] saved orderbook_imbalance.png
2026-04-08 16:44:07 [INFO] saved orderflow_imbalance.png
2026-04-08 16:44:08 [INFO] saved event_type_counts.png
2026-04-08 16:44:08 [INFO] Skipped time-to-fill/time-to-cancel plots: requires true order-ID linkage (not available in synthetic IDs).
2026-04-08 16:44:09 [INFO] saved overview_panel.png
2026-04-08 16:44:09 [INFO] Wrote metrics summary: /finance_ML/zhanghaohan/stock_language_model/saved_LOB_stream/pool_0709_0710_eval_0710_model_variants/sentence_preset_s2ip_k5/sentence_preset_s2ip_k5_repick6_T13_k400/fixed_start_model_blankgpt2_tokens_dynamic_anchor_txncomplete_000617XSHE_20260408_163043/metrics_summary.json
2026-04-08 16:44:09 [INFO] 
── all computed metrics summary ─────────────────────
2026-04-08 16:44:09 [INFO]   acf_returns_1min: [1.0, 0.028135173068986233, -0.006257831617904256, -0.47809758933733515]
2026-04-08 16:44:09 [INFO]   direction_counts: {"-1": 17205, "1": 19368}
2026-04-08 16:44:09 [INFO]   direction_fractions: {"-1": 0.4704, "1": 0.5296}
2026-04-08 16:44:09 [INFO]   event_type_counts: {"1": 17857, "2": 74, "3": 1779, "4": 16863}
2026-04-08 16:44:09 [INFO]   event_type_fractions: {"1": 0.4883, "2": 0.002, "3": 0.0486, "4": 0.4611}
2026-04-08 16:44:09 [INFO]   iat_ms: {"mean": 17.573189913237606, "median": 10.0, "n": 19709, "n_exec_excluded": 16863, "p95": 60.0, "std": 21.924397369083394}
2026-04-08 16:44:09 [INFO]   l1_volume: {"ask_mean": 49011.068684548714, "ask_median": 12700.0, "bid_mean": 311975.7863998031, "bid_median": 232248.0}
2026-04-08 16:44:09 [INFO]   mid_price: {"end_cny": 9.35, "end_price_int": 93500.0, "mean_cny": 9.361416208678534, "mean_price_int": 93614.16208678533, "mean_ticks_0p01": 936.1416208678534, "start_cny": 9.345, "start_price_int": 93450.0, "std_cny": 0.0060617300806798885, "std_price_int": 60.61730080679987, "std_ticks_0p01": 0.6061730080679988, "total_return_bps": 5.350454788657366}
2026-04-08 16:44:09 [INFO]   ob_imbalance: {"mean": 0.612080549396811, "median": 0.8955798197724133, "std": 0.520355453486205}
2026-04-08 16:44:09 [INFO]   orderflow_imbalance: {"mean": 17.068763194691964, "n": 36473, "std": 755.3199964567685}
2026-04-08 16:44:09 [INFO]   returns_1min: {"kurtosis": 2.3637217601068397, "mean": -0.00010692328509129823, "n": 5, "skew": -0.8215485615742494, "std": 0.0009557523158786633}
2026-04-08 16:44:09 [INFO]   spread_ticks: {"mean": 1.0368031061165341, "median": 1.0, "n": 36573, "pct_zero_spread": 0.0, "std": 0.21512220385965763, "tick_size_cny": 0.01, "tick_size_price_int": 100}
2026-04-08 16:44:09 [INFO]   total_volume_5lvl: {"ask_mean": 3312927.2897492684, "bid_mean": 7147622.388592678}
2026-04-08 16:44:09 [INFO]   volatility_1min: 0.0009557523158786633
2026-04-08 16:44:09 [INFO]   volume_per_minute: {"mean": 6125678.470431303, "n": 346, "total": 2119484750.7692308}
2026-04-08 16:44:09 [INFO]   [real-vs-generated comparative metrics]
2026-04-08 16:44:09 [INFO]   ask_cancellation_depth: {"l1_by_group": 0.7932131495227994, "n_generated": 81, "n_real": 2829, "wasserstein": 1.1398539005419224}
2026-04-08 16:44:09 [INFO]   ask_cancellation_levels: {"l1_by_group": 0.3398533645842174, "n_generated": 89, "n_real": 1721, "wasserstein": 0.828823312502639}
2026-04-08 16:44:09 [INFO]   ask_volume: {"l1_by_group": 0.695539357410521, "n_generated": 36573, "n_real": 30961, "wasserstein": 1.4515624893948522}
2026-04-08 16:44:09 [INFO]   ask_volume | spread: {"n_generated": 36573, "n_real": 30961, "num_condition_groups": 7, "per_group": {"1": {"n": 64292, "wasserstein": 0.24497975855365464}, "2": {"n": 2522, "wasserstein": 0.32529834099857885}, "3": {"n": 463, "wasserstein": 0.7667979602738236}, "4": {"n": 199, "wasserstein": null}, "5": {"n": 25, "wasserstein": null}, "6": {"n": 27, "wasserstein": null}, "7": {"n": 6, "wasserstein": null}}, "weighted_wasserstein": null}
2026-04-08 16:44:09 [INFO]   ask_volume_touch: {"l1_by_group": 2.7342575123718672e-05, "n_generated": 36573, "n_real": 30961, "wasserstein": 0.23445281162554749}
2026-04-08 16:44:09 [INFO]   bid_cancellation_depth: {"l1_by_group": 0.27505031747267294, "n_generated": 1772, "n_real": 1624, "wasserstein": 0.22801718370945995}
2026-04-08 16:44:09 [INFO]   bid_cancellation_levels: {"l1_by_group": 0.23241736784180067, "n_generated": 916, "n_real": 984, "wasserstein": 0.27948675960066643}
2026-04-08 16:44:09 [INFO]   bid_volume: {"l1_by_group": 0.8801028080824652, "n_generated": 36573, "n_real": 30961, "wasserstein": 1.5883913102593077}
2026-04-08 16:44:09 [INFO]   bid_volume_touch: {"l1_by_group": 0.646854910206638, "n_generated": 36573, "n_real": 30961, "wasserstein": 0.7381013917541975}
2026-04-08 16:44:09 [INFO]   limit_ask_order_depth: {"l1_by_group": 0.6392492111163396, "n_generated": 2912, "n_real": 9528, "wasserstein": 0.5608204500515858}
2026-04-08 16:44:09 [INFO]   limit_ask_order_levels: {"l1_by_group": 0.2989143761954473, "n_generated": 2544, "n_real": 8079, "wasserstein": 0.4584882147180848}
2026-04-08 16:44:09 [INFO]   limit_bid_order_depth: {"l1_by_group": 0.3418010220588044, "n_generated": 14945, "n_real": 3699, "wasserstein": 0.21204689077189376}
2026-04-08 16:44:09 [INFO]   limit_bid_order_levels: {"l1_by_group": 0.22565402873273688, "n_generated": 10810, "n_real": 3162, "wasserstein": 0.18313354629831458}
2026-04-08 16:44:09 [INFO]   log_inter_arrival_time: {"l1_by_group": 0.14139880808548416, "n_generated": 36572, "n_real": 30960, "wasserstein": 0.14645278747336032}
2026-04-08 16:44:09 [INFO]   ofi: {"l1_by_group": 0.3787204257522322, "n_generated": 36473, "n_real": 30861, "wasserstein": 0.16243904149000862}
2026-04-08 16:44:09 [INFO]   ofi_down: {"l1_by_group": 0.3132060579152484, "n_generated": 174, "n_real": 233, "wasserstein": 0.42572456579113727}
2026-04-08 16:44:09 [INFO]   ofi_stay: {"l1_by_group": 0.38431366177832127, "n_generated": 36122, "n_real": 30389, "wasserstein": 0.16893056157186004}
2026-04-08 16:44:09 [INFO]   ofi_up: {"l1_by_group": 0.3217150496562261, "n_generated": 176, "n_real": 238, "wasserstein": 0.5176043537688826}
2026-04-08 16:44:09 [INFO]   orderbook_imbalance: {"l1_by_group": 0.6325639350296648, "n_generated": 36573, "n_real": 30961, "wasserstein": 0.3324041606882656}
2026-04-08 16:44:09 [INFO]   spread: {"l1_by_group": 0.036244198128946394, "n_generated": 36573, "n_real": 30961, "wasserstein": 0.18132373275100933}
2026-04-08 16:44:09 [INFO]   spread | time: {"n_generated": 36573, "n_real": 30961, "num_condition_groups": 1, "per_group": {"10": {"n": 67534, "wasserstein": 0.18132373275100933}}, "weighted_wasserstein": 0.18132373275100933}
2026-04-08 16:44:09 [INFO]   vol_per_min: {"l1_by_group": 0.5438367925564306, "n_generated": 346, "n_real": 579, "wasserstein": 0.5358036156798506}
[2026-04-08 16:44:09] [DONE] metrics_summary: /finance_ML/zhanghaohan/stock_language_model/saved_LOB_stream/pool_0709_0710_eval_0710_model_variants/sentence_preset_s2ip_k5/sentence_preset_s2ip_k5_repick6_T13_k400/fixed_start_model_blankgpt2_tokens_dynamic_anchor_txncomplete_000617XSHE_20260408_163043/metrics_summary.json
