[2026-04-08 19:06:54] [INFO] Experiment folder: /finance_ML/zhanghaohan/stock_language_model/saved_LOB_stream/pool_0709_0710_eval_0710_model_variants/sentence_s2ip_AB_fixed_sampling/sentence_s2ip_varA_T10_k0_win50/fixed_start_model_blankgpt2_tokens_dynamic_anchor_txncomplete_002263XSHE_20260408_190654
[2026-04-08 19:06:54] [INFO] checkpoint: /finance_ML/zhanghaohan/stock_language_model/training_runs/pool_0709_0710_train0709_sentence_s2ip_A_center_sep_k3/002263XSHE/model_cache/preGPT2sentS2IP_20250709_txncomplete_002263XSHE_win50_k3_20260408_172455_best.pt
[2026-04-08 19:06:54] [INFO] device: cuda greedy=False
/finance_ML/zhanghaohan/stock_language_model/scripts/hist_script/replay_decoded_real_tokens_openbidanchor_txncomplete_fixed_start.py:117: DtypeWarning: Columns (1,2,3,5,6,7,8,9,10,11,12,13,14,15,16,17,18,19,20,21,22,23,24,25,26,27,28,29,30,31,32,33,34,35,36,37,38,39,40,41,42,43,44,45,46,47,48,49,50,51,52,53,54,55,56,57,58,59,60,61,62,63,64,65,66,67,68,69,70,71,72,73,74,75,76,77,78,79,80,81,82,83,84,85,86,88) have mixed types. Specify dtype option on import or set low_memory=False.
  lob_info = pd.read_csv(lob_snap_path, header=None, names=columns)
[2026-04-08 19:17:24] [INFO] tokenizable_rows=36305 token_exact_match_rate_all=0.001598 tail_after_seed=0.000221
[2026-04-08 19:17:32] [INFO] Running eval vs clean reference...
2026-04-08 19:17:32 [INFO] ======================================================================
2026-04-08 19:17:32 [INFO] decoded real-token open-anchor txn-complete evaluation
2026-04-08 19:17:32 [INFO] ======================================================================
2026-04-08 19:17:32 [INFO] Evaluating: /finance_ML/zhanghaohan/stock_language_model/saved_LOB_stream/pool_0709_0710_eval_0710_model_variants/sentence_s2ip_AB_fixed_sampling/sentence_s2ip_varA_T10_k0_win50/fixed_start_model_blankgpt2_tokens_dynamic_anchor_txncomplete_002263XSHE_20260408_190654
2026-04-08 19:17:32 [INFO] 
── loading data ───────────────────────────────────────
2026-04-08 19:17:32 [INFO] Loading LOBSTER data from /finance_ML/zhanghaohan/stock_language_model/saved_LOB_stream/pool_0709_0710_eval_0710_model_variants/sentence_s2ip_AB_fixed_sampling/sentence_s2ip_varA_T10_k0_win50/fixed_start_model_blankgpt2_tokens_dynamic_anchor_txncomplete_002263XSHE_20260408_190654
2026-04-08 19:17:32 [INFO] Loaded 11,443 rows | 10 book levels | date 2025-07-10
2026-04-08 19:17:32 [INFO] Loading real reference LOBSTER data from /finance_ML/zhanghaohan/stock_language_model/saved_LOB_stream/fixed_start_realflow_generate_lobster_openbidanchor_txncomplete_002263XSHE_20260405_132652
2026-04-08 19:17:32 [INFO] Loading LOBSTER data from /finance_ML/zhanghaohan/stock_language_model/saved_LOB_stream/fixed_start_realflow_generate_lobster_openbidanchor_txncomplete_002263XSHE_20260405_132652
2026-04-08 19:17:32 [INFO] Loaded 16,122 rows | 10 book levels | date 2025-07-10
2026-04-08 19:17:32 [INFO] 
── computing metrics ──────────────────────────────────
/finance_ML/zhanghaohan/mycondaenv/lib/python3.8/site-packages/statsmodels/tsa/stattools.py:693: RuntimeWarning: invalid value encountered in divide
  acf = avf[: nlags + 1] / avf[0]
2026-04-08 19:17:33 [WARNING] Reference metric log_time_to_cancel skipped: <lambda>() got an unexpected keyword argument 'include_groups'
2026-04-08 19:17:33 [WARNING] Reference metric ofi_up skipped: empty real or generated sample after cleaning
2026-04-08 19:17:33 [WARNING] Reference metric ofi_down skipped: empty real or generated sample after cleaning
2026-04-08 19:17:34 [WARNING] Reference conditional metric spread | volatility skipped: Invalid frequency: 0.1s
2026-04-08 19:17:34 [INFO] Computed now (generated-only): 15 metric groups
2026-04-08 19:17:34 [INFO] Computed (with real reference LOB data): 20 benchmark metric configs
2026-04-08 19:17:34 [INFO] Failed (with real reference LOB data): 4 benchmark metric configs
2026-04-08 19:17:34 [INFO] Skipped (needs true order-ID linkage): 2 metrics
2026-04-08 19:17:34 [INFO] 
── LOB-Bench-style overall aggregates (reference_comparison) ──
2026-04-08 19:17:34 [INFO]   Wasserstein aggregate: n=19  mean=0.652099  median=0.495093  iqm=0.464368  (lower is better)
2026-04-08 19:17:34 [INFO]   L1_by_group aggregate: n=18  mean=0.520057  median=0.532337  iqm=0.541968  (lower is better)
2026-04-08 19:17:34 [INFO] 
── generating plots ───────────────────────────────────
2026-04-08 19:17:35 [INFO] saved mid_price.png
2026-04-08 19:17:36 [INFO] saved spread.png
2026-04-08 19:17:36 [INFO] saved returns_dist.png
/finance_ML/zhanghaohan/mycondaenv/lib/python3.8/site-packages/statsmodels/tsa/stattools.py:693: RuntimeWarning: invalid value encountered in divide
  acf = avf[: nlags + 1] / avf[0]
2026-04-08 19:17:36 [INFO] saved autocorr.png
2026-04-08 19:17:37 [INFO] saved inter_arrival_time.png
2026-04-08 19:17:37 [INFO] saved l1_volume.png
2026-04-08 19:17:38 [INFO] saved volume_per_minute.png
2026-04-08 19:17:39 [INFO] saved orderbook_imbalance.png
2026-04-08 19:17:39 [INFO] saved orderflow_imbalance.png
2026-04-08 19:17:39 [INFO] saved event_type_counts.png
2026-04-08 19:17:39 [INFO] Skipped time-to-fill/time-to-cancel plots: requires true order-ID linkage (not available in synthetic IDs).
2026-04-08 19:17:40 [INFO] saved overview_panel.png
2026-04-08 19:17:40 [INFO] Wrote metrics summary: /finance_ML/zhanghaohan/stock_language_model/saved_LOB_stream/pool_0709_0710_eval_0710_model_variants/sentence_s2ip_AB_fixed_sampling/sentence_s2ip_varA_T10_k0_win50/fixed_start_model_blankgpt2_tokens_dynamic_anchor_txncomplete_002263XSHE_20260408_190654/metrics_summary.json
2026-04-08 19:17:40 [INFO] 
── all computed metrics summary ─────────────────────
2026-04-08 19:17:40 [INFO]   acf_returns_1min: [NaN, NaN, NaN, NaN, NaN, NaN]
2026-04-08 19:17:40 [INFO]   direction_counts: {"-1": 5623, "1": 5820}
2026-04-08 19:17:40 [INFO]   direction_fractions: {"-1": 0.4914, "1": 0.5086}
2026-04-08 19:17:40 [INFO]   event_type_counts: {"1": 4027, "2": 225, "3": 1583, "4": 5608}
2026-04-08 19:17:40 [INFO]   event_type_fractions: {"1": 0.3519, "2": 0.0197, "3": 0.1383, "4": 0.4901}
2026-04-08 19:17:40 [INFO]   iat_ms: {"mean": 73.68015083990402, "median": 40.0, "n": 5834, "n_exec_excluded": 5608, "p95": 240.0, "std": 90.15871404778211}
2026-04-08 19:17:40 [INFO]   l1_volume: {"ask_mean": 76200.0, "ask_median": 76200.0, "bid_mean": 80318.22074630778, "bid_median": 86500.0}
2026-04-08 19:17:40 [INFO]   mid_price: {"end_cny": 4.345, "end_price_int": 43450.0, "mean_cny": 4.344999999999999, "mean_price_int": 43450.0, "mean_ticks_0p01": 434.5, "start_cny": 4.345, "start_price_int": 43450.0, "std_cny": 8.882172310536669e-16, "std_price_int": 0.0, "std_ticks_0p01": 0.0, "total_return_bps": 0.0}
2026-04-08 19:17:40 [INFO]   ob_imbalance: {"mean": 0.012803622638132997, "median": 0.06330669944683466, "std": 0.1291951815720702}
2026-04-08 19:17:40 [INFO]   orderflow_imbalance: {"mean": 4.042316847394869, "n": 11343, "std": 37.65076984273723}
2026-04-08 19:17:40 [INFO]   returns_1min: {"kurtosis": 0.0, "mean": 0.0, "n": 7, "skew": 0.0, "std": 0.0}
2026-04-08 19:17:40 [INFO]   spread_ticks: {"mean": 1.0, "median": 1.0, "n": 11443, "pct_zero_spread": 0.0, "std": 0.0, "tick_size_cny": 0.01, "tick_size_price_int": 100}
2026-04-08 19:17:40 [INFO]   total_volume_5lvl: {"ask_mean": 686197.2456523639, "bid_mean": 4601473.487896531}
2026-04-08 19:17:40 [INFO]   volatility_1min: 0.0
2026-04-08 19:17:40 [INFO]   volume_per_minute: {"mean": 1386638.5714285714, "n": 422, "total": 585161477.1428571}
2026-04-08 19:17:40 [INFO]   [real-vs-generated comparative metrics]
2026-04-08 19:17:40 [INFO]   ask_cancellation_depth: {"l1_by_group": 0.6570618802657647, "n_generated": 1713, "n_real": 1117, "wasserstein": 1.1304272807766222}
2026-04-08 19:17:40 [INFO]   ask_cancellation_levels: {"l1_by_group": 0.3141666666666667, "n_generated": 165, "n_real": 800, "wasserstein": 0.6798916702535978}
2026-04-08 19:17:40 [INFO]   ask_volume: {"l1_by_group": 0.6524564405964944, "n_generated": 11443, "n_real": 16122, "wasserstein": 0.4963303975576056}
2026-04-08 19:17:40 [INFO]   ask_volume | spread: {"n_generated": 11443, "n_real": 16122, "num_condition_groups": 2, "per_group": {"1": {"n": 27552, "wasserstein": 0.030824507014128942}, "2": {"n": 13, "wasserstein": null}}, "weighted_wasserstein": null}
2026-04-08 19:17:40 [INFO]   ask_volume_touch: {"l1_by_group": 0.0005582433941198211, "n_generated": 11443, "n_real": 16122, "wasserstein": 0.03080691484964416}
2026-04-08 19:17:40 [INFO]   bid_cancellation_depth: {"l1_by_group": 0.36996579499062116, "n_generated": 95, "n_real": 1908, "wasserstein": 0.25891230182302305}
2026-04-08 19:17:40 [INFO]   bid_cancellation_levels: {"l1_by_group": 0.4122177225616034, "n_generated": 85, "n_real": 1714, "wasserstein": 0.5520876652880126}
2026-04-08 19:17:40 [INFO]   bid_volume: {"l1_by_group": 0.9078278129264359, "n_generated": 11443, "n_real": 16122, "wasserstein": 0.4997652453441219}
2026-04-08 19:17:40 [INFO]   bid_volume_touch: {"l1_by_group": 0.9842451308770623, "n_generated": 11443, "n_real": 16122, "wasserstein": 1.5888954408259899}
2026-04-08 19:17:40 [INFO]   limit_ask_order_depth: {"l1_by_group": 0.8000429951296896, "n_generated": 3896, "n_real": 4432, "wasserstein": 1.2199131356023405}
2026-04-08 19:17:40 [INFO]   limit_ask_order_levels: {"l1_by_group": 0.727891156462585, "n_generated": 114, "n_real": 3724, "wasserstein": 2.2268348712294426}
2026-04-08 19:17:40 [INFO]   limit_bid_order_depth: {"l1_by_group": 0.3404644056374685, "n_generated": 131, "n_real": 2628, "wasserstein": 0.2768778462049739}
2026-04-08 19:17:40 [INFO]   limit_bid_order_levels: {"l1_by_group": 0.3756452184877261, "n_generated": 123, "n_real": 2476, "wasserstein": 0.4950928239396577}
2026-04-08 19:17:40 [INFO]   log_inter_arrival_time: {"l1_by_group": 0.021358544613249226, "n_generated": 11442, "n_real": 16121, "wasserstein": 0.012441967863744243}
2026-04-08 19:17:40 [INFO]   ofi: {"l1_by_group": 0.8176569579078612, "n_generated": 11343, "n_real": 16022, "wasserstein": 0.4604694842383743}
2026-04-08 19:17:40 [INFO]   ofi_stay: {"l1_by_group": 0.8175628285971095, "n_generated": 11342, "n_real": 16013, "wasserstein": 0.459886389471407}
2026-04-08 19:17:40 [INFO]   orderbook_imbalance: {"l1_by_group": 0.997476735738981, "n_generated": 11443, "n_real": 16122, "wasserstein": 1.835290800319219}
2026-04-08 19:17:40 [INFO]   spread: {"l1_by_group": 0.0008063515692842109, "n_generated": 11443, "n_real": 16122, "wasserstein": 0.03713866714662444}
2026-04-08 19:17:40 [INFO]   spread | time: {"n_generated": 11443, "n_real": 16122, "num_condition_groups": 1, "per_group": {"10": {"n": 27565, "wasserstein": 0.03713866714662444}}, "weighted_wasserstein": 0.03713866714662444}
2026-04-08 19:17:40 [INFO]   vol_per_min: {"l1_by_group": 0.16362015739814784, "n_generated": 422, "n_real": 545, "wasserstein": 0.09168117631591356}
[2026-04-08 19:17:40] [DONE] metrics_summary: /finance_ML/zhanghaohan/stock_language_model/saved_LOB_stream/pool_0709_0710_eval_0710_model_variants/sentence_s2ip_AB_fixed_sampling/sentence_s2ip_varA_T10_k0_win50/fixed_start_model_blankgpt2_tokens_dynamic_anchor_txncomplete_002263XSHE_20260408_190654/metrics_summary.json
