[2026-04-08 22:18:30] [INFO] Experiment folder: /finance_ML/zhanghaohan/stock_language_model/saved_LOB_stream/pool_0709_0710_eval_0710_model_variants/sentence_k3_win100/sentence_k3_win100_T10_k0_ep3/fixed_start_model_blankgpt2_tokens_dynamic_anchor_txncomplete_002263XSHE_20260408_221830
[2026-04-08 22:18:30] [INFO] checkpoint: /finance_ML/zhanghaohan/stock_language_model/training_runs/pool_0709_0710_train0709_sentence_k3_baseline_win100_ep3/002263XSHE/model_cache/preGPT2sentS2IP_20250709_txncomplete_002263XSHE_win100_k3_20260408_192805_best.pt
[2026-04-08 22:18:30] [INFO] device: cuda greedy=False
/finance_ML/zhanghaohan/stock_language_model/scripts/hist_script/replay_decoded_real_tokens_openbidanchor_txncomplete_fixed_start.py:117: DtypeWarning: Columns (1,2,3,5,6,7,8,9,10,11,12,13,14,15,16,17,18,19,20,21,22,23,24,25,26,27,28,29,30,31,32,33,34,35,36,37,38,39,40,41,42,43,44,45,46,47,48,49,50,51,52,53,54,55,56,57,58,59,60,61,62,63,64,65,66,67,68,69,70,71,72,73,74,75,76,77,78,79,80,81,82,83,84,85,86,88) have mixed types. Specify dtype option on import or set low_memory=False.
  lob_info = pd.read_csv(lob_snap_path, header=None, names=columns)
[2026-04-08 22:28:40] [INFO] tokenizable_rows=36305 token_exact_match_rate_all=0.002754 tail_after_seed=0.000000
[2026-04-08 22:28:47] [INFO] Running eval vs clean reference...
2026-04-08 22:28:47 [INFO] ======================================================================
2026-04-08 22:28:47 [INFO] decoded real-token open-anchor txn-complete evaluation
2026-04-08 22:28:47 [INFO] ======================================================================
2026-04-08 22:28:47 [INFO] Evaluating: /finance_ML/zhanghaohan/stock_language_model/saved_LOB_stream/pool_0709_0710_eval_0710_model_variants/sentence_k3_win100/sentence_k3_win100_T10_k0_ep3/fixed_start_model_blankgpt2_tokens_dynamic_anchor_txncomplete_002263XSHE_20260408_221830
2026-04-08 22:28:47 [INFO] 
── loading data ───────────────────────────────────────
2026-04-08 22:28:47 [INFO] Loading LOBSTER data from /finance_ML/zhanghaohan/stock_language_model/saved_LOB_stream/pool_0709_0710_eval_0710_model_variants/sentence_k3_win100/sentence_k3_win100_T10_k0_ep3/fixed_start_model_blankgpt2_tokens_dynamic_anchor_txncomplete_002263XSHE_20260408_221830
2026-04-08 22:28:47 [INFO] Loaded 7,627 rows | 10 book levels | date 2025-07-10
2026-04-08 22:28:47 [INFO] Loading real reference LOBSTER data from /finance_ML/zhanghaohan/stock_language_model/saved_LOB_stream/fixed_start_realflow_generate_lobster_openbidanchor_txncomplete_002263XSHE_20260405_132652
2026-04-08 22:28:47 [INFO] Loading LOBSTER data from /finance_ML/zhanghaohan/stock_language_model/saved_LOB_stream/fixed_start_realflow_generate_lobster_openbidanchor_txncomplete_002263XSHE_20260405_132652
2026-04-08 22:28:48 [INFO] Loaded 16,122 rows | 10 book levels | date 2025-07-10
2026-04-08 22:28:48 [INFO] 
── computing metrics ──────────────────────────────────
/finance_ML/zhanghaohan/mycondaenv/lib/python3.8/site-packages/statsmodels/tsa/stattools.py:693: RuntimeWarning: invalid value encountered in divide
  acf = avf[: nlags + 1] / avf[0]
2026-04-08 22:28:48 [WARNING] Reference metric log_time_to_cancel skipped: <lambda>() got an unexpected keyword argument 'include_groups'
2026-04-08 22:28:49 [WARNING] Reference metric ofi_up skipped: empty real or generated sample after cleaning
2026-04-08 22:28:49 [WARNING] Reference metric ofi_down skipped: empty real or generated sample after cleaning
2026-04-08 22:28:49 [WARNING] Reference conditional metric spread | volatility skipped: Invalid frequency: 0.1s
2026-04-08 22:28:49 [INFO] Computed now (generated-only): 15 metric groups
2026-04-08 22:28:49 [INFO] Computed (with real reference LOB data): 20 benchmark metric configs
2026-04-08 22:28:49 [INFO] Failed (with real reference LOB data): 4 benchmark metric configs
2026-04-08 22:28:49 [INFO] Skipped (needs true order-ID linkage): 2 metrics
2026-04-08 22:28:49 [INFO] 
── LOB-Bench-style overall aggregates (reference_comparison) ──
2026-04-08 22:28:49 [INFO]   Wasserstein aggregate: n=18  mean=0.802206  median=0.526711  iqm=0.609588  (lower is better)
2026-04-08 22:28:49 [INFO]   L1_by_group aggregate: n=18  mean=0.561679  median=0.577696  iqm=0.602257  (lower is better)
2026-04-08 22:28:49 [INFO] 
── generating plots ───────────────────────────────────
2026-04-08 22:28:51 [INFO] saved mid_price.png
2026-04-08 22:28:51 [INFO] saved spread.png
2026-04-08 22:28:52 [INFO] saved returns_dist.png
2026-04-08 22:28:52 [INFO] saved inter_arrival_time.png
2026-04-08 22:28:52 [INFO] saved l1_volume.png
2026-04-08 22:28:53 [INFO] saved volume_per_minute.png
2026-04-08 22:28:54 [INFO] saved orderbook_imbalance.png
2026-04-08 22:28:54 [INFO] saved orderflow_imbalance.png
2026-04-08 22:28:54 [INFO] saved event_type_counts.png
2026-04-08 22:28:54 [INFO] Skipped time-to-fill/time-to-cancel plots: requires true order-ID linkage (not available in synthetic IDs).
2026-04-08 22:28:55 [INFO] saved overview_panel.png
2026-04-08 22:28:55 [INFO] Wrote metrics summary: /finance_ML/zhanghaohan/stock_language_model/saved_LOB_stream/pool_0709_0710_eval_0710_model_variants/sentence_k3_win100/sentence_k3_win100_T10_k0_ep3/fixed_start_model_blankgpt2_tokens_dynamic_anchor_txncomplete_002263XSHE_20260408_221830/metrics_summary.json
2026-04-08 22:28:55 [INFO] 
── all computed metrics summary ─────────────────────
2026-04-08 22:28:55 [INFO]   acf_returns_1min: [NaN, NaN]
2026-04-08 22:28:55 [INFO]   direction_counts: {"-1": 3191, "1": 4436}
2026-04-08 22:28:55 [INFO]   direction_fractions: {"-1": 0.4184, "1": 0.5816}
2026-04-08 22:28:55 [INFO]   event_type_counts: {"1": 2456, "2": 121, "3": 741, "4": 4309}
2026-04-08 22:28:55 [INFO]   event_type_fractions: {"1": 0.322, "2": 0.0159, "3": 0.0972, "4": 0.565}
2026-04-08 22:28:55 [INFO]   iat_ms: {"mean": 1687.8414229725656, "median": 40.0, "n": 3317, "n_exec_excluded": 4309, "p95": 200.0, "std": 93761.29636734498}
2026-04-08 22:28:55 [INFO]   l1_volume: {"ask_mean": 76200.0, "ask_median": 76200.0, "bid_mean": 68997.39084830208, "bid_median": 68900.0}
2026-04-08 22:28:55 [INFO]   mid_price: {"end_cny": 4.345, "end_price_int": 43450.0, "mean_cny": 4.345000000000001, "mean_price_int": 43450.0, "mean_ticks_0p01": 434.5, "start_cny": 4.345, "start_price_int": 43450.0, "std_cny": 8.88236651361863e-16, "std_price_int": 0.0, "std_ticks_0p01": 0.0, "total_return_bps": 0.0}
2026-04-08 22:28:55 [INFO]   ob_imbalance: {"mean": -0.049999035993796494, "median": -0.05031013094417643, "std": 0.022057692602154802}
2026-04-08 22:28:55 [INFO]   orderflow_imbalance: {"mean": 1.5277002789956158, "n": 7527, "std": 23.04238770060447}
2026-04-08 22:28:55 [INFO]   returns_1min: {"kurtosis": null, "mean": 0.0, "n": 3, "skew": 0.0, "std": 0.0}
2026-04-08 22:28:55 [INFO]   spread_ticks: {"mean": 1.0, "median": 1.0, "n": 7627, "pct_zero_spread": 0.0, "std": 0.0, "tick_size_cny": 0.01, "tick_size_price_int": 100}
2026-04-08 22:28:55 [INFO]   total_volume_5lvl: {"ask_mean": 900614.4093352563, "bid_mean": 6349885.118657402}
2026-04-08 22:28:55 [INFO]   volatility_1min: 0.0
2026-04-08 22:28:55 [INFO]   volume_per_minute: {"mean": 2533150.6666666665, "n": 195, "total": 493964380.0}
2026-04-08 22:28:55 [INFO]   [real-vs-generated comparative metrics]
2026-04-08 22:28:55 [INFO]   ask_cancellation_depth: {"l1_by_group": 0.6747445823567254, "n_generated": 796, "n_real": 1117, "wasserstein": 0.9987046897100971}
2026-04-08 22:28:55 [INFO]   ask_cancellation_levels: {"l1_by_group": 0.48064814814814816, "n_generated": 135, "n_real": 800, "wasserstein": 1.2085775907894796}
2026-04-08 22:28:55 [INFO]   ask_volume: {"l1_by_group": 0.8424506093703662, "n_generated": 7627, "n_real": 16122, "wasserstein": 0.9153538690074714}
2026-04-08 22:28:55 [INFO]   ask_volume | spread: {"n_generated": 7627, "n_real": 16122, "num_condition_groups": 2, "per_group": {"1": {"n": 23736, "wasserstein": 0.0286110248106751}, "2": {"n": 13, "wasserstein": null}}, "weighted_wasserstein": null}
2026-04-08 22:28:55 [INFO]   ask_volume_touch: {"l1_by_group": 0.0005582433941198211, "n_generated": 7627, "n_real": 16122, "wasserstein": 0.028595779259479197}
2026-04-08 22:28:55 [INFO]   bid_cancellation_depth: {"l1_by_group": 0.3782637697732037, "n_generated": 66, "n_real": 1908, "wasserstein": 0.25848218815788054}
2026-04-08 22:28:55 [INFO]   bid_cancellation_levels: {"l1_by_group": 0.39365154609101516, "n_generated": 64, "n_real": 1714, "wasserstein": 0.547648217440002}
2026-04-08 22:28:55 [INFO]   bid_volume: {"l1_by_group": 0.874752467203536, "n_generated": 7627, "n_real": 16122, "wasserstein": 0.7329561270215805}
2026-04-08 22:28:55 [INFO]   bid_volume_touch: {"l1_by_group": 0.9854362583114165, "n_generated": 7627, "n_real": 16122, "wasserstein": 1.6083965756741962}
2026-04-08 22:28:55 [INFO]   limit_ask_order_depth: {"l1_by_group": 0.8430180795322422, "n_generated": 2366, "n_real": 4432, "wasserstein": 1.1329794352503328}
2026-04-08 22:28:55 [INFO]   limit_ask_order_levels: {"l1_by_group": 0.8613190927108566, "n_generated": 239, "n_real": 3724, "wasserstein": 2.9373719177903075}
2026-04-08 22:28:55 [INFO]   limit_bid_order_depth: {"l1_by_group": 0.3065449010654489, "n_generated": 90, "n_real": 2628, "wasserstein": 0.1577447327631495}
2026-04-08 22:28:55 [INFO]   limit_bid_order_levels: {"l1_by_group": 0.3092028299259094, "n_generated": 87, "n_real": 2476, "wasserstein": 0.29825189998883966}
2026-04-08 22:28:55 [INFO]   log_inter_arrival_time: {"l1_by_group": 0.1136209246839072, "n_generated": 7626, "n_real": 16121, "wasserstein": 0.21818199300789795}
2026-04-08 22:28:55 [INFO]   ofi: {"l1_by_group": 0.8368028304113597, "n_generated": 7527, "n_real": 16022, "wasserstein": 0.43927757391510536}
2026-04-08 22:28:55 [INFO]   ofi_stay: {"l1_by_group": 0.8367149837183012, "n_generated": 7526, "n_real": 16013, "wasserstein": 0.43873351805971283}
2026-04-08 22:28:55 [INFO]   orderbook_imbalance: {"l1_by_group": 0.9969097568889581, "n_generated": 7627, "n_real": 16122, "wasserstein": 1.9782091556775236}
2026-04-08 22:28:55 [INFO]   spread: {"l1_by_group": 0.0008063515692842109, "n_generated": 7627, "n_real": 16122, "wasserstein": 0.03447348397992093}
2026-04-08 22:28:55 [INFO]   spread | time: {"n_generated": 7627, "n_real": 16122, "num_condition_groups": 2, "per_group": {"10": {"n": 22671, "wasserstein": 0.03368240330104909}, "12": {"n": 1078, "wasserstein": null}}, "weighted_wasserstein": null}
2026-04-08 22:28:55 [INFO]   vol_per_min: {"l1_by_group": 0.3747824041402023, "n_generated": 195, "n_real": 545, "wasserstein": 0.505774678925263}
[2026-04-08 22:28:55] [DONE] metrics_summary: /finance_ML/zhanghaohan/stock_language_model/saved_LOB_stream/pool_0709_0710_eval_0710_model_variants/sentence_k3_win100/sentence_k3_win100_T10_k0_ep3/fixed_start_model_blankgpt2_tokens_dynamic_anchor_txncomplete_002263XSHE_20260408_221830/metrics_summary.json
