[2026-04-08 22:32:43] [INFO] Experiment folder: /finance_ML/zhanghaohan/stock_language_model/saved_LOB_stream/pool_0709_0710_eval_0710_model_variants/blank_fixed_sampling_win100/blank_T10_k0_win100/fixed_start_model_blankgpt2_tokens_openbidanchor_txncomplete_000981XSHE_20260408_223243
[2026-04-08 22:32:43] [INFO] checkpoint: /finance_ML/zhanghaohan/stock_language_model/training_runs/pool_0709_0710_train0709_blank_gpt2_win100/000981XSHE/model_cache/blankGPT2_20250709_txncomplete_000981XSHE_win100_20260406_211031_best.pt
[2026-04-08 22:32:43] [INFO] device: cuda greedy=False
/finance_ML/zhanghaohan/stock_language_model/scripts/hist_script/replay_decoded_real_tokens_openbidanchor_txncomplete_fixed_start.py:117: DtypeWarning: Columns (1,2,3,5,6,7,8,9,10,11,12,13,14,15,16,17,18,19,20,21,22,23,24,25,26,27,28,29,30,31,32,33,34,35,36,37,38,39,40,41,42,43,44,45,46,47,48,49,50,51,52,53,54,55,56,57,58,59,60,61,62,63,64,65,66,67,68,69,70,71,72,73,74,75,76,77,78,79,80,81,82,83,84,85,86,88) have mixed types. Specify dtype option on import or set low_memory=False.
  lob_info = pd.read_csv(lob_snap_path, header=None, names=columns)
[2026-04-08 22:39:21] [INFO] tokenizable_rows=9814 token_exact_match_rate_all=0.010190 tail_after_seed=0.000000
[2026-04-08 22:39:23] [INFO] Running eval vs clean reference...
2026-04-08 22:39:23 [INFO] ======================================================================
2026-04-08 22:39:23 [INFO] decoded real-token open-anchor txn-complete evaluation
2026-04-08 22:39:23 [INFO] ======================================================================
2026-04-08 22:39:23 [INFO] Evaluating: /finance_ML/zhanghaohan/stock_language_model/saved_LOB_stream/pool_0709_0710_eval_0710_model_variants/blank_fixed_sampling_win100/blank_T10_k0_win100/fixed_start_model_blankgpt2_tokens_openbidanchor_txncomplete_000981XSHE_20260408_223243
2026-04-08 22:39:23 [INFO] 
── loading data ───────────────────────────────────────
2026-04-08 22:39:23 [INFO] Loading LOBSTER data from /finance_ML/zhanghaohan/stock_language_model/saved_LOB_stream/pool_0709_0710_eval_0710_model_variants/blank_fixed_sampling_win100/blank_T10_k0_win100/fixed_start_model_blankgpt2_tokens_openbidanchor_txncomplete_000981XSHE_20260408_223243
2026-04-08 22:39:24 [INFO] Loaded 7,374 rows | 10 book levels | date 2025-07-10
2026-04-08 22:39:24 [INFO] Loading real reference LOBSTER data from /finance_ML/zhanghaohan/stock_language_model/saved_LOB_stream/fixed_start_realflow_generate_lobster_openbidanchor_txncomplete_000981XSHE_20260405_132652
2026-04-08 22:39:24 [INFO] Loading LOBSTER data from /finance_ML/zhanghaohan/stock_language_model/saved_LOB_stream/fixed_start_realflow_generate_lobster_openbidanchor_txncomplete_000981XSHE_20260405_132652
2026-04-08 22:39:24 [INFO] Loaded 8,000 rows | 10 book levels | date 2025-07-10
2026-04-08 22:39:24 [INFO] 
── computing metrics ──────────────────────────────────
/finance_ML/zhanghaohan/mycondaenv/lib/python3.8/site-packages/statsmodels/tsa/stattools.py:693: RuntimeWarning: invalid value encountered in divide
  acf = avf[: nlags + 1] / avf[0]
2026-04-08 22:39:24 [WARNING] Reference metric log_time_to_cancel skipped: <lambda>() got an unexpected keyword argument 'include_groups'
2026-04-08 22:39:24 [WARNING] Reference metric ofi_up skipped: empty real or generated sample after cleaning
2026-04-08 22:39:24 [WARNING] Reference metric ofi_down skipped: empty real or generated sample after cleaning
2026-04-08 22:39:25 [WARNING] Reference conditional metric spread | volatility skipped: Invalid frequency: 0.1s
2026-04-08 22:39:25 [INFO] Computed now (generated-only): 15 metric groups
2026-04-08 22:39:25 [INFO] Computed (with real reference LOB data): 20 benchmark metric configs
2026-04-08 22:39:25 [INFO] Failed (with real reference LOB data): 4 benchmark metric configs
2026-04-08 22:39:25 [INFO] Skipped (needs true order-ID linkage): 2 metrics
2026-04-08 22:39:25 [INFO] 
── LOB-Bench-style overall aggregates (reference_comparison) ──
2026-04-08 22:39:25 [INFO]   Wasserstein aggregate: n=18  mean=0.922123  median=0.913551  iqm=0.942227  (lower is better)
2026-04-08 22:39:25 [INFO]   L1_by_group aggregate: n=18  mean=0.583498  median=0.732199  iqm=0.640136  (lower is better)
2026-04-08 22:39:25 [INFO] 
── generating plots ───────────────────────────────────
2026-04-08 22:39:25 [INFO] saved mid_price.png
2026-04-08 22:39:26 [INFO] saved spread.png
2026-04-08 22:39:26 [INFO] saved returns_dist.png
/finance_ML/zhanghaohan/mycondaenv/lib/python3.8/site-packages/statsmodels/tsa/stattools.py:693: RuntimeWarning: invalid value encountered in divide
  acf = avf[: nlags + 1] / avf[0]
2026-04-08 22:39:27 [INFO] saved autocorr.png
2026-04-08 22:39:27 [INFO] saved inter_arrival_time.png
2026-04-08 22:39:27 [INFO] saved l1_volume.png
2026-04-08 22:39:28 [INFO] saved volume_per_minute.png
2026-04-08 22:39:29 [INFO] saved orderbook_imbalance.png
2026-04-08 22:39:29 [INFO] saved orderflow_imbalance.png
2026-04-08 22:39:29 [INFO] saved event_type_counts.png
2026-04-08 22:39:29 [INFO] Skipped time-to-fill/time-to-cancel plots: requires true order-ID linkage (not available in synthetic IDs).
2026-04-08 22:39:30 [INFO] saved overview_panel.png
2026-04-08 22:39:30 [INFO] Wrote metrics summary: /finance_ML/zhanghaohan/stock_language_model/saved_LOB_stream/pool_0709_0710_eval_0710_model_variants/blank_fixed_sampling_win100/blank_T10_k0_win100/fixed_start_model_blankgpt2_tokens_openbidanchor_txncomplete_000981XSHE_20260408_223243/metrics_summary.json
2026-04-08 22:39:30 [INFO] 
── all computed metrics summary ─────────────────────
2026-04-08 22:39:30 [INFO]   acf_returns_1min: [NaN, NaN, NaN, NaN]
2026-04-08 22:39:30 [INFO]   direction_counts: {"-1": 1744, "1": 5630}
2026-04-08 22:39:30 [INFO]   direction_fractions: {"-1": 0.2365, "1": 0.7635}
2026-04-08 22:39:30 [INFO]   event_type_counts: {"1": 1390, "2": 5, "3": 4443, "4": 1536}
2026-04-08 22:39:30 [INFO]   event_type_fractions: {"1": 0.1885, "2": 0.0007, "3": 0.6025, "4": 0.2083}
2026-04-08 22:39:30 [INFO]   iat_ms: {"mean": 4686.448518074353, "median": 0.0, "n": 5837, "n_exec_excluded": 1536, "p95": 340.0, "std": 157999.04372594642}
2026-04-08 22:39:30 [INFO]   l1_volume: {"ask_mean": 7630107.335638731, "ask_median": 7630062.0, "bid_mean": 15997371.151885001, "bid_median": 15967400.0}
2026-04-08 22:39:30 [INFO]   mid_price: {"end_cny": 2.105, "end_price_int": 21050.0, "mean_cny": 2.105, "mean_price_int": 21050.0, "mean_ticks_0p01": 210.5, "start_cny": 2.105, "start_price_int": 21050.0, "std_cny": 0.0, "std_price_int": 0.0, "std_ticks_0p01": 0.0, "total_return_bps": 0.0}
2026-04-08 22:39:30 [INFO]   ob_imbalance: {"mean": 0.3541391251397115, "median": 0.3527933461890808, "std": 0.0053234185339218025}
2026-04-08 22:39:30 [INFO]   orderflow_imbalance: {"mean": 21.020911465493537, "n": 7274, "std": 863.4620739763418}
2026-04-08 22:39:30 [INFO]   returns_1min: {"kurtosis": 0.0, "mean": 0.0, "n": 5, "skew": 0.0, "std": 0.0}
2026-04-08 22:39:30 [INFO]   spread_ticks: {"mean": 1.0, "median": 1.0, "n": 7374, "pct_zero_spread": 0.0, "std": 0.0, "tick_size_cny": 0.01, "tick_size_price_int": 100}
2026-04-08 22:39:30 [INFO]   total_volume_5lvl: {"ask_mean": 64873554.10943857, "bid_mean": 64360918.341063194}
2026-04-08 22:39:30 [INFO]   volatility_1min: 0.0
2026-04-08 22:39:30 [INFO]   volume_per_minute: {"mean": 2141582.989005022, "n": 278, "total": 595360070.9433962}
2026-04-08 22:39:30 [INFO]   [real-vs-generated comparative metrics]
2026-04-08 22:39:30 [INFO]   ask_cancellation_depth: {"l1_by_group": 0.3220313441832429, "n_generated": 84, "n_real": 474, "wasserstein": 0.4024108191418612}
2026-04-08 22:39:30 [INFO]   ask_cancellation_levels: {"l1_by_group": 0.2822914272581016, "n_generated": 76, "n_real": 458, "wasserstein": 0.3024617991580939}
2026-04-08 22:39:30 [INFO]   ask_volume: {"l1_by_group": 0.7775733658801193, "n_generated": 7374, "n_real": 8000, "wasserstein": 1.2024478066552842}
2026-04-08 22:39:30 [INFO]   ask_volume | spread: {"n_generated": 7374, "n_real": 8000, "num_condition_groups": 2, "per_group": {"1": {"n": 15372, "wasserstein": 1.6795458997082338}, "2": {"n": 2, "wasserstein": null}}, "weighted_wasserstein": null}
2026-04-08 22:39:30 [INFO]   ask_volume_touch: {"l1_by_group": 0.9937688839164632, "n_generated": 7374, "n_real": 8000, "wasserstein": 1.679567852888069}
2026-04-08 22:39:30 [INFO]   bid_cancellation_depth: {"l1_by_group": 0.0013157894736841847, "n_generated": 4364, "n_real": 1520, "wasserstein": 0.83992888854066}
2026-04-08 22:39:30 [INFO]   bid_cancellation_levels: {"l1_by_group": 0.6868240204809054, "n_generated": 4379, "n_real": 1509, "wasserstein": 0.8442212176237621}
2026-04-08 22:39:30 [INFO]   bid_volume: {"l1_by_group": 0.9449152766476808, "n_generated": 7374, "n_real": 8000, "wasserstein": 1.7472895283233247}
2026-04-08 22:39:30 [INFO]   bid_volume_touch: {"l1_by_group": 0.918, "n_generated": 7374, "n_real": 8000, "wasserstein": 1.4843902197059586}
2026-04-08 22:39:30 [INFO]   limit_ask_order_depth: {"l1_by_group": 0.31261060380831035, "n_generated": 204, "n_real": 1662, "wasserstein": 0.44752540735473756}
2026-04-08 22:39:30 [INFO]   limit_ask_order_levels: {"l1_by_group": 0.17869405146024653, "n_generated": 136, "n_real": 1422, "wasserstein": 0.09193000650175487}
2026-04-08 22:39:30 [INFO]   limit_bid_order_depth: {"l1_by_group": 0.8532822321017937, "n_generated": 1186, "n_real": 2750, "wasserstein": 1.39229938358866}
2026-04-08 22:39:30 [INFO]   limit_bid_order_levels: {"l1_by_group": 0.8607306479261605, "n_generated": 1212, "n_real": 2705, "wasserstein": 1.6681996747781827}
2026-04-08 22:39:30 [INFO]   log_inter_arrival_time: {"l1_by_group": 0.49161845081442185, "n_generated": 7373, "n_real": 7999, "wasserstein": 0.9842910509306898}
2026-04-08 22:39:30 [INFO]   ofi: {"l1_by_group": 0.838617131242539, "n_generated": 7274, "n_real": 7900, "wasserstein": 0.9136785984480321}
2026-04-08 22:39:30 [INFO]   ofi_stay: {"l1_by_group": 0.8385338748023675, "n_generated": 7273, "n_real": 7895, "wasserstein": 0.913423688079331}
2026-04-08 22:39:30 [INFO]   orderbook_imbalance: {"l1_by_group": 0.9928750000000002, "n_generated": 7374, "n_real": 8000, "wasserstein": 1.5443874494540155}
2026-04-08 22:39:30 [INFO]   spread: {"l1_by_group": 0.00024999999999998624, "n_generated": 7374, "n_real": 8000, "wasserstein": 0.021919597488679596}
2026-04-08 22:39:30 [INFO]   spread | time: {"n_generated": 7374, "n_real": 8000, "num_condition_groups": 6, "per_group": {"10": {"n": 8448, "wasserstein": 0.01624903866079143}, "12": {"n": 666, "wasserstein": null}, "13": {"n": 1082, "wasserstein": null}, "14": {"n": 2325, "wasserstein": null}, "16": {"n": 1019, "wasserstein": null}, "17": {"n": 1834, "wasserstein": null}}, "weighted_wasserstein": null}
2026-04-08 22:39:30 [INFO]   vol_per_min: {"l1_by_group": 0.20902429250233767, "n_generated": 278, "n_real": 377, "wasserstein": 0.11783657086643785}
[2026-04-08 22:39:30] [DONE] metrics_summary: /finance_ML/zhanghaohan/stock_language_model/saved_LOB_stream/pool_0709_0710_eval_0710_model_variants/blank_fixed_sampling_win100/blank_T10_k0_win100/fixed_start_model_blankgpt2_tokens_openbidanchor_txncomplete_000981XSHE_20260408_223243/metrics_summary.json
