[2026-04-08 22:18:30] [INFO] Experiment folder: /finance_ML/zhanghaohan/stock_language_model/saved_LOB_stream/pool_0709_0710_eval_0710_model_variants/sentence_k3_win100/sentence_k3_win100_T10_k0_ep3/fixed_start_model_blankgpt2_tokens_dynamic_anchor_txncomplete_000617XSHE_20260408_221830
[2026-04-08 22:18:30] [INFO] checkpoint: /finance_ML/zhanghaohan/stock_language_model/training_runs/pool_0709_0710_train0709_sentence_k3_baseline_win100_ep3/000617XSHE/model_cache/preGPT2sentS2IP_20250709_txncomplete_000617XSHE_win100_k3_20260408_192804_best.pt
[2026-04-08 22:18:30] [INFO] device: cuda greedy=False
/finance_ML/zhanghaohan/stock_language_model/scripts/hist_script/replay_decoded_real_tokens_openbidanchor_txncomplete_fixed_start.py:117: DtypeWarning: Columns (1,2,3,5,6,7,8,9,10,11,12,13,14,15,16,17,18,19,20,21,22,23,24,25,26,27,28,29,30,31,32,33,34,35,36,37,38,39,40,41,42,43,44,45,46,47,48,49,50,51,52,53,54,55,56,57,58,59,60,61,62,63,64,65,66,67,68,69,70,71,72,73,74,75,76,77,78,79,80,81,82,83,84,85,86,88) have mixed types. Specify dtype option on import or set low_memory=False.
  lob_info = pd.read_csv(lob_snap_path, header=None, names=columns)
[2026-04-08 22:30:50] [INFO] tokenizable_rows=66758 token_exact_match_rate_all=0.001887 tail_after_seed=0.000390
[2026-04-08 22:31:03] [INFO] Running eval vs clean reference...
2026-04-08 22:31:03 [INFO] ======================================================================
2026-04-08 22:31:03 [INFO] decoded real-token open-anchor txn-complete evaluation
2026-04-08 22:31:03 [INFO] ======================================================================
2026-04-08 22:31:03 [INFO] Evaluating: /finance_ML/zhanghaohan/stock_language_model/saved_LOB_stream/pool_0709_0710_eval_0710_model_variants/sentence_k3_win100/sentence_k3_win100_T10_k0_ep3/fixed_start_model_blankgpt2_tokens_dynamic_anchor_txncomplete_000617XSHE_20260408_221830
2026-04-08 22:31:03 [INFO] 
── loading data ───────────────────────────────────────
2026-04-08 22:31:03 [INFO] Loading LOBSTER data from /finance_ML/zhanghaohan/stock_language_model/saved_LOB_stream/pool_0709_0710_eval_0710_model_variants/sentence_k3_win100/sentence_k3_win100_T10_k0_ep3/fixed_start_model_blankgpt2_tokens_dynamic_anchor_txncomplete_000617XSHE_20260408_221830
2026-04-08 22:31:03 [INFO] Loaded 21,938 rows | 10 book levels | date 2025-07-10
2026-04-08 22:31:03 [INFO] Loading real reference LOBSTER data from /finance_ML/zhanghaohan/stock_language_model/saved_LOB_stream/fixed_start_realflow_generate_lobster_openbidanchor_txncomplete_000617XSHE_20260405_132652
2026-04-08 22:31:03 [INFO] Loading LOBSTER data from /finance_ML/zhanghaohan/stock_language_model/saved_LOB_stream/fixed_start_realflow_generate_lobster_openbidanchor_txncomplete_000617XSHE_20260405_132652
2026-04-08 22:31:03 [INFO] Loaded 30,961 rows | 10 book levels | date 2025-07-10
2026-04-08 22:31:03 [INFO] 
── computing metrics ──────────────────────────────────
/finance_ML/zhanghaohan/mycondaenv/lib/python3.8/site-packages/statsmodels/tsa/stattools.py:693: RuntimeWarning: invalid value encountered in divide
  acf = avf[: nlags + 1] / avf[0]
2026-04-08 22:31:04 [WARNING] Reference metric log_time_to_cancel skipped: <lambda>() got an unexpected keyword argument 'include_groups'
2026-04-08 22:31:06 [WARNING] Reference conditional metric spread | volatility skipped: Invalid frequency: 0.1s
2026-04-08 22:31:06 [INFO] Computed now (generated-only): 15 metric groups
2026-04-08 22:31:06 [INFO] Computed (with real reference LOB data): 22 benchmark metric configs
2026-04-08 22:31:06 [INFO] Failed (with real reference LOB data): 2 benchmark metric configs
2026-04-08 22:31:06 [INFO] Skipped (needs true order-ID linkage): 2 metrics
2026-04-08 22:31:06 [INFO] 
── LOB-Bench-style overall aggregates (reference_comparison) ──
2026-04-08 22:31:06 [INFO]   Wasserstein aggregate: n=21  mean=0.525919  median=0.410142  iqm=0.43304  (lower is better)
2026-04-08 22:31:06 [INFO]   L1_by_group aggregate: n=20  mean=0.457922  median=0.401146  iqm=0.421605  (lower is better)
2026-04-08 22:31:06 [INFO] 
── generating plots ───────────────────────────────────
2026-04-08 22:31:08 [INFO] saved mid_price.png
2026-04-08 22:31:08 [INFO] saved spread.png
2026-04-08 22:31:09 [INFO] saved returns_dist.png
/finance_ML/zhanghaohan/mycondaenv/lib/python3.8/site-packages/statsmodels/tsa/stattools.py:693: RuntimeWarning: invalid value encountered in divide
  acf = avf[: nlags + 1] / avf[0]
2026-04-08 22:31:09 [INFO] saved autocorr.png
2026-04-08 22:31:09 [INFO] saved inter_arrival_time.png
2026-04-08 22:31:10 [INFO] saved l1_volume.png
2026-04-08 22:31:11 [INFO] saved volume_per_minute.png
2026-04-08 22:31:11 [INFO] saved orderbook_imbalance.png
2026-04-08 22:31:12 [INFO] saved orderflow_imbalance.png
2026-04-08 22:31:12 [INFO] saved event_type_counts.png
2026-04-08 22:31:12 [INFO] Skipped time-to-fill/time-to-cancel plots: requires true order-ID linkage (not available in synthetic IDs).
2026-04-08 22:31:13 [INFO] saved overview_panel.png
2026-04-08 22:31:13 [INFO] Wrote metrics summary: /finance_ML/zhanghaohan/stock_language_model/saved_LOB_stream/pool_0709_0710_eval_0710_model_variants/sentence_k3_win100/sentence_k3_win100_T10_k0_ep3/fixed_start_model_blankgpt2_tokens_dynamic_anchor_txncomplete_000617XSHE_20260408_221830/metrics_summary.json
2026-04-08 22:31:13 [INFO] 
── all computed metrics summary ─────────────────────
2026-04-08 22:31:13 [INFO]   acf_returns_1min: [NaN, NaN, NaN, NaN, NaN, NaN]
2026-04-08 22:31:13 [INFO]   direction_counts: {"-1": 9435, "1": 12503}
2026-04-08 22:31:13 [INFO]   direction_fractions: {"-1": 0.4301, "1": 0.5699}
2026-04-08 22:31:13 [INFO]   event_type_counts: {"1": 6642, "2": 107, "3": 1338, "4": 13851}
2026-04-08 22:31:13 [INFO]   event_type_fractions: {"1": 0.3028, "2": 0.0049, "3": 0.061, "4": 0.6314}
2026-04-08 22:31:13 [INFO]   iat_ms: {"mean": 53.41825377195152, "median": 20.0, "n": 8086, "n_exec_excluded": 13851, "p95": 220.0, "std": 79.32064630868726}
2026-04-08 22:31:13 [INFO]   l1_volume: {"ask_mean": 428517.0072932811, "ask_median": 228224.0, "bid_mean": 120629.70243413256, "bid_median": 129800.0}
2026-04-08 22:31:13 [INFO]   mid_price: {"end_cny": 9.29, "end_price_int": 92900.0, "mean_cny": 9.296138435591208, "mean_price_int": 92961.38435591212, "mean_ticks_0p01": 929.6138435591212, "start_cny": 9.345, "start_price_int": 93450.0, "std_cny": 0.014877816899909753, "std_price_int": 148.77816899909385, "std_ticks_0p01": 1.4877816899909386, "total_return_bps": -58.855002675227695}
2026-04-08 22:31:13 [INFO]   ob_imbalance: {"mean": -0.2798222530546555, "median": -0.5836100177398814, "std": 0.5780779185563473}
2026-04-08 22:31:13 [INFO]   orderflow_imbalance: {"mean": -42.912295997802, "n": 21838, "std": 854.9014109694361}
2026-04-08 22:31:13 [INFO]   returns_1min: {"kurtosis": 0.0, "mean": 0.0, "n": 7, "skew": 0.0, "std": 0.0}
2026-04-08 22:31:13 [INFO]   spread_ticks: {"mean": 1.4466304839439168, "median": 1.0, "n": 4422, "pct_zero_spread": 0.7984319445710639, "std": 0.876559558774725, "tick_size_cny": 0.01, "tick_size_price_int": 100}
2026-04-08 22:31:13 [INFO]   total_volume_5lvl: {"ask_mean": 918298.5386543897, "bid_mean": 1072511.1555292187}
2026-04-08 22:31:13 [INFO]   volatility_1min: 0.0
2026-04-08 22:31:13 [INFO]   volume_per_minute: {"mean": 2787720.9878645944, "n": 427, "total": 1190356861.8181818}
2026-04-08 22:31:13 [INFO]   [real-vs-generated comparative metrics]
2026-04-08 22:31:13 [INFO]   ask_cancellation_depth: {"l1_by_group": 0.5424235362270664, "n_generated": 587, "n_real": 2829, "wasserstein": 0.5314286857706769}
2026-04-08 22:31:13 [INFO]   ask_cancellation_levels: {"l1_by_group": 0.4072336604263861, "n_generated": 517, "n_real": 1721, "wasserstein": 0.7519147078476558}
2026-04-08 22:31:13 [INFO]   ask_volume: {"l1_by_group": 0.3894927036993058, "n_generated": 21938, "n_real": 30961, "wasserstein": 0.5165124064304267}
2026-04-08 22:31:13 [INFO]   ask_volume | spread: {"n_generated": 21938, "n_real": 30961, "num_condition_groups": 8, "per_group": {"1": {"n": 17516, "wasserstein": null}, "2": {"n": 31997, "wasserstein": 1.0616988671549203}, "3": {"n": 2523, "wasserstein": 0.43249189207901706}, "4": {"n": 381, "wasserstein": 0.387763198580465}, "5": {"n": 315, "wasserstein": 1.1376512048983756}, "6": {"n": 128, "wasserstein": 1.454570106209905}, "7": {"n": 31, "wasserstein": 0.2256827279282756}, "8": {"n": 8, "wasserstein": null}}, "weighted_wasserstein": null}
2026-04-08 22:31:13 [INFO]   ask_volume_touch: {"l1_by_group": 0.7454786923714287, "n_generated": 21938, "n_real": 30961, "wasserstein": 1.182783626329361}
2026-04-08 22:31:13 [INFO]   bid_cancellation_depth: {"l1_by_group": 0.3505708761106764, "n_generated": 749, "n_real": 1624, "wasserstein": 0.30247803323253725}
2026-04-08 22:31:13 [INFO]   bid_cancellation_levels: {"l1_by_group": 0.23132243556478116, "n_generated": 705, "n_real": 984, "wasserstein": 0.350971201771055}
2026-04-08 22:31:13 [INFO]   bid_volume: {"l1_by_group": 0.5440676988962398, "n_generated": 21938, "n_real": 30961, "wasserstein": 0.4235107359793603}
2026-04-08 22:31:13 [INFO]   bid_volume_touch: {"l1_by_group": 0.8575806312682689, "n_generated": 21938, "n_real": 30961, "wasserstein": 0.830380578372802}
2026-04-08 22:31:13 [INFO]   limit_ask_order_depth: {"l1_by_group": 0.4655678202346859, "n_generated": 2249, "n_real": 9528, "wasserstein": 0.5176972999972846}
2026-04-08 22:31:13 [INFO]   limit_ask_order_levels: {"l1_by_group": 0.2862715447931362, "n_generated": 2215, "n_real": 8079, "wasserstein": 0.4101418311968399}
2026-04-08 22:31:13 [INFO]   limit_bid_order_depth: {"l1_by_group": 0.6016749873922995, "n_generated": 3790, "n_real": 3699, "wasserstein": 0.2017770631704245}
2026-04-08 22:31:13 [INFO]   limit_bid_order_levels: {"l1_by_group": 0.27159712363931887, "n_generated": 4002, "n_real": 3162, "wasserstein": 0.31185858260302096}
2026-04-08 22:31:13 [INFO]   log_inter_arrival_time: {"l1_by_group": 0.2198389615599946, "n_generated": 21937, "n_real": 30960, "wasserstein": 0.3792512921831349}
2026-04-08 22:31:13 [INFO]   ofi: {"l1_by_group": 0.39999079120275954, "n_generated": 21838, "n_real": 30861, "wasserstein": 0.16120586653102828}
2026-04-08 22:31:13 [INFO]   ofi_down: {"l1_by_group": 0.37216431637032493, "n_generated": 77, "n_real": 233, "wasserstein": 0.19878252422395293}
2026-04-08 22:31:13 [INFO]   ofi_stay: {"l1_by_group": 0.40230036634925476, "n_generated": 21687, "n_real": 30389, "wasserstein": 0.16164394859604794}
2026-04-08 22:31:13 [INFO]   ofi_up: {"l1_by_group": 0.342235524346725, "n_generated": 73, "n_real": 238, "wasserstein": 0.2676754079786622}
2026-04-08 22:31:13 [INFO]   orderbook_imbalance: {"l1_by_group": 0.6748122630428256, "n_generated": 21938, "n_real": 30961, "wasserstein": 1.0361109538877467}
2026-04-08 22:31:13 [INFO]   spread: {"l1_by_group": 0.8023195267974799, "n_generated": 21938, "n_real": 30961, "wasserstein": 1.1961922909714542}
2026-04-08 22:31:13 [INFO]   spread | time: {"n_generated": 21938, "n_real": 30961, "num_condition_groups": 1, "per_group": {"10": {"n": 52899, "wasserstein": 1.1961922909714542}}, "weighted_wasserstein": 1.1961922909714542}
2026-04-08 22:31:13 [INFO]   vol_per_min: {"l1_by_group": 0.2515036423131216, "n_generated": 427, "n_real": 579, "wasserstein": 0.11579948833555306}
[2026-04-08 22:31:13] [DONE] metrics_summary: /finance_ML/zhanghaohan/stock_language_model/saved_LOB_stream/pool_0709_0710_eval_0710_model_variants/sentence_k3_win100/sentence_k3_win100_T10_k0_ep3/fixed_start_model_blankgpt2_tokens_dynamic_anchor_txncomplete_000617XSHE_20260408_221830/metrics_summary.json
