[2026-04-08 22:32:43] [INFO] Experiment folder: /finance_ML/zhanghaohan/stock_language_model/saved_LOB_stream/pool_0709_0710_eval_0710_model_variants/blank_fixed_sampling_win100/blank_T10_k0_win100/fixed_start_model_blankgpt2_tokens_openbidanchor_txncomplete_000617XSHE_20260408_223243
[2026-04-08 22:32:43] [INFO] checkpoint: /finance_ML/zhanghaohan/stock_language_model/training_runs/pool_0709_0710_train0709_blank_gpt2_win100/000617XSHE/model_cache/blankGPT2_20250709_txncomplete_000617XSHE_win100_20260406_211031_best.pt
[2026-04-08 22:32:43] [INFO] device: cuda greedy=False
/finance_ML/zhanghaohan/stock_language_model/scripts/hist_script/replay_decoded_real_tokens_openbidanchor_txncomplete_fixed_start.py:117: DtypeWarning: Columns (1,2,3,5,6,7,8,9,10,11,12,13,14,15,16,17,18,19,20,21,22,23,24,25,26,27,28,29,30,31,32,33,34,35,36,37,38,39,40,41,42,43,44,45,46,47,48,49,50,51,52,53,54,55,56,57,58,59,60,61,62,63,64,65,66,67,68,69,70,71,72,73,74,75,76,77,78,79,80,81,82,83,84,85,86,88) have mixed types. Specify dtype option on import or set low_memory=False.
  lob_info = pd.read_csv(lob_snap_path, header=None, names=columns)
[2026-04-08 22:44:33] [INFO] tokenizable_rows=66758 token_exact_match_rate_all=0.002007 tail_after_seed=0.000510
[2026-04-08 22:44:47] [INFO] Running eval vs clean reference...
2026-04-08 22:44:47 [INFO] ======================================================================
2026-04-08 22:44:47 [INFO] decoded real-token open-anchor txn-complete evaluation
2026-04-08 22:44:47 [INFO] ======================================================================
2026-04-08 22:44:47 [INFO] Evaluating: /finance_ML/zhanghaohan/stock_language_model/saved_LOB_stream/pool_0709_0710_eval_0710_model_variants/blank_fixed_sampling_win100/blank_T10_k0_win100/fixed_start_model_blankgpt2_tokens_openbidanchor_txncomplete_000617XSHE_20260408_223243
2026-04-08 22:44:47 [INFO] 
── loading data ───────────────────────────────────────
2026-04-08 22:44:47 [INFO] Loading LOBSTER data from /finance_ML/zhanghaohan/stock_language_model/saved_LOB_stream/pool_0709_0710_eval_0710_model_variants/blank_fixed_sampling_win100/blank_T10_k0_win100/fixed_start_model_blankgpt2_tokens_openbidanchor_txncomplete_000617XSHE_20260408_223243
2026-04-08 22:44:48 [INFO] Loaded 30,924 rows | 10 book levels | date 2025-07-10
2026-04-08 22:44:48 [INFO] Loading real reference LOBSTER data from /finance_ML/zhanghaohan/stock_language_model/saved_LOB_stream/fixed_start_realflow_generate_lobster_openbidanchor_txncomplete_000617XSHE_20260405_132652
2026-04-08 22:44:48 [INFO] Loading LOBSTER data from /finance_ML/zhanghaohan/stock_language_model/saved_LOB_stream/fixed_start_realflow_generate_lobster_openbidanchor_txncomplete_000617XSHE_20260405_132652
2026-04-08 22:44:48 [INFO] Loaded 30,961 rows | 10 book levels | date 2025-07-10
2026-04-08 22:44:48 [INFO] 
── computing metrics ──────────────────────────────────
2026-04-08 22:44:49 [WARNING] Reference metric log_time_to_cancel skipped: <lambda>() got an unexpected keyword argument 'include_groups'
2026-04-08 22:44:51 [WARNING] Reference conditional metric spread | volatility skipped: Invalid frequency: 0.1s
2026-04-08 22:44:51 [INFO] Computed now (generated-only): 15 metric groups
2026-04-08 22:44:51 [INFO] Computed (with real reference LOB data): 22 benchmark metric configs
2026-04-08 22:44:51 [INFO] Failed (with real reference LOB data): 2 benchmark metric configs
2026-04-08 22:44:51 [INFO] Skipped (needs true order-ID linkage): 2 metrics
2026-04-08 22:44:51 [INFO] 
── LOB-Bench-style overall aggregates (reference_comparison) ──
2026-04-08 22:44:51 [INFO]   Wasserstein aggregate: n=20  mean=0.446834  median=0.247443  iqm=0.346004  (lower is better)
2026-04-08 22:44:51 [INFO]   L1_by_group aggregate: n=20  mean=0.418081  median=0.411372  iqm=0.389661  (lower is better)
2026-04-08 22:44:51 [INFO] 
── generating plots ───────────────────────────────────
2026-04-08 22:44:53 [INFO] saved mid_price.png
2026-04-08 22:44:54 [INFO] saved spread.png
2026-04-08 22:44:54 [INFO] saved returns_dist.png
2026-04-08 22:44:54 [INFO] saved autocorr.png
2026-04-08 22:44:55 [INFO] saved inter_arrival_time.png
2026-04-08 22:44:55 [INFO] saved l1_volume.png
2026-04-08 22:44:56 [INFO] saved volume_per_minute.png
2026-04-08 22:44:57 [INFO] saved orderbook_imbalance.png
2026-04-08 22:44:57 [INFO] saved orderflow_imbalance.png
2026-04-08 22:44:58 [INFO] saved event_type_counts.png
2026-04-08 22:44:58 [INFO] Skipped time-to-fill/time-to-cancel plots: requires true order-ID linkage (not available in synthetic IDs).
2026-04-08 22:44:59 [INFO] saved overview_panel.png
2026-04-08 22:44:59 [INFO] Wrote metrics summary: /finance_ML/zhanghaohan/stock_language_model/saved_LOB_stream/pool_0709_0710_eval_0710_model_variants/blank_fixed_sampling_win100/blank_T10_k0_win100/fixed_start_model_blankgpt2_tokens_openbidanchor_txncomplete_000617XSHE_20260408_223243/metrics_summary.json
2026-04-08 22:44:59 [INFO] 
── all computed metrics summary ─────────────────────
2026-04-08 22:44:59 [INFO]   acf_returns_1min: [1.0, 0.11328081737657972, -0.02324127254253835, -0.034861908813807456, -0.04648254508507662, -0.05810318135634585, -0.06972381762761501, -0.08134445389888412, -0.09296509017015334, -0.10458572644142246]
2026-04-08 22:44:59 [INFO]   direction_counts: {"-1": 12671, "1": 18253}
2026-04-08 22:44:59 [INFO]   direction_fractions: {"-1": 0.4097, "1": 0.5903}
2026-04-08 22:44:59 [INFO]   event_type_counts: {"1": 13345, "2": 128, "3": 3152, "4": 14299}
2026-04-08 22:44:59 [INFO]   event_type_fractions: {"1": 0.4315, "2": 0.0041, "3": 0.1019, "4": 0.4624}
2026-04-08 22:44:59 [INFO]   iat_ms: {"mean": 364.70765158806546, "median": 20.0, "n": 16624, "n_exec_excluded": 14299, "p95": 160.0, "std": 41882.45658098636}
2026-04-08 22:44:59 [INFO]   l1_volume: {"ask_mean": 195797.07990557497, "ask_median": 140400.0, "bid_mean": 104556.61392445996, "bid_median": 129800.0}
2026-04-08 22:44:59 [INFO]   mid_price: {"end_cny": 9.29, "end_price_int": 92900.0, "mean_cny": 9.300935681024443, "mean_price_int": 93009.35681024447, "mean_ticks_0p01": 930.0935681024447, "start_cny": 9.345, "start_price_int": 93450.0, "std_cny": 0.02047123834657857, "std_price_int": 204.71238346578093, "std_ticks_0p01": 2.0471238346578096, "total_return_bps": -58.855002675227695}
2026-04-08 22:44:59 [INFO]   ob_imbalance: {"mean": -0.05738509339982798, "median": -0.1671372106154715, "std": 0.5830839161666639}
2026-04-08 22:44:59 [INFO]   orderflow_imbalance: {"mean": 7.899396574098113, "n": 30824, "std": 588.6773345563761}
2026-04-08 22:44:59 [INFO]   returns_1min: {"kurtosis": 10.535394876527985, "mean": -0.00043929310617633763, "n": 11, "skew": -3.2280681349834413, "std": 0.0012886632217579898}
2026-04-08 22:44:59 [INFO]   spread_ticks: {"mean": 1.2466418681545774, "median": 1.0, "n": 9678, "pct_zero_spread": 0.6870391928599147, "std": 0.4569133969373395, "tick_size_cny": 0.01, "tick_size_price_int": 100}
2026-04-08 22:44:59 [INFO]   total_volume_5lvl: {"ask_mean": 960351.3117643255, "bid_mean": 5046689.742562411}
2026-04-08 22:44:59 [INFO]   volatility_1min: 0.0012886632217579896
2026-04-08 22:44:59 [INFO]   volume_per_minute: {"mean": 2447555.7408801243, "n": 657, "total": 1608044121.7582417}
2026-04-08 22:44:59 [INFO]   [real-vs-generated comparative metrics]
2026-04-08 22:44:59 [INFO]   ask_cancellation_depth: {"l1_by_group": 0.5218425099491801, "n_generated": 1207, "n_real": 2829, "wasserstein": 0.6405157122332035}
2026-04-08 22:44:59 [INFO]   ask_cancellation_levels: {"l1_by_group": 0.3251041448587888, "n_generated": 1063, "n_real": 1721, "wasserstein": 0.6172050704366561}
2026-04-08 22:44:59 [INFO]   ask_volume: {"l1_by_group": 0.4249747506356454, "n_generated": 30924, "n_real": 30961, "wasserstein": 0.41518674057482724}
2026-04-08 22:44:59 [INFO]   ask_volume | spread: {"n_generated": 30924, "n_real": 30961, "num_condition_groups": 8, "per_group": {"1": {"n": 21246, "wasserstein": null}, "2": {"n": 36262, "wasserstein": 1.1552783597964367}, "3": {"n": 3756, "wasserstein": 0.9677174120537299}, "4": {"n": 361, "wasserstein": 0.7516174599668686}, "5": {"n": 200, "wasserstein": 1.0857190336514706}, "6": {"n": 27, "wasserstein": 1.0214737096754187}, "7": {"n": 27, "wasserstein": null}, "8": {"n": 6, "wasserstein": null}}, "weighted_wasserstein": null}
2026-04-08 22:44:59 [INFO]   ask_volume_touch: {"l1_by_group": 0.7334916750804754, "n_generated": 30924, "n_real": 30961, "wasserstein": 0.9970089375638531}
2026-04-08 22:44:59 [INFO]   bid_cancellation_depth: {"l1_by_group": 0.3053647955032148, "n_generated": 1907, "n_real": 1624, "wasserstein": 0.22240121265892843}
2026-04-08 22:44:59 [INFO]   bid_cancellation_levels: {"l1_by_group": 0.1790251873106966, "n_generated": 1530, "n_real": 984, "wasserstein": 0.1906271803413767}
2026-04-08 22:44:59 [INFO]   bid_volume: {"l1_by_group": 0.7965308173219671, "n_generated": 30924, "n_real": 30961, "wasserstein": 1.1682766257709805}
2026-04-08 22:44:59 [INFO]   bid_volume_touch: {"l1_by_group": 0.7287489249799584, "n_generated": 30924, "n_real": 30961, "wasserstein": 0.8000665268386433}
2026-04-08 22:44:59 [INFO]   limit_ask_order_depth: {"l1_by_group": 0.45224309930214257, "n_generated": 4973, "n_real": 9528, "wasserstein": 0.47231384937883947}
2026-04-08 22:44:59 [INFO]   limit_ask_order_levels: {"l1_by_group": 0.23956181226706746, "n_generated": 4044, "n_real": 8079, "wasserstein": 0.21640220014660905}
2026-04-08 22:44:59 [INFO]   limit_bid_order_depth: {"l1_by_group": 0.441832436284991, "n_generated": 7700, "n_real": 3699, "wasserstein": 0.11673153589277505}
2026-04-08 22:44:59 [INFO]   limit_bid_order_levels: {"l1_by_group": 0.20796017782218443, "n_generated": 6685, "n_real": 3162, "wasserstein": 0.1965074500116376}
2026-04-08 22:44:59 [INFO]   log_inter_arrival_time: {"l1_by_group": 0.049905830110148576, "n_generated": 30923, "n_real": 30960, "wasserstein": 0.06138264566946045}
2026-04-08 22:44:59 [INFO]   ofi: {"l1_by_group": 0.41076287678332096, "n_generated": 30824, "n_real": 30861, "wasserstein": 0.2006545264428493}
2026-04-08 22:44:59 [INFO]   ofi_down: {"l1_by_group": 0.28486014503477874, "n_generated": 145, "n_real": 233, "wasserstein": 0.2724849569160646}
2026-04-08 22:44:59 [INFO]   ofi_stay: {"l1_by_group": 0.41198123726054214, "n_generated": 30538, "n_real": 30389, "wasserstein": 0.20637280114262707}
2026-04-08 22:44:59 [INFO]   ofi_up: {"l1_by_group": 0.3176470588235293, "n_generated": 140, "n_real": 238, "wasserstein": 0.14223302008576236}
2026-04-08 22:44:59 [INFO]   orderbook_imbalance: {"l1_by_group": 0.6613904741717553, "n_generated": 30924, "n_real": 30961, "wasserstein": 0.7778334524158529}
2026-04-08 22:44:59 [INFO]   spread: {"l1_by_group": 0.7068903965040602, "n_generated": 30924, "n_real": 30961, "wasserstein": 1.1190030943323386}
2026-04-08 22:44:59 [INFO]   spread | time: {"n_generated": 30924, "n_real": 30961, "num_condition_groups": 2, "per_group": {"10": {"n": 32577, "wasserstein": 0.4663499126220563}, "12": {"n": 29308, "wasserstein": null}}, "weighted_wasserstein": null}
2026-04-08 22:44:59 [INFO]   vol_per_min: {"l1_by_group": 0.16150503544924724, "n_generated": 657, "n_real": 579, "wasserstein": 0.1034702067965985}
[2026-04-08 22:44:59] [DONE] metrics_summary: /finance_ML/zhanghaohan/stock_language_model/saved_LOB_stream/pool_0709_0710_eval_0710_model_variants/blank_fixed_sampling_win100/blank_T10_k0_win100/fixed_start_model_blankgpt2_tokens_openbidanchor_txncomplete_000617XSHE_20260408_223243/metrics_summary.json
