[2026-04-08 16:54:02] [INFO] Experiment folder: /finance_ML/zhanghaohan/stock_language_model/saved_LOB_stream/pool_0709_0710_eval_0710_model_variants/sentence_preset_s2ip_k3/sentence_s2ip_k3_T10_k0_win50/fixed_start_model_blankgpt2_tokens_dynamic_anchor_txncomplete_002366XSHE_20260408_165402
[2026-04-08 16:54:02] [INFO] checkpoint: /finance_ML/zhanghaohan/stock_language_model/training_runs/pool_0709_0710_train0709_sentence_preset_s2ip_win50_k3/002366XSHE/model_cache/preGPT2sentS2IP_20250709_txncomplete_002366XSHE_win50_k3_20260408_082346_best.pt
[2026-04-08 16:54:02] [INFO] device: cuda greedy=False
/finance_ML/zhanghaohan/stock_language_model/scripts/hist_script/replay_decoded_real_tokens_openbidanchor_txncomplete_fixed_start.py:117: DtypeWarning: Columns (1,2,3,5,6,7,8,9,10,11,12,13,14,15,16,17,18,19,20,21,22,23,24,25,26,27,28,29,30,31,32,33,34,35,36,37,38,39,40,41,42,43,44,45,46,47,48,49,50,51,52,53,54,55,56,57,58,59,60,61,62,63,64,65,66,67,68,69,70,71,72,73,74,75,76,77,78,79,80,81,82,83,84,85,86,88) have mixed types. Specify dtype option on import or set low_memory=False.
  lob_info = pd.read_csv(lob_snap_path, header=None, names=columns)
[2026-04-08 17:04:20] [INFO] tokenizable_rows=29363 token_exact_match_rate_all=0.001941 tail_after_seed=0.000239
[2026-04-08 17:04:26] [INFO] Running eval vs clean reference...
2026-04-08 17:04:26 [INFO] ======================================================================
2026-04-08 17:04:26 [INFO] decoded real-token open-anchor txn-complete evaluation
2026-04-08 17:04:26 [INFO] ======================================================================
2026-04-08 17:04:26 [INFO] Evaluating: /finance_ML/zhanghaohan/stock_language_model/saved_LOB_stream/pool_0709_0710_eval_0710_model_variants/sentence_preset_s2ip_k3/sentence_s2ip_k3_T10_k0_win50/fixed_start_model_blankgpt2_tokens_dynamic_anchor_txncomplete_002366XSHE_20260408_165402
2026-04-08 17:04:26 [INFO] 
── loading data ───────────────────────────────────────
2026-04-08 17:04:26 [INFO] Loading LOBSTER data from /finance_ML/zhanghaohan/stock_language_model/saved_LOB_stream/pool_0709_0710_eval_0710_model_variants/sentence_preset_s2ip_k3/sentence_s2ip_k3_T10_k0_win50/fixed_start_model_blankgpt2_tokens_dynamic_anchor_txncomplete_002366XSHE_20260408_165402
2026-04-08 17:04:26 [INFO] Loaded 6,461 rows | 10 book levels | date 2025-07-10
2026-04-08 17:04:26 [INFO] Loading real reference LOBSTER data from /finance_ML/zhanghaohan/stock_language_model/saved_LOB_stream/fixed_start_realflow_generate_lobster_openbidanchor_txncomplete_002366XSHE_20260405_132652
2026-04-08 17:04:26 [INFO] Loading LOBSTER data from /finance_ML/zhanghaohan/stock_language_model/saved_LOB_stream/fixed_start_realflow_generate_lobster_openbidanchor_txncomplete_002366XSHE_20260405_132652
2026-04-08 17:04:26 [INFO] Loaded 18,950 rows | 10 book levels | date 2025-07-10
2026-04-08 17:04:26 [INFO] 
── computing metrics ──────────────────────────────────
/finance_ML/zhanghaohan/mycondaenv/lib/python3.8/site-packages/statsmodels/tsa/stattools.py:472: RuntimeWarning: Mean of empty slice.
  xo = x - x.mean()
/finance_ML/zhanghaohan/mycondaenv/lib/python3.8/site-packages/numpy/core/_methods.py:192: RuntimeWarning: invalid value encountered in scalar divide
  ret = ret.dtype.type(ret / rcount)
2026-04-08 17:04:26 [WARNING] autocorr skipped: negative dimensions are not allowed
2026-04-08 17:04:26 [WARNING] Reference metric log_time_to_cancel skipped: <lambda>() got an unexpected keyword argument 'include_groups'
2026-04-08 17:04:28 [WARNING] Reference conditional metric spread | volatility skipped: Invalid frequency: 0.1s
2026-04-08 17:04:28 [INFO] Computed now (generated-only): 14 metric groups
2026-04-08 17:04:28 [INFO] Computed (with real reference LOB data): 22 benchmark metric configs
2026-04-08 17:04:28 [INFO] Failed (with real reference LOB data): 2 benchmark metric configs
2026-04-08 17:04:28 [INFO] Skipped (needs true order-ID linkage): 2 metrics
2026-04-08 17:04:28 [INFO] 
── LOB-Bench-style overall aggregates (reference_comparison) ──
2026-04-08 17:04:28 [INFO]   Wasserstein aggregate: n=21  mean=0.681906  median=0.669055  iqm=0.650707  (lower is better)
2026-04-08 17:04:28 [INFO]   L1_by_group aggregate: n=20  mean=0.527798  median=0.530056  iqm=0.556332  (lower is better)
2026-04-08 17:04:28 [INFO] 
── generating plots ───────────────────────────────────
2026-04-08 17:04:29 [INFO] saved mid_price.png
2026-04-08 17:04:29 [INFO] saved spread.png
2026-04-08 17:04:30 [INFO] saved inter_arrival_time.png
2026-04-08 17:04:30 [INFO] saved l1_volume.png
2026-04-08 17:04:31 [INFO] saved volume_per_minute.png
2026-04-08 17:04:31 [INFO] saved orderbook_imbalance.png
2026-04-08 17:04:32 [INFO] saved orderflow_imbalance.png
2026-04-08 17:04:32 [INFO] saved event_type_counts.png
2026-04-08 17:04:32 [INFO] Skipped time-to-fill/time-to-cancel plots: requires true order-ID linkage (not available in synthetic IDs).
2026-04-08 17:04:33 [INFO] saved overview_panel.png
2026-04-08 17:04:33 [INFO] Wrote metrics summary: /finance_ML/zhanghaohan/stock_language_model/saved_LOB_stream/pool_0709_0710_eval_0710_model_variants/sentence_preset_s2ip_k3/sentence_s2ip_k3_T10_k0_win50/fixed_start_model_blankgpt2_tokens_dynamic_anchor_txncomplete_002366XSHE_20260408_165402/metrics_summary.json
2026-04-08 17:04:33 [INFO] 
── all computed metrics summary ─────────────────────
2026-04-08 17:04:33 [INFO]   direction_counts: {"-1": 2771, "1": 3690}
2026-04-08 17:04:33 [INFO]   direction_fractions: {"-1": 0.4289, "1": 0.5711}
2026-04-08 17:04:33 [INFO]   event_type_counts: {"1": 2161, "2": 128, "3": 609, "4": 3563}
2026-04-08 17:04:33 [INFO]   event_type_fractions: {"1": 0.3345, "2": 0.0198, "3": 0.0943, "4": 0.5515}
2026-04-08 17:04:33 [INFO]   iat_ms: {"mean": 19.130134622022783, "median": 10.0, "n": 2897, "n_exec_excluded": 3563, "p95": 70.0, "std": 26.487565747779094}
2026-04-08 17:04:33 [INFO]   l1_volume: {"ask_mean": 34915.86441727287, "ask_median": 5600.0, "bid_mean": 43986.3024299644, "bid_median": 69100.0}
2026-04-08 17:04:33 [INFO]   mid_price: {"end_cny": 9.485, "end_price_int": 94850.0, "mean_cny": 9.4733895681783, "mean_price_int": 94733.895681783, "mean_ticks_0p01": 947.3389568178301, "start_cny": 9.47, "start_price_int": 94700.0, "std_cny": 0.0062049423137450575, "std_price_int": 62.04942313745288, "std_ticks_0p01": 0.6204942313745287, "total_return_bps": 15.839493136220462}
2026-04-08 17:04:33 [INFO]   ob_imbalance: {"mean": 0.2097583247526396, "median": 0.8500669344042838, "std": 0.8662269690349793}
2026-04-08 17:04:33 [INFO]   orderflow_imbalance: {"mean": 2.7904417544411255, "n": 6361, "std": 37.24712993640974}
2026-04-08 17:04:33 [INFO]   returns_1min: {"kurtosis": null, "mean": null, "n": 0, "skew": null, "std": null}
2026-04-08 17:04:33 [INFO]   spread_ticks: {"mean": 1.6502089459835938, "median": 2.0, "n": 6461, "pct_zero_spread": 0.0, "std": 0.5236618236618208, "tick_size_cny": 0.01, "tick_size_price_int": 100}
2026-04-08 17:04:33 [INFO]   total_volume_5lvl: {"ask_mean": 382725.754527163, "bid_mean": 285095.0168704535}
2026-04-08 17:04:33 [INFO]   volatility_1min: 0.0
2026-04-08 17:04:33 [INFO]   volume_per_minute: {"mean": 3978026.6220095693, "n": 55, "total": 218791464.21052632}
2026-04-08 17:04:33 [INFO]   [real-vs-generated comparative metrics]
2026-04-08 17:04:33 [INFO]   ask_cancellation_depth: {"l1_by_group": 0.47965426865697675, "n_generated": 596, "n_real": 1539, "wasserstein": 0.799129840907733}
2026-04-08 17:04:33 [INFO]   ask_cancellation_levels: {"l1_by_group": 0.5046578181861008, "n_generated": 109, "n_real": 779, "wasserstein": 0.7225962976331199}
2026-04-08 17:04:33 [INFO]   ask_volume: {"l1_by_group": 0.7598475202748867, "n_generated": 6461, "n_real": 18950, "wasserstein": 0.8430237047544517}
2026-04-08 17:04:33 [INFO]   ask_volume | spread: {"n_generated": 6461, "n_real": 18950, "num_condition_groups": 7, "per_group": {"1": {"n": 1904, "wasserstein": null}, "2": {"n": 16991, "wasserstein": 0.8563078740822231}, "3": {"n": 5664, "wasserstein": 0.47292504160207044}, "4": {"n": 702, "wasserstein": 1.8781958071023255}, "5": {"n": 63, "wasserstein": null}, "6": {"n": 84, "wasserstein": null}, "7": {"n": 3, "wasserstein": null}}, "weighted_wasserstein": null}
2026-04-08 17:04:33 [INFO]   ask_volume_touch: {"l1_by_group": 0.796684829904942, "n_generated": 6461, "n_real": 18950, "wasserstein": 0.5967876087317068}
2026-04-08 17:04:33 [INFO]   bid_cancellation_depth: {"l1_by_group": 0.2060212362101692, "n_generated": 139, "n_real": 1391, "wasserstein": 0.16044851113672914}
2026-04-08 17:04:33 [INFO]   bid_cancellation_levels: {"l1_by_group": 0.1127619966905681, "n_generated": 74, "n_real": 784, "wasserstein": 0.11533885233823243}
2026-04-08 17:04:33 [INFO]   bid_volume: {"l1_by_group": 0.7361494969410538, "n_generated": 6461, "n_real": 18950, "wasserstein": 0.5787421245073519}
2026-04-08 17:04:33 [INFO]   bid_volume_touch: {"l1_by_group": 0.6840815054728614, "n_generated": 6461, "n_real": 18950, "wasserstein": 0.45421389416920765}
2026-04-08 17:04:33 [INFO]   limit_ask_order_depth: {"l1_by_group": 0.7032283831428253, "n_generated": 1889, "n_real": 4671, "wasserstein": 1.1702159795178266}
2026-04-08 17:04:33 [INFO]   limit_ask_order_levels: {"l1_by_group": 0.27951938898303, "n_generated": 98, "n_real": 3324, "wasserstein": 0.7023049390841997}
2026-04-08 17:04:33 [INFO]   limit_bid_order_depth: {"l1_by_group": 0.3610395687628777, "n_generated": 272, "n_real": 4054, "wasserstein": 0.3185418186293739}
2026-04-08 17:04:33 [INFO]   limit_bid_order_levels: {"l1_by_group": 0.3012671210032463, "n_generated": 199, "n_real": 3616, "wasserstein": 0.620886133597796}
2026-04-08 17:04:33 [INFO]   log_inter_arrival_time: {"l1_by_group": 0.3662809509703984, "n_generated": 6460, "n_real": 18949, "wasserstein": 0.6863574934101646}
2026-04-08 17:04:33 [INFO]   ofi: {"l1_by_group": 0.7031548265145238, "n_generated": 6361, "n_real": 18850, "wasserstein": 0.6690551049755371}
2026-04-08 17:04:33 [INFO]   ofi_down: {"l1_by_group": 0.5497842968075924, "n_generated": 19, "n_real": 305, "wasserstein": 0.600431301617472}
2026-04-08 17:04:33 [INFO]   ofi_stay: {"l1_by_group": 0.7198470764992418, "n_generated": 6320, "n_real": 18232, "wasserstein": 0.6738440702160415}
2026-04-08 17:04:33 [INFO]   ofi_up: {"l1_by_group": 0.47847985347985345, "n_generated": 21, "n_real": 312, "wasserstein": 0.4855851265574072}
2026-04-08 17:04:33 [INFO]   orderbook_imbalance: {"l1_by_group": 0.7194978272312994, "n_generated": 6461, "n_real": 18950, "wasserstein": 0.5076394585833197}
2026-04-08 17:04:33 [INFO]   spread: {"l1_by_group": 0.5103271138909772, "n_generated": 6461, "n_real": 18950, "wasserstein": 0.9440914256985089}
2026-04-08 17:04:33 [INFO]   spread | time: {"n_generated": 6461, "n_real": 18950, "num_condition_groups": 1, "per_group": {"10": {"n": 25411, "wasserstein": 0.9440914256985089}}, "weighted_wasserstein": 0.9440914256985089}
2026-04-08 17:04:33 [INFO]   vol_per_min: {"l1_by_group": 0.5836671802773494, "n_generated": 55, "n_real": 590, "wasserstein": 1.7266994315358206}
[2026-04-08 17:04:33] [DONE] metrics_summary: /finance_ML/zhanghaohan/stock_language_model/saved_LOB_stream/pool_0709_0710_eval_0710_model_variants/sentence_preset_s2ip_k3/sentence_s2ip_k3_T10_k0_win50/fixed_start_model_blankgpt2_tokens_dynamic_anchor_txncomplete_002366XSHE_20260408_165402/metrics_summary.json
