[2026-04-08 17:03:27] [INFO] Experiment folder: /finance_ML/zhanghaohan/stock_language_model/saved_LOB_stream/pool_0709_0710_eval_0710_model_variants/sentence_preset_s2ip_k5/sentence_s2ip_k5_T10_k0_win50/fixed_start_model_blankgpt2_tokens_dynamic_anchor_txncomplete_000981XSHE_20260408_170327
[2026-04-08 17:03:27] [INFO] checkpoint: /finance_ML/zhanghaohan/stock_language_model/training_runs/pool_0709_0710_train0709_sentence_preset_s2ip_win50_k5/000981XSHE/model_cache/preGPT2sentS2IP_20250709_txncomplete_000981XSHE_win50_k5_20260408_082345_best.pt
[2026-04-08 17:03:27] [INFO] device: cuda greedy=False
/finance_ML/zhanghaohan/stock_language_model/scripts/hist_script/replay_decoded_real_tokens_openbidanchor_txncomplete_fixed_start.py:117: DtypeWarning: Columns (1,2,3,5,6,7,8,9,10,11,12,13,14,15,16,17,18,19,20,21,22,23,24,25,26,27,28,29,30,31,32,33,34,35,36,37,38,39,40,41,42,43,44,45,46,47,48,49,50,51,52,53,54,55,56,57,58,59,60,61,62,63,64,65,66,67,68,69,70,71,72,73,74,75,76,77,78,79,80,81,82,83,84,85,86,88) have mixed types. Specify dtype option on import or set low_memory=False.
  lob_info = pd.read_csv(lob_snap_path, header=None, names=columns)
[2026-04-08 17:10:48] [INFO] tokenizable_rows=9814 token_exact_match_rate_all=0.005299 tail_after_seed=0.000205
[2026-04-08 17:10:50] [INFO] Running eval vs clean reference...
2026-04-08 17:10:50 [INFO] ======================================================================
2026-04-08 17:10:50 [INFO] decoded real-token open-anchor txn-complete evaluation
2026-04-08 17:10:50 [INFO] ======================================================================
2026-04-08 17:10:50 [INFO] Evaluating: /finance_ML/zhanghaohan/stock_language_model/saved_LOB_stream/pool_0709_0710_eval_0710_model_variants/sentence_preset_s2ip_k5/sentence_s2ip_k5_T10_k0_win50/fixed_start_model_blankgpt2_tokens_dynamic_anchor_txncomplete_000981XSHE_20260408_170327
2026-04-08 17:10:50 [INFO] 
── loading data ───────────────────────────────────────
2026-04-08 17:10:50 [INFO] Loading LOBSTER data from /finance_ML/zhanghaohan/stock_language_model/saved_LOB_stream/pool_0709_0710_eval_0710_model_variants/sentence_preset_s2ip_k5/sentence_s2ip_k5_T10_k0_win50/fixed_start_model_blankgpt2_tokens_dynamic_anchor_txncomplete_000981XSHE_20260408_170327
2026-04-08 17:10:50 [INFO] Loaded 5,164 rows | 10 book levels | date 2025-07-10
2026-04-08 17:10:50 [INFO] Loading real reference LOBSTER data from /finance_ML/zhanghaohan/stock_language_model/saved_LOB_stream/fixed_start_realflow_generate_lobster_openbidanchor_txncomplete_000981XSHE_20260405_132652
2026-04-08 17:10:50 [INFO] Loading LOBSTER data from /finance_ML/zhanghaohan/stock_language_model/saved_LOB_stream/fixed_start_realflow_generate_lobster_openbidanchor_txncomplete_000981XSHE_20260405_132652
2026-04-08 17:10:50 [INFO] Loaded 8,000 rows | 10 book levels | date 2025-07-10
2026-04-08 17:10:50 [INFO] 
── computing metrics ──────────────────────────────────
/finance_ML/zhanghaohan/mycondaenv/lib/python3.8/site-packages/statsmodels/tsa/stattools.py:693: RuntimeWarning: invalid value encountered in divide
  acf = avf[: nlags + 1] / avf[0]
2026-04-08 17:10:50 [WARNING] Reference metric log_time_to_cancel skipped: <lambda>() got an unexpected keyword argument 'include_groups'
2026-04-08 17:10:51 [WARNING] Reference metric ofi_up skipped: empty real or generated sample after cleaning
2026-04-08 17:10:51 [WARNING] Reference metric ofi_down skipped: empty real or generated sample after cleaning
2026-04-08 17:10:51 [WARNING] Reference conditional metric spread | volatility skipped: Invalid frequency: 0.1s
2026-04-08 17:10:51 [INFO] Computed now (generated-only): 15 metric groups
2026-04-08 17:10:51 [INFO] Computed (with real reference LOB data): 20 benchmark metric configs
2026-04-08 17:10:51 [INFO] Failed (with real reference LOB data): 4 benchmark metric configs
2026-04-08 17:10:51 [INFO] Skipped (needs true order-ID linkage): 2 metrics
2026-04-08 17:10:51 [INFO] 
── LOB-Bench-style overall aggregates (reference_comparison) ──
2026-04-08 17:10:51 [INFO]   Wasserstein aggregate: n=18  mean=0.858127  median=0.802371  iqm=0.86202  (lower is better)
2026-04-08 17:10:51 [INFO]   L1_by_group aggregate: n=18  mean=0.570469  median=0.585213  iqm=0.582665  (lower is better)
2026-04-08 17:10:51 [INFO] 
── generating plots ───────────────────────────────────
2026-04-08 17:10:51 [INFO] saved mid_price.png
2026-04-08 17:10:52 [INFO] saved spread.png
2026-04-08 17:10:52 [INFO] saved returns_dist.png
/finance_ML/zhanghaohan/mycondaenv/lib/python3.8/site-packages/statsmodels/tsa/stattools.py:693: RuntimeWarning: invalid value encountered in divide
  acf = avf[: nlags + 1] / avf[0]
2026-04-08 17:10:53 [INFO] saved autocorr.png
2026-04-08 17:10:53 [INFO] saved inter_arrival_time.png
2026-04-08 17:10:54 [INFO] saved l1_volume.png
2026-04-08 17:10:54 [INFO] saved volume_per_minute.png
2026-04-08 17:10:55 [INFO] saved orderbook_imbalance.png
2026-04-08 17:10:55 [INFO] saved orderflow_imbalance.png
2026-04-08 17:10:56 [INFO] saved event_type_counts.png
2026-04-08 17:10:56 [INFO] Skipped time-to-fill/time-to-cancel plots: requires true order-ID linkage (not available in synthetic IDs).
2026-04-08 17:10:57 [INFO] saved overview_panel.png
2026-04-08 17:10:57 [INFO] Wrote metrics summary: /finance_ML/zhanghaohan/stock_language_model/saved_LOB_stream/pool_0709_0710_eval_0710_model_variants/sentence_preset_s2ip_k5/sentence_s2ip_k5_T10_k0_win50/fixed_start_model_blankgpt2_tokens_dynamic_anchor_txncomplete_000981XSHE_20260408_170327/metrics_summary.json
2026-04-08 17:10:57 [INFO] 
── all computed metrics summary ─────────────────────
2026-04-08 17:10:57 [INFO]   acf_returns_1min: [NaN, NaN, NaN, NaN]
2026-04-08 17:10:57 [INFO]   direction_counts: {"-1": 2932, "1": 2232}
2026-04-08 17:10:57 [INFO]   direction_fractions: {"-1": 0.5678, "1": 0.4322}
2026-04-08 17:10:57 [INFO]   event_type_counts: {"1": 1560, "2": 2, "3": 946, "4": 2656}
2026-04-08 17:10:57 [INFO]   event_type_fractions: {"1": 0.3021, "2": 0.0004, "3": 0.1832, "4": 0.5143}
2026-04-08 17:10:57 [INFO]   iat_ms: {"mean": 4435.648185081771, "median": 70.0, "n": 2507, "n_exec_excluded": 2656, "p95": 450.0, "std": 152494.09037471114}
2026-04-08 17:10:57 [INFO]   l1_volume: {"ask_mean": 7957029.047250194, "ask_median": 7896800.0, "bid_mean": 15495652.732765298, "bid_median": 15217700.0}
2026-04-08 17:10:57 [INFO]   mid_price: {"end_cny": 2.105, "end_price_int": 21050.0, "mean_cny": 2.105, "mean_price_int": 21050.0, "mean_ticks_0p01": 210.5, "start_cny": 2.105, "start_price_int": 21050.0, "std_cny": 0.0, "std_price_int": 0.0, "std_ticks_0p01": 0.0, "total_return_bps": 0.0}
2026-04-08 17:10:57 [INFO]   ob_imbalance: {"mean": 0.32122013166272717, "median": 0.3167232689437366, "std": 0.008802114784203285}
2026-04-08 17:10:57 [INFO]   orderflow_imbalance: {"mean": -154.6583728278041, "n": 5064, "std": 1120.6766301599787}
2026-04-08 17:10:57 [INFO]   returns_1min: {"kurtosis": 0.0, "mean": 0.0, "n": 5, "skew": 0.0, "std": 0.0}
2026-04-08 17:10:57 [INFO]   spread_ticks: {"mean": 1.0, "median": 1.0, "n": 5164, "pct_zero_spread": 0.0, "std": 0.0, "tick_size_cny": 0.01, "tick_size_price_int": 100}
2026-04-08 17:10:57 [INFO]   total_volume_5lvl: {"ask_mean": 65765876.7267622, "bid_mean": 63515498.44577847}
2026-04-08 17:10:57 [INFO]   volatility_1min: 0.0
2026-04-08 17:10:57 [INFO]   volume_per_minute: {"mean": 4734912.331093031, "n": 257, "total": 1216872469.090909}
2026-04-08 17:10:57 [INFO]   [real-vs-generated comparative metrics]
2026-04-08 17:10:57 [INFO]   ask_cancellation_depth: {"l1_by_group": 0.19450380842785908, "n_generated": 77, "n_real": 474, "wasserstein": 0.22495277598134328}
2026-04-08 17:10:57 [INFO]   ask_cancellation_levels: {"l1_by_group": 0.161326034811489, "n_generated": 71, "n_real": 458, "wasserstein": 0.1291644912663842}
2026-04-08 17:10:57 [INFO]   ask_volume: {"l1_by_group": 0.948875, "n_generated": 5164, "n_real": 8000, "wasserstein": 1.4747919801632596}
2026-04-08 17:10:57 [INFO]   ask_volume | spread: {"n_generated": 5164, "n_real": 8000, "num_condition_groups": 2, "per_group": {"1": {"n": 13162, "wasserstein": 1.5953243449282044}, "2": {"n": 2, "wasserstein": null}}, "weighted_wasserstein": null}
2026-04-08 17:10:57 [INFO]   ask_volume_touch: {"l1_by_group": 0.9927499999999999, "n_generated": 5164, "n_real": 8000, "wasserstein": 1.5953819220262315}
2026-04-08 17:10:57 [INFO]   bid_cancellation_depth: {"l1_by_group": 0.39171324551332404, "n_generated": 871, "n_real": 1520, "wasserstein": 0.6762851014163077}
2026-04-08 17:10:57 [INFO]   bid_cancellation_levels: {"l1_by_group": 0.3941717953478824, "n_generated": 878, "n_real": 1509, "wasserstein": 0.7957657145005939}
2026-04-08 17:10:57 [INFO]   bid_volume: {"l1_by_group": 0.9404815065840434, "n_generated": 5164, "n_real": 8000, "wasserstein": 1.676935957294982}
2026-04-08 17:10:57 [INFO]   bid_volume_touch: {"l1_by_group": 0.9179999999999998, "n_generated": 5164, "n_real": 8000, "wasserstein": 1.3854072761238165}
2026-04-08 17:10:57 [INFO]   limit_ask_order_depth: {"l1_by_group": 0.3637184115523466, "n_generated": 260, "n_real": 1662, "wasserstein": 0.4075498092610809}
2026-04-08 17:10:57 [INFO]   limit_ask_order_levels: {"l1_by_group": 0.26204586039602396, "n_generated": 178, "n_real": 1422, "wasserstein": 0.17241804931816707}
2026-04-08 17:10:57 [INFO]   limit_bid_order_depth: {"l1_by_group": 0.8074825174825174, "n_generated": 1300, "n_real": 2750, "wasserstein": 1.298527359917306}
2026-04-08 17:10:57 [INFO]   limit_bid_order_levels: {"l1_by_group": 0.817050314068109, "n_generated": 1346, "n_real": 2705, "wasserstein": 1.5743954916211247}
2026-04-08 17:10:57 [INFO]   log_inter_arrival_time: {"l1_by_group": 0.3345849424282819, "n_generated": 5163, "n_real": 7999, "wasserstein": 0.714383463130093}
2026-04-08 17:10:57 [INFO]   ofi: {"l1_by_group": 0.7763471114044033, "n_generated": 5064, "n_real": 7900, "wasserstein": 0.8092639087528516}
2026-04-08 17:10:57 [INFO]   ofi_stay: {"l1_by_group": 0.7762540063596404, "n_generated": 5063, "n_real": 7895, "wasserstein": 0.8089766529491541}
2026-04-08 17:10:57 [INFO]   orderbook_imbalance: {"l1_by_group": 0.9928750000000001, "n_generated": 5164, "n_real": 8000, "wasserstein": 1.4617775679427991}
2026-04-08 17:10:57 [INFO]   spread: {"l1_by_group": 0.00024999999999998624, "n_generated": 5164, "n_real": 8000, "wasserstein": 0.020283151992440122}
2026-04-08 17:10:57 [INFO]   spread | time: {"n_generated": 5164, "n_real": 8000, "num_condition_groups": 3, "per_group": {"10": {"n": 8942, "wasserstein": 0.016717319073074787}, "12": {"n": 3590, "wasserstein": null}, "13": {"n": 632, "wasserstein": null}}, "weighted_wasserstein": null}
2026-04-08 17:10:57 [INFO]   vol_per_min: {"l1_by_group": 0.19600780274334542, "n_generated": 257, "n_real": 377, "wasserstein": 0.2200252685324204}
[2026-04-08 17:10:57] [DONE] metrics_summary: /finance_ML/zhanghaohan/stock_language_model/saved_LOB_stream/pool_0709_0710_eval_0710_model_variants/sentence_preset_s2ip_k5/sentence_s2ip_k5_T10_k0_win50/fixed_start_model_blankgpt2_tokens_dynamic_anchor_txncomplete_000981XSHE_20260408_170327/metrics_summary.json
