[2026-04-08 19:06:49] [INFO] Experiment folder: /finance_ML/zhanghaohan/stock_language_model/saved_LOB_stream/pool_0709_0710_eval_0710_model_variants/sentence_s2ip_AB_fixed_sampling/sentence_s2ip_varB_T10_k0_win50/fixed_start_model_blankgpt2_tokens_dynamic_anchor_txncomplete_002263XSHE_20260408_190649
[2026-04-08 19:06:49] [INFO] checkpoint: /finance_ML/zhanghaohan/stock_language_model/training_runs/pool_0709_0710_train0709_sentence_s2ip_B_trainable_center_sep_k3/002263XSHE/model_cache/preGPT2sentS2IP_20250709_txncomplete_002263XSHE_win50_k3_20260408_172451_best.pt
[2026-04-08 19:06:49] [INFO] device: cuda greedy=False
/finance_ML/zhanghaohan/stock_language_model/scripts/hist_script/replay_decoded_real_tokens_openbidanchor_txncomplete_fixed_start.py:117: DtypeWarning: Columns (1,2,3,5,6,7,8,9,10,11,12,13,14,15,16,17,18,19,20,21,22,23,24,25,26,27,28,29,30,31,32,33,34,35,36,37,38,39,40,41,42,43,44,45,46,47,48,49,50,51,52,53,54,55,56,57,58,59,60,61,62,63,64,65,66,67,68,69,70,71,72,73,74,75,76,77,78,79,80,81,82,83,84,85,86,88) have mixed types. Specify dtype option on import or set low_memory=False.
  lob_info = pd.read_csv(lob_snap_path, header=None, names=columns)
[2026-04-08 19:16:20] [INFO] tokenizable_rows=36305 token_exact_match_rate_all=0.001460 tail_after_seed=0.000083
[2026-04-08 19:16:27] [INFO] Running eval vs clean reference...
2026-04-08 19:16:27 [INFO] ======================================================================
2026-04-08 19:16:27 [INFO] decoded real-token open-anchor txn-complete evaluation
2026-04-08 19:16:27 [INFO] ======================================================================
2026-04-08 19:16:27 [INFO] Evaluating: /finance_ML/zhanghaohan/stock_language_model/saved_LOB_stream/pool_0709_0710_eval_0710_model_variants/sentence_s2ip_AB_fixed_sampling/sentence_s2ip_varB_T10_k0_win50/fixed_start_model_blankgpt2_tokens_dynamic_anchor_txncomplete_002263XSHE_20260408_190649
2026-04-08 19:16:27 [INFO] 
── loading data ───────────────────────────────────────
2026-04-08 19:16:27 [INFO] Loading LOBSTER data from /finance_ML/zhanghaohan/stock_language_model/saved_LOB_stream/pool_0709_0710_eval_0710_model_variants/sentence_s2ip_AB_fixed_sampling/sentence_s2ip_varB_T10_k0_win50/fixed_start_model_blankgpt2_tokens_dynamic_anchor_txncomplete_002263XSHE_20260408_190649
2026-04-08 19:16:27 [INFO] Loaded 11,078 rows | 10 book levels | date 2025-07-10
2026-04-08 19:16:27 [INFO] Loading real reference LOBSTER data from /finance_ML/zhanghaohan/stock_language_model/saved_LOB_stream/fixed_start_realflow_generate_lobster_openbidanchor_txncomplete_002263XSHE_20260405_132652
2026-04-08 19:16:27 [INFO] Loading LOBSTER data from /finance_ML/zhanghaohan/stock_language_model/saved_LOB_stream/fixed_start_realflow_generate_lobster_openbidanchor_txncomplete_002263XSHE_20260405_132652
2026-04-08 19:16:27 [INFO] Loaded 16,122 rows | 10 book levels | date 2025-07-10
2026-04-08 19:16:27 [INFO] 
── computing metrics ──────────────────────────────────
/finance_ML/zhanghaohan/mycondaenv/lib/python3.8/site-packages/statsmodels/tsa/stattools.py:693: RuntimeWarning: invalid value encountered in divide
  acf = avf[: nlags + 1] / avf[0]
2026-04-08 19:16:27 [WARNING] Reference metric log_time_to_cancel skipped: <lambda>() got an unexpected keyword argument 'include_groups'
2026-04-08 19:16:28 [WARNING] Reference metric ofi_up skipped: empty real or generated sample after cleaning
2026-04-08 19:16:28 [WARNING] Reference metric ofi_down skipped: empty real or generated sample after cleaning
2026-04-08 19:16:28 [WARNING] Reference conditional metric spread | volatility skipped: Invalid frequency: 0.1s
2026-04-08 19:16:28 [INFO] Computed now (generated-only): 15 metric groups
2026-04-08 19:16:28 [INFO] Computed (with real reference LOB data): 20 benchmark metric configs
2026-04-08 19:16:28 [INFO] Failed (with real reference LOB data): 4 benchmark metric configs
2026-04-08 19:16:28 [INFO] Skipped (needs true order-ID linkage): 2 metrics
2026-04-08 19:16:28 [INFO] 
── LOB-Bench-style overall aggregates (reference_comparison) ──
2026-04-08 19:16:28 [INFO]   Wasserstein aggregate: n=18  mean=0.708794  median=0.467263  iqm=0.528117  (lower is better)
2026-04-08 19:16:28 [INFO]   L1_by_group aggregate: n=18  mean=0.520785  median=0.521529  iqm=0.540541  (lower is better)
2026-04-08 19:16:28 [INFO] 
── generating plots ───────────────────────────────────
2026-04-08 19:16:29 [INFO] saved mid_price.png
2026-04-08 19:16:30 [INFO] saved spread.png
2026-04-08 19:16:30 [INFO] saved returns_dist.png
/finance_ML/zhanghaohan/mycondaenv/lib/python3.8/site-packages/statsmodels/tsa/stattools.py:693: RuntimeWarning: invalid value encountered in divide
  acf = avf[: nlags + 1] / avf[0]
2026-04-08 19:16:31 [INFO] saved autocorr.png
2026-04-08 19:16:31 [INFO] saved inter_arrival_time.png
2026-04-08 19:16:31 [INFO] saved l1_volume.png
2026-04-08 19:16:32 [INFO] saved volume_per_minute.png
2026-04-08 19:16:33 [INFO] saved orderbook_imbalance.png
2026-04-08 19:16:33 [INFO] saved orderflow_imbalance.png
2026-04-08 19:16:34 [INFO] saved event_type_counts.png
2026-04-08 19:16:34 [INFO] Skipped time-to-fill/time-to-cancel plots: requires true order-ID linkage (not available in synthetic IDs).
2026-04-08 19:16:35 [INFO] saved overview_panel.png
2026-04-08 19:16:35 [INFO] Wrote metrics summary: /finance_ML/zhanghaohan/stock_language_model/saved_LOB_stream/pool_0709_0710_eval_0710_model_variants/sentence_s2ip_AB_fixed_sampling/sentence_s2ip_varB_T10_k0_win50/fixed_start_model_blankgpt2_tokens_dynamic_anchor_txncomplete_002263XSHE_20260408_190649/metrics_summary.json
2026-04-08 19:16:35 [INFO] 
── all computed metrics summary ─────────────────────
2026-04-08 19:16:35 [INFO]   acf_returns_1min: [NaN, NaN, NaN, NaN, NaN]
2026-04-08 19:16:35 [INFO]   direction_counts: {"-1": 5335, "1": 5743}
2026-04-08 19:16:35 [INFO]   direction_fractions: {"-1": 0.4816, "1": 0.5184}
2026-04-08 19:16:35 [INFO]   event_type_counts: {"1": 3883, "2": 198, "3": 1406, "4": 5591}
2026-04-08 19:16:35 [INFO]   event_type_fractions: {"1": 0.3505, "2": 0.0179, "3": 0.1269, "4": 0.5047}
2026-04-08 19:16:35 [INFO]   iat_ms: {"mean": 2042.7542836310608, "median": 50.0, "n": 5486, "n_exec_excluded": 5591, "p95": 240.0, "std": 103104.71200310824}
2026-04-08 19:16:35 [INFO]   l1_volume: {"ask_mean": 76200.0, "ask_median": 76200.0, "bid_mean": 60499.14244448456, "bid_median": 61800.0}
2026-04-08 19:16:35 [INFO]   mid_price: {"end_cny": 4.345, "end_price_int": 43450.0, "mean_cny": 4.345, "mean_price_int": 43450.0, "mean_ticks_0p01": 434.5, "start_cny": 4.345, "start_price_int": 43450.0, "std_cny": 0.0, "std_price_int": 0.0, "std_ticks_0p01": 0.0, "total_return_bps": 0.0}
2026-04-08 19:16:35 [INFO]   ob_imbalance: {"mean": -0.11724143546186602, "median": -0.10434782608695652, "std": 0.05467932734104866}
2026-04-08 19:16:35 [INFO]   orderflow_imbalance: {"mean": 1.9857897613408635, "n": 10978, "std": 16.845491727105863}
2026-04-08 19:16:35 [INFO]   returns_1min: {"kurtosis": 0.0, "mean": 0.0, "n": 6, "skew": 0.0, "std": 0.0}
2026-04-08 19:16:35 [INFO]   spread_ticks: {"mean": 1.0, "median": 1.0, "n": 11078, "pct_zero_spread": 0.0, "std": 0.0, "tick_size_cny": 0.01, "tick_size_price_int": 100}
2026-04-08 19:16:35 [INFO]   total_volume_5lvl: {"ask_mean": 862177.2702653909, "bid_mean": 6108509.332821809}
2026-04-08 19:16:35 [INFO]   volatility_1min: 0.0
2026-04-08 19:16:35 [INFO]   volume_per_minute: {"mean": 1420971.7508813161, "n": 407, "total": 578335502.6086956}
2026-04-08 19:16:35 [INFO]   [real-vs-generated comparative metrics]
2026-04-08 19:16:35 [INFO]   ask_cancellation_depth: {"l1_by_group": 0.6773882469603707, "n_generated": 1542, "n_real": 1117, "wasserstein": 1.178063001833983}
2026-04-08 19:16:35 [INFO]   ask_cancellation_levels: {"l1_by_group": 0.2975, "n_generated": 120, "n_real": 800, "wasserstein": 0.5719122041834593}
2026-04-08 19:16:35 [INFO]   ask_volume: {"l1_by_group": 0.7968253284628162, "n_generated": 11078, "n_real": 16122, "wasserstein": 0.8808031703639647}
2026-04-08 19:16:35 [INFO]   ask_volume | spread: {"n_generated": 11078, "n_real": 16122, "num_condition_groups": 2, "per_group": {"1": {"n": 27187, "wasserstein": 0.03061970902663567}, "2": {"n": 13, "wasserstein": null}}, "weighted_wasserstein": null}
2026-04-08 19:16:35 [INFO]   ask_volume_touch: {"l1_by_group": 0.0005582433941198211, "n_generated": 11078, "n_real": 16122, "wasserstein": 0.030602330569364313}
2026-04-08 19:16:35 [INFO]   bid_cancellation_depth: {"l1_by_group": 0.3711029958747548, "n_generated": 62, "n_real": 1908, "wasserstein": 0.23701675970230912}
2026-04-08 19:16:35 [INFO]   bid_cancellation_levels: {"l1_by_group": 0.4133749067467529, "n_generated": 61, "n_real": 1714, "wasserstein": 0.46202352244375}
2026-04-08 19:16:35 [INFO]   bid_volume: {"l1_by_group": 0.9396476863912666, "n_generated": 11078, "n_real": 16122, "wasserstein": 0.7935254301428355}
2026-04-08 19:16:35 [INFO]   bid_volume_touch: {"l1_by_group": 0.9856435109264239, "n_generated": 11078, "n_real": 16122, "wasserstein": 1.614467022115901}
2026-04-08 19:16:35 [INFO]   limit_ask_order_depth: {"l1_by_group": 0.8269668832986395, "n_generated": 3779, "n_real": 4432, "wasserstein": 1.2957537414711675}
2026-04-08 19:16:35 [INFO]   limit_ask_order_levels: {"l1_by_group": 0.6296834523282997, "n_generated": 34, "n_real": 3724, "wasserstein": 2.0952615073151923}
2026-04-08 19:16:35 [INFO]   limit_bid_order_depth: {"l1_by_group": 0.3193859032900129, "n_generated": 104, "n_real": 2628, "wasserstein": 0.16865587806744}
2026-04-08 19:16:35 [INFO]   limit_bid_order_levels: {"l1_by_group": 0.305261943226402, "n_generated": 105, "n_real": 2476, "wasserstein": 0.3451260782139584}
2026-04-08 19:16:35 [INFO]   log_inter_arrival_time: {"l1_by_group": 0.018344063934613148, "n_generated": 11077, "n_real": 16121, "wasserstein": 0.016658349077394462}
2026-04-08 19:16:35 [INFO]   ofi: {"l1_by_group": 0.8165073010946258, "n_generated": 10978, "n_real": 16022, "wasserstein": 0.4675499740390784}
2026-04-08 19:16:35 [INFO]   ofi_stay: {"l1_by_group": 0.8113079651889155, "n_generated": 10977, "n_real": 16013, "wasserstein": 0.46697567972255893}
2026-04-08 19:16:35 [INFO]   orderbook_imbalance: {"l1_by_group": 0.9861225715751658, "n_generated": 11078, "n_real": 16122, "wasserstein": 1.9202477177193942}
2026-04-08 19:16:35 [INFO]   spread: {"l1_by_group": 0.0008063515692842109, "n_generated": 11078, "n_real": 16122, "wasserstein": 0.036892071041534004}
2026-04-08 19:16:35 [INFO]   spread | time: {"n_generated": 11078, "n_real": 16122, "num_condition_groups": 3, "per_group": {"10": {"n": 20206, "wasserstein": 0.031799620596270936}, "12": {"n": 4941, "wasserstein": null}, "13": {"n": 2053, "wasserstein": null}}, "weighted_wasserstein": null}
2026-04-08 19:16:35 [INFO]   vol_per_min: {"l1_by_group": 0.17770213917002908, "n_generated": 407, "n_real": 545, "wasserstein": 0.17675580767740884}
[2026-04-08 19:16:35] [DONE] metrics_summary: /finance_ML/zhanghaohan/stock_language_model/saved_LOB_stream/pool_0709_0710_eval_0710_model_variants/sentence_s2ip_AB_fixed_sampling/sentence_s2ip_varB_T10_k0_win50/fixed_start_model_blankgpt2_tokens_dynamic_anchor_txncomplete_002263XSHE_20260408_190649/metrics_summary.json
