[2026-04-08 17:03:35] [INFO] Experiment folder: /finance_ML/zhanghaohan/stock_language_model/saved_LOB_stream/pool_0709_0710_eval_0710_model_variants/sentence_preset_s2ip_k5/sentence_s2ip_k5_T10_k0_win50/fixed_start_model_blankgpt2_tokens_dynamic_anchor_txncomplete_002263XSHE_20260408_170335
[2026-04-08 17:03:35] [INFO] checkpoint: /finance_ML/zhanghaohan/stock_language_model/training_runs/pool_0709_0710_train0709_sentence_preset_s2ip_win50_k5/002263XSHE/model_cache/preGPT2sentS2IP_20250709_txncomplete_002263XSHE_win50_k5_20260408_082344_best.pt
[2026-04-08 17:03:35] [INFO] device: cuda greedy=False
/finance_ML/zhanghaohan/stock_language_model/scripts/hist_script/replay_decoded_real_tokens_openbidanchor_txncomplete_fixed_start.py:117: DtypeWarning: Columns (1,2,3,5,6,7,8,9,10,11,12,13,14,15,16,17,18,19,20,21,22,23,24,25,26,27,28,29,30,31,32,33,34,35,36,37,38,39,40,41,42,43,44,45,46,47,48,49,50,51,52,53,54,55,56,57,58,59,60,61,62,63,64,65,66,67,68,69,70,71,72,73,74,75,76,77,78,79,80,81,82,83,84,85,86,88) have mixed types. Specify dtype option on import or set low_memory=False.
  lob_info = pd.read_csv(lob_snap_path, header=None, names=columns)
[2026-04-08 17:13:09] [INFO] tokenizable_rows=36305 token_exact_match_rate_all=0.001405 tail_after_seed=0.000028
[2026-04-08 17:13:17] [INFO] Running eval vs clean reference...
2026-04-08 17:13:17 [INFO] ======================================================================
2026-04-08 17:13:17 [INFO] decoded real-token open-anchor txn-complete evaluation
2026-04-08 17:13:17 [INFO] ======================================================================
2026-04-08 17:13:17 [INFO] Evaluating: /finance_ML/zhanghaohan/stock_language_model/saved_LOB_stream/pool_0709_0710_eval_0710_model_variants/sentence_preset_s2ip_k5/sentence_s2ip_k5_T10_k0_win50/fixed_start_model_blankgpt2_tokens_dynamic_anchor_txncomplete_002263XSHE_20260408_170335
2026-04-08 17:13:17 [INFO] 
── loading data ───────────────────────────────────────
2026-04-08 17:13:17 [INFO] Loading LOBSTER data from /finance_ML/zhanghaohan/stock_language_model/saved_LOB_stream/pool_0709_0710_eval_0710_model_variants/sentence_preset_s2ip_k5/sentence_s2ip_k5_T10_k0_win50/fixed_start_model_blankgpt2_tokens_dynamic_anchor_txncomplete_002263XSHE_20260408_170335
2026-04-08 17:13:17 [INFO] Loaded 11,744 rows | 10 book levels | date 2025-07-10
2026-04-08 17:13:17 [INFO] Loading real reference LOBSTER data from /finance_ML/zhanghaohan/stock_language_model/saved_LOB_stream/fixed_start_realflow_generate_lobster_openbidanchor_txncomplete_002263XSHE_20260405_132652
2026-04-08 17:13:17 [INFO] Loading LOBSTER data from /finance_ML/zhanghaohan/stock_language_model/saved_LOB_stream/fixed_start_realflow_generate_lobster_openbidanchor_txncomplete_002263XSHE_20260405_132652
2026-04-08 17:13:17 [INFO] Loaded 16,122 rows | 10 book levels | date 2025-07-10
2026-04-08 17:13:17 [INFO] 
── computing metrics ──────────────────────────────────
/finance_ML/zhanghaohan/mycondaenv/lib/python3.8/site-packages/statsmodels/tsa/stattools.py:693: RuntimeWarning: invalid value encountered in divide
  acf = avf[: nlags + 1] / avf[0]
2026-04-08 17:13:17 [WARNING] Reference metric log_time_to_cancel skipped: <lambda>() got an unexpected keyword argument 'include_groups'
2026-04-08 17:13:18 [WARNING] Reference metric ofi_up skipped: empty real or generated sample after cleaning
2026-04-08 17:13:18 [WARNING] Reference metric ofi_down skipped: empty real or generated sample after cleaning
2026-04-08 17:13:19 [WARNING] Reference conditional metric spread | volatility skipped: Invalid frequency: 0.1s
2026-04-08 17:13:19 [INFO] Computed now (generated-only): 15 metric groups
2026-04-08 17:13:19 [INFO] Computed (with real reference LOB data): 20 benchmark metric configs
2026-04-08 17:13:19 [INFO] Failed (with real reference LOB data): 4 benchmark metric configs
2026-04-08 17:13:19 [INFO] Skipped (needs true order-ID linkage): 2 metrics
2026-04-08 17:13:19 [INFO] 
── LOB-Bench-style overall aggregates (reference_comparison) ──
2026-04-08 17:13:19 [INFO]   Wasserstein aggregate: n=18  mean=0.807296  median=0.654183  iqm=0.606845  (lower is better)
2026-04-08 17:13:19 [INFO]   L1_by_group aggregate: n=18  mean=0.535862  median=0.540921  iqm=0.564023  (lower is better)
2026-04-08 17:13:19 [INFO] 
── generating plots ───────────────────────────────────
2026-04-08 17:13:20 [INFO] saved mid_price.png
2026-04-08 17:13:20 [INFO] saved spread.png
2026-04-08 17:13:21 [INFO] saved returns_dist.png
/finance_ML/zhanghaohan/mycondaenv/lib/python3.8/site-packages/statsmodels/tsa/stattools.py:693: RuntimeWarning: invalid value encountered in divide
  acf = avf[: nlags + 1] / avf[0]
2026-04-08 17:13:21 [INFO] saved autocorr.png
2026-04-08 17:13:22 [INFO] saved inter_arrival_time.png
2026-04-08 17:13:22 [INFO] saved l1_volume.png
2026-04-08 17:13:23 [INFO] saved volume_per_minute.png
2026-04-08 17:13:24 [INFO] saved orderbook_imbalance.png
2026-04-08 17:13:24 [INFO] saved orderflow_imbalance.png
2026-04-08 17:13:24 [INFO] saved event_type_counts.png
2026-04-08 17:13:24 [INFO] Skipped time-to-fill/time-to-cancel plots: requires true order-ID linkage (not available in synthetic IDs).
2026-04-08 17:13:25 [INFO] saved overview_panel.png
2026-04-08 17:13:25 [INFO] Wrote metrics summary: /finance_ML/zhanghaohan/stock_language_model/saved_LOB_stream/pool_0709_0710_eval_0710_model_variants/sentence_preset_s2ip_k5/sentence_s2ip_k5_T10_k0_win50/fixed_start_model_blankgpt2_tokens_dynamic_anchor_txncomplete_002263XSHE_20260408_170335/metrics_summary.json
2026-04-08 17:13:25 [INFO] 
── all computed metrics summary ─────────────────────
2026-04-08 17:13:25 [INFO]   acf_returns_1min: [NaN, NaN, NaN, NaN, NaN]
2026-04-08 17:13:25 [INFO]   direction_counts: {"-1": 5784, "1": 5960}
2026-04-08 17:13:25 [INFO]   direction_fractions: {"-1": 0.4925, "1": 0.5075}
2026-04-08 17:13:25 [INFO]   event_type_counts: {"1": 4240, "2": 201, "3": 1519, "4": 5784}
2026-04-08 17:13:25 [INFO]   event_type_fractions: {"1": 0.361, "2": 0.0171, "3": 0.1293, "4": 0.4925}
2026-04-08 17:13:25 [INFO]   iat_ms: {"mean": 976.4238966269509, "median": 40.0, "n": 5959, "n_exec_excluded": 5784, "p95": 240.0, "std": 69953.69096581244}
2026-04-08 17:13:25 [INFO]   l1_volume: {"ask_mean": 76200.0, "ask_median": 76200.0, "bid_mean": 58097.97343324251, "bid_median": 63300.0}
2026-04-08 17:13:25 [INFO]   mid_price: {"end_cny": 4.345, "end_price_int": 43450.0, "mean_cny": 4.345, "mean_price_int": 43450.0, "mean_ticks_0p01": 434.5, "start_cny": 4.345, "start_price_int": 43450.0, "std_cny": 0.0, "std_price_int": 0.0, "std_ticks_0p01": 0.0, "total_return_bps": 0.0}
2026-04-08 17:13:25 [INFO]   ob_imbalance: {"mean": -0.13986696780879138, "median": -0.09247311827956989, "std": 0.07981929533860269}
2026-04-08 17:13:25 [INFO]   orderflow_imbalance: {"mean": 1.692889041566472, "n": 11644, "std": 15.501050079583434}
2026-04-08 17:13:25 [INFO]   returns_1min: {"kurtosis": 0.0, "mean": 0.0, "n": 6, "skew": 0.0, "std": 0.0}
2026-04-08 17:13:25 [INFO]   spread_ticks: {"mean": 1.0, "median": 1.0, "n": 11744, "pct_zero_spread": 0.0, "std": 0.0, "tick_size_cny": 0.01, "tick_size_price_int": 100}
2026-04-08 17:13:25 [INFO]   total_volume_5lvl: {"ask_mean": 907597.6227861035, "bid_mean": 3978435.1328337872}
2026-04-08 17:13:25 [INFO]   volatility_1min: 0.0
2026-04-08 17:13:25 [INFO]   volume_per_minute: {"mean": 1448264.4047941496, "n": 416, "total": 602477992.3943663}
2026-04-08 17:13:25 [INFO]   [real-vs-generated comparative metrics]
2026-04-08 17:13:25 [INFO]   ask_cancellation_depth: {"l1_by_group": 0.6823509181824137, "n_generated": 1640, "n_real": 1117, "wasserstein": 1.1860029442181952}
2026-04-08 17:13:25 [INFO]   ask_cancellation_levels: {"l1_by_group": 0.36297932330827065, "n_generated": 133, "n_real": 800, "wasserstein": 0.7799620636484328}
2026-04-08 17:13:25 [INFO]   ask_volume: {"l1_by_group": 0.7792133855374568, "n_generated": 11744, "n_real": 16122, "wasserstein": 0.7832010273001772}
2026-04-08 17:13:25 [INFO]   ask_volume | spread: {"n_generated": 11744, "n_real": 16122, "num_condition_groups": 2, "per_group": {"1": {"n": 27853, "wasserstein": 0.030992377061838498}, "2": {"n": 13, "wasserstein": null}}, "weighted_wasserstein": null}
2026-04-08 17:13:25 [INFO]   ask_volume_touch: {"l1_by_group": 0.0005582433941198211, "n_generated": 11744, "n_real": 16122, "wasserstein": 0.03097461020307125}
2026-04-08 17:13:25 [INFO]   bid_cancellation_depth: {"l1_by_group": 0.3607180293501049, "n_generated": 80, "n_real": 1908, "wasserstein": 0.3133418793773348}
2026-04-08 17:13:25 [INFO]   bid_cancellation_levels: {"l1_by_group": 0.39949082422828047, "n_generated": 77, "n_real": 1714, "wasserstein": 0.7062736159296944}
2026-04-08 17:13:25 [INFO]   bid_volume: {"l1_by_group": 0.917774058549473, "n_generated": 11744, "n_real": 16122, "wasserstein": 0.6911432049261713}
2026-04-08 17:13:25 [INFO]   bid_volume_touch: {"l1_by_group": 0.9856486300642884, "n_generated": 11744, "n_real": 16122, "wasserstein": 1.6193091108760944}
2026-04-08 17:13:25 [INFO]   limit_ask_order_depth: {"l1_by_group": 0.8378438562599976, "n_generated": 4130, "n_real": 4432, "wasserstein": 1.3074127975393934}
2026-04-08 17:13:25 [INFO]   limit_ask_order_levels: {"l1_by_group": 0.7236217620463118, "n_generated": 43, "n_real": 3724, "wasserstein": 3.081805538587819}
2026-04-08 17:13:25 [INFO]   limit_bid_order_depth: {"l1_by_group": 0.34725335547253355, "n_generated": 110, "n_real": 2628, "wasserstein": 0.3226333800124799}
2026-04-08 17:13:25 [INFO]   limit_bid_order_levels: {"l1_by_group": 0.36596765845318946, "n_generated": 103, "n_real": 2476, "wasserstein": 0.6172227927573519}
2026-04-08 17:13:25 [INFO]   log_inter_arrival_time: {"l1_by_group": 0.030572682574786264, "n_generated": 11743, "n_real": 16121, "wasserstein": 0.04246291544585322}
2026-04-08 17:13:25 [INFO]   ofi: {"l1_by_group": 0.840747302500285, "n_generated": 11644, "n_real": 16022, "wasserstein": 0.47744997655359045}
2026-04-08 17:13:25 [INFO]   ofi_stay: {"l1_by_group": 0.8406752567734369, "n_generated": 11643, "n_real": 16013, "wasserstein": 0.47687315573220335}
2026-04-08 17:13:25 [INFO]   orderbook_imbalance: {"l1_by_group": 0.9854005218891239, "n_generated": 11744, "n_real": 16122, "wasserstein": 1.9122385907205186}
2026-04-08 17:13:25 [INFO]   spread: {"l1_by_group": 0.0008063515692842109, "n_generated": 11744, "n_real": 16122, "wasserstein": 0.037340799284445024}
2026-04-08 17:13:25 [INFO]   spread | time: {"n_generated": 11744, "n_real": 16122, "num_condition_groups": 2, "per_group": {"10": {"n": 21886, "wasserstein": 0.03309444145586108}, "12": {"n": 5980, "wasserstein": null}}, "weighted_wasserstein": null}
2026-04-08 17:13:25 [INFO]   vol_per_min: {"l1_by_group": 0.18389202540578686, "n_generated": 416, "n_real": 545, "wasserstein": 0.14567425113264063}
[2026-04-08 17:13:25] [DONE] metrics_summary: /finance_ML/zhanghaohan/stock_language_model/saved_LOB_stream/pool_0709_0710_eval_0710_model_variants/sentence_preset_s2ip_k5/sentence_s2ip_k5_T10_k0_win50/fixed_start_model_blankgpt2_tokens_dynamic_anchor_txncomplete_002263XSHE_20260408_170335/metrics_summary.json
