[2026-04-08 19:06:54] [INFO] Experiment folder: /finance_ML/zhanghaohan/stock_language_model/saved_LOB_stream/pool_0709_0710_eval_0710_model_variants/sentence_s2ip_AB_fixed_sampling/sentence_s2ip_varB_T10_k0_win50/fixed_start_model_blankgpt2_tokens_dynamic_anchor_txncomplete_000981XSHE_20260408_190654
[2026-04-08 19:06:54] [INFO] checkpoint: /finance_ML/zhanghaohan/stock_language_model/training_runs/pool_0709_0710_train0709_sentence_s2ip_B_trainable_center_sep_k3/000981XSHE/model_cache/preGPT2sentS2IP_20250709_txncomplete_000981XSHE_win50_k3_20260408_172454_best.pt
[2026-04-08 19:06:54] [INFO] device: cuda greedy=False
/finance_ML/zhanghaohan/stock_language_model/scripts/hist_script/replay_decoded_real_tokens_openbidanchor_txncomplete_fixed_start.py:117: DtypeWarning: Columns (1,2,3,5,6,7,8,9,10,11,12,13,14,15,16,17,18,19,20,21,22,23,24,25,26,27,28,29,30,31,32,33,34,35,36,37,38,39,40,41,42,43,44,45,46,47,48,49,50,51,52,53,54,55,56,57,58,59,60,61,62,63,64,65,66,67,68,69,70,71,72,73,74,75,76,77,78,79,80,81,82,83,84,85,86,88) have mixed types. Specify dtype option on import or set low_memory=False.
  lob_info = pd.read_csv(lob_snap_path, header=None, names=columns)
[2026-04-08 19:13:42] [INFO] tokenizable_rows=9814 token_exact_match_rate_all=0.005910 tail_after_seed=0.000819
[2026-04-08 19:13:44] [INFO] Running eval vs clean reference...
2026-04-08 19:13:44 [INFO] ======================================================================
2026-04-08 19:13:44 [INFO] decoded real-token open-anchor txn-complete evaluation
2026-04-08 19:13:44 [INFO] ======================================================================
2026-04-08 19:13:44 [INFO] Evaluating: /finance_ML/zhanghaohan/stock_language_model/saved_LOB_stream/pool_0709_0710_eval_0710_model_variants/sentence_s2ip_AB_fixed_sampling/sentence_s2ip_varB_T10_k0_win50/fixed_start_model_blankgpt2_tokens_dynamic_anchor_txncomplete_000981XSHE_20260408_190654
2026-04-08 19:13:44 [INFO] 
── loading data ───────────────────────────────────────
2026-04-08 19:13:44 [INFO] Loading LOBSTER data from /finance_ML/zhanghaohan/stock_language_model/saved_LOB_stream/pool_0709_0710_eval_0710_model_variants/sentence_s2ip_AB_fixed_sampling/sentence_s2ip_varB_T10_k0_win50/fixed_start_model_blankgpt2_tokens_dynamic_anchor_txncomplete_000981XSHE_20260408_190654
2026-04-08 19:13:44 [INFO] Loaded 6,049 rows | 10 book levels | date 2025-07-10
2026-04-08 19:13:44 [INFO] Loading real reference LOBSTER data from /finance_ML/zhanghaohan/stock_language_model/saved_LOB_stream/fixed_start_realflow_generate_lobster_openbidanchor_txncomplete_000981XSHE_20260405_132652
2026-04-08 19:13:44 [INFO] Loading LOBSTER data from /finance_ML/zhanghaohan/stock_language_model/saved_LOB_stream/fixed_start_realflow_generate_lobster_openbidanchor_txncomplete_000981XSHE_20260405_132652
2026-04-08 19:13:44 [INFO] Loaded 8,000 rows | 10 book levels | date 2025-07-10
2026-04-08 19:13:44 [INFO] 
── computing metrics ──────────────────────────────────
/finance_ML/zhanghaohan/mycondaenv/lib/python3.8/site-packages/statsmodels/tsa/stattools.py:693: RuntimeWarning: invalid value encountered in divide
  acf = avf[: nlags + 1] / avf[0]
2026-04-08 19:13:44 [WARNING] Reference metric log_time_to_cancel skipped: <lambda>() got an unexpected keyword argument 'include_groups'
2026-04-08 19:13:45 [WARNING] Reference metric ofi_up skipped: empty real or generated sample after cleaning
2026-04-08 19:13:45 [WARNING] Reference metric ofi_down skipped: empty real or generated sample after cleaning
2026-04-08 19:13:45 [WARNING] Reference conditional metric spread | volatility skipped: Invalid frequency: 0.1s
2026-04-08 19:13:45 [INFO] Computed now (generated-only): 15 metric groups
2026-04-08 19:13:45 [INFO] Computed (with real reference LOB data): 20 benchmark metric configs
2026-04-08 19:13:45 [INFO] Failed (with real reference LOB data): 4 benchmark metric configs
2026-04-08 19:13:45 [INFO] Skipped (needs true order-ID linkage): 2 metrics
2026-04-08 19:13:45 [INFO] 
── LOB-Bench-style overall aggregates (reference_comparison) ──
2026-04-08 19:13:45 [INFO]   Wasserstein aggregate: n=18  mean=0.824411  median=0.819369  iqm=0.797019  (lower is better)
2026-04-08 19:13:45 [INFO]   L1_by_group aggregate: n=18  mean=0.592203  median=0.678399  iqm=0.637382  (lower is better)
2026-04-08 19:13:45 [INFO] 
── generating plots ───────────────────────────────────
2026-04-08 19:13:45 [INFO] saved mid_price.png
2026-04-08 19:13:46 [INFO] saved spread.png
2026-04-08 19:13:46 [INFO] saved returns_dist.png
/finance_ML/zhanghaohan/mycondaenv/lib/python3.8/site-packages/statsmodels/tsa/stattools.py:693: RuntimeWarning: invalid value encountered in divide
  acf = avf[: nlags + 1] / avf[0]
2026-04-08 19:13:47 [INFO] saved autocorr.png
2026-04-08 19:13:47 [INFO] saved inter_arrival_time.png
2026-04-08 19:13:48 [INFO] saved l1_volume.png
2026-04-08 19:13:48 [INFO] saved volume_per_minute.png
2026-04-08 19:13:49 [INFO] saved orderbook_imbalance.png
2026-04-08 19:13:49 [INFO] saved orderflow_imbalance.png
2026-04-08 19:13:49 [INFO] saved event_type_counts.png
2026-04-08 19:13:49 [INFO] Skipped time-to-fill/time-to-cancel plots: requires true order-ID linkage (not available in synthetic IDs).
2026-04-08 19:13:50 [INFO] saved overview_panel.png
2026-04-08 19:13:50 [INFO] Wrote metrics summary: /finance_ML/zhanghaohan/stock_language_model/saved_LOB_stream/pool_0709_0710_eval_0710_model_variants/sentence_s2ip_AB_fixed_sampling/sentence_s2ip_varB_T10_k0_win50/fixed_start_model_blankgpt2_tokens_dynamic_anchor_txncomplete_000981XSHE_20260408_190654/metrics_summary.json
2026-04-08 19:13:50 [INFO] 
── all computed metrics summary ─────────────────────
2026-04-08 19:13:50 [INFO]   acf_returns_1min: [NaN, NaN, NaN, NaN]
2026-04-08 19:13:50 [INFO]   direction_counts: {"-1": 2732, "1": 3317}
2026-04-08 19:13:50 [INFO]   direction_fractions: {"-1": 0.4516, "1": 0.5484}
2026-04-08 19:13:50 [INFO]   event_type_counts: {"1": 1606, "2": 7, "3": 2002, "4": 2434}
2026-04-08 19:13:50 [INFO]   event_type_fractions: {"1": 0.2655, "2": 0.0012, "3": 0.331, "4": 0.4024}
2026-04-08 19:13:50 [INFO]   iat_ms: {"mean": 4573.143331488655, "median": 30.0, "n": 3614, "n_exec_excluded": 2434, "p95": 400.0, "std": 155545.10575808954}
2026-04-08 19:13:50 [INFO]   l1_volume: {"ask_mean": 7957382.614647049, "ask_median": 7945772.0, "bid_mean": 15202282.007439246, "bid_median": 15095163.0}
2026-04-08 19:13:50 [INFO]   mid_price: {"end_cny": 2.105, "end_price_int": 21050.0, "mean_cny": 2.105, "mean_price_int": 21050.0, "mean_ticks_0p01": 210.5, "start_cny": 2.105, "start_price_int": 21050.0, "std_cny": 0.0, "std_price_int": 0.0, "std_ticks_0p01": 0.0, "total_return_bps": 0.0}
2026-04-08 19:13:50 [INFO]   ob_imbalance: {"mean": 0.31238727801437255, "median": 0.309326852124925, "std": 0.01590338895220211}
2026-04-08 19:13:50 [INFO]   orderflow_imbalance: {"mean": -227.67086905362245, "n": 5949, "std": 1091.6090119378744}
2026-04-08 19:13:50 [INFO]   returns_1min: {"kurtosis": 0.0, "mean": 0.0, "n": 5, "skew": 0.0, "std": 0.0}
2026-04-08 19:13:50 [INFO]   spread_ticks: {"mean": 1.0, "median": 1.0, "n": 6049, "pct_zero_spread": 0.0, "std": 0.0, "tick_size_cny": 0.01, "tick_size_price_int": 100}
2026-04-08 19:13:50 [INFO]   total_volume_5lvl: {"ask_mean": 65512260.12547529, "bid_mean": 64170514.10249628}
2026-04-08 19:13:50 [INFO]   volatility_1min: 0.0
2026-04-08 19:13:50 [INFO]   volume_per_minute: {"mean": 3524214.214854111, "n": 260, "total": 916295695.8620689}
2026-04-08 19:13:50 [INFO]   [real-vs-generated comparative metrics]
2026-04-08 19:13:50 [INFO]   ask_cancellation_depth: {"l1_by_group": 0.2142748208021961, "n_generated": 83, "n_real": 474, "wasserstein": 0.20641929422771157}
2026-04-08 19:13:50 [INFO]   ask_cancellation_levels: {"l1_by_group": 0.17276900683014218, "n_generated": 78, "n_real": 458, "wasserstein": 0.17273805646525606}
2026-04-08 19:13:50 [INFO]   ask_volume: {"l1_by_group": 0.8514904529674328, "n_generated": 6049, "n_real": 8000, "wasserstein": 1.2675656577069991}
2026-04-08 19:13:50 [INFO]   ask_volume | spread: {"n_generated": 6049, "n_real": 8000, "num_condition_groups": 2, "per_group": {"1": {"n": 14047, "wasserstein": 1.6172021519566802}, "2": {"n": 2, "wasserstein": null}}, "weighted_wasserstein": null}
2026-04-08 19:13:50 [INFO]   ask_volume_touch: {"l1_by_group": 0.9933750000000001, "n_generated": 6049, "n_real": 8000, "wasserstein": 1.6172442279626005}
2026-04-08 19:13:50 [INFO]   bid_cancellation_depth: {"l1_by_group": 0.5730556921899764, "n_generated": 1926, "n_real": 1520, "wasserstein": 0.4911021445880499}
2026-04-08 19:13:50 [INFO]   bid_cancellation_levels: {"l1_by_group": 0.572288662247362, "n_generated": 1938, "n_real": 1509, "wasserstein": 0.5094296313730422}
2026-04-08 19:13:50 [INFO]   bid_volume: {"l1_by_group": 0.9794079599933874, "n_generated": 6049, "n_real": 8000, "wasserstein": 1.7856372486332996}
2026-04-08 19:13:50 [INFO]   bid_volume_touch: {"l1_by_group": 0.9179999999999999, "n_generated": 6049, "n_real": 8000, "wasserstein": 1.3627223216048432}
2026-04-08 19:13:50 [INFO]   limit_ask_order_depth: {"l1_by_group": 0.33507614423835014, "n_generated": 290, "n_real": 1662, "wasserstein": 0.36560244904639905}
2026-04-08 19:13:50 [INFO]   limit_ask_order_levels: {"l1_by_group": 0.22653768309834996, "n_generated": 205, "n_real": 1422, "wasserstein": 0.11709659408157486}
2026-04-08 19:13:50 [INFO]   limit_bid_order_depth: {"l1_by_group": 0.8198391820945014, "n_generated": 1316, "n_real": 2750, "wasserstein": 1.2757023716732805}
2026-04-08 19:13:50 [INFO]   limit_bid_order_levels: {"l1_by_group": 0.82662232637972, "n_generated": 1344, "n_real": 2705, "wasserstein": 1.5551947374115083}
2026-04-08 19:13:50 [INFO]   log_inter_arrival_time: {"l1_by_group": 0.40459348093114816, "n_generated": 6048, "n_real": 7999, "wasserstein": 0.8280109831042302}
2026-04-08 19:13:50 [INFO]   ofi: {"l1_by_group": 0.7838398326705266, "n_generated": 5949, "n_real": 7900, "wasserstein": 0.8195040150175019}
2026-04-08 19:13:50 [INFO]   ofi_stay: {"l1_by_group": 0.783741721050455, "n_generated": 5948, "n_real": 7895, "wasserstein": 0.8192330209934815}
2026-04-08 19:13:50 [INFO]   orderbook_imbalance: {"l1_by_group": 0.9936250000000002, "n_generated": 6049, "n_real": 8000, "wasserstein": 1.4651306333508543}
2026-04-08 19:13:50 [INFO]   spread: {"l1_by_group": 0.00024999999999998624, "n_generated": 6049, "n_real": 8000, "wasserstein": 0.020953818373968296}
2026-04-08 19:13:50 [INFO]   spread | time: {"n_generated": 6049, "n_real": 8000, "num_condition_groups": 4, "per_group": {"10": {"n": 8822, "wasserstein": 0.01660478115140657}, "12": {"n": 2706, "wasserstein": null}, "13": {"n": 1082, "wasserstein": null}, "14": {"n": 1439, "wasserstein": null}}, "weighted_wasserstein": null}
2026-04-08 19:13:50 [INFO]   vol_per_min: {"l1_by_group": 0.21087533156498675, "n_generated": 260, "n_real": 377, "wasserstein": 0.16011585031572295}
[2026-04-08 19:13:50] [DONE] metrics_summary: /finance_ML/zhanghaohan/stock_language_model/saved_LOB_stream/pool_0709_0710_eval_0710_model_variants/sentence_s2ip_AB_fixed_sampling/sentence_s2ip_varB_T10_k0_win50/fixed_start_model_blankgpt2_tokens_dynamic_anchor_txncomplete_000981XSHE_20260408_190654/metrics_summary.json
