[2026-04-08 16:54:02] [INFO] Experiment folder: /finance_ML/zhanghaohan/stock_language_model/saved_LOB_stream/pool_0709_0710_eval_0710_model_variants/sentence_preset_s2ip_k3/sentence_s2ip_k3_T10_k0_win50/fixed_start_model_blankgpt2_tokens_dynamic_anchor_txncomplete_002263XSHE_20260408_165402
[2026-04-08 16:54:02] [INFO] checkpoint: /finance_ML/zhanghaohan/stock_language_model/training_runs/pool_0709_0710_train0709_sentence_preset_s2ip_win50_k3/002263XSHE/model_cache/preGPT2sentS2IP_20250709_txncomplete_002263XSHE_win50_k3_20260408_082345_best.pt
[2026-04-08 16:54:02] [INFO] device: cuda greedy=False
/finance_ML/zhanghaohan/stock_language_model/scripts/hist_script/replay_decoded_real_tokens_openbidanchor_txncomplete_fixed_start.py:117: DtypeWarning: Columns (1,2,3,5,6,7,8,9,10,11,12,13,14,15,16,17,18,19,20,21,22,23,24,25,26,27,28,29,30,31,32,33,34,35,36,37,38,39,40,41,42,43,44,45,46,47,48,49,50,51,52,53,54,55,56,57,58,59,60,61,62,63,64,65,66,67,68,69,70,71,72,73,74,75,76,77,78,79,80,81,82,83,84,85,86,88) have mixed types. Specify dtype option on import or set low_memory=False.
  lob_info = pd.read_csv(lob_snap_path, header=None, names=columns)
[2026-04-08 17:05:02] [INFO] tokenizable_rows=36305 token_exact_match_rate_all=0.001432 tail_after_seed=0.000055
[2026-04-08 17:05:09] [INFO] Running eval vs clean reference...
2026-04-08 17:05:09 [INFO] ======================================================================
2026-04-08 17:05:09 [INFO] decoded real-token open-anchor txn-complete evaluation
2026-04-08 17:05:09 [INFO] ======================================================================
2026-04-08 17:05:09 [INFO] Evaluating: /finance_ML/zhanghaohan/stock_language_model/saved_LOB_stream/pool_0709_0710_eval_0710_model_variants/sentence_preset_s2ip_k3/sentence_s2ip_k3_T10_k0_win50/fixed_start_model_blankgpt2_tokens_dynamic_anchor_txncomplete_002263XSHE_20260408_165402
2026-04-08 17:05:09 [INFO] 
── loading data ───────────────────────────────────────
2026-04-08 17:05:09 [INFO] Loading LOBSTER data from /finance_ML/zhanghaohan/stock_language_model/saved_LOB_stream/pool_0709_0710_eval_0710_model_variants/sentence_preset_s2ip_k3/sentence_s2ip_k3_T10_k0_win50/fixed_start_model_blankgpt2_tokens_dynamic_anchor_txncomplete_002263XSHE_20260408_165402
2026-04-08 17:05:09 [INFO] Loaded 10,622 rows | 10 book levels | date 2025-07-10
2026-04-08 17:05:09 [INFO] Loading real reference LOBSTER data from /finance_ML/zhanghaohan/stock_language_model/saved_LOB_stream/fixed_start_realflow_generate_lobster_openbidanchor_txncomplete_002263XSHE_20260405_132652
2026-04-08 17:05:09 [INFO] Loading LOBSTER data from /finance_ML/zhanghaohan/stock_language_model/saved_LOB_stream/fixed_start_realflow_generate_lobster_openbidanchor_txncomplete_002263XSHE_20260405_132652
2026-04-08 17:05:09 [INFO] Loaded 16,122 rows | 10 book levels | date 2025-07-10
2026-04-08 17:05:09 [INFO] 
── computing metrics ──────────────────────────────────
/finance_ML/zhanghaohan/mycondaenv/lib/python3.8/site-packages/statsmodels/tsa/stattools.py:693: RuntimeWarning: invalid value encountered in divide
  acf = avf[: nlags + 1] / avf[0]
2026-04-08 17:05:10 [WARNING] Reference metric log_time_to_cancel skipped: <lambda>() got an unexpected keyword argument 'include_groups'
2026-04-08 17:05:10 [WARNING] Reference metric ofi_up skipped: empty real or generated sample after cleaning
2026-04-08 17:05:10 [WARNING] Reference metric ofi_down skipped: empty real or generated sample after cleaning
2026-04-08 17:05:11 [WARNING] Reference conditional metric spread | volatility skipped: Invalid frequency: 0.1s
2026-04-08 17:05:11 [INFO] Computed now (generated-only): 15 metric groups
2026-04-08 17:05:11 [INFO] Computed (with real reference LOB data): 20 benchmark metric configs
2026-04-08 17:05:11 [INFO] Failed (with real reference LOB data): 4 benchmark metric configs
2026-04-08 17:05:11 [INFO] Skipped (needs true order-ID linkage): 2 metrics
2026-04-08 17:05:11 [INFO] 
── LOB-Bench-style overall aggregates (reference_comparison) ──
2026-04-08 17:05:11 [INFO]   Wasserstein aggregate: n=19  mean=0.738345  median=0.472834  iqm=0.505315  (lower is better)
2026-04-08 17:05:11 [INFO]   L1_by_group aggregate: n=18  mean=0.530308  median=0.513051  iqm=0.540633  (lower is better)
2026-04-08 17:05:11 [INFO] 
── generating plots ───────────────────────────────────
2026-04-08 17:05:12 [INFO] saved mid_price.png
2026-04-08 17:05:12 [INFO] saved spread.png
2026-04-08 17:05:13 [INFO] saved returns_dist.png
/finance_ML/zhanghaohan/mycondaenv/lib/python3.8/site-packages/statsmodels/tsa/stattools.py:693: RuntimeWarning: invalid value encountered in divide
  acf = avf[: nlags + 1] / avf[0]
2026-04-08 17:05:13 [INFO] saved autocorr.png
2026-04-08 17:05:13 [INFO] saved inter_arrival_time.png
2026-04-08 17:05:14 [INFO] saved l1_volume.png
2026-04-08 17:05:14 [INFO] saved volume_per_minute.png
2026-04-08 17:05:15 [INFO] saved orderbook_imbalance.png
2026-04-08 17:05:16 [INFO] saved orderflow_imbalance.png
2026-04-08 17:05:16 [INFO] saved event_type_counts.png
2026-04-08 17:05:16 [INFO] Skipped time-to-fill/time-to-cancel plots: requires true order-ID linkage (not available in synthetic IDs).
2026-04-08 17:05:17 [INFO] saved overview_panel.png
2026-04-08 17:05:17 [INFO] Wrote metrics summary: /finance_ML/zhanghaohan/stock_language_model/saved_LOB_stream/pool_0709_0710_eval_0710_model_variants/sentence_preset_s2ip_k3/sentence_s2ip_k3_T10_k0_win50/fixed_start_model_blankgpt2_tokens_dynamic_anchor_txncomplete_002263XSHE_20260408_165402/metrics_summary.json
2026-04-08 17:05:17 [INFO] 
── all computed metrics summary ─────────────────────
2026-04-08 17:05:17 [INFO]   acf_returns_1min: [NaN, NaN, NaN, NaN]
2026-04-08 17:05:17 [INFO]   direction_counts: {"-1": 4829, "1": 5793}
2026-04-08 17:05:17 [INFO]   direction_fractions: {"-1": 0.4546, "1": 0.5454}
2026-04-08 17:05:17 [INFO]   event_type_counts: {"1": 3651, "2": 194, "3": 1168, "4": 5609}
2026-04-08 17:05:17 [INFO]   event_type_fractions: {"1": 0.3437, "2": 0.0183, "3": 0.11, "4": 0.5281}
2026-04-08 17:05:17 [INFO]   iat_ms: {"mean": 60.935754189944134, "median": 40.0, "n": 5012, "n_exec_excluded": 5609, "p95": 210.0, "std": 79.10710970574415}
2026-04-08 17:05:17 [INFO]   l1_volume: {"ask_mean": 76200.0, "ask_median": 76200.0, "bid_mean": 37995.462248164185, "bid_median": 37500.0}
2026-04-08 17:05:17 [INFO]   mid_price: {"end_cny": 4.345, "end_price_int": 43450.0, "mean_cny": 4.345, "mean_price_int": 43450.0, "mean_ticks_0p01": 434.5, "start_cny": 4.345, "start_price_int": 43450.0, "std_cny": 0.0, "std_price_int": 0.0, "std_ticks_0p01": 0.0, "total_return_bps": 0.0}
2026-04-08 17:05:17 [INFO]   ob_imbalance: {"mean": -0.33487116382399984, "median": -0.3403693931398417, "std": 0.0204710393474404}
2026-04-08 17:05:17 [INFO]   orderflow_imbalance: {"mean": -0.4265348793005132, "n": 10522, "std": 5.587792983032223}
2026-04-08 17:05:17 [INFO]   returns_1min: {"kurtosis": 0.0, "mean": 0.0, "n": 5, "skew": 0.0, "std": 0.0}
2026-04-08 17:05:17 [INFO]   spread_ticks: {"mean": 1.0, "median": 1.0, "n": 10622, "pct_zero_spread": 0.0, "std": 0.0, "tick_size_cny": 0.01, "tick_size_price_int": 100}
2026-04-08 17:05:17 [INFO]   total_volume_5lvl: {"ask_mean": 790580.0790811523, "bid_mean": 5734259.286010168}
2026-04-08 17:05:17 [INFO]   volatility_1min: 0.0
2026-04-08 17:05:17 [INFO]   volume_per_minute: {"mean": 2055650.3145695364, "n": 302, "total": 620806395.0}
2026-04-08 17:05:17 [INFO]   [real-vs-generated comparative metrics]
2026-04-08 17:05:17 [INFO]   ask_cancellation_depth: {"l1_by_group": 0.6155168376833553, "n_generated": 1300, "n_real": 1117, "wasserstein": 0.9735960177765174}
2026-04-08 17:05:17 [INFO]   ask_cancellation_levels: {"l1_by_group": 0.4105861244019139, "n_generated": 209, "n_real": 800, "wasserstein": 0.9625950214253841}
2026-04-08 17:05:17 [INFO]   ask_volume: {"l1_by_group": 0.705565576506627, "n_generated": 10622, "n_real": 16122, "wasserstein": 0.7055047419042932}
2026-04-08 17:05:17 [INFO]   ask_volume | spread: {"n_generated": 10622, "n_real": 16122, "num_condition_groups": 2, "per_group": {"1": {"n": 26731, "wasserstein": 0.03036191092678415}, "2": {"n": 13, "wasserstein": null}}, "weighted_wasserstein": null}
2026-04-08 17:05:17 [INFO]   ask_volume_touch: {"l1_by_group": 0.0005582433941198211, "n_generated": 10622, "n_real": 16122, "wasserstein": 0.03034480241362691}
2026-04-08 17:05:17 [INFO]   bid_cancellation_depth: {"l1_by_group": 0.25579901264624333, "n_generated": 62, "n_real": 1908, "wasserstein": 0.1792075348949519}
2026-04-08 17:05:17 [INFO]   bid_cancellation_levels: {"l1_by_group": 0.29627013859034984, "n_generated": 57, "n_real": 1714, "wasserstein": 0.2225678302869427}
2026-04-08 17:05:17 [INFO]   bid_volume: {"l1_by_group": 0.9188261386050178, "n_generated": 10622, "n_real": 16122, "wasserstein": 0.6077461536811025}
2026-04-08 17:05:17 [INFO]   bid_volume_touch: {"l1_by_group": 0.9814539139064631, "n_generated": 10622, "n_real": 16122, "wasserstein": 1.641028652479723}
2026-04-08 17:05:17 [INFO]   limit_ask_order_depth: {"l1_by_group": 0.8242619947517345, "n_generated": 3515, "n_real": 4432, "wasserstein": 1.1452028863988857}
2026-04-08 17:05:17 [INFO]   limit_ask_order_levels: {"l1_by_group": 0.8766932211481084, "n_generated": 144, "n_real": 3724, "wasserstein": 3.332367283721604}
2026-04-08 17:05:17 [INFO]   limit_bid_order_depth: {"l1_by_group": 0.33875011191691295, "n_generated": 136, "n_real": 2628, "wasserstein": 0.3124526915328165}
2026-04-08 17:05:17 [INFO]   limit_bid_order_levels: {"l1_by_group": 0.322395869916415, "n_generated": 115, "n_real": 2476, "wasserstein": 0.40799133441657187}
2026-04-08 17:05:17 [INFO]   log_inter_arrival_time: {"l1_by_group": 0.081902748212617, "n_generated": 10621, "n_real": 16121, "wasserstein": 0.13472786399840933}
2026-04-08 17:05:17 [INFO]   ofi: {"l1_by_group": 0.8180344878861323, "n_generated": 10522, "n_real": 16022, "wasserstein": 0.4733985920586397}
2026-04-08 17:05:17 [INFO]   ofi_stay: {"l1_by_group": 0.8179428672430054, "n_generated": 10521, "n_real": 16013, "wasserstein": 0.47283386320923426}
2026-04-08 17:05:17 [INFO]   orderbook_imbalance: {"l1_by_group": 0.9946955840925894, "n_generated": 10622, "n_real": 16122, "wasserstein": 1.971070791162762}
2026-04-08 17:05:17 [INFO]   spread: {"l1_by_group": 0.0008063515692842109, "n_generated": 10622, "n_real": 16122, "wasserstein": 0.03658165927292235}
2026-04-08 17:05:17 [INFO]   spread | time: {"n_generated": 10622, "n_real": 16122, "num_condition_groups": 1, "per_group": {"10": {"n": 26744, "wasserstein": 0.03658165927292235}}, "weighted_wasserstein": 0.03658165927292235}
2026-04-08 17:05:17 [INFO]   vol_per_min: {"l1_by_group": 0.28549122060878557, "n_generated": 302, "n_real": 545, "wasserstein": 0.38274917952779247}
[2026-04-08 17:05:17] [DONE] metrics_summary: /finance_ML/zhanghaohan/stock_language_model/saved_LOB_stream/pool_0709_0710_eval_0710_model_variants/sentence_preset_s2ip_k3/sentence_s2ip_k3_T10_k0_win50/fixed_start_model_blankgpt2_tokens_dynamic_anchor_txncomplete_002263XSHE_20260408_165402/metrics_summary.json
