[2026-04-08 22:32:43] [INFO] Experiment folder: /finance_ML/zhanghaohan/stock_language_model/saved_LOB_stream/pool_0709_0710_eval_0710_model_variants/blank_fixed_sampling_win100/blank_T10_k0_win100/fixed_start_model_blankgpt2_tokens_openbidanchor_txncomplete_002263XSHE_20260408_223243
[2026-04-08 22:32:43] [INFO] checkpoint: /finance_ML/zhanghaohan/stock_language_model/training_runs/pool_0709_0710_train0709_blank_gpt2_win100/002263XSHE/model_cache/blankGPT2_20250709_txncomplete_002263XSHE_win100_20260406_211031_best.pt
[2026-04-08 22:32:43] [INFO] device: cuda greedy=False
/finance_ML/zhanghaohan/stock_language_model/scripts/hist_script/replay_decoded_real_tokens_openbidanchor_txncomplete_fixed_start.py:117: DtypeWarning: Columns (1,2,3,5,6,7,8,9,10,11,12,13,14,15,16,17,18,19,20,21,22,23,24,25,26,27,28,29,30,31,32,33,34,35,36,37,38,39,40,41,42,43,44,45,46,47,48,49,50,51,52,53,54,55,56,57,58,59,60,61,62,63,64,65,66,67,68,69,70,71,72,73,74,75,76,77,78,79,80,81,82,83,84,85,86,88) have mixed types. Specify dtype option on import or set low_memory=False.
  lob_info = pd.read_csv(lob_snap_path, header=None, names=columns)
[2026-04-08 22:42:20] [INFO] tokenizable_rows=36305 token_exact_match_rate_all=0.002754 tail_after_seed=0.000000
[2026-04-08 22:42:27] [INFO] Running eval vs clean reference...
2026-04-08 22:42:27 [INFO] ======================================================================
2026-04-08 22:42:27 [INFO] decoded real-token open-anchor txn-complete evaluation
2026-04-08 22:42:27 [INFO] ======================================================================
2026-04-08 22:42:27 [INFO] Evaluating: /finance_ML/zhanghaohan/stock_language_model/saved_LOB_stream/pool_0709_0710_eval_0710_model_variants/blank_fixed_sampling_win100/blank_T10_k0_win100/fixed_start_model_blankgpt2_tokens_openbidanchor_txncomplete_002263XSHE_20260408_223243
2026-04-08 22:42:27 [INFO] 
── loading data ───────────────────────────────────────
2026-04-08 22:42:27 [INFO] Loading LOBSTER data from /finance_ML/zhanghaohan/stock_language_model/saved_LOB_stream/pool_0709_0710_eval_0710_model_variants/blank_fixed_sampling_win100/blank_T10_k0_win100/fixed_start_model_blankgpt2_tokens_openbidanchor_txncomplete_002263XSHE_20260408_223243
2026-04-08 22:42:27 [INFO] Loaded 8,776 rows | 10 book levels | date 2025-07-10
2026-04-08 22:42:27 [INFO] Loading real reference LOBSTER data from /finance_ML/zhanghaohan/stock_language_model/saved_LOB_stream/fixed_start_realflow_generate_lobster_openbidanchor_txncomplete_002263XSHE_20260405_132652
2026-04-08 22:42:27 [INFO] Loading LOBSTER data from /finance_ML/zhanghaohan/stock_language_model/saved_LOB_stream/fixed_start_realflow_generate_lobster_openbidanchor_txncomplete_002263XSHE_20260405_132652
2026-04-08 22:42:27 [INFO] Loaded 16,122 rows | 10 book levels | date 2025-07-10
2026-04-08 22:42:27 [INFO] 
── computing metrics ──────────────────────────────────
/finance_ML/zhanghaohan/mycondaenv/lib/python3.8/site-packages/statsmodels/tsa/stattools.py:693: RuntimeWarning: invalid value encountered in divide
  acf = avf[: nlags + 1] / avf[0]
2026-04-08 22:42:27 [WARNING] Reference metric log_time_to_cancel skipped: <lambda>() got an unexpected keyword argument 'include_groups'
2026-04-08 22:42:28 [WARNING] Reference metric ofi_up skipped: empty real or generated sample after cleaning
2026-04-08 22:42:28 [WARNING] Reference metric ofi_down skipped: empty real or generated sample after cleaning
2026-04-08 22:42:28 [WARNING] Reference conditional metric spread | volatility skipped: Invalid frequency: 0.1s
2026-04-08 22:42:28 [INFO] Computed now (generated-only): 15 metric groups
2026-04-08 22:42:28 [INFO] Computed (with real reference LOB data): 20 benchmark metric configs
2026-04-08 22:42:28 [INFO] Failed (with real reference LOB data): 4 benchmark metric configs
2026-04-08 22:42:28 [INFO] Skipped (needs true order-ID linkage): 2 metrics
2026-04-08 22:42:28 [INFO] 
── LOB-Bench-style overall aggregates (reference_comparison) ──
2026-04-08 22:42:28 [INFO]   Wasserstein aggregate: n=19  mean=0.749217  median=0.561621  iqm=0.624624  (lower is better)
2026-04-08 22:42:28 [INFO]   L1_by_group aggregate: n=18  mean=0.565849  median=0.535855  iqm=0.581084  (lower is better)
2026-04-08 22:42:28 [INFO] 
── generating plots ───────────────────────────────────
2026-04-08 22:42:30 [INFO] saved mid_price.png
2026-04-08 22:42:30 [INFO] saved spread.png
2026-04-08 22:42:31 [INFO] saved returns_dist.png
2026-04-08 22:42:31 [INFO] saved inter_arrival_time.png
2026-04-08 22:42:32 [INFO] saved l1_volume.png
2026-04-08 22:42:32 [INFO] saved volume_per_minute.png
2026-04-08 22:42:33 [INFO] saved orderbook_imbalance.png
2026-04-08 22:42:33 [INFO] saved orderflow_imbalance.png
2026-04-08 22:42:34 [INFO] saved event_type_counts.png
2026-04-08 22:42:34 [INFO] Skipped time-to-fill/time-to-cancel plots: requires true order-ID linkage (not available in synthetic IDs).
2026-04-08 22:42:34 [INFO] saved overview_panel.png
2026-04-08 22:42:34 [INFO] Wrote metrics summary: /finance_ML/zhanghaohan/stock_language_model/saved_LOB_stream/pool_0709_0710_eval_0710_model_variants/blank_fixed_sampling_win100/blank_T10_k0_win100/fixed_start_model_blankgpt2_tokens_openbidanchor_txncomplete_002263XSHE_20260408_223243/metrics_summary.json
2026-04-08 22:42:34 [INFO] 
── all computed metrics summary ─────────────────────
2026-04-08 22:42:34 [INFO]   acf_returns_1min: [NaN, NaN]
2026-04-08 22:42:34 [INFO]   direction_counts: {"-1": 4058, "1": 4718}
2026-04-08 22:42:34 [INFO]   direction_fractions: {"-1": 0.4624, "1": 0.5376}
2026-04-08 22:42:34 [INFO]   event_type_counts: {"1": 3201, "2": 115, "3": 951, "4": 4509}
2026-04-08 22:42:34 [INFO]   event_type_fractions: {"1": 0.3647, "2": 0.0131, "3": 0.1084, "4": 0.5138}
2026-04-08 22:42:34 [INFO]   iat_ms: {"mean": 50.72902015939991, "median": 30.0, "n": 4266, "n_exec_excluded": 4509, "p95": 160.0, "std": 63.311938700512194}
2026-04-08 22:42:34 [INFO]   l1_volume: {"ask_mean": 76200.0, "ask_median": 76200.0, "bid_mean": 48463.63947128532, "bid_median": 47000.0}
2026-04-08 22:42:34 [INFO]   mid_price: {"end_cny": 4.345, "end_price_int": 43450.0, "mean_cny": 4.345, "mean_price_int": 43450.0, "mean_ticks_0p01": 434.5, "start_cny": 4.345, "start_price_int": 43450.0, "std_cny": 0.0, "std_price_int": 0.0, "std_ticks_0p01": 0.0, "total_return_bps": 0.0}
2026-04-08 22:42:34 [INFO]   ob_imbalance: {"mean": -0.22764940432812858, "median": -0.237012987012987, "std": 0.07706878016442925}
2026-04-08 22:42:34 [INFO]   orderflow_imbalance: {"mean": -0.9683033656062702, "n": 8676, "std": 45.16022616094657}
2026-04-08 22:42:34 [INFO]   returns_1min: {"kurtosis": null, "mean": 0.0, "n": 3, "skew": 0.0, "std": 0.0}
2026-04-08 22:42:34 [INFO]   spread_ticks: {"mean": 1.0, "median": 1.0, "n": 8776, "pct_zero_spread": 0.0, "std": 0.0, "tick_size_cny": 0.01, "tick_size_price_int": 100}
2026-04-08 22:42:34 [INFO]   total_volume_5lvl: {"ask_mean": 864796.0232452143, "bid_mean": 3303374.145396536}
2026-04-08 22:42:34 [INFO]   volatility_1min: 0.0
2026-04-08 22:42:34 [INFO]   volume_per_minute: {"mean": 2447324.1788908765, "n": 215, "total": 526174698.46153843}
2026-04-08 22:42:34 [INFO]   [real-vs-generated comparative metrics]
2026-04-08 22:42:34 [INFO]   ask_cancellation_depth: {"l1_by_group": 0.6363346345586665, "n_generated": 985, "n_real": 1117, "wasserstein": 0.8103379996676398}
2026-04-08 22:42:34 [INFO]   ask_cancellation_levels: {"l1_by_group": 0.42633620689655166, "n_generated": 232, "n_real": 800, "wasserstein": 0.9604558936663659}
2026-04-08 22:42:34 [INFO]   ask_volume: {"l1_by_group": 0.7254186316574045, "n_generated": 8776, "n_real": 16122, "wasserstein": 0.7319507196943216}
2026-04-08 22:42:34 [INFO]   ask_volume | spread: {"n_generated": 8776, "n_real": 16122, "num_condition_groups": 2, "per_group": {"1": {"n": 24885, "wasserstein": 0.029295108568191553}, "2": {"n": 13, "wasserstein": null}}, "weighted_wasserstein": null}
2026-04-08 22:42:34 [INFO]   ask_volume_touch: {"l1_by_group": 0.0005582433941198211, "n_generated": 8776, "n_real": 16122, "wasserstein": 0.029279128728257338}
2026-04-08 22:42:34 [INFO]   bid_cancellation_depth: {"l1_by_group": 0.3565688329839273, "n_generated": 81, "n_real": 1908, "wasserstein": 0.2762462434532107}
2026-04-08 22:42:34 [INFO]   bid_cancellation_levels: {"l1_by_group": 0.4170736274975869, "n_generated": 81, "n_real": 1714, "wasserstein": 0.7747746347424423}
2026-04-08 22:42:34 [INFO]   bid_volume: {"l1_by_group": 0.9617513231210923, "n_generated": 8776, "n_real": 16122, "wasserstein": 1.1540883058821925}
2026-04-08 22:42:34 [INFO]   bid_volume_touch: {"l1_by_group": 0.9814539139064632, "n_generated": 8776, "n_real": 16122, "wasserstein": 1.6303747730308182}
2026-04-08 22:42:34 [INFO]   limit_ask_order_depth: {"l1_by_group": 0.8476431116192357, "n_generated": 3044, "n_real": 4432, "wasserstein": 0.9659000054432594}
2026-04-08 22:42:34 [INFO]   limit_ask_order_levels: {"l1_by_group": 0.921239291608813, "n_generated": 656, "n_real": 3724, "wasserstein": 2.401800884886523}
2026-04-08 22:42:34 [INFO]   limit_bid_order_depth: {"l1_by_group": 0.3751635982898525, "n_generated": 157, "n_real": 2628, "wasserstein": 0.3690316804726291}
2026-04-08 22:42:34 [INFO]   limit_bid_order_levels: {"l1_by_group": 0.3649002252610981, "n_generated": 142, "n_real": 2476, "wasserstein": 0.5512416687088966}
2026-04-08 22:42:34 [INFO]   log_inter_arrival_time: {"l1_by_group": 0.1077186893773954, "n_generated": 8775, "n_real": 16121, "wasserstein": 0.10393495843389455}
2026-04-08 22:42:34 [INFO]   ofi: {"l1_by_group": 0.8146155105195088, "n_generated": 8676, "n_real": 16022, "wasserstein": 0.4313862248805918}
2026-04-08 22:42:34 [INFO]   ofi_stay: {"l1_by_group": 0.8183565838347121, "n_generated": 8675, "n_real": 16013, "wasserstein": 0.43081878761350717}
2026-04-08 22:42:34 [INFO]   orderbook_imbalance: {"l1_by_group": 0.9939691139247377, "n_generated": 8776, "n_real": 16122, "wasserstein": 1.9812803680098998}
2026-04-08 22:42:34 [INFO]   spread: {"l1_by_group": 0.0008063515692842109, "n_generated": 8776, "n_real": 16122, "wasserstein": 0.0352971530246557}
2026-04-08 22:42:34 [INFO]   spread | time: {"n_generated": 8776, "n_real": 16122, "num_condition_groups": 1, "per_group": {"10": {"n": 24898, "wasserstein": 0.0352971530246557}}, "weighted_wasserstein": 0.0352971530246557}
2026-04-08 22:42:34 [INFO]   vol_per_min: {"l1_by_group": 0.4353744399402603, "n_generated": 215, "n_real": 545, "wasserstein": 0.5616209404805196}
[2026-04-08 22:42:34] [DONE] metrics_summary: /finance_ML/zhanghaohan/stock_language_model/saved_LOB_stream/pool_0709_0710_eval_0710_model_variants/blank_fixed_sampling_win100/blank_T10_k0_win100/fixed_start_model_blankgpt2_tokens_openbidanchor_txncomplete_002263XSHE_20260408_223243/metrics_summary.json
